epoch,loss,single_accuracy,val_loss,val_single_accuracy
0,2.9717915011483536,0.6699440010298661,3.3436976879626723,0.6643356650303571
1,2.1770152376253007,0.744335736354274,3.335669773164051,0.6829836836783758
2,1.8286942460264408,0.7666548661174047,3.466776366556163,0.6783216790163712
3,1.5497618196522538,0.7813465499485067,3.5012215200837677,0.6713286720233641
4,1.341556062505616,0.7925785272914521,3.3656137662056165,0.6724941730499268
5,1.1914598344375373,0.8010105561277034,3.3051047530763356,0.660839161394915
6,1.0558841944999233,0.8091368434603502,3.1333409728425923,0.660839161394915
7,0.9651682081600664,0.8152999485066942,3.0658050016923384,0.6689976695534232
8,0.9061298085689299,0.8202239958805355,3.083682525963772,0.659673660229414
9,0.846621965051434,0.824971035015448,3.0974865187576044,0.6398601395822627
10,0.8008893201728069,0.8304743820803295,3.0879596696866978,0.631701632257386
11,0.7704699131689897,0.8327433058702368,2.9351892699172724,0.6398601394433242
12,0.7213323292476878,0.835543254376931,3.0078950839720684,0.6340326336158183
13,0.6931036686338676,0.8381822863027807,2.9990704220769566,0.6363636359468207
14,0.6749238684451175,0.8409822348094748,2.917524972995678,0.631701631284816
15,0.6645058600652107,0.8428488671472708,2.8806717826492023,0.6398601402769556
16,0.6402602602260611,0.8448925077239959,3.0260187323554693,0.6270396274564427
17,0.6364548117628304,0.8473223480947477,3.003731106544708,0.636363636780452
18,0.6251119815204466,0.8503636714727085,2.9421837913406477,0.636363636780452
19,0.6183760571384651,0.8514418125643667,3.0053535644268936,0.6305361309529462
20,0.6104995459164699,0.8536141864057673,3.1435140924298124,0.6328671324503171
21,0.6014526683902397,0.855931385169928,3.082909229752067,0.6305361309529462
22,0.5978370657695187,0.8572830844490217,3.121570172287645,0.6317016321184474
23,0.5923280666604347,0.858731333676622,3.0944249146468157,0.6340326344494497
24,0.5868084654135267,0.8603726828012358,3.1105539698700806,0.6293706297874451
25,0.5776908851308262,0.8613220906282183,3.1346269337447374,0.6328671332839486
26,0.579747934941774,0.8618531153450052,3.183781874207628,0.6340326344494497
27,0.5643198223272387,0.8638967559217302,3.196421520971196,0.6351981356149509
28,0.5629008992447544,0.865071446961895,3.1586690818791068,0.6351981347813195
29,0.5625975934748301,0.8652323635427395,3.1593847330355698,0.6340326345883883
30,0.5558593243161019,0.8670668125643667,3.1890189992242206,0.6328671334228871
31,0.5534536582710323,0.8671955458290422,3.2485375093135525,0.6340326336158183
32,0.5532098527610241,0.8684828784757982,3.137853235353679,0.6375291380848918
33,0.5508191686748968,0.8707518022657055,3.2201145690082114,0.6351981347813195
34,0.5430338006125174,0.8708966271884655,3.20541739380443,0.6305361310918848
35,0.5469431102460003,0.8720069515962925,3.185740366960183,0.6433566439123977
36,0.541467529553709,0.8733425592173018,3.2938721996920926,0.6340326345883883
37,0.5331854015957069,0.874066683831102,3.315532398112726,0.6351981357538895
38,0.5362959880876738,0.8756275746652935,3.2483879761262373,0.6340326345883883
39,0.5333450474497219,0.8748069001029866,3.3081410400795215,0.6293706299263836
40,0.5318889753503608,0.8764643408856848,3.2895453284670424,0.6340326345883883
41,0.5307143174656633,0.8763838825952626,3.35163259756315,0.6328671334228871
42,0.5240548868211855,0.8777516735324408,3.2690239516727297,0.6305361310918848
43,0.5205935536357205,0.8787171730175077,3.3883553462706524,0.6386946392503929
44,0.5240833431589739,0.8782666065911432,3.4668720666067308,0.6293706299263836
45,0.5140002544597175,0.8798435890834192,3.3704271855609957,0.631701632257386
46,0.5128619742381216,0.8803585221421215,3.396044654168171,0.6328671334228871
47,0.5115796697357656,0.8810343717816684,3.457652411260805,0.6340326345883883
48,0.5131602958765507,0.8818872296601442,3.4829610297174165,0.6305361310918848
49,0.5074087095309728,0.882418254376931,3.488759519614818,0.6305361310918848
50,0.5021230169292827,0.8823377960865088,3.4754290775263503,0.6340326345883883
51,0.5028461251795353,0.8830458290422245,3.4909296905522025,0.631701632257386
52,0.5074080768071046,0.8836894953656025,3.495352103715732,0.6270396275953813
53,0.49980631424641636,0.8845745365602472,3.638027325376764,0.6165501171058708
54,0.4995888831088153,0.8855883110195675,3.417192627499987,0.6351981357538895
55,0.4926702744499171,0.885427394438723,3.511846999188403,0.6305361310918848
56,0.49350700007193365,0.8871974768280123,3.5149579150971277,0.631701632257386
57,0.4971046932348569,0.8869239186405767,3.4901289334108223,0.6293706299263836
58,0.4939080506263936,0.8871652935118435,3.592112070752746,0.6258741264298802
59,0.4894164926482769,0.888114701338826,3.5823736249150095,0.6258741264298802
60,0.4880507476666192,0.8878733264675592,3.5318210272244364,0.6305361301193149
61,0.4847866497189574,0.8881307929969104,3.562122055700609,0.624708625264379
62,0.4831851010664484,0.8903675334706488,3.544316736412493,0.6223776229333766
63,0.4766286807834918,0.8910755664263645,3.6586868473977754,0.6305361301193149
64,0.48300519290195065,0.8910755664263645,3.70385576711668,0.624708624291809
65,0.4812923006475524,0.8905445417095778,3.590494370404935,0.6340326345883883
66,0.4803485850718191,0.8922824407826982,3.7083919148345093,0.6247086244307476
67,0.4770897329774379,0.892234165808445,3.6340607135168046,0.6305361302582534
68,0.4786832784940359,0.8923628990731205,3.572970510362745,0.6375291380848918
69,0.4754803719346236,0.8935536817713697,3.702638805885137,0.6235431240988778
70,0.475560774357201,0.8937145983522142,3.696223056399739,0.6282051287608824
71,0.47878854580599545,0.8935054067971163,3.74275476587958,0.6375291372512604
72,0.4715444318696964,0.8942295314109165,3.605806863113439,0.6375291380848918
73,0.4708052989321806,0.8951467559217302,3.6405991766002628,0.6386946384167616
74,0.4712248517796934,0.895178939237899,3.6563116942808067,0.6375291380848918
75,0.4687310211920591,0.8948731977342945,3.6869886455002363,0.6363636369193906
76,0.4710384043802562,0.8969972966014418,3.779903634444817,0.6340326345883883
77,0.4615204445979377,0.8958386972193615,3.762531064607047,0.6351981357538895
78,0.47025551742861615,0.8971743048403708,3.761951264523682,0.6282051287608824
79,0.46363836404484776,0.8978340628218332,3.675801260488017,0.6456876462433999
80,0.46351726738358134,0.8986386457260556,3.787092510914747,0.6305361310918848
81,0.4660665236958269,0.8975283213182287,3.8042495756438286,0.631701632257386
82,0.4584664100614193,0.8991696704428425,3.7844392619766554,0.6351981357538895
83,0.45385141135888785,0.8990731204943357,3.7596196180734878,0.6340326345883883
84,0.4585159872183778,0.8996041452111225,3.7989650283937966,0.6363636369193906
85,0.45526565248041145,0.900231719876416,3.721569470592312,0.6421911427468965
86,0.4640298307087775,0.9001029866117405,3.8977877529628904,0.6305361310918848
87,0.4544202862604762,0.9003926364572605,3.745380344368639,0.6375291380848918
88,0.4484002296491521,0.9016156024716787,3.739676731727618,0.6491841497399035
89,0.45572732097779073,0.9006501029866117,3.805704565592857,0.6433566439123977
90,0.4480489432336005,0.9025006436663234,3.741575787395308,0.6445221450778987
91,0.45855880065616816,0.9011489443872297,3.731531207655971,0.6503496509054046
92,0.44348463622314127,0.9026937435633368,3.992090428070033,0.6293706299263836
93,0.45532123671976965,0.9041419927909372,3.920543577843335,0.6351981357538895
94,0.4464410843805292,0.9039328012358393,3.8266074190606605,0.6410256415813953
95,0.4399662433243927,0.9031121266735325,3.8612299743510072,0.6421911427468965
96,0.4503513990213709,0.9035144181256437,3.6987521881823775,0.6515151520709058
97,0.44856197321375046,0.9047373841400618,3.746298677437789,0.6445221450778987
98,0.44653782941377984,0.9050431256436663,3.789905177407609,0.6433566439123977
99,0.44052948768947936,0.9055258753861998,3.8195129757994537,0.6468531474089011
100,0.44415416615707254,0.9068453913491246,3.877664785007219,0.6433566439123977
101,0.4422476705965556,0.9069258496395468,3.8030785500030695,0.6433566439123977
102,0.4427061487261655,0.9066844747682801,3.7922028183659195,0.6456876462433999
103,0.4447598035853015,0.9065557415036045,3.794304086333944,0.6386946392503929
104,0.44505611007187196,0.907505149330587,3.933731047979324,0.6375291380848918
105,0.43750790431788605,0.9063626416065912,3.872987584912138,0.6410256415813953
106,0.43252570548091934,0.9095005149330587,3.8212586421788712,0.6468531474089011
107,0.4420956777548753,0.9087120236869207,3.86533861115818,0.6456876462433999
108,0.43493952991557905,0.9091464984552008,3.924173350656505,0.6445221450778987
109,0.4350461588806092,0.9090660401647785,3.9181522339374038,0.6433566439123977
110,0.4335306428342168,0.909870623069001,3.9383232843625797,0.6468531474089011
111,0.43662080751496046,0.9101441812564367,3.97723406400436,0.6468531474089011
112,0.4420723249496994,0.909580973223481,3.8346999847527705,0.6445221450778987
113,0.4230468151736026,0.9115763388259527,3.756735059209081,0.6503496509054046
114,0.43602410746483183,0.910836122554068,3.8343580930660934,0.6503496509054046
115,0.426683076547054,0.9122843717816684,3.854772310990554,0.6515151520709058
116,0.4323935710338743,0.9108522142121525,3.8851355433741928,0.6503496509054046
117,0.4312849357785575,0.9108843975283213,3.9211096771947154,0.6398601404158941
118,0.43068692735353165,0.9113671472708548,3.928304660014617,0.6456876462433999
119,0.43197395874668837,0.9121878218331617,3.8477320671081543,0.6538461544019081
120,0.4248924789418889,0.9132176879505665,3.946861309049291,0.6456876462433999
121,0.42510620411005867,0.9129763130792997,3.981932605341042,0.6386946392503929
122,0.4252972955499938,0.9134751544799176,3.813000757099587,0.6491841497399035
123,0.4288558782865778,0.9137165293511843,3.937890145050618,0.6456876462433999
124,0.42320723951737615,0.9136843460350155,3.9227920578909923,0.6491841497399035
125,0.4244029534219099,0.9150038619979403,4.0070988948528585,0.6410256415813953
126,0.4204831623983494,0.9148429454170958,3.8841203287209107,0.6526806532364069
127,0.4285572689912837,0.9150038619979403,3.8998529338614367,0.6503496509054046
128,0.41560388635364426,0.9169187693099897,3.8993684778680335,0.6456876462433999
129,0.42338470881373214,0.9162590113285273,3.9252706179807793,0.6491841497399035
130,0.41702541606510335,0.9162751029866117,3.9543043916875664,0.6456876462433999
131,0.42620820662219666,0.9164038362512873,3.947944640557527,0.6491841497399035
132,0.41362867168660145,0.9164038362512873,3.924147582832194,0.6433566439123977
133,0.41988650114341697,0.9175946189495365,3.932385608310744,0.6515151520709058
134,0.4233625754944205,0.9167578527291452,3.964836237313864,0.6456876462433999
135,0.40723418237221354,0.9184152935118435,3.9400127064653767,0.6456876462433999
136,0.41397970255721367,0.9174015190525232,3.8928572381293023,0.6550116555674093
137,0.4239908690064624,0.9179486354273945,3.888260118333332,0.6561771567329104
138,0.4105747488742631,0.9180130020597322,3.9634912981019985,0.6538461544019081
139,0.4086112623725443,0.9196382595262615,3.9602366749779048,0.6503496509054046
140,0.4132439867371787,0.9183831101956745,3.942688186407645,0.6491841497399035
141,0.41761991267316007,0.9187854016477858,3.94909002869835,0.6491841497399035
142,0.4107247509990735,0.919654351184346,3.968752842127304,0.6515151520709058
143,0.41326067639643327,0.9205072090628218,4.057890256523808,0.6456876462433999
144,0.39602870043716276,0.922052008238929,4.098162934774563,0.6433566429398276
145,0.4114313531632465,0.9194934346035015,3.8488258048371002,0.659673660229414
146,0.4147266875415365,0.9207164006179197,4.059109416597095,0.6410256415813953
147,0.4049312034439599,0.9212957003089598,4.055661766679137,0.6491841497399035
148,0.41344272987543,0.921553166838311,4.036328058976394,0.6573426578984116
149,0.4049640705062788,0.9215209835221421,4.067794465796375,0.6433566439123977
150,0.4015322128938076,0.9216175334706488,3.8604231222526177,0.660839161394915
151,0.40652060599846096,0.9214405252317199,4.038566939202778,0.6421911427468965
152,0.40402013091053945,0.9226795829042225,4.012957515694323,0.6526806532364069
153,0.40125149141624955,0.9235646240988672,4.064791805538542,0.6491841497399035
154,0.4095295835075369,0.9223577497425335,3.9065621527202756,0.6573426578984116
155,0.40150014200966216,0.9234197991761071,3.9787383073971267,0.6585081580913428
156,0.40196293297422286,0.922953141091658,3.9578062081948304,0.6550116555674093
157,0.40324407552362224,0.922985324407827,4.013325204660287,0.6503496509054046
158,0.40025823891937856,0.924063465499485,3.981795232057016,0.6491841497399035
159,0.3986122153668706,0.923773815653965,4.00918866120852,0.6526806532364069
160,0.3987388166567324,0.924707131822863,3.964839483474518,0.6515151520709058
161,0.40390448135455226,0.9245783985581875,3.980997610203314,0.6468531474089011
162,0.39531016908394195,0.9253668898043255,4.094357004810324,0.6433566439123977
163,0.39988394736875343,0.9249806900102987,4.009996687059914,0.6515151510983358
164,0.3969622892294037,0.9262680226570545,3.965488154571373,0.6585081580913428
165,0.401502178262547,0.9257369979402678,4.0811702754947685,0.6480186474628937
166,0.3925142518401023,0.9269599639546859,3.955746390602805,0.6585081590639128
167,0.3992789372126548,0.9255599897013388,3.985514843658412,0.659673660229414
168,0.4019126431550351,0.926284114315139,4.029312796803899,0.660839161394915
169,0.3869839296853659,0.9267185890834192,4.0964478562761855,0.6538461544019081
170,0.3987860693591508,0.9267346807415036,3.9565087373440084,0.659673659256844
171,0.3863574966105386,0.927893280123584,4.083242157122472,0.6550116554284707
172,0.38946407058887206,0.9279898300720907,3.9945488731900016,0.660839161394915
173,0.39236366750919915,0.9277645468589083,4.055118297919249,0.6561771567329104
174,0.399543360447325,0.9273622554067971,4.047064244608223,0.6538461544019081
175,0.3861687814032258,0.9289231462409887,4.094549994090776,0.6480186476018324
176,0.3944543463577939,0.927394438722966,4.021041026760092,0.6550116555674093
177,0.3891523510148609,0.9293415293511843,4.141975892451537,0.6515151520709058
178,0.3904944950854741,0.9305323120494335,4.084535892193134,0.6561771567329104
179,0.3945479477831497,0.9293576210092688,4.043997894078146,0.6538461544019081
180,0.38640684103852196,0.9293898043254377,4.162867887870415,0.6561771565939719
181,0.38085890704637393,0.9308541452111225,4.107636842972193,0.6573426578984116
182,0.39385708227914773,0.9298725540679712,4.089177089415508,0.6550116555674093
183,0.3910105548047074,0.9290518795056643,4.0114395068242,0.6573426578984116
184,0.3853163485761529,0.9315782698249228,4.1330557141826425,0.6561771557603405
185,0.3736188990417887,0.931835736354274,4.044459735874807,0.659673659256844
186,0.39172742343157624,0.9312081616889805,4.0617928916202,0.6643356648914186
187,0.38828016604449367,0.9320288362512873,4.073940479116284,0.6550116555674093
188,0.3803589016862835,0.9310633367662204,4.028118862694516,0.6573426578984116
189,0.38071907451712017,0.9318196446961895,4.109516540607372,0.6550116555674093
190,0.3801724399717181,0.9311116117404737,4.110985742582308,0.6561771565939719
191,0.382327487874473,0.9329943357363543,4.036418250112822,0.659673659256844
192,0.3807427110658799,0.933058702368692,4.031870307066502,0.6678321674153521
193,0.3794052826046913,0.9328012358393409,4.128936225161964,0.6561771565939719
194,0.3809426674767024,0.93341271884655,4.105376026569268,0.6573426569258416
195,0.3793235724680624,0.9339115602471678,4.044413808064583,0.6561771557603405
196,0.379719810834659,0.9344586766220392,4.06414528687795,0.6655011659179813
197,0.3785512355068961,0.9340885684860968,4.081374552144315,0.6596736600904753
198,0.375774625379949,0.9330426107106076,4.0747106225340515,0.6608391612559765
199,0.3803861276155489,0.9338311019567456,4.110764053040173,0.6526806530974684
200,0.37071708547494286,0.935456359423275,4.028430504676623,0.6643356648914186
201,0.3827769326239855,0.9339437435633368,4.038445623604567,0.6608391612559765
202,0.3765160646270404,0.9352954428424305,4.069118863774902,0.6608391612559765
203,0.3757242050470763,0.9351988928939238,4.050987010235553,0.6608391612559765
204,0.3757409913873973,0.9351184346035015,4.059364899888739,0.6631701635869789
205,0.37171219472785844,0.9363253089598352,4.117434078718954,0.6643356647524801
206,0.3718576347004588,0.9353598094747683,4.130319109885565,0.6643356639188487
207,0.37143228187136557,0.9358103759011328,4.061123345559571,0.6689976694144847
208,0.3708066731676014,0.9362609423274975,4.1396677571854665,0.6620046624214777
209,0.37477047414539033,0.9376126416065912,4.041859589256607,0.6655011650843498
210,0.3724617726235707,0.9354885427394438,4.116821666975399,0.6608391602834066
211,0.36781173087771596,0.9367276004119465,4.115749466391432,0.6666666670834823
212,0.371669747579908,0.9373873583934088,4.066538481167703,0.6666666670834823
213,0.36786023588576783,0.9377574665293512,4.05840216149817,0.6678321674153521
214,0.3654200066299198,0.9367276004119465,4.116928086969958,0.6620046615878463
215,0.37177636131479275,0.9378540164778579,4.107332578350058,0.6666666670834823
216,0.36486075457711115,0.9380953913491246,4.111373849959918,0.6689976694144847
217,0.3678664874437003,0.9375321833161689,4.117200302355217,0.6701631705799859
218,0.36808198590280466,0.9391574407826982,4.106870681255847,0.6724941729109882
219,0.3684459377768863,0.9382723995880535,4.06700250318834,0.6678321682489835
220,0.3699319808946272,0.9380792996910402,4.098307099653568,0.6631701635869789
221,0.3547376011038845,0.9399942070030896,4.1362811613194035,0.6701631705799859
222,0.36451664617636176,0.9394792739443872,4.16503075869767,0.6678321682489835
223,0.368923688059947,0.9387712409886715,4.11576700432873,0.671328671745487
224,0.3652856319732235,0.9389160659114315,4.158160222438109,0.6666666670834823
225,0.3608856072541936,0.939897657054583,4.199639299254873,0.6573426577594731
226,0.36200613152316313,0.9394953656024717,4.203071905182791,0.6689976694144847
227,0.35700984266092645,0.9407344232749743,4.155111732738557,0.6678321682489835
228,0.3680817746623476,0.9393183573635427,4.214917144019565,0.6736596740764894
229,0.3579437797265674,0.940686148300721,4.228975708945926,0.6643356647524801
230,0.36425205759213036,0.940798789907312,4.143260832155224,0.6666666670834823
231,0.36211849116537065,0.9407505149330587,4.191259261333581,0.6655011659179813
232,0.3644481614677103,0.9405735066941298,4.16159031413374,0.6689976694144847
233,0.3560321951998603,0.9412332646755922,4.206255682142742,0.6701631705799859
234,0.3554832314003938,0.942375772399588,4.146769964333736,0.6724941729109882
235,0.35831577350585947,0.94144245623069,4.213532776821466,0.6748251752419905
236,0.3588058618290578,0.9425045056642637,4.247875093024372,0.6678321682489835
237,0.3659236735014972,0.9418447476828012,4.215140403845371,0.6736596740764894
238,0.35808932894397716,0.9419895726055613,4.146572024116427,0.6724941729109882
239,0.3511578130097456,0.942230947476828,4.179066983692018,0.6724941729109882
240,0.36690683222455417,0.9425688722966015,4.145942479580432,0.6724941729109882
241,0.35088688954058744,0.9435987384140062,4.158684458210196,0.6794871799039952
242,0.35987103574292545,0.9426815139031925,4.08147068068142,0.6736596740764894
243,0.35666867711194755,0.9429711637487127,4.255883991579354,0.6666666670834823
244,0.3572104368637,0.9442263130792997,4.24460917419487,0.6748251752419905
245,0.34810419621120614,0.9437757466529351,4.261427204092066,0.6666666661109124
246,0.3504258226651226,0.943663105046344,4.208606536016042,0.6689976694144847
247,0.3635277085996067,0.9441136714727085,4.246987571249475,0.671328671745487
248,0.3572068769392681,0.9442424047373842,4.2266567020149495,0.6748251752419905
249,0.3559883363721422,0.9445320545829042,4.2183204191825885,0.6771561775729928
250,0.3457419025576477,0.9446607878475798,4.190527899837716,0.6794871799039952
251,0.35008544651321477,0.9451274459320288,4.212255128891596,0.6678321672764136
252,0.35953917398657476,0.9432125386199794,4.271763209696417,0.6759906764074917
253,0.3458280389817733,0.94552973738414,4.302681318807713,0.6678321672764136
254,0.35223033145093097,0.9452561791967045,4.31297997939281,0.6724941729109882
255,0.35409296967710696,0.9459159371781668,4.225475972626871,0.6841491845659998
256,0.3498359862292985,0.9449987126673532,4.210859004156295,0.6794871799039952
257,0.35520113010274057,0.9456745623069001,4.247102647394567,0.678321678738494
258,0.350130069750552,0.9457228372811535,4.2632577474856435,0.6794871789314252
259,0.35421607545150174,0.9449826210092688,4.368328940340411,0.678321677765924
260,0.34559168385430006,0.945851570545829,4.347582539200505,0.6736596731039194
261,0.3544558972977754,0.9458998455200824,4.237048985519054,0.6771561775729928
262,0.34002260737078904,0.9466561534500515,4.348783967100379,0.678321678738494
263,0.3512594925822838,0.946672245108136,4.288254416072285,0.6736596740764894
264,0.3572193819599804,0.946350411946447,4.271868382856285,0.6736596731039194
265,0.3493257237849594,0.9459159371781668,4.2605610521801145,0.6748251752419905
266,0.33928910550785113,0.946672245108136,4.323580425102394,0.670163169607416
267,0.3483556203935468,0.9478469361483007,4.1934635528039825,0.6794871799039952
268,0.3503655463430252,0.9468975283213182,4.29508914980855,0.6794871799039952
269,0.34503219217775594,0.947605561277034,4.27032678221767,0.6771561775729928
270,0.3411625486901212,0.947895211122554,4.405897101044377,0.6724941729109882
271,0.3472666362987258,0.9465596035015448,4.25568481258579,0.678321678738494
272,0.35193760246306993,0.9477664778578785,4.374848725912455,0.678321678738494
273,0.34167971295313226,0.9478469361483007,4.309162799017135,0.6724941729109882
274,0.34841025240304974,0.9483296858908342,4.309282695218956,0.6806526810694964
275,0.3431514696919203,0.9482653192584964,4.431112775713691,0.671328671745487
276,0.346274321623066,0.9481848609680742,4.3027434665839985,0.6759906764074917
277,0.34461655687199316,0.9482009526261586,4.407167796488409,0.6736596740764894
278,0.34507034716688395,0.9484584191555098,4.262538727068956,0.6771561775729928
279,0.3481946490929451,0.9489411688980433,4.291197823477792,0.6748251752419905
280,0.33375045122246877,0.9500997682801235,4.3615839664752665,0.6736596740764894
281,0.34091162860171004,0.9493756436663234,4.315697218710448,0.678321678738494
282,0.3378121343026001,0.9499066683831102,4.323604682108739,0.6736596740764894
283,0.3462668901317044,0.9483296858908342,4.287877155072762,0.6736596740764894
284,0.3341538654880101,0.9494561019567456,4.32725084355939,0.6736596731039194
285,0.3417050892067066,0.9492147270854789,4.418557922323267,0.6736596740764894
286,0.3323749250480109,0.9502767765190525,4.331246247658362,0.6748251752419905
287,0.3378868920624977,0.949681385169928,4.364215472361424,0.6806526810694964
288,0.34039009538173187,0.9499871266735325,4.489097252870217,0.6689976684419148
289,0.32740621514576196,0.9509848094747683,4.372164761269842,0.6759906764074917
290,0.3407966884113963,0.9499227600411947,4.415297729429943,0.6759906764074917
291,0.3384008288256878,0.9504216014418125,4.380448659816822,0.671328671745487
292,0.32747011287348876,0.951049176107106,4.405940038063031,0.670163169607416
293,0.3304746308858889,0.9516123841400618,4.422492815898015,0.6771561775729928
294,0.3401304820104551,0.9503733264675592,4.3816476007163665,0.6736596740764894
295,0.32542166227511254,0.951837667353244,4.468647443331205,0.6759906764074917
296,0.3279944127828389,0.9502445932028837,4.507386469340824,0.671328671745487
297,0.3341317506244235,0.9514353759011328,4.366224417319665,0.678321678738494
298,0.3266610211033823,0.9513549176107106,4.444293948598119,0.678321678738494
299,0.33464616397971214,0.951515834191555,4.471425054790257,0.6724941729109882
300,0.3327810165753356,0.9509204428424305,4.378981887043773,0.6724941720773568
301,0.3270699616375808,0.9522560504634398,4.35866585422507,0.6771561775729928
302,0.3257827224942686,0.9522882337796087,4.443474408352014,0.6701631705799859
303,0.3356064790917367,0.9521755921730175,4.359156572457516,0.6759906764074917
304,0.3305321758177542,0.9519020339855818,4.4075843337532525,0.6689976694144847
305,0.3230568782107983,0.9523043254376931,4.378253700572016,0.6771561775729928
306,0.33992281430290605,0.9519824922760041,4.3587524162861575,0.6724941720773568
307,0.3183977566232634,0.9538330329557158,4.493375537556646,0.6701631705799859
308,0.3325691669258595,0.9516445674562307,4.3836938995859285,0.671328671745487
309,0.3280362674254774,0.9525617919670443,4.361067060546164,0.678321678738494
310,0.3276014261774481,0.9525617919670443,4.397609932995064,0.6724941720773568
311,0.322965319087608,0.9537525746652935,4.30596452103906,0.6771561767393615
312,0.3256230446338331,0.95341464984552,4.440119599962568,0.6736596731039194
313,0.3323061384488929,0.9525778836251287,4.449124911448338,0.6736596732428579
314,0.32179714918441604,0.9538169412976313,4.446568513527895,0.6794871790703638
315,0.33475917363040586,0.952803166838311,4.38204191503547,0.678321678738494
316,0.3198576725244399,0.9539778578784758,4.465926341521434,0.671328670772917
317,0.3254240710858014,0.9537203913491246,4.338558022514645,0.680652680235865
318,0.32749263751325336,0.9540422245108136,4.458798459637693,0.671328671745487
319,0.3178827044823572,0.953591658084449,4.351906041721086,0.6771561767393615
320,0.32440795876367745,0.9536399330587023,4.435287344427931,0.6759906764074917
321,0.3308485861470583,0.9533663748712667,4.350474015260354,0.680652680235865
322,0.3230920556825264,0.9541065911431514,4.482955205134856,0.671328670772917
323,0.32543116019766327,0.9543479660144182,4.362901229680557,0.6736596731039194
324,0.3257873192871705,0.953768666323378,4.406428905078025,0.678321678738494
325,0.31967440440514183,0.9546697991761071,4.413969814082681,0.6666666670834823
326,0.33022452975133193,0.9540100411946447,4.4477485326620245,0.6771561775729928
327,0.31244372033219625,0.955780123583934,4.4728328270234154,0.6759906755738603
328,0.32237014746395093,0.9545732492276005,4.420166051749027,0.6783216779048626
329,0.32633437966135637,0.954203141091658,4.392136756634657,0.6736596740764894
330,0.31686604795565043,0.954557157569516,4.429313263970933,0.6748251752419905
331,0.32563307718014156,0.9558283985581875,4.472941351381493,0.6771561766004229
332,0.3167902931199821,0.9550881822863028,4.403873112929729,0.6794871800429337
333,0.3201392838955846,0.9547985324407827,4.433403374153973,0.6736596732428579
334,0.325356294083995,0.9546697991761071,4.447703472106329,0.6713286709118557
335,0.3114203615910177,0.9564881565396498,4.478811826461401,0.6701631697463545
336,0.3258645562244048,0.9543157826982492,4.392150783872271,0.6666666670834823
337,0.3131259464583025,0.9560054067971163,4.366600004943101,0.6759906764074917
338,0.3166643798506668,0.9563272399588053,4.436512785913783,0.6724941729109882
339,0.32743377448563166,0.9544766992790937,4.493706041838461,0.671328671745487
340,0.31653141322613804,0.9556192070030896,4.395681993666784,0.6655011659179813
341,0.31171798340911017,0.95692263130793,4.351172576695333,0.6736596732428579
342,0.3205096519544498,0.955490473738414,4.46882715647593,0.6759906755738603
343,0.3083271239975316,0.9562467816683831,4.497920743235341,0.6643356647524801
344,0.33021630634612237,0.9558766735324408,4.411030198032761,0.6631701635869789
345,0.30818845307546544,0.9564720648815654,4.38708132297009,0.6701631705799859
346,0.32732556540524754,0.9561180484037075,4.37269826869031,0.6794871790703638
347,0.309253477875573,0.9563916065911432,4.436721053712573,0.6689976685808533
348,0.3200134419180054,0.9560375901132853,4.4263535051634815,0.6748251744083591
349,0.313163564297784,0.9570513645726055,4.421086448055881,0.6689976685808533
350,0.3167022034002182,0.9568260813594233,4.4094890386630325,0.6655011650843498
351,0.3117542875624702,0.9574697476828012,4.35875976947082,0.6736596732428579
352,0.31768699264562433,0.9566973480947477,4.424423873007714,0.6643356639188487
353,0.31284930735987626,0.9570352729145211,4.49314990799466,0.6689976684419148
354,0.31986200288283406,0.9555065653964985,4.340677384729986,0.6736596732428579
355,0.3111929178082535,0.9569709062821833,4.414876113126883,0.6771561767393615
356,0.31444457237849477,0.9583386972193615,4.415696940499863,0.6771561767393615
357,0.3113504095630285,0.9571318228630278,4.411406832697231,0.671328671745487
358,0.3074932771094189,0.957389289392379,4.459945728728822,0.6724941729109882
359,0.30934748220009045,0.9568099897013388,4.402732757977395,0.6783216779048626
360,0.3187332736730123,0.9570352729145211,4.3642799081780135,0.6736596732428579
361,0.3133282099824579,0.956600798146241,4.489163219234048,0.6655011659179813
362,0.3065367600282061,0.9585157054582905,4.356710207212221,0.6713286709118557
363,0.3206324008260839,0.9569387229660145,4.494035923675502,0.6689976694144847
364,0.310562387824799,0.9575984809474768,4.459950180320473,0.6631701626144089
365,0.3083404042311089,0.9577272142121525,4.401331359689886,0.6736596732428579
366,0.30494368285800105,0.9578237641606591,4.388795136849641,0.6748251744083591
367,0.3127771855071072,0.957855947476828,4.441688756009082,0.6713286709118557
368,0.3097531136718073,0.9585639804325438,4.376957720532006,0.6748251744083591
369,0.31158003071466905,0.957678939237899,4.477813028233313,0.671328671745487
370,0.30037061376669794,0.958000772399588,4.4283546895691845,0.6783216779048626
371,0.32175807790335814,0.957888130792997,4.448721067610876,0.6713286709118557
372,0.3075488834405926,0.9582260556127703,4.4501145714090695,0.6748251744083591
373,0.3120980456209599,0.957711122554068,4.388135869464119,0.6759906755738603
374,0.3046313698401619,0.9583065139031925,4.443324086271522,0.6736596732428579
375,0.308282452750084,0.9585800720906282,4.418483881961493,0.6748251744083591
376,0.30977384903229366,0.9588697219361483,4.4597348222087865,0.6724941720773568
377,0.3042846145185073,0.959465113285273,4.431644005097431,0.6759906755738603
378,0.30943760067324255,0.958322605561277,4.448773700874169,0.6701631697463545
379,0.32023376417341504,0.9583065139031925,4.471549347564057,0.6736596732428579
380,0.29766648519404393,0.9594972966014418,4.3622835582786506,0.6748251744083591
381,0.31358565102081004,0.9581295056642637,4.4961934467573546,0.6713286709118557
382,0.30267872520982375,0.959577754891864,4.459762313149192,0.6806526812084349
383,0.31437005145028313,0.9585317971163748,4.451134721715968,0.6713286709118557
384,0.30290964953975424,0.9582582389289392,4.485655307214021,0.6713286709118557
385,0.3144499538154615,0.958676622039135,4.467321230815007,0.6736596732428579
386,0.29409635219201213,0.9603018795056643,4.468092533814046,0.6655011649454112
387,0.31014973226930836,0.958821446961895,4.509648716533101,0.6713286709118557
388,0.3107947459819426,0.9587248970133883,4.515293726554284,0.6713286709118557
389,0.3087452210343983,0.9590628218331617,4.428885229817637,0.6818181822349975
390,0.30731394498567766,0.959931771369722,4.410443163696147,0.6783216779048626
391,0.29566704057469717,0.9596743048403708,4.449227552591782,0.6759906755738603
392,0.3195099479535136,0.9589179969104017,4.473762824540928,0.6748251744083591
393,0.3076214155500676,0.958821446961895,4.491959457353,0.6701631697463545
394,0.29235051462501593,0.9598352214212152,4.5100261887192445,0.6724941720773568
395,0.31111210682664364,0.9595133882595263,4.510524491885881,0.6736596732428579
396,0.30637112566597,0.959577754891864,4.4953467918164804,0.6724941720773568
397,0.3066456139569164,0.9594490216271885,4.546641886651099,0.6655011650843498
398,0.31192919977554084,0.9598513130792997,4.501705865482072,0.6783216779048626
399,0.3028363436537226,0.9599639546858908,4.534590845063572,0.6713286709118557
400,0.3089754271414994,0.9592398300720907,4.555820347823741,0.6620046624214777
401,0.29365753057056965,0.959931771369722,4.496454250006686,0.6736596742154279
402,0.3051193578103528,0.9597869464469619,4.477706241163062,0.6689976685808533
403,0.3027010792890328,0.9600122296601442,4.547318405760474,0.6631701627533475
404,0.31015249228308284,0.9599156797116375,4.5025836148739975,0.6689976685808533
405,0.29959005560058366,0.9599156797116375,4.50197319328646,0.6759906755738603
406,0.31004574314914607,0.9603018795056643,4.531881898711055,0.6759906755738603
407,0.3014956185537612,0.9602053295571575,4.52057171923853,0.6736596732428579
408,0.29500623192421394,0.9604145211122554,4.546823506588702,0.6689976694144847
409,0.31390910202936567,0.9598030381050463,4.580435722302168,0.6655011649454112
410,0.3084316486377657,0.9595133882595263,4.55299118404344,0.6655011659179813
411,0.29576311370666714,0.9609133625128733,4.540449345862116,0.6678321672764136
412,0.3027463440484071,0.959899588053553,4.426363264764105,0.6829836825668673
413,0.3038441440230571,0.9602696961894953,4.48845502379891,0.6783216779048626
414,0.3069001544740753,0.9597708547888775,4.43070274299675,0.6818181814013661
415,0.2963414456873718,0.9604145211122554,4.535860019963938,0.6701631705799859
416,0.3024542861878028,0.9604627960865088,4.5202297136222285,0.6794871790703638
417,0.314236108125902,0.9594812049433573,4.452323770745373,0.6748251744083591
418,0.28911782545109505,0.9609294541709578,4.443691832758052,0.6818181823739361
419,0.30385696466860623,0.9604467044284243,4.393515881958542,0.6794871800429337
420,0.3074398925244985,0.9608007209062822,4.493018890594269,0.6713286709118557
421,0.30621425035562133,0.9598352214212152,4.47046101510108,0.6678321674153521
422,0.299460940612106,0.9611064624098867,4.479521046151648,0.6748251744083591
423,0.3034231484293109,0.9598834963954685,4.4721394429951555,0.6689976685808533
424,0.29921447740288415,0.9606719876416066,4.508439971016837,0.6701631697463545
425,0.3053400604870558,0.9604788877445932,4.573228300868214,0.6678321682489835
426,0.2958936691663039,0.9609777291452111,4.384350860591257,0.6736596740764894
427,0.3046423928720069,0.9608007209062822,4.360819204148157,0.6736596742154279
428,0.3007802082691821,0.9610742790937178,4.561702872211838,0.6643356639188487
429,0.2957126353512471,0.9604627960865088,4.463399311879298,0.6806526812084349
430,0.30577554442103566,0.9603501544799176,4.534459370833177,0.6748251744083591
431,0.2987816831735792,0.9608972708547889,4.504130980907342,0.6748251753809291
432,0.3010479714807764,0.9614122039134912,4.543580206401976,0.6701631697463545
433,0.30590172644309416,0.96072026261586,4.509286152455079,0.6701631705799859
434,0.29259629304214824,0.9608972708547889,4.557940448636497,0.6689976685808533
435,0.30714597437198893,0.9604145211122554,4.4679962849561425,0.6713286718844256
436,0.29847807302902213,0.9607846292481977,4.521331396969882,0.6713286709118557
437,0.3011598861857819,0.9598352214212152,4.505147577165724,0.6701631697463545
438,0.2964386644046159,0.9623616117404737,4.5092986613720445,0.6689976685808533
439,0.2972848588777236,0.9606558959835222,4.439809206760291,0.6748251753809291
440,0.3001833781384193,0.9615409371781668,4.568131701929586,0.6655011659179813
441,0.2981697755715168,0.9614443872296602,4.588825371993449,0.6643356647524801
442,0.30463406827826395,0.9609616374871267,4.541987015650823,0.6759906755738603
443,0.2937393959114821,0.9618144953656025,4.620927749535976,0.6689976694144847
444,0.3065295781432838,0.9606237126673532,4.464646940742617,0.6666666662498509
445,0.29535008095354454,0.9613961122554068,4.565621043696548,0.6678321674153521
446,0.29864361636190995,0.96100991246138,4.560160956460557,0.6608391604223451
447,0.3098382043300233,0.9607846292481977,4.59923814949178,0.6631701635869789
448,0.29925550399520784,0.9610581874356333,4.526093376266373,0.660839161394915
449,0.30001989405613727,0.9613800205973223,4.5545673970575935,0.6666666670834823
450,0.2997672818361347,0.9612834706488157,4.388252749031796,0.6736596742154279
451,0.30055816310393624,0.9616374871266735,4.583336782344293,0.6689976685808533
452,0.2940747063073697,0.962442070030896,4.519669743962499,0.6713286718844256
453,0.2984721911730615,0.9613478372811535,4.520203246936932,0.6689976695534232
454,0.3067208418496007,0.9608007209062822,4.514825793690893,0.6748251753809291
455,0.29626861132823323,0.9615570288362513,4.525060162399754,0.6620046615878463
456,0.2945036411762092,0.9614443872296602,4.564480260257676,0.6596736600904753
457,0.299245177504408,0.9619271369721936,4.476240112509205,0.6666666662498509
458,0.29885443390887056,0.960832904222451,4.619152973303984,0.6689976695534232
459,0.2982793465370828,0.9619593202883625,4.619500893257159,0.6561771557603405
460,0.2960754066262582,0.9622006951596292,4.561400676940704,0.6678321674153521
461,0.3056403955724762,0.9608972708547889,4.559215452843334,0.6666666662498509
462,0.30192455203233076,0.9611064624098867,4.5768146965053536,0.6608391604223451
463,0.295410560155297,0.961830587023687,4.550876546295095,0.6678321674153521
464,0.30459140520063294,0.9610903707518023,4.606869044003787,0.6620046615878463
465,0.2953697392241272,0.9621846035015448,4.580855935881465,0.6689976695534232
466,0.2979563418344185,0.9613639289392379,4.60087223764344,0.6655011650843498
467,0.2988765317592751,0.9623455200823893,4.5877411187667665,0.6666666670834823
468,0.2890377527646659,0.9622167868177137,4.5201664404435595,0.6643356648914186
469,0.2952085386532005,0.962265061791967,4.531921213879174,0.671328671745487
470,0.3164541495649334,0.96100991246138,4.58184771048717,0.6736596740764894
471,0.28635440756884295,0.962442070030896,4.600356217586633,0.6678321683879221
472,0.3038893689705494,0.9614926622039135,4.636646822615937,0.6643356647524801
473,0.29853137134047786,0.9615570288362513,4.495394398838212,0.6689976685808533
474,0.2918179669426073,0.962940911431514,4.722047965843361,0.6620046615878463
475,0.2958087843812112,0.9617018537590113,4.672172377437422,0.6689976685808533
476,0.29865775046914234,0.9622489701338826,4.605339339285186,0.6678321674153521
477,0.3039287474532981,0.96115473738414,4.543656376414088,0.6620046615878463
478,0.29703775020057277,0.9620397785787848,4.587227909159271,0.6666666661109124
479,0.2905608174390132,0.9627156282183316,4.563535572487713,0.6655011660569198
480,0.3003729039229583,0.9620397785787848,4.553401543543889,0.6643356639188487
481,0.29344053401723963,0.961830587023687,4.533739054953302,0.6689976695534232
482,0.2921875223505908,0.9626834449021627,4.5884200131698645,0.6643356639188487
483,0.2991854173004681,0.9615409371781668,4.600312019561554,0.6620046625604162
484,0.29920324072602417,0.9623133367662204,4.549616135639466,0.6713286718844256
485,0.29397504940441016,0.961476570545829,4.599089185118953,0.6643356639188487
486,0.30208826210420775,0.9625386199794027,4.5232676526049636,0.6748251744083591
487,0.29643865968805694,0.962120236869207,4.665753944214686,0.6643356647524801
488,0.2948545057035937,0.962297245108136,4.584987140757776,0.666666667222421
489,0.2926561195805216,0.9613639289392379,4.545926717055705,0.6678321674153521
490,0.3019428112535487,0.9615570288362513,4.64011544614405,0.6596736600904753
491,0.2989235529220489,0.9623455200823893,4.63118965308983,0.6620046625604162
492,0.29291783951905803,0.9626673532440783,4.547482043157369,0.6643356639188487
493,0.29941234853738263,0.9616374871266735,4.673664307538724,0.6666666662498509
494,0.2935906824580059,0.9625064366632338,4.654259092602141,0.6655011650843498
495,0.2875110522645356,0.963198377960865,4.6118081794196355,0.6631701627533475
496,0.30231727992810775,0.961830587023687,4.667575522736236,0.6655011650843498
497,0.2903601312981084,0.962409886714727,4.676616687041062,0.6585081590639128
498,0.2959230921737635,0.9621363285272915,4.718362828234692,0.6550116545948393
499,0.2847077505932555,0.9625225283213182,4.570781200360029,0.6643356648914186
500,0.30256834966307994,0.9626673532440783,4.664105910521287,0.660839161394915
501,0.2956130053271587,0.961943228630278,4.494445595707926,0.6701631707189244
502,0.29635728257693866,0.962152420185376,4.75657839319367,0.6585081590639128
503,0.2984133946899244,0.9618949536560247,4.505685448368668,0.6713286709118557
504,0.2906308054768631,0.9626512615859938,4.701240363932434,0.659673659256844
505,0.3022381810425377,0.9618949536560247,4.59203968737231,0.6643356640577872
506,0.2907677862618644,0.9627156282183316,4.702223580478233,0.6585081580913428
507,0.2955262767089613,0.962409886714727,4.568440509009195,0.6585081580913428
508,0.2980015345150845,0.9616696704428425,4.6417871694186905,0.6655011650843498
509,0.28930579233976,0.962442070030896,4.675188571978838,0.6631701637259174
510,0.29491478845287195,0.9625225283213182,4.610902387779076,0.6678321683879221
511,0.29469829310550827,0.9621041452111225,4.594883633104516,0.6666666670834823
512,0.2997382823387439,0.9622006951596292,4.613480297279803,0.6585081580913428
513,0.2900003645282304,0.9626351699279093,4.62039759331372,0.6689976685808533
514,0.2933177941931502,0.9622489701338826,4.67004728483987,0.6608391604223451
515,0.2943721639115198,0.962940911431514,4.630057648901062,0.6631701627533475
516,0.29539758662082233,0.9617823120494335,4.68983372497114,0.6655011659179813
517,0.3003675381506263,0.961621395468589,4.660257709054124,0.6620046615878463
518,0.2972647959575533,0.9623294284243048,4.721814857496248,0.6643356639188487
519,0.29521137590584345,0.9629248197734295,4.691070244862483,0.6620046615878463
520,0.28221195371462804,0.9633271112255407,4.579836479155889,0.6655011650843498
521,0.3012487814026999,0.961975411946447,4.736717625375672,0.6538461534293382
522,0.29500310804434005,0.9628604531410917,4.562531560173124,0.6573426578984116
523,0.2985794515599306,0.9625064366632338,4.680326926958311,0.659673660229414
524,0.2892475000167329,0.963085736354274,4.691785630646286,0.6608391604223451
525,0.300018141580406,0.9625547116374872,4.72205002268989,0.6585081580913428
526,0.28821928873485536,0.9633592945417095,4.716588123139246,0.6608391604223451
527,0.3009543414285213,0.9624259783728115,4.628851895565753,0.6608391612559765
528,0.2858302908072902,0.9637937693099897,4.622828111226187,0.6608391604223451
529,0.30609922414985086,0.961331745623069,4.605290590188442,0.6585081580913428
530,0.2990987707384076,0.9626995365602472,4.516108432849804,0.6655011660569198
531,0.29199621600917053,0.963085736354274,4.719191898554911,0.6573426569258416
532,0.29370172599418787,0.9628443614830072,4.691708341345087,0.6631701627533475
533,0.2891426682155714,0.9625225283213182,4.622371778065786,0.6620046617267848
534,0.29321417410308387,0.962908728115345,4.784108028545246,0.6573426577594731
535,0.29059140930617905,0.9623616117404737,4.683219326681746,0.6585081580913428
536,0.3006594447178304,0.9631501029866117,4.669928123900941,0.659673660229414
537,0.29980003721455745,0.9619110453141092,4.709574284809174,0.6573426578984116
538,0.291963323420844,0.963874227600412,4.718863797910286,0.6585081589249742
539,0.29329388382979865,0.9626995365602472,4.695925338007076,0.6620046615878463
540,0.28926290156718737,0.9630374613800206,4.656361652698828,0.6620046615878463
541,0.29677745422164226,0.9623937950566427,4.6509055102066,0.6655011659179813
542,0.2975266345087957,0.9621363285272915,4.786447450553343,0.659673659256844
543,0.2923172811850959,0.9631340113285273,4.673195450455992,0.6678321674153521
544,0.29714055978630727,0.9626512615859938,4.643844476668707,0.6608391604223451
545,0.2939665321837132,0.9630213697219362,4.672495073371834,0.6620046615878463
546,0.2897205080584758,0.9631018280123584,4.750848455584689,0.6573426569258416
547,0.29180277822286,0.9627960865087538,4.716658416050019,0.6620046615878463
548,0.3014947988474636,0.9620397785787848,4.627743264178296,0.6655011650843498
549,0.2895757194903864,0.9635041194644696,4.712859224884104,0.6585081590639128
550,0.2984673703812546,0.961830587023687,4.599225896777528,0.6643356648914186
551,0.28212839463892575,0.9636650360453141,4.675854473403006,0.6620046617267848
552,0.3104421496069985,0.9612673789907312,4.794408735417542,0.659673660229414
553,0.2908277367371164,0.9635684860968075,4.706443962795196,0.6573426569258416
554,0.2861452506064801,0.9634236611740473,4.62905680383002,0.652680652263837
555,0.3026566024285566,0.962763903192585,4.578388833777332,0.6573426578984116
556,0.28549569761275045,0.9630696446961895,4.704943595788418,0.6620046615878463
557,0.2981214300152893,0.9617340370751802,4.62053992753818,0.6631701627533475
558,0.2909866559087087,0.9638581359423275,4.644147391641613,0.666666667222421
559,0.30357342792087905,0.9619271369721936,4.685205709684145,0.6608391604223451
560,0.2853206643330204,0.9634558444902163,4.640386465824012,0.6631701637259174
561,0.29941549837967163,0.9627478115345005,4.696084192582777,0.6620046625604162
562,0.3003951811373625,0.9618788619979403,4.736159942644737,0.6655011650843498
563,0.2830692822685279,0.9637776776519053,4.625799575885693,0.6643356648914186
564,0.299256684971699,0.961943228630278,4.710175192439473,0.6620046615878463
565,0.283890041932713,0.9639064109165808,4.643200318574349,0.6643356639188487
566,0.3027111939706069,0.9619110453141092,4.752961219329656,0.6573426578984116
567,0.28747721405049553,0.9630052780638517,4.719163800175095,0.6573426578984116
568,0.28570048148570204,0.9643891606591143,4.675036786041615,0.660839161394915
569,0.30191252805027885,0.9613478372811535,4.652106795833383,0.6655011660569198
570,0.2967103332665727,0.9624259783728115,4.615835876731606,0.6585081590639128
571,0.288418104464474,0.9629891864057673,4.697194206131088,0.6561771567329104
572,0.29684999313715743,0.9638259526261586,4.724310832701641,0.6585081590639128
573,0.2962913396442165,0.961943228630278,4.661791962065619,0.6631701637259174
574,0.28770441122604373,0.9634558444902163,4.643732632790412,0.6620046625604162
575,0.2906823822840987,0.962409886714727,4.623747396024513,0.659673660229414
576,0.2902707579861233,0.9638581359423275,4.626095680645852,0.659673660229414
577,0.3006429406152472,0.9622811534500515,4.713787839129255,0.6608391604223451
578,0.2966906267624007,0.9626351699279093,4.661359333491825,0.6620046625604162
579,0.28805563682364155,0.9632627445932029,4.616954003180657,0.6620046625604162
580,0.29873460719705275,0.9627960865087538,4.731810419709532,0.6585081590639128
581,0.2897147828215267,0.9629891864057673,4.636689288354976,0.6585081580913428
582,0.29689890171097155,0.9625386199794027,4.56435085454465,0.6620046625604162
583,0.2936382563367494,0.963230561277034,4.726612466754335,0.6573426578984116
584,0.28665803168227955,0.9629891864057673,4.679964991994115,0.6631701637259174
585,0.3018625917763907,0.9621685118434603,4.7109799840789295,0.6631701637259174
586,0.28925583982623415,0.9639385942327497,4.634243771746442,0.659673659256844
587,0.2993706210140411,0.9626351699279093,4.605488764934051,0.660839161394915
588,0.28793088339957823,0.9634880278063852,4.634214477939206,0.659673660229414
589,0.2954469369796328,0.9631661946446962,4.601811024414632,0.6643356639188487
590,0.2869614554457865,0.9628121781668383,4.70617340661429,0.6561771557603405
591,0.30437637226038394,0.962409886714727,4.5151346280024605,0.6631701627533475
592,0.2955724054551372,0.9633271112255407,4.668918614065174,0.6526806532364069
593,0.2909166670344908,0.962409886714727,4.714502758079475,0.6585081590639128
594,0.29682625826576725,0.963085736354274,4.679655875359382,0.659673659256844
595,0.2914682285563807,0.9637776776519053,4.5681409368981845,0.6713286718844256
596,0.2882000320642826,0.9623455200823893,4.68033670934486,0.6585081590639128
597,0.29841479118174874,0.9633271112255407,4.688472864511129,0.6643356648914186
598,0.29183042597650993,0.962940911431514,4.614736843220282,0.6655011650843498
599,0.30310798949110257,0.9628604531410917,4.6422216169761885,0.6655011652232884
600,0.2874965305113062,0.9628443614830072,4.663955495074079,0.6643356639188487
601,0.2871578274161414,0.9634236611740473,4.668124773007729,0.6655011650843498
602,0.3029676097350235,0.9620075952626158,4.593573813116078,0.6620046615878463
603,0.2900019087919814,0.9626512615859938,4.70786437565908,0.6573426578984116
604,0.2916648198978018,0.9639064109165808,4.629224792227045,0.660839161394915
605,0.2922435326589968,0.962940911431514,4.632864678656305,0.6631701637259174
606,0.2969479909522534,0.963230561277034,4.706374654680976,0.6538461544019081
607,0.29241847294554435,0.9629570030895983,4.747601046150937,0.659673659256844
608,0.2948863651122932,0.9625708032955715,4.627945285854918,0.6701631707189244
609,0.2837592787900604,0.963842044284243,4.6287646160259115,0.6573426578984116
610,0.3034670260781854,0.9628926364572605,4.655637049174809,0.6585081590639128
611,0.2868635630202465,0.9630052780638517,4.631854962079953,0.6585081580913428
612,0.29201004784563833,0.9628443614830072,4.626261805598831,0.659673660229414
613,0.3056507206763631,0.9625708032955715,4.70735803350702,0.6631701637259174
614,0.28668517274753286,0.9638259526261586,4.751264970619362,0.660839161394915
615,0.28559878704892944,0.9635363027806385,4.704576267784848,0.6585081590639128
616,0.2960034231943041,0.9623777033985582,4.684117803484687,0.6620046625604162
617,0.2908050785168246,0.9639225025746653,4.693995165102409,0.6538461544019081
618,0.30391083009940034,0.9612673789907312,4.705091629272852,0.6585081590639128
619,0.28085612150170025,0.9643569773429455,4.631205322025539,0.6620046615878463
620,0.29507192174532865,0.9626995365602472,4.700087919657602,0.6631701627533475
621,0.29137878762231995,0.963874227600412,4.748788599089865,0.6585081590639128
622,0.29641906549505714,0.9622328784757982,4.668923611963268,0.6643356648914186
623,0.2916659365161624,0.963375386199794,4.694151670504839,0.6538461535682767
624,0.2924171371714439,0.9629730947476828,4.761158225141761,0.6538461534293382
625,0.2889181283790806,0.9637776776519053,4.716314703712374,0.6573426578984116
626,0.29549411452115426,0.9626834449021627,4.664001033578441,0.6585081582302814
627,0.2993916136799639,0.9626351699279093,4.733946649066774,0.659673660229414
628,0.28002146801342526,0.96451789392379,4.612636304957605,0.660839161394915
629,0.3009016480120369,0.9626673532440783,4.714818178634822,0.659673660229414
630,0.29680133371850825,0.9626834449021627,4.715477761688766,0.6538461534293382
631,0.281682333904659,0.9638259526261586,4.742601445226958,0.6620046625604162
632,0.300119651779801,0.9629248197734295,4.624949237961314,0.6655011660569198
633,0.2864827685351613,0.9639385942327497,4.755297542451979,0.659673660229414
634,0.295627143641648,0.9620719618949537,4.7221013905007245,0.6585081590639128
635,0.2901694220668194,0.963407569515963,4.657615327612781,0.6678321683879221
636,0.2883741064970674,0.9634397528321318,4.672653919611221,0.660839161394915
637,0.29251020796545213,0.963729402677652,4.639878030701395,0.660839161394915
638,0.2902593069755876,0.9628765447991761,4.645872213345863,0.6655011660569198
639,0.29862860975936667,0.9627156282183316,4.69876100911405,0.6561771567329104
640,0.29430173115611047,0.9629570030895983,4.706406121487384,0.6631701637259174
641,0.2907920149893497,0.9632466529351185,4.706571722364092,0.6526806532364069
642,0.29166872528296284,0.9638903192584964,4.621259886623818,0.6643356648914186
643,0.2926792906507098,0.9628926364572605,4.74031239567381,0.6620046625604162
644,0.29754365842317515,0.963230561277034,4.666434745410661,0.6631701637259174
645,0.2955950431959237,0.9628282698249228,4.688417165707319,0.666666667222421
646,0.28699805933539013,0.9636489443872297,4.784153022966184,0.659673659256844
647,0.2929603765012714,0.9637615859938208,4.680230532492791,0.659673660229414
648,0.2948091353417348,0.9632788362512873,4.637553914721473,0.6585081590639128
649,0.29283808897720337,0.9629891864057673,4.687325377008576,0.6573426578984116
650,0.2904719333994048,0.9634397528321318,4.7021690298627306,0.6573426578984116
651,0.28902039437455984,0.9631822863027807,4.711101303567419,0.6573426578984116
652,0.3000976600133681,0.9630374613800206,4.740187172011618,0.6631701637259174
653,0.28879218959766534,0.9633271112255407,4.757898700265062,0.660839161394915
654,0.29317658837408933,0.963874227600412,4.6158253485228355,0.6643356640577872
655,0.300551883881599,0.9626834449021627,4.6020657932841695,0.6678321683879221
656,0.28424520361171046,0.9637776776519053,4.662035372985271,0.6643356648914186
657,0.2978607661198215,0.9627960865087538,4.632161603385196,0.6655011660569198
658,0.290665225145032,0.9632627445932029,4.7178851813425275,0.660839161394915
659,0.2953758238590333,0.9628765447991761,4.676538867550296,0.659673660229414
660,0.283952817539507,0.9636811277033985,4.693367117768401,0.6631701637259174
661,0.2954970768688344,0.9638098609680742,4.755943822416114,0.6561771567329104
662,0.2885057334131134,0.963198377960865,4.743501884398205,0.660839161394915
663,0.29471491145863976,0.9629730947476828,4.699348384128029,0.660839161394915
664,0.291382643071902,0.9634558444902163,4.705071144726449,0.6573426578984116
665,0.28980043277683465,0.9629891864057673,4.628099206444267,0.6620046625604162
666,0.2973813858726297,0.9629570030895983,4.60630459329743,0.6620046625604162
667,0.29283230118626147,0.962940911431514,4.722020160346042,0.659673660229414
668,0.2856782832001667,0.9635041194644696,4.724157789648274,0.6620046625604162
669,0.2953133623371808,0.9631661946446962,4.667319862436859,0.6643356648914186
670,0.2886533627855322,0.9630374613800206,4.696692173297588,0.6655011660569198
671,0.2931981523157731,0.9631340113285273,4.719896981766174,0.6585081580913428
672,0.3004892733725925,0.9631179196704428,4.65130169186003,0.6631701637259174
673,0.2932839300905486,0.9631018280123584,4.7697104524065566,0.660839161394915
674,0.2908915991767336,0.9634236611740473,4.7242313954102135,0.6608391604223451
675,0.2874992468646592,0.9638903192584964,4.703302339518265,0.6620046625604162
676,0.29495956763782444,0.9626673532440783,4.729247023175646,0.660839161394915
677,0.2908300357677971,0.9636811277033985,4.691684555618357,0.6573426578984116
678,0.29435307136664873,0.9629248197734295,4.670465490479014,0.6561771557603405
679,0.28384258466495543,0.9636006694129763,4.795488178035318,0.659673659256844
680,0.3021736360887827,0.962763903192585,4.720111421216062,0.6585081580913428
681,0.28873765673613067,0.9639064109165808,4.764113946394487,0.6515151520709058
682,0.28704401080608827,0.9637454943357363,4.717782375695822,0.660839161394915
683,0.3011595630182872,0.9628282698249228,4.71856144202617,0.660839161394915
684,0.29656505678904105,0.9630374613800206,4.625311889292755,0.6620046625604162
685,0.2895367629485575,0.9639707775489187,4.734591032797362,0.659673660229414
686,0.28403741488114276,0.9633592945417095,4.781272464143091,0.6561771567329104
687,0.29163268845898593,0.9634719361483007,4.764202845402253,0.6585081590639128
688,0.2991065753294859,0.9632466529351185,4.697924756781482,0.6585081590639128
689,0.29069267256937376,0.9628926364572605,4.702348375098133,0.6608391604223451
690,0.2917499709366049,0.9634397528321318,4.759766391940884,0.659673660229414
691,0.28921926570778095,0.9640673274974253,4.782713657214647,0.6550116555674093
692,0.2933664151264046,0.963085736354274,4.753127949499028,0.6550116555674093
693,0.29607825340361676,0.9629248197734295,4.6828061650683,0.6620046625604162
694,0.30205876600231313,0.9622167868177137,4.666333179095964,0.659673660229414
695,0.28081225869643867,0.9639707775489187,4.743389500326765,0.6585081580913428
696,0.29404570268041214,0.9628282698249228,4.679202589399609,0.6620046617267848
697,0.29765112337969957,0.9631179196704428,4.659071133686946,0.6631701637259174
698,0.28890453056546445,0.9634236611740473,4.677047246541733,0.659673660229414
699,0.2956392830324069,0.9635363027806385,4.7584344329256,0.659673660229414
700,0.2969009361525251,0.9628926364572605,4.697109568091261,0.659673659256844
701,0.29286422387837796,0.9627478115345005,4.753244159382818,0.6573426578984116
702,0.2838574933659297,0.9642443357363543,4.749514236872568,0.6515151510983358
703,0.2961701445183674,0.9631661946446962,4.688937725164951,0.6538461544019081
704,0.29486156376817263,0.963375386199794,4.692200164417009,0.6585081590639128
705,0.28523209898461166,0.963407569515963,4.630839619047436,0.660839161394915
706,0.29942914185782726,0.962619078269825,4.754130077806664,0.6655011660569198
707,0.28632886484735304,0.9644696189495365,4.7039520345923505,0.6561771557603405
708,0.29839105406070143,0.9628443614830072,4.7290957863236365,0.6585081589249742
709,0.2887736580504371,0.963842044284243,4.734007162925525,0.6620046615878463
710,0.2987522246036966,0.9625386199794027,4.697451387529885,0.6585081590639128
711,0.2834861050235217,0.9640673274974253,4.640132606724204,0.6655011660569198
712,0.30425793332087087,0.962619078269825,4.651868112159498,0.6666666663887896
713,0.2872919773334785,0.963986869207003,4.692947485508063,0.6561771557603405
