epoch,loss,single_accuracy,val_loss,val_single_accuracy
0,0.5790563888395115,0.7248487384140062,0.724333477973938,0.5
1,0.5430020052790028,0.778385684860968,0.7207221231460571,0.512
2,0.5356435635799482,0.7893280123583934,0.637347396850586,0.662
3,0.5293577603466356,0.798451982492276,0.6263719758987427,0.68
4,0.5230577295889692,0.8069161946446962,0.6122964506149292,0.699
5,0.5191761926200191,0.8118724253347065,0.6146245136260986,0.6975
6,0.5161723604101599,0.8151068486096807,0.6232237701416016,0.6795
7,0.5139637377063229,0.8174562306900103,0.617260329246521,0.691
8,0.5112586328040436,0.8198860710607621,0.6107368812561035,0.7015
9,0.5094678223010317,0.821350411946447,0.6217430129051208,0.6875
10,0.5066471465400024,0.824794026776519,0.6232369937896729,0.686
11,0.5048055967697768,0.8275457003089598,0.6186685705184937,0.688
12,0.5036674186694757,0.828446833161689,0.6183468809127808,0.6955
13,0.5005800308761341,0.832389289392379,0.6175089836120605,0.6965
14,0.4964192118936906,0.8379730947476828,0.6119509716033935,0.7025
15,0.4929658183722491,0.8419799176107106,0.6123579626083374,0.704
16,0.49068402854225046,0.8444741246138002,0.6133739700317383,0.701
17,0.48943623762297706,0.8459223738414006,0.6143182735443116,0.6985
18,0.4895704505249597,0.8452947991761071,0.6140754070281983,0.7005
19,0.48814683250246527,0.8476763645726055,0.6144356336593628,0.6995
20,0.48776840893542117,0.8484326725025747,0.6141658849716186,0.7005
21,0.48721053530332603,0.8485935890834192,0.614498212814331,0.701
22,0.4884443152331422,0.8468556900102987,0.6138050632476807,0.702
23,0.48794385913594496,0.8476441812564367,0.613745412826538,0.702
24,0.48826894863872156,0.8474188980432544,0.613779676437378,0.7015
25,0.4872264016484871,0.8483522142121525,0.613977237701416,0.7015
26,0.48774629656367396,0.8477890061791967,0.6138613624572754,0.702
27,0.48754588917404196,0.848513130792997,0.613853816986084,0.702
28,0.4877571570394459,0.84798210607621,0.6141069326400757,0.7015
29,0.48688057562226983,0.8491085221421215,0.6139516277313233,0.7015
30,0.48768273646627713,0.8482878475798146,0.6140240240097046,0.7015
31,0.48780691921404046,0.8482073892893924,0.6139964599609375,0.7015
32,0.48707799964903803,0.8487384140061792,0.6140804347991944,0.7015
33,0.4883075980766917,0.8474993563336766,0.6141329088211059,0.7015
34,0.4878861778612363,0.8476602729145211,0.6139975519180297,0.7015
35,0.48807508523751486,0.84783728115345,0.6141080560684204,0.7015
36,0.48709716769865685,0.8487062306900103,0.6140806837081909,0.7015
37,0.48769536988865336,0.8485935890834192,0.6140674905776977,0.7015
38,0.48756541936331255,0.8480947476828012,0.6141020164489747,0.7015
39,0.48734717232191477,0.848513130792997,0.6140157394409179,0.7015
40,0.4877621444933937,0.8479499227600412,0.6139866046905518,0.7015
41,0.4877034939833208,0.8478211894953656,0.6140270071029663,0.7015
42,0.48773553135711795,0.8481269309989702,0.6140616827011108,0.7015
43,0.4886159647014433,0.8468717816683831,0.6140475225448608,0.7015
44,0.48763312572799433,0.8480947476828012,0.6141141490936279,0.7015
45,0.4871758722252261,0.848303939237899,0.6140211915969849,0.7015
46,0.4876744552265112,0.8478211894953656,0.6140199718475342,0.7015
47,0.4883768475939636,0.84769245623069,0.6140884599685669,0.7015
48,0.48817084384381954,0.847225798146241,0.6140713396072388,0.7015
49,0.48906517946511413,0.8466786817713697,0.6140289859771728,0.7015
50,0.48671587328709487,0.8491567971163748,0.6140517282485962,0.7015
51,0.4889144502449723,0.8469200566426365,0.6140218334197998,0.7015
52,0.4872073923092792,0.848657955715757,0.6140504674911499,0.7015
53,0.48791442994108897,0.8479016477857878,0.6140845909118652,0.7015
54,0.4884895725918111,0.8469683316168898,0.6140192470550537,0.7015
55,0.48776455835873755,0.8482073892893924,0.6140837459564209,0.7015
56,0.4883952809288622,0.847193614830072,0.6140650920867919,0.7015
57,0.48771196754167795,0.8482395726055613,0.6140877866744995,0.7015
58,0.48796020133610735,0.8479660144181257,0.6142109041213989,0.702
59,0.48780110929579495,0.8476763645726055,0.6140268869400024,0.701
60,0.4872535372615229,0.848770597322348,0.6139909734725952,0.7015
61,0.4876770256844903,0.8478855561277034,0.6141024446487426,0.7015
62,0.4879607940984681,0.8475959062821833,0.6139881725311279,0.7015
63,0.48725111661315823,0.8488671472708548,0.6141779623031616,0.7015
64,0.4883543629233795,0.8476763645726055,0.6140967931747436,0.7015
65,0.48782886320727004,0.8478533728115345,0.6140605916976929,0.7015
66,0.4867120281429664,0.8491407054582905,0.6141271286010742,0.7015
67,0.48874094686351033,0.8472097064881565,0.6139980850219726,0.7015
68,0.4873996274478649,0.8483200308959835,0.614072401046753,0.7015
69,0.48786983151759966,0.8472579814624099,0.6140325517654419,0.7015
70,0.48674362575602703,0.849301622039135,0.614061996459961,0.7015
71,0.48754884086234684,0.848480947476828,0.6140761413574218,0.7015
72,0.48803660810668975,0.8477568228630278,0.6140330686569214,0.7015
73,0.4873936325465123,0.8483522142121525,0.6139831066131591,0.7015
74,0.48722388404282435,0.8482717559217302,0.6140414886474609,0.7015
75,0.48770379028777017,0.8476602729145211,0.6141100492477417,0.7015
76,0.4879246273688995,0.84798210607621,0.614088864326477,0.7015
77,0.4864485140134083,0.8501062049433573,0.6140314340591431,0.7015
78,0.4869199835615718,0.8486901390319258,0.6139989986419677,0.7015
79,0.48756388093735237,0.848191297631308,0.6140440845489502,0.7015
80,0.48740173798019926,0.8485774974253347,0.6140272121429443,0.7015
81,0.4871874197197255,0.8487223223480947,0.6140131731033325,0.7015
82,0.48861632444708775,0.84769245623069,0.6141283960342407,0.7015
83,0.48854365076267386,0.846936148300721,0.6140713071823121,0.7015
84,0.4872149514795946,0.8482878475798146,0.6140636482238769,0.7015
85,0.4881252937410199,0.8475637229660145,0.6141232643127441,0.7015
86,0.4869807561136299,0.8489636972193615,0.6141425476074219,0.7015
87,0.4873597790725936,0.8486096807415036,0.6140094022750855,0.7015
88,0.48702549483208896,0.8490763388259527,0.6140965576171875,0.7015
89,0.48703057282862283,0.8491728887744593,0.6140071964263916,0.7015
90,0.4873290119652399,0.8483843975283213,0.6140465965270996,0.7015
91,0.4879566354007603,0.848014289392379,0.6140140829086304,0.7015
92,0.4885599722761573,0.8468878733264675,0.6140786113739014,0.7015
93,0.487110036777296,0.848802780638517,0.6140060701370239,0.7015
94,0.48818923439350975,0.84769245623069,0.6141688976287841,0.7015
95,0.4873011615875452,0.8485774974253347,0.6139891119003296,0.7015
96,0.48847233279235086,0.8471614315139032,0.6139925765991211,0.7015
97,0.4871250499043725,0.8492855303810505,0.6140597085952759,0.7015
98,0.48784866502429874,0.848770597322348,0.6140130405426025,0.7015
99,0.48765944541421413,0.8482234809474768,0.6141745529174805,0.7015
