epoch,loss,single_accuracy,val_loss,val_single_accuracy
0,2.1105404827670875,0.6551235839340885,2.9887203111515177,0.6433566439123977
1,1.3178128330641254,0.7106558959835222,2.5335006077528557,0.6363636359468207
2,1.0276121894006995,0.7342945417095778,2.137544644740356,0.6258741264298802
3,0.8824429958291452,0.7500965499485067,1.84547524324386,0.6025641031198569
4,0.7654905060476918,0.7620687435633368,1.7269866085830545,0.5909090904922752
5,0.7116561196859539,0.7699375643666323,1.5812867745097146,0.5909090914648452
6,0.6650015876602562,0.7771466271884655,1.4568412194163094,0.5955710961268499
7,0.6285733432651917,0.7835511071060762,1.4193620319133038,0.5955710961268499
8,0.6035439503426164,0.7858200308959835,1.2986189684112033,0.596736597292351
9,0.5865589570864099,0.7896659371781668,1.2240896806433483,0.5932400937958475
10,0.5759131891535927,0.7902613285272915,1.130690517194899,0.5885780891338428
11,0.5575298203805694,0.7915647528321318,1.059252178543931,0.5850815856373394
12,0.5509787707078346,0.7952175592173018,0.9701724551218651,0.5885780891338428
13,0.533431708229558,0.7964566168898043,0.9077229699193736,0.5874125879683417
14,0.5271096213286249,0.7962957003089598,0.9065785865822594,0.589743590299344
15,0.5265634152903984,0.7980335993820803,0.8881030652350757,0.5955710961268499
16,0.5215310882220676,0.7992887487126673,0.8786938599634282,0.5979020974852822
17,0.5205787010375797,0.8015737641606591,0.8725611789104266,0.6013986009817857
18,0.5150306038213194,0.8003990731204943,0.8893599269134459,0.603729603312788
19,0.5080192439588042,0.8020082389289392,0.8620852551538072,0.6060606056437904
20,0.5033874777208027,0.803649588053553,0.8761995675124766,0.6083916089473627
21,0.5058696107012359,0.8044058959835222,0.8641589243650992,0.6060606066163603
22,0.49855205881669273,0.805902420185376,0.8694957053605771,0.6095571101128638
23,0.4918776005659978,0.8057093202883625,0.8736587748244092,0.6083916089473627
24,0.4931011902193331,0.8069322863027807,0.8746800519230761,0.6095571101128638
25,0.4913680966862935,0.807736869207003,0.87410249187674,0.6083916089473627
26,0.4945811087881377,0.8077851441812565,0.8734481698705322,0.6083916089473627
27,0.48833924983114957,0.80884719361483,0.8772225261151374,0.6095571101128638
28,0.4839849425853833,0.8092977600411947,0.8974025223777566,0.610722611278365
29,0.4857900087730278,0.8092816683831102,0.8972404642260714,0.6130536136093673
30,0.48143208531776,0.8106977342945417,0.9140963243159936,0.610722611278365
31,0.48507006661285457,0.810746009268795,0.9178026160854837,0.610722611278365
32,0.483584109835718,0.8117597837281153,0.9426141752924396,0.6048951054508591
33,0.48239262805662736,0.812178166838311,0.9453862613036638,0.6060606066163603
34,0.4722887469123738,0.8134815911431514,0.9273276733351754,0.6060606066163603
35,0.47874127799524213,0.813111483007209,0.9503850876451372,0.6118881124438662
36,0.4759289736022173,0.814366632337796,0.9816532965167697,0.6060606056437904
37,0.4748117358229065,0.8161045314109165,0.9384475074586891,0.6130536127757359
38,0.4704013146252883,0.8152194902162719,0.9632481845108779,0.6072261069482301
39,0.47102684866019306,0.8159597064881565,0.9656871152924491,0.6072261077818615
40,0.47335351491011257,0.815042481977343,1.025300122085429,0.6048951054508591
41,0.4702060049060199,0.8155735066941298,1.0196627488225212,0.6095571092792325
42,0.4659094722398646,0.8184539134912462,1.0165494275398743,0.6165501162722394
43,0.4759979020616176,0.817375772399588,1.0082614223162334,0.6083916089473627
44,0.4697330026867215,0.8184056385169928,1.035054117093831,0.6083916089473627
45,0.46664279031765815,0.8179711637487127,1.0569085990076577,0.6072261077818615
46,0.4691766808931663,0.8193872296601442,1.0702104683800455,0.6083916089473627
47,0.46606045514805555,0.8168769309989702,1.0439666549225788,0.6118881124438662
48,0.4713256172950923,0.8204814624098867,1.0496722215955907,0.6095571101128638
49,0.4718186622207369,0.8196446961894953,1.0488535026848178,0.6083916089473627
50,0.4717951484646046,0.8207228372811535,1.0712236454992583,0.6095571101128638
51,0.4745854985670989,0.819918254376931,1.0733076889059205,0.6083916089473627
52,0.46562303048697606,0.8190653964984552,1.0972128608426848,0.6095571092792325
53,0.4688182244984669,0.822315911431514,1.119043339521457,0.6153846159403696
54,0.4712309396905339,0.8221871781668383,1.137792486480344,0.6072261077818615
55,0.4674901806669795,0.8229756694129763,1.1553240561540865,0.6083916089473627
56,0.4733240972249073,0.822428553038105,1.155997663875282,0.6083916089473627
57,0.47130368042250004,0.8223480947476828,1.1799899459857763,0.6002331007888545
58,0.4658589703476883,0.8237963439752832,1.2154405588731343,0.6072261077818615
59,0.46685648277540037,0.8235871524201854,1.184296732599085,0.603729604285358
60,0.4692526243619398,0.8232009526261586,1.2234194283579891,0.6048951054508591
61,0.46801909724543933,0.8242147270854789,1.225611602996057,0.6013986019543557
62,0.4606428587565584,0.8225090113285273,1.2315292484137839,0.6013986019543557
63,0.461436825404452,0.8260009011328527,1.2408613175640018,0.6048951054508591
64,0.4668152619279867,0.8245687435633368,1.2331442159094732,0.6002331007888545
65,0.46087183435778417,0.8255503347064882,1.2126468301930906,0.6083916089473627
66,0.4557129904919378,0.8240216271884655,1.2437090823005685,0.603729604285358
67,0.46236503082802316,0.826081359423275,1.2296516668129633,0.6095571101128638
68,0.45565253971902275,0.8253250514933058,1.264648813676167,0.6025641031198569
69,0.46217283466878806,0.8247618434603502,1.2575668154896555,0.6013986019543557
70,0.46538504905975686,0.8269503089598352,1.2686329508994842,0.6013986019543557
71,0.45790969598060044,0.8250997682801235,1.3191648350034282,0.6025641031198569
72,0.45913455474941417,0.826515834191555,1.3550039713894015,0.5990675996233533
73,0.46574887395457554,0.8267089340885685,1.365912624311336,0.5990675996233533
74,0.4611069573248697,0.8275617919670443,1.3495874617483232,0.6013986019543557
75,0.4619246522994783,0.8292675077239959,1.3530337949454923,0.5979020984578521
76,0.4597664404234606,0.8272238671472708,1.298115218783314,0.6048951054508591
77,0.46244895297086325,0.8280606333676622,1.3211401138272318,0.6025641031198569
78,0.46484438349117824,0.8288491246138002,1.3812090317547183,0.6060606066163603
79,0.4587530069567271,0.8280123583934088,1.3733260178621554,0.596736597292351
80,0.4646623491872597,0.8288491246138002,1.3582078367124348,0.5955710961268499
81,0.4563920460296095,0.8288973995880535,1.4111083793195534,0.5955710961268499
82,0.46259499868391474,0.8284951081359423,1.34227556872479,0.5990675996233533
83,0.45955604678509043,0.8298307157569516,1.3350642269307917,0.5990675996233533
84,0.4664893759727233,0.8301364572605562,1.3868813422315327,0.5990675996233533
85,0.4679532180915286,0.830200823892894,1.453790475507994,0.5955710961268499
86,0.45856456813065816,0.830023815653965,1.474260641908868,0.5920745926303463
87,0.4641974165068842,0.8292835993820803,1.5055846913711175,0.596736597292351
88,0.46323003246229294,0.8314881565396498,1.5122151383847902,0.5885780891338428
89,0.4561352577409587,0.8296376158599382,1.5197298275979805,0.5839160844718382
90,0.4605594558370838,0.8293640576725025,1.5086188763032704,0.5944055949613487
91,0.4626916114597684,0.831600798146241,1.5429600959335452,0.5920745926303463
92,0.4681370166561017,0.8301364572605562,1.5361574418617017,0.5909090914648452
93,0.45982990795257284,0.8312467816683831,1.5421313701809702,0.5932400937958475
94,0.46258638664143953,0.8321318228630278,1.5062044758202036,0.5944055949613487
95,0.4604887310895075,0.8318743563336766,1.5319625618574502,0.589743590299344
96,0.45527039497446203,0.8320835478887745,1.5695934606876685,0.5944055949613487
97,0.46154856325791865,0.831423789907312,1.5904818642667402,0.5885780891338428
98,0.45705955717271435,0.8319065396498455,1.6227809184497886,0.5909090914648452
99,0.4605547833639119,0.8307962152420185,1.615303688671761,0.5920745926303463
100,0.4575676809685606,0.831745623069001,1.6383095481595793,0.582750583306337
101,0.45934060699355345,0.8337409886714727,1.6188830652020194,0.5885780891338428
102,0.456267279036627,0.8341915550978373,1.6300261051921578,0.589743590299344
103,0.4574935428575679,0.8324858393408857,1.6392246306220413,0.5850815856373394
104,0.45005774610013105,0.8335961637487127,1.6263960735364393,0.5955710961268499
105,0.46278514368526724,0.8327915808444902,1.6456833005924048,0.5909090914648452
106,0.4604395873975066,0.8329685890834192,1.686414017266049,0.5909090914648452
107,0.45984934833587504,0.83235710607621,1.6255261673654988,0.582750583306337
108,0.4555063064293562,0.8333708805355304,1.6566876109107669,0.5932400937958475
109,0.45670214220190886,0.8329203141091658,1.6531889911714968,0.5909090914648452
110,0.45546265262592467,0.8338375386199794,1.7374736134544675,0.57575757631333
111,0.46247762946525145,0.8332743305870237,1.6629477278058067,0.5920745926303463
112,0.46386701396515884,0.8338858135942327,1.7128123816076692,0.5874125879683417
113,0.4615812027092206,0.8322283728115345,1.6870984669192965,0.5885780891338428
114,0.4603190788525386,0.834722579814624,1.674983291984438,0.5815850821408358
115,0.4593616941163027,0.8364443872296602,1.6738357411258982,0.5850815856373394
116,0.4546559272385773,0.8334191555097837,1.6967530866741856,0.5839160844718382
117,0.45653260067243406,0.8357524459320288,1.6831873972099145,0.5909090914648452
118,0.4612002252887869,0.8359938208032955,1.7034835947421325,0.5815850821408358
119,0.4632924721488992,0.8343363800205973,1.7494796119230889,0.5850815856373394
120,0.45588416884721367,0.8344812049433573,1.7103417286506066,0.589743590299344
121,0.4553636221942155,0.8353340628218332,1.8389528313855747,0.5850815856373394
122,0.45101220999392616,0.8361708290422245,1.7298026353051335,0.589743590299344
123,0.45920051186202604,0.8347064881565397,1.7298858796522056,0.5932400937958475
124,0.4571462344190242,0.8351570545829042,1.7602241785376223,0.5955710961268499
125,0.46606984223506726,0.8351892378990731,1.810023043400202,0.5885780891338428
126,0.4547283882092988,0.837297245108136,1.7527950696456127,0.5850815856373394
127,0.45892192128696596,0.8348030381050463,1.7483448595989557,0.5885780891338428
128,0.4462674315846175,0.836621395468589,1.7800711744870894,0.5815850821408358
129,0.4619047830512423,0.8363478372811535,1.8141751625599005,0.589743590299344
130,0.4612757392941248,0.835366246138002,1.7847201253150726,0.5839160844718382
131,0.456763657019018,0.837940911431514,1.7669375870889161,0.589743590299344
132,0.4566032555794495,0.8351892378990731,1.873863532062455,0.5769230774788312
133,0.45401562920682337,0.836508753861998,1.8345496364128895,0.5815850821408358
134,0.4531712678446215,0.8382466529351185,1.8294473492599035,0.582750583306337
135,0.4631964529334087,0.8362512873326468,1.8463486683813286,0.5815850821408358
136,0.4554545327361163,0.8374581616889805,1.9093175839571963,0.5734265739823277
137,0.4563694318677812,0.8372328784757982,1.909801899831056,0.5780885786443324
138,0.4534641225293785,0.8362191040164778,1.8212080097698664,0.5885780891338428
139,0.45768458536614104,0.837442070030896,1.9054579023436788,0.5769230774788312
140,0.4575688578073323,0.8374581616889805,1.8685880231829513,0.5804195809753346
141,0.46939388629582346,0.8362191040164778,1.8553412576794346,0.5944055949613487
142,0.4542383550216437,0.8371846035015448,1.8600873721368385,0.5792540798098336
143,0.4487105896341567,0.8383271112255407,1.8496140512553128,0.5874125879683417
144,0.45713324829490987,0.8382788362512873,1.8840209813940498,0.5885780891338428
145,0.45972083952473564,0.838729402677652,1.9480742747550244,0.57575757631333
146,0.4555905066146664,0.8392443357363543,1.8628734593346958,0.57575757631333
147,0.45397625909590694,0.8386489443872297,1.9756898782747887,0.5804195809753346
148,0.4523420177177592,0.8388098609680742,1.8897401962802682,0.5804195809753346
149,0.46141946822190016,0.8375547116374872,1.9927954718922123,0.5815850821408358
150,0.4581874306826832,0.8388903192584964,1.8167699367711039,0.589743590299344
151,0.4604829931142524,0.8373616117404737,2.035233698246918,0.57575757631333
152,0.4520509443586322,0.8395822605561277,1.9170422540122256,0.5839160844718382
153,0.4626504319089817,0.8377156282183316,2.00159377144489,0.5769230774788312
154,0.4539961071817318,0.839019052523172,2.003183782031208,0.5710955716513254
155,0.4624886244504754,0.8392926107106076,1.989178023832939,0.5804195809753346
156,0.46363318747582816,0.8386811277033985,1.9779889671813635,0.5792540798098336
157,0.4587802919189913,0.8377478115345005,1.9553826301942616,0.5850815856373394
158,0.45758387613677093,0.83980754376931,1.9536585415298844,0.5792540798098336
159,0.4512629978565919,0.8394696189495365,1.9631640991686663,0.5792540798098336
160,0.4575015768239967,0.8401776519052523,2.009275215350109,0.5769230774788312
161,0.4572053955739362,0.83980754376931,1.971155236928891,0.5769230774788312
162,0.4522903184996329,0.8388581359423275,2.0636016490298275,0.57575757631333
163,0.4614070048354313,0.8396144438722966,2.0090151991877523,0.5734265739823277
164,0.4598576134007451,0.8391316941297632,1.9560863770249284,0.5769230774788312
165,0.44984033680784713,0.8409339598352215,1.986827127583377,0.57575757631333
166,0.4570787625903327,0.8394535272914521,2.0388617341890756,0.57575757631333
167,0.45870126986417664,0.8401937435633368,2.0370192922356525,0.5745920751478288
168,0.4578909314746837,0.8406282183316169,2.14430649269433,0.5641025646583183
169,0.4562340642562487,0.838085736354274,2.094828077685305,0.5699300704858242
170,0.44651526421400595,0.8405155767250257,2.085267324408729,0.5664335669893207
171,0.4566035583446495,0.8394374356333677,1.981623843069121,0.5745920751478288
172,0.45940737151583977,0.8413201596292482,2.089483124531788,0.5734265730097577
173,0.46416958687725324,0.8395661688980433,2.1304014847550916,0.5664335669893207
174,0.45646985108464433,0.8418029093717817,2.126394761956377,0.5675990681548219
175,0.4535611382197401,0.8398719104016478,2.129920123687713,0.5699300704858242
176,0.45635002868367025,0.8407086766220392,2.1436818376843467,0.568764568347753
177,0.45122418056187497,0.8405477600411947,1.9937152747229818,0.5769230774788312
178,0.46395830305180025,0.8397270854788877,2.016097285461315,0.5734265739823277
179,0.452481018695846,0.8414649845520082,2.0822684015288497,0.5675990681548219
180,0.4530488554806469,0.8412557929969104,2.0377524904993587,0.5722610728168265
181,0.4528413080868343,0.8414006179196705,1.9987842298887826,0.5699300704858242
182,0.4550188032010557,0.8415937178166838,2.009164151681331,0.5734265739823277
183,0.45278423554988156,0.8413040679711637,2.076074572084667,0.5734265739823277
184,0.4531784991740444,0.8416098094747683,2.1211203122750306,0.5641025636857484
185,0.4536671196978566,0.8425270339855818,2.045028034554217,0.5745920751478288
186,0.45656511790659104,0.8416259011328527,1.990282116305856,0.5769230774788312
187,0.4624574533236874,0.843138516992791,2.0666221485827077,0.5734265739823277
188,0.4577886113085536,0.8428005921730175,2.1562783743118072,0.5641025636857484
189,0.45652914111695253,0.8421569258496395,2.121381317818915,0.5710955716513254
190,0.4518578296985734,0.842028192584964,2.1514718902138843,0.5675990681548219
191,0.4639746830803481,0.842173017507724,2.1098725520647488,0.5769230774788312
192,0.46653593364569723,0.8416259011328527,2.132637397531585,0.568764569320323
193,0.4382626601829588,0.841851184346035,2.187317839730314,0.5675990681548219
194,0.45749948024135906,0.8419477342945417,2.3097242731036562,0.5571095576653113
195,0.45323335995512076,0.842639675592173,2.1726773042223115,0.5675990681548219
196,0.4639086133419669,0.8392926107106076,2.142621782554057,0.5675990681548219
197,0.45765657316275654,0.8421569258496395,2.155741612394373,0.5722610718442566
198,0.45205286019371416,0.8437017250257467,2.1864784939305766,0.5617715623273161
199,0.44750970302784604,0.8441522914521112,2.1579699456552803,0.568764569320323
200,0.45627429209703274,0.8403224768280123,2.058797442551815,0.5710955706787554
201,0.46588212228643905,0.8418350926879505,2.2589691832210077,0.5571095566927414
202,0.45101393504503706,0.8426074922760041,2.0303323459236218,0.5722610718442566
203,0.45318161273407764,0.843927008238929,2.1425728027498248,0.5664335669893207
204,0.4506084270905761,0.8434442584963955,2.212586301676321,0.572261071705318
205,0.45003707475200616,0.8422856591143152,2.176510905469214,0.5664335669893207
206,0.4558433720920653,0.842462667353244,2.2849936877097283,0.5675990670433133
207,0.44879892376375247,0.8467430484037075,2.123543860959562,0.5722610728168265
208,0.4674225661186185,0.8400489186405767,2.347433289308926,0.5594405598573752
209,0.4579751855558519,0.8430580587023687,2.0949260857833294,0.5769230773398927
210,0.45023082492894173,0.8439591915550978,2.2159759529403873,0.5675990680158833
211,0.455848845360699,0.8415776261585994,2.1508777070712375,0.5734265738433891
212,0.44799713440523337,0.8442971163748713,2.233384709119241,0.5687645691813845
213,0.45539752606505834,0.8441844747682801,2.2444492709803416,0.5687645691813845
214,0.4474723106125479,0.8446672245108136,2.2932440496130146,0.5641025635468099
215,0.45010721235393125,0.8453430741503605,2.1649403406745624,0.5769230765062612
216,0.45071855715325393,0.8447476828012358,2.277551451207319,0.567599067182252
217,0.4579328704322281,0.8428810504634398,2.3774499235314366,0.5641025635468099
218,0.45546451777250463,0.8437982749742533,2.4604076809816426,0.5617715621883774
219,0.4604082849686227,0.8427362255406797,2.301550042518091,0.565268065684881
220,0.4561108782135495,0.8439430998970134,2.256888066138421,0.5745920740363203
221,0.4521245665610389,0.8451016992790937,2.2775564328495994,0.5699300695132542
222,0.45425313731116446,0.8436695417095778,2.389242215242697,0.5675990670433133
223,0.4577224631203927,0.8436695417095778,2.391834035272643,0.5664335660167508
224,0.45381848856300333,0.8443775746652935,2.2200736705656654,0.5745920751478288
225,0.4519618109912141,0.8444419412976313,2.144564180732607,0.568764569320323
226,0.45327289012691385,0.8444258496395468,2.2826508127309224,0.5629370625202472
227,0.4513022711022875,0.8454557157569516,2.23577460195079,0.5710955706787554
228,0.456484152500956,0.8452947991761071,2.2210407568997157,0.5652680658238195
229,0.45504116695892183,0.8434120751802265,2.2400484497035857,0.567599067182252
230,0.45153173538793867,0.8458901905252317,2.182730836954428,0.5710955706787554
231,0.4654004015066842,0.8438143666323378,2.3291159008210633,0.5629370625202472
232,0.4520655759944975,0.8457292739443872,2.1089616713129278,0.5780885786443324
233,0.45731475349250955,0.843138516992791,2.1214024077901197,0.5734265730097577
234,0.45170611904283753,0.8451338825952626,2.330579950050874,0.5687645691813845
235,0.45268983805185736,0.8467913233779608,2.221267469001539,0.5769230765062612
236,0.4554238155499546,0.8429776004119465,2.255675577200376,0.5699300703468856
237,0.45558414694946164,0.8441361997940268,2.2416789495583735,0.5745920750088903
238,0.4563562052380044,0.8464855818743563,2.3461444215341047,0.5699300703468856
239,0.45239826585679294,0.8469522399588053,2.3610952381904307,0.5675990670433133
240,0.4572921577000839,0.8452787075180227,2.3461056730269276,0.5699300693743157
241,0.4575264804702095,0.8455683573635427,2.2063801801288045,0.5804195808363961
242,0.457376841873882,0.8449407826982492,2.3327342627487537,0.5710955706787554
243,0.4532134874995288,0.8447798661174047,2.299217617108827,0.5734265730097577
244,0.45615882186332274,0.8447798661174047,2.3047738076645734,0.5675990680158833
245,0.45053896459872644,0.8457775489186405,2.3524865853341863,0.5664335668503822
246,0.4626203359216912,0.8463085736354274,2.3519263047994157,0.5699300703468856
247,0.4601061062697402,0.8455844490216272,2.335725072797362,0.5675990680158833
248,0.4557020078143671,0.8460832904222451,2.319046375426379,0.572261072677888
249,0.4506732747649312,0.844828141091658,2.2569231104044927,0.5757575753407601
250,0.4560582827158986,0.847193614830072,2.2616617915096815,0.5757575761743915
251,0.446976164864217,0.8449568743563337,2.285988141676207,0.5734265738433891
252,0.4484166321867404,0.8468556900102987,2.3245238115737488,0.5745920741752589
253,0.45484180878138075,0.847080973223481,2.473145563633014,0.5641025635468099
254,0.45304845021817025,0.844828141091658,2.2414903833176982,0.5699300703468856
255,0.4504250697446287,0.846292481977343,2.271603659802661,0.572261072677888
256,0.4570000769549369,0.8446189495365602,2.2536553275751903,0.5792540796708949
257,0.4520012727726623,0.8478211894953656,2.429123488131103,0.5664335668503822
258,0.45635735216703033,0.8463729402677652,2.364366066066813,0.5757575761743915
259,0.4499983669217411,0.8459062821833162,2.3677266415182525,0.5710955715123868
260,0.4478350764813801,0.8465982234809475,2.4149154957496757,0.5687645691813845
261,0.44592960361471873,0.8469844232749743,2.234385239147084,0.5792540796708949
262,0.45565549576564873,0.845471807415036,2.453698966052982,0.5687645682088145
263,0.44966406323759983,0.8490119721936148,2.296696537441307,0.5745920750088903
264,0.45015145885833874,0.846759140061792,2.3008375044886047,0.572261072677888
265,0.45648799449911326,0.8451338825952626,2.3527331720421087,0.565268065684881
266,0.4516073340582676,0.8467430484037075,2.347589556987469,0.5710955715123868
267,0.4555642536767479,0.8459223738414006,2.290500097619348,0.5745920750088903
268,0.4467889327099345,0.8475637229660145,2.3000781359650317,0.5745920750088903
269,0.45685553203896073,0.8474510813594233,2.3377882498544413,0.5745920750088903
270,0.44698975295841264,0.8465016735324408,2.4154378477926857,0.5710955715123868
271,0.44889573280217104,0.8466947734294542,2.423822330636578,0.5699300703468856
272,0.4460873633285507,0.8483843975283213,2.3506324808775405,0.572261072677888
273,0.44379071800765246,0.847080973223481,2.2876800721758728,0.5745920750088903
274,0.4535098010798807,0.8488188722966015,2.314998259563824,0.5757575761743915
275,0.45294062237722377,0.847370623069001,2.3745190880515357,0.5687645691813845
276,0.455300915146095,0.8450534243048403,2.3533226139061934,0.5675990680158833
277,0.45197747465142507,0.8482717559217302,2.405507663329998,0.572261072677888
278,0.446697135034845,0.846614315139032,2.2989737858305443,0.572261072677888
279,0.45375914127401906,0.847515447991761,2.386140280322873,0.572261072677888
280,0.45769377927517424,0.8455200823892894,2.3911919256885015,0.5675990680158833
281,0.4518911346378827,0.8453108908341915,2.286030559828787,0.5757575761743915
282,0.440945083077855,0.848625772399588,2.312148847849497,0.5734265738433891
283,0.45950168190115387,0.8463085736354274,2.359164939615832,0.5745920750088903
284,0.44649781673440725,0.8480786560247168,2.2687398845499214,0.5757575761743915
285,0.46027718660883016,0.8471131565396498,2.454602748364002,0.5687645691813845
286,0.4436236805254718,0.8480464727085479,2.2970975403324427,0.5745920750088903
287,0.45502840772071657,0.84783728115345,2.400993586767526,0.5699300703468856
288,0.45314961146989147,0.8466625901132853,2.265932828257412,0.5769230773398927
289,0.4513094395276324,0.8487866889804325,2.4610849749513997,0.5687645691813845
290,0.4417494929996995,0.8480464727085479,2.4678882829376034,0.5687645691813845
291,0.4497420767554294,0.8476280895983522,2.372201163938273,0.5699300703468856
292,0.4518463655799842,0.8480303810504635,2.4184949643962033,0.5687645691813845
293,0.44959269065014734,0.8475315396498455,2.4445032227289425,0.5664335668503822
294,0.44015790478361866,0.8479338311019567,2.3658090170585746,0.572261072677888
295,0.45316302807029074,0.847225798146241,2.381310224741489,0.5710955715123868
296,0.45165401833740004,0.848770597322348,2.5066983005105756,0.5687645691813845
297,0.4494715799662897,0.848303939237899,2.4307279658345355,0.5699300703468856
298,0.4531193280134093,0.8464694902162719,2.3888093879867545,0.5780885785053937
299,0.4569244079222763,0.8472901647785788,2.47933163245519,0.5722610718442566
300,0.4442621115153899,0.8497521884654995,2.5612420907248428,0.5710955715123868
301,0.447279032807026,0.8466786817713697,2.4904906266219133,0.5675990680158833
302,0.4483015971866376,0.8512165293511843,2.341192165385315,0.5734265738433891
303,0.45952598409905615,0.8459867404737385,2.464833391782565,0.5664335668503822
304,0.45649392899781865,0.8481752059732235,2.4128892731555416,0.5734265738433891
305,0.4601554536518673,0.8481269309989702,2.3743749852780693,0.5745920750088903
306,0.4553216253814933,0.8497521884654995,2.4861339168115095,0.5687645691813845
307,0.4597873299792179,0.849092430484037,2.414756137382734,0.5757575761743915
308,0.44389443470876816,0.8485935890834192,2.4548294594237854,0.5664335668503822
309,0.4551440880515917,0.84783728115345,2.5714749235373278,0.5664335668503822
310,0.4567360748622248,0.848802780638517,2.3438205468210027,0.5780885785053937
311,0.4514020790799639,0.8481269309989702,2.478025822511642,0.565268065684881
312,0.44499894476329754,0.8480625643666323,2.3570040569994557,0.5745920750088903
313,0.45784411498802946,0.8497521884654995,2.3219223530281394,0.5769230773398927
314,0.45505643018303643,0.8476602729145211,2.39624694448251,0.5675990680158833
315,0.4596463280943837,0.8483200308959835,2.424441718346589,0.5675990680158833
316,0.4555896530052538,0.848191297631308,2.5362984590874964,0.5664335668503822
317,0.4528625716525298,0.8503958547888775,2.361334514506769,0.5769230773398927
318,0.44534795877862293,0.8498326467559217,2.3301274226956714,0.5734265738433891
319,0.4508547361337807,0.8484326725025747,2.417945225825121,0.5734265738433891
320,0.4586140881882392,0.8499935633367662,2.3951285059774396,0.5675990680158833
321,0.45128392005371876,0.8480303810504635,2.4998061237357434,0.5710955715123868
322,0.44938257930514497,0.8495751802265705,2.46651136833471,0.5629370633538786
323,0.4518094395664276,0.848979788877446,2.369326081239816,0.5757575761743915
324,0.45520562691619787,0.850090113285273,2.359521504257109,0.5757575761743915
325,0.45066051230402365,0.8488188722966015,2.3840088281598124,0.5757575761743915
326,0.45112938107778805,0.8493498970133883,2.3269367639001435,0.5769230773398927
327,0.4569773981242175,0.8515544541709578,2.4288000283819255,0.572261072677888
328,0.45632597469522335,0.8487545056642637,2.4552612387355945,0.5629370633538786
329,0.4500267864056277,0.8476602729145211,2.3388076547559327,0.5769230773398927
330,0.44721227897336874,0.8500096549948507,2.393131487158351,0.5687645691813845
331,0.46022307242043353,0.8498970133882595,2.596832300677444,0.5629370633538786
332,0.4459031801267952,0.8513613542739444,2.421297889489394,0.5675990680158833
333,0.4462383189511962,0.8493659886714727,2.4410680191361265,0.5641025645193798
334,0.4556021177805538,0.849269438722966,2.339656994754062,0.5815850820018973
335,0.4473164721356607,0.8501062049433573,2.3481996506105216,0.5780885785053937
336,0.45745372393165634,0.8471453398558187,2.5718190121900784,0.5664335668503822
337,0.4477839163062379,0.8516188208032955,2.3682291750168747,0.5757575761743915
338,0.45318605670231626,0.8499452883625128,2.4050370395044625,0.5780885785053937
339,0.45390495025657357,0.848802780638517,2.4140992154886116,0.5804195808363961
340,0.4509326840466009,0.8509429711637487,2.4737685803488976,0.565268065684881
341,0.4474703199110242,0.8501866632337796,2.3471505848261027,0.5792540796708949
342,0.4586982080054946,0.8479499227600412,2.4206367702611953,0.5710955715123868
343,0.44792573893659515,0.8511038877445932,2.4519517290425465,0.572261072677888
344,0.4579331332052282,0.850202754891864,2.542279057083152,0.5629370633538786
345,0.44845507498811377,0.8504119464469619,2.5856516646755323,0.5617715621883774
346,0.4376683113626545,0.8511360710607621,2.3479253677499323,0.5734265738433891
347,0.44916059857907675,0.8491407054582905,2.519649321104819,0.5687645691813845
348,0.45047630635152514,0.8503153964984552,2.463739759021706,0.5769230773398927
349,0.444859752571546,0.850669412976313,2.440884962643221,0.5757575761743915
350,0.45319527901716755,0.8504441297631308,2.379721518510427,0.5780885785053937
351,0.44728550606481077,0.850057929969104,2.5065133699448237,0.5675990680158833
352,0.45336443024671164,0.8514418125643667,2.376223683635116,0.5769230773398927
353,0.4549008686130005,0.8482234809474768,2.4370508392651877,0.5745920750088903
354,0.45329047882992746,0.8501544799176107,2.4053935054993576,0.5745920750088903
355,0.45027184866974945,0.850347579814624,2.4268777260691414,0.5687645691813845
356,0.4433974207951529,0.8503314881565397,2.486964724419556,0.565268065684881
357,0.4494817423433771,0.8525199536560247,2.478873408479846,0.5675990680158833
358,0.45398274317276344,0.8493338053553038,2.393819908231566,0.5699300703468856
359,0.45584210111969653,0.8502993048403708,2.368291076246675,0.5769230773398927
360,0.4506928695003233,0.8536302780638517,2.3610053409090686,0.5710955715123868
361,0.4505344289522829,0.852246395468589,2.47945354965739,0.5675990680158833
362,0.4517317783820273,0.8509751544799176,2.4224644647889484,0.572261072677888
363,0.4510369133722156,0.849736096807415,2.426666998224103,0.5699300703468856
364,0.4581466737816189,0.8485453141091658,2.4986569748058187,0.565268065684881
365,0.4457535337345976,0.8522142121524202,2.3766129812994206,0.5780885785053937
366,0.4395724499845603,0.8510717044284243,2.385658378992881,0.5734265738433891
367,0.4409033366614218,0.8514096292481977,2.3529738124572868,0.5804195808363961
368,0.45342302115213984,0.8491407054582905,2.484840320609944,0.5710955715123868
369,0.45174823158126165,0.8512969876416066,2.4146788068862506,0.5710955715123868
370,0.45286141715015366,0.8513291709577755,2.382120476874994,0.5734265738433891
371,0.45108896673462295,0.851667095777549,2.428099306313308,0.5745920750088903
372,0.45145759787544776,0.8496073635427395,2.330223130040513,0.5792540796708949
373,0.45111525155427407,0.8517153707518023,2.507865663036044,0.5664335668503822
374,0.44855192486277323,0.8510717044284243,2.512989737979182,0.5664335668503822
375,0.45390211292815874,0.8501544799176107,2.4782301814822882,0.5675990680158833
376,0.4477233336403981,0.853244078269825,2.469903221844515,0.5734265738433891
377,0.4476590703033394,0.8514739958805355,2.5329609509114617,0.5699300703468856
378,0.45044856843079156,0.8495429969104017,2.453588622085976,0.5699300703468856
379,0.4484216889287858,0.8518441040164778,2.513695537071406,0.5675990680158833
380,0.4406327867514073,0.8516027291452111,2.4594137448391993,0.565268065684881
381,0.44771404467699577,0.8496234552008239,2.42772816382088,0.5675990680158833
382,0.45220832190602006,0.8503153964984552,2.565369082011265,0.5641025645193798
383,0.4460624720667221,0.8512808959835222,2.3071998755831817,0.5792540796708949
384,0.4537226767360734,0.849301622039135,2.3591646841078093,0.5734265738433891
385,0.45294883425216104,0.8505728630278064,2.4181666481189237,0.5664335668503822
386,0.4413685999066405,0.8505889546858908,2.3718678753970663,0.572261072677888
387,0.4433403236966055,0.8511521627188465,2.317134716085621,0.5734265738433891
388,0.4447151550334465,0.8509751544799176,2.4057653274708417,0.5699300703468856
389,0.45311177366180105,0.849736096807415,2.4745436690765104,0.5664335668503822
390,0.4421201389816222,0.849880921730175,2.4877139372981234,0.5675990680158833
391,0.45078133207762155,0.8531314366632338,2.475111280635242,0.5664335668503822
392,0.4524393902686794,0.8510877960865088,2.532711569315348,0.565268065684881
393,0.44478148373897,0.8509429711637487,2.558363455158847,0.565268065684881
394,0.4469566896757309,0.8510877960865088,2.4636484571409114,0.5675990680158833
395,0.4451025172101236,0.8526808702368692,2.392823157610593,0.5687645691813845
396,0.4439333272459087,0.8521659371781668,2.5960834316718273,0.5664335668503822
397,0.4448759665158333,0.8515544541709578,2.4642774385588986,0.5675990680158833
398,0.4567396028464167,0.850202754891864,2.46178944322057,0.5687645691813845
399,0.4431458265817006,0.8522142121524202,2.3403345807726845,0.5710955715123868
400,0.4508521703257006,0.8522142121524202,2.381808822249477,0.5699300703468856
401,0.44758831811675576,0.8521498455200824,2.522029531655056,0.5675990680158833
402,0.4451079004119034,0.8503314881565397,2.558656426506998,0.5629370633538786
403,0.4495283754889678,0.8526647785787848,2.65805775635726,0.5664335668503822
404,0.4458153640389074,0.852890061791967,2.5788545841242607,0.5617715621883774
405,0.44707439554400596,0.8527130535530381,2.521228190693822,0.5629370633538786
406,0.45126403728547965,0.852777420185376,2.651444006910969,0.565268065684881
407,0.45093478464994324,0.8499935633367662,2.50738293648044,0.5687645691813845
408,0.4457774092160342,0.851313079299691,2.517959191248967,0.5675990680158833
409,0.44706082515932627,0.8530187950566427,2.4922966534719047,0.5710955715123868
410,0.44796628310094777,0.852101570545829,2.5457274654667414,0.5664335668503822
411,0.4506164553635643,0.8504763130792997,2.4850077872231844,0.565268065684881
412,0.4493987864433921,0.853211894953656,2.5959412943927838,0.5617715621883774
413,0.4462656655744961,0.8519406539649845,2.6050173476998344,0.5629370633538786
414,0.45280273125174114,0.8521981204943357,2.6922249732178685,0.5559440563608716
415,0.4517520624917887,0.8515383625128733,2.689288110235632,0.5664335668503822
416,0.44168877322322675,0.8533728115345005,2.6264598705135027,0.5606060610228764
417,0.45638615330326326,0.8503314881565397,2.374691666353555,0.5769230773398927
418,0.455662656203296,0.8516027291452111,2.467848166927591,0.5699300703468856
419,0.4484411755041531,0.8514257209062822,2.5409099931344565,0.5675990680158833
420,0.44715328483883554,0.8533084449021627,2.4992203888915356,0.565268065684881
421,0.44484290102329854,0.8520854788877446,2.6376135163790697,0.5594405598573752
422,0.4513885171050024,0.8519728372811535,2.641902021525345,0.565268065684881
423,0.4413757918346923,0.852777420185376,2.549584187133051,0.565268065684881
424,0.45838175775400763,0.85163491246138,2.4468879769176315,0.565268065684881
425,0.45109749827092754,0.8524877703398558,2.6026748346559927,0.5641025645193798
426,0.44746580115307494,0.8510877960865088,2.537862100662329,0.5641025645193798
427,0.4582851879782092,0.852423403707518,2.5119183077400935,0.5641025645193798
428,0.43104838790903377,0.8514257209062822,2.5281863150063093,0.5687645691813845
429,0.4506362757648425,0.852777420185376,2.4987061140420552,0.5710955715123868
430,0.44566308075502653,0.852278578784758,2.576219966431042,0.5699300703468856
431,0.4465391842608103,0.8541934860968075,2.5179687185443087,0.5687645691813845
432,0.453673177181017,0.8507176879505665,2.5874645835730856,0.5617715621883774
433,0.44849730173296587,0.852890061791967,2.5046206498757386,0.5664335668503822
434,0.4475716901703303,0.8517636457260556,2.6367597267344283,0.5641025645193798
435,0.4526936123502488,0.8529383367662204,2.45059049136433,0.5699300703468856
436,0.44692142640770893,0.8544348609680742,2.4637914386106816,0.5734265738433891
437,0.4530465379280607,0.8504924047373842,2.518572747221082,0.5687645691813845
438,0.4459344964977028,0.8555612770339855,2.5798972822847346,0.5675990680158833
439,0.4447307900039347,0.8530509783728115,2.484027573278734,0.5664335668503822
440,0.4528354657190467,0.8527613285272915,2.5190952934307376,0.5641025645193798
441,0.44430660791733484,0.8548049691040165,2.456137134617581,0.5699300703468856
442,0.44845379272094105,0.850991246138002,2.5028915553937705,0.5687645691813845
443,0.44872977402747966,0.850524588053553,2.553890476485232,0.565268065684881
444,0.445651846399759,0.854032569515963,2.471107943838849,0.5687645691813845
445,0.4457591665269909,0.8525521369721936,2.631070415248404,0.5641025645193798
446,0.4471908500830496,0.8532762615859938,2.503050844430368,0.5675990680158833
447,0.45476109137802734,0.8520050205973223,2.532659293679924,0.5629370633538786
448,0.45110479044803753,0.8544348609680742,2.450108151752632,0.5710955715123868
449,0.4544247202690303,0.8525521369721936,2.613690230882529,0.5641025645193798
450,0.44489534843778267,0.8513935375901133,2.5780987854187307,0.5617715621883774
451,0.44987762569767314,0.8549980690010298,2.6387030000175353,0.565268065684881
452,0.45864718621472006,0.850669412976313,2.6692163794190735,0.5687645691813845
453,0.44801681908470964,0.853710736354274,2.3956893592169792,0.5780885785053937
454,0.44399481120180767,0.8537911946446962,2.5868578125268984,0.5641025645193798
455,0.45396545138037414,0.8514257209062822,2.533465118883373,0.5675990680158833
456,0.4358001137737388,0.8518923789907312,2.6826092695995367,0.5594405598573752
457,0.4450176287323513,0.8537590113285273,2.557406966989135,0.5629370633538786
458,0.4493339518056348,0.85528771884655,2.62776087415524,0.5675990680158833
459,0.440428665535089,0.852922245108136,2.4763039711055224,0.5699300703468856
460,0.451248008592858,0.8535980947476828,2.423178542396683,0.5710955715123868
461,0.44317953839483765,0.853565911431514,2.477659285832674,0.5710955715123868
462,0.4543334561660042,0.8523268537590113,2.4809169337882864,0.5757575761743915
463,0.4462834362681077,0.8546601441812565,2.6646937387528675,0.5617715621883774
464,0.44008190263864555,0.8553199021627188,2.5369193272573964,0.565268065684881
465,0.45813719590648194,0.851667095777549,2.517574797838162,0.5699300703468856
466,0.43696076709903725,0.8546279608650875,2.6510308914945955,0.5687645691813845
467,0.45176343652050477,0.8525521369721936,2.7764020399613814,0.5536130540298693
468,0.44204253352695094,0.8518762873326468,2.578297969761428,0.5629370633538786
469,0.4399448685524515,0.8550302523171988,2.460835085465358,0.5675990680158833
470,0.4416187774508915,0.8525038619979403,2.3628362913926444,0.5769230773398927
471,0.44636090527203254,0.8539521112255407,2.726255926010492,0.5594405598573752
472,0.44640368382790796,0.8532762615859938,2.499424463663346,0.572261072677888
473,0.4449289681430212,0.8541934860968075,2.618851022703664,0.5675990680158833
474,0.45293628724424284,0.8550141606591143,2.5182405734534585,0.5664335668503822
475,0.44739054476441364,0.8534049948506695,2.641433665107736,0.5687645691813845
476,0.4583124845422014,0.8541934860968075,2.5052994124956065,0.5664335668503822
477,0.44629127150890635,0.8531797116374872,2.535978767699573,0.5699300703468856
478,0.447909852042871,0.854499227600412,2.5669532761429297,0.565268065684881
479,0.4494291916873256,0.8520372039134912,2.504831428433354,0.565268065684881
480,0.4449406890956307,0.854644052523172,2.489650844971895,0.5675990680158833
481,0.44352577847690466,0.8548049691040165,2.6894470521342226,0.5571095575263728
482,0.4420176227601009,0.853565911431514,2.6030657375470185,0.5664335668503822
483,0.4545237702517996,0.8526808702368692,2.4820162808839537,0.565268065684881
484,0.44866380078601054,0.8532762615859938,2.709600632076775,0.5629370633538786
485,0.4539025534024936,0.8531958032955715,2.6943164359439504,0.5675990680158833
486,0.43761598528290874,0.8533245365602472,2.6466029613584907,0.5664335668503822
487,0.45300800888103754,0.8538716529351185,2.6690074672926833,0.5617715621883774
488,0.4501970830219045,0.8529705200823893,2.676462689688156,0.558275058691874
489,0.4311318942081916,0.8553359938208033,2.6497640301992287,0.5641025645193798
490,0.448878861434305,0.8516992790937178,2.6873707061325196,0.5675990680158833
491,0.4445337662060892,0.8547566941297632,2.7123534245229823,0.565268065684881
492,0.4500260503327687,0.8527291452111225,2.808223228562962,0.5606060610228764
493,0.4448145574724146,0.8550946189495365,2.5713033468434303,0.565268065684881
494,0.44904801366135216,0.8540164778578785,2.5308203919506296,0.572261072677888
495,0.450533360273536,0.854788877445932,2.6372308169072602,0.5629370633538786
496,0.446270153386831,0.8531797116374872,2.6741273935302434,0.5687645691813845
497,0.4453082013065734,0.854354402677652,2.5857020386588045,0.565268065684881
498,0.4417225916771147,0.8543383110195675,2.549832889875332,0.572261072677888
499,0.4598303519028223,0.851313079299691,2.6366715118601607,0.5699300703468856
500,0.4438897647523733,0.854611869207003,2.5310350393220817,0.5710955715123868
501,0.45313668979982147,0.8537429196704428,2.653150339365561,0.5675990680158833
502,0.4472609738733938,0.8511360710607621,2.565403803523048,0.5699300703468856
503,0.4496280095174556,0.85528771884655,2.5239639010601667,0.5757575761743915
504,0.4567653191353585,0.8547727857878475,2.7278781539493506,0.5629370633538786
505,0.4514109284360917,0.8528739701338826,2.5571317452511866,0.5710955715123868
506,0.44084313907780437,0.8552072605561277,2.645047488885048,0.5664335668503822
507,0.45651544119499005,0.8535015447991761,2.631167754009887,0.5641025645193798
508,0.4370790152329986,0.8558670185375901,2.5668054458561476,0.5699300703468856
509,0.45398446435663165,0.8539682028836252,2.667586834836395,0.5699300703468856
510,0.44254745404887275,0.8561083934088568,2.5212130169351616,0.5687645691813845
511,0.4516138296754672,0.8554969104016478,2.480472887173677,0.5710955715123868
512,0.44972981170326254,0.8531314366632338,2.6611212630927703,0.5629370633538786
513,0.44708310317796734,0.8535980947476828,2.582337009601104,0.5757575761743915
514,0.4513666604470028,0.8539360195674562,2.63866034691984,0.5710955715123868
515,0.4394735944688504,0.8552394438722966,2.5615174962090443,0.572261072677888
516,0.44512627825493917,0.8538716529351185,2.658904262286522,0.5687645691813845
517,0.45239657617867546,0.8529705200823893,2.5252793357644605,0.5745920750088903
518,0.44281922636820287,0.8552716271884655,2.5510936016803023,0.5687645691813845
519,0.4474063401333949,0.85528771884655,2.6927763170851415,0.5699300703468856
520,0.4524919348783277,0.8558831101956745,2.6423808459913256,0.565268065684881
521,0.44717481232849626,0.8544831359423275,2.6003059745529593,0.5710955715123868
522,0.459038605942294,0.852568228630278,2.5781867676403696,0.5699300703468856
523,0.44668116682927467,0.8557061019567456,2.5444353495166574,0.5734265738433891
524,0.4403980199543013,0.8534693614830072,2.5618377279985203,0.5687645691813845
525,0.4571056577437447,0.8545153192584964,2.695629467497339,0.5699300703468856
526,0.445691086313506,0.8534210865087538,2.6992641362276943,0.5675990680158833
527,0.44334871118579416,0.8553199021627188,2.738429698354992,0.5699300693743157
528,0.45563272596264964,0.8526486869207003,2.599601663701184,0.5745920750088903
529,0.4454576824278591,0.8537268280123584,2.5506149937500764,0.5769230773398927
530,0.44528273591267215,0.8558348352214212,2.548344816152866,0.5699300703468856
531,0.4442776264172013,0.8535498197734295,2.5617973789190636,0.5699300703468856
532,0.4356496470810579,0.8539199279093718,2.7602919707626175,0.5675990670433133
533,0.4410891615307049,0.8545475025746653,2.594310916387118,0.5675990680158833
534,0.4489932765169443,0.855899201853759,2.74621445524109,0.565268065684881
535,0.45274286502329625,0.8561244850669413,2.7948964186064846,0.5629370633538786
536,0.44834728290381565,0.8541291194644696,2.649097074856569,0.5641025635468099
537,0.4445119554792693,0.8548532440782698,2.678995981152519,0.5629370633538786
538,0.4575625847867785,0.8533406282183316,2.7874056561426683,0.565268065684881
539,0.45040391646440686,0.855931385169928,2.5581778836000217,0.5687645691813845
540,0.4405228974399311,0.8556578269824923,2.668693756098514,0.5664335668503822
541,0.44776079728508833,0.8556256436663234,2.478946582559661,0.5745920750088903
542,0.44573515578413847,0.8535820030895983,2.546951029336814,0.5699300703468856
543,0.4425687289937763,0.8555612770339855,2.6986893006276973,0.5664335668503822
544,0.4387889875196895,0.85557736869207,2.686758607000738,0.5687645691813845
545,0.44588654613396655,0.8558026519052523,2.578635199503465,0.5710955715123868
546,0.4358094591804685,0.8517314624098867,2.5629988482920996,0.5699300703468856
547,0.44318048499455537,0.855400360453141,2.5950329748344867,0.5675990680158833
548,0.44954944047482204,0.8540647528321318,2.6651958643278597,0.5745920750088903
549,0.43269570890035247,0.8563014933058702,2.7055975390480946,0.5617715621883774
550,0.44490707058739587,0.8539199279093718,2.709591510898861,0.5675990680158833
551,0.45816599560017196,0.85557736869207,2.659683806357128,0.5641025645193798
552,0.4393105949021024,0.856398043254377,2.742041256183233,0.5629370633538786
553,0.4502245624665743,0.855931385169928,2.660646627902429,0.5699300703468856
554,0.451620991148983,0.8558670185375901,2.742133441852245,0.5641025635468099
555,0.4489303952357305,0.853823377960865,2.6987893675173913,0.5641025645193798
556,0.4473150495198065,0.8541613027806385,2.6099400070163754,0.565268065684881
557,0.45204533445509776,0.8563497682801235,2.687385758111527,0.5699300703468856
558,0.44656322687772226,0.854611869207003,2.558443784922153,0.572261072677888
559,0.4524644216106309,0.8548854273944387,2.580832823242619,0.5675990680158833
560,0.44185843185956153,0.856044026776519,2.620563892217783,0.5675990680158833
561,0.45504927868455125,0.8543865859938208,2.7673702994426645,0.572261072677888
562,0.4502951160886629,0.8579589340885685,2.7634747833499818,0.5710955705398169
563,0.4479887058265914,0.8558187435633368,2.63574163528867,0.572261072677888
564,0.4440885957802361,0.8544509526261586,2.5497463703294456,0.5710955715123868
565,0.4498119902874734,0.8525521369721936,2.7611503465609117,0.565268065684881
566,0.4453502305227991,0.8569129763130793,2.758762656252979,0.5675990670433133
567,0.44831817327824974,0.8566716014418125,2.8074684751617327,0.5594405598573752
568,0.44648871671343193,0.8544509526261586,2.6544344077855,0.5699300703468856
569,0.4604812510518777,0.8533245365602472,2.6464361187183494,0.5687645691813845
570,0.4439444712273984,0.854644052523172,2.640170546886804,0.5710955715123868
571,0.44922324251594553,0.8556256436663234,2.706705401549528,0.5664335658778121
572,0.44149620573196546,0.855110710607621,2.615519656306936,0.565268065684881
573,0.45556420449217366,0.8547566941297632,2.596108222619081,0.5699300703468856
574,0.4405284011247352,0.8571221678681772,2.5576450496842535,0.5710955715123868
575,0.4465421627896208,0.8542256694129763,2.8240704574646096,0.5687645691813845
576,0.4423811364109435,0.8551911688980433,2.6495789276970014,0.565268065684881
577,0.4515020897886289,0.8561244850669413,2.509415973524947,0.5687645691813845
578,0.45122609183913526,0.8563014933058702,2.623959907840738,0.5699300703468856
579,0.45789162627393504,0.8559152935118435,2.493989743622311,0.5745920750088903
580,0.4450763162728073,0.8566555097837281,2.6792748360644967,0.5699300703468856
581,0.44409821655919696,0.8541613027806385,2.6673095034552623,0.5687645691813845
582,0.4439064308801468,0.8562693099897013,2.6466088645108097,0.5664335668503822
583,0.4486678040267019,0.8557704685890835,2.7198285855057636,0.565268065684881
584,0.4371511544399232,0.8563336766220392,2.7357658475012214,0.565268065684881
585,0.45035113389656545,0.8561727600411947,2.6122883233851764,0.5757575761743915
586,0.4509212641404169,0.8542739443872297,2.6014883818326298,0.5699300703468856
587,0.45322957184514845,0.8554808187435633,2.6081647826380383,0.5687645691813845
588,0.4450891133624174,0.856864701338826,2.7777754319853436,0.5664335668503822
589,0.44317562442299757,0.856221035015448,2.7287073684878003,0.5664335668503822
590,0.4405538204033024,0.8570417095777549,2.558102297963518,0.5734265738433891
591,0.44699139475638294,0.8566555097837281,2.801966844947188,0.5606060610228764
592,0.44319186997278587,0.8550624356333677,2.72798654735783,0.5641025645193798
593,0.45175967283401136,0.8578462924819773,2.7875882648365757,0.5606060600503063
594,0.4531697378130332,0.8557704685890835,2.6320205259990024,0.5675990680158833
595,0.43618349604362316,0.857154351184346,2.7384551682950176,0.5699300693743157
596,0.46103054398611326,0.8546923274974253,2.733283062150706,0.5629370633538786
597,0.4363576270770339,0.8562049433573635,2.6858475101299777,0.565268065684881
598,0.4504987580124308,0.8581842173017508,2.6405353011923793,0.565268065684881
599,0.4454679859899959,0.8563497682801235,2.7219495029299408,0.5699300703468856
600,0.44251810954970017,0.855754376930999,2.8876528090391402,0.5547785551953704
601,0.42898674168068646,0.8569612512873327,2.8327820449720176,0.5606060610228764
602,0.45343592449884584,0.8553038105046344,2.8912585417290666,0.565268065684881
603,0.4413153264061553,0.8545475025746653,2.9017821988025747,0.5594405588848052
604,0.4412889988396612,0.8558026519052523,2.629392602157482,0.5710955715123868
605,0.4499640238579712,0.8555130020597322,2.7191146446830463,0.5664335668503822
606,0.4490161396478649,0.8563336766220392,2.7806036739082605,0.5687645691813845
607,0.44410248064694025,0.8563497682801235,2.777133155813862,0.5675990680158833
608,0.4396727712926609,0.856221035015448,2.7269987136056097,0.5710955715123868
609,0.45182963370908547,0.8550141606591143,2.6911750763724176,0.5757575761743915
610,0.44305226898893146,0.8564785015447992,2.647504258544851,0.5699300703468856
611,0.44143011036542856,0.8569934346035015,2.619218013642273,0.5687645691813845
612,0.4551875290645998,0.8552716271884655,2.7390533281372975,0.5664335668503822
613,0.4483485642962549,0.8557865602471678,2.735922338523509,0.565268065684881
614,0.4483262360725172,0.8562693099897013,2.767024887261135,0.565268065684881
615,0.44134815896637775,0.8544509526261586,2.65455914238394,0.5675990680158833
616,0.4346054568963488,0.8590692584963955,2.7640136601207974,0.5664335668503822
617,0.4559415609994951,0.8554164521112255,2.6581597872825213,0.5699300703468856
618,0.4500633580370372,0.8574440010298661,2.7249415660654748,0.5641025645193798
619,0.45038109232051,0.8559474768280123,2.8720857903257118,0.5629370633538786
620,0.4378707361331806,0.8564463182286303,2.7103420640483047,0.565268065684881
621,0.4499751656142617,0.8572348094747683,2.7611894042758673,0.5617715621883774
622,0.4514204373949588,0.8554486354273945,2.817808680253707,0.565268065684881
623,0.445696680226299,0.856864701338826,2.824252422247733,0.5606060610228764
624,0.4478646010221831,0.857009526261586,2.707335437094415,0.5687645691813845
625,0.4432406231346631,0.8555130020597322,2.652499372447843,0.5699300703468856
626,0.4416641413121955,0.856977342945417,2.7040379736529085,0.5664335668503822
627,0.4517418906691146,0.8572187178166838,2.6848851783431216,0.5699300703468856
628,0.4478624117791837,0.8564624098867147,2.6722312847495355,0.5699300693743157
629,0.4404294335357193,0.855609552008239,2.87036563362275,0.558275058691874
630,0.4455309900945296,0.8586991503604532,2.6831320283157285,0.5664335668503822
631,0.45591309470202235,0.8553199021627188,2.686821571457914,0.5757575761743915
632,0.43677758093228913,0.859053166838311,2.817528184755143,0.5664335668503822
633,0.43946166595119895,0.8569934346035015,2.694717308232834,0.5710955715123868
634,0.45142411169750435,0.856542868177137,2.6499097830071037,0.572261072677888
635,0.4516389024291422,0.8561405767250257,2.7665244453436846,0.5629370633538786
636,0.45004813443681363,0.8558348352214212,2.7622006515383997,0.5687645691813845
637,0.4447028964266841,0.8563336766220392,2.64813369609815,0.5699300703468856
638,0.44320967076797074,0.8577014675592173,2.7043397500242663,0.5664335668503822
639,0.4499338791158,0.856076210092688,2.603677573598626,0.5710955715123868
640,0.4452186894864918,0.8572187178166838,2.6513901107655817,0.5734265738433891
641,0.4484730873383528,0.8563497682801235,2.770378448676952,0.5710955715123868
642,0.44061239459671764,0.8587796086508754,2.6535807476316022,0.5745920750088903
643,0.43787999302302283,0.8557865602471678,2.651080128682521,0.5734265738433891
644,0.4462376007643345,0.8578623841400618,2.7504097283025444,0.5664335668503822
645,0.439159368204162,0.8584899588053553,2.685454796383153,0.5734265738433891
646,0.45410218839480876,0.8553681771369722,2.568558059511207,0.5757575761743915
647,0.43555128661844683,0.8574600926879505,2.662441314239324,0.5675990680158833
648,0.4477522538554779,0.8576853759011328,2.938141097694566,0.5594405588848052
649,0.4453354395396555,0.856542868177137,2.8176175308672144,0.5606060610228764
650,0.4457335864586025,0.8567681513903193,2.720489696328179,0.5687645691813845
651,0.452815967580317,0.8569451596292482,2.7090213755210795,0.5699300703468856
652,0.45281768520386656,0.8577819258496395,2.7045143943427603,0.5699300703468856
653,0.4445817515438175,0.8548049691040165,2.8516064371679213,0.5699300703468856
654,0.4370123045144931,0.8576049176107106,2.62095731198093,0.5734265738433891
655,0.4385844967821968,0.8575566426364573,2.667583866761281,0.5675990680158833
656,0.4457294967343952,0.8562532183316169,2.523363624766712,0.5757575761743915
657,0.44837751734453174,0.8569451596292482,2.7628059187135494,0.5699300703468856
658,0.4418157800095948,0.8570738928939238,2.552285645322088,0.5699300703468856
659,0.443239950794577,0.856510684860968,2.755825489481568,0.5687645691813845
660,0.44406744953624744,0.8577175592173018,2.645719468246251,0.5699300703468856
661,0.44615774650038453,0.8557061019567456,2.8593312304614584,0.5629370633538786
662,0.44499752492510575,0.8565267765190525,2.6553224416184813,0.5757575761743915
663,0.4485786060441044,0.8558831101956745,2.646348427781414,0.579254078698325
664,0.4549678929925088,0.8566072348094748,2.6683729835601397,0.5734265728708192
665,0.43562063603948736,0.8573796343975283,2.4773105047382673,0.5862470866639019
666,0.4353926155858133,0.8588922502574665,2.750050022329762,0.5641025645193798
667,0.4548431631373328,0.8568486096807415,2.637053742692187,0.5815850820018973
668,0.4396193240194684,0.8583612255406797,2.645777852315725,0.5792540796708949
669,0.44871093750951463,0.858119850669413,2.715530090120845,0.586247085691332
670,0.43601140394484594,0.8577175592173018,2.6406195665989722,0.572261072677888
671,0.4563353571937209,0.8569451596292482,2.6527122640526377,0.5804195798638262
672,0.4439456307556553,0.8583451338825953,2.850158085773041,0.5617715612158075
673,0.4504436200329253,0.8549015190525232,2.717169715946927,0.5675990680158833
674,0.43805079990815676,0.8567520597322348,2.6558066409923535,0.5687645691813845
675,0.44740802403366775,0.8586347837281153,2.8651723087806524,0.558275057719304
676,0.44520654642127694,0.8567842430484037,2.7102003110038653,0.5675990680158833
677,0.44654875339980477,0.8566716014418125,2.7726296185057757,0.5687645682088145
678,0.4420276743990017,0.8598094747682801,2.7969089723550358,0.5675990670433133
679,0.4457969414310033,0.8586508753861998,2.704512857056998,0.5745920750088903
680,0.456060377602781,0.8576853759011328,2.691939468080903,0.5734265738433891
681,0.44538495504708786,0.8569612512873327,2.8567836502771,0.5617715612158075
682,0.44593955671566277,0.8559474768280123,2.7368508343235316,0.5664335658778121
683,0.4434895058892414,0.8585221421215242,2.737273285577903,0.5675990670433133
684,0.4483324142612218,0.858876158599382,2.715780273392484,0.572261072677888
685,0.4455012101852685,0.8580393923789907,2.663514838282601,0.565268065684881
686,0.44899974657504615,0.8563014933058702,2.8252637413415043,0.5617715621883774
687,0.4311572137594714,0.8585543254376931,2.7590323834569306,0.5710955705398169
688,0.45211439837541445,0.8581359423274975,2.618905208535961,0.5734265738433891
689,0.44638669871399994,0.8563497682801235,2.925712974685611,0.5629370623813087
690,0.4453281955572898,0.8579589340885685,2.8128901701984983,0.5664335658778121
691,0.4486325765767132,0.8582003089598352,2.6195462710096007,0.5734265728708192
692,0.4458373739517435,0.8569290679711637,2.770106100535893,0.5675990680158833
693,0.4508498573769747,0.8574279093717817,2.6937383768997547,0.5710955715123868
694,0.4396467953459978,0.8570899845520082,2.6876736655657663,0.5710955715123868
695,0.4434622045295614,0.857508367662204,2.639949521262607,0.5769230773398927
696,0.44823355780172053,0.8574279093717817,2.8081725211271316,0.5699300703468856
697,0.441793742711463,0.8573796343975283,2.728341457449195,0.5687645691813845
698,0.44313829320067605,0.857331359423275,2.9633816757819034,0.5629370633538786
699,0.4476452921771365,0.8590370751802265,2.717721913522218,0.5664335658778121
700,0.44397352240695764,0.8561083934088568,2.610622847135806,0.5815850820018973
701,0.44561483964983883,0.8583290422245108,2.877980396394685,0.5641025645193798
702,0.4444399944110462,0.8566233264675592,2.6846246494279873,0.5745920740363203
703,0.4422372532461748,0.8570417095777549,2.7753467615389877,0.5699300703468856
704,0.4406758035186881,0.8585704170957775,2.712711064757167,0.5699300693743157
705,0.4325209731652366,0.8582807672502575,2.647342868131913,0.5804195808363961
706,0.44335462580349616,0.8581681256436663,2.689808099975675,0.5734265728708192
707,0.43975603746213826,0.8581520339855818,2.9681458303700516,0.5641025645193798
708,0.4452977581553921,0.8577497425334707,2.7550909838059567,0.5641025645193798
709,0.4490649204712695,0.8583934088568486,2.7261001784484704,0.5734265738433891
710,0.4400448911160568,0.8589888002059732,2.7928675428414955,0.5710955715123868
711,0.4403250233858179,0.8575727342945417,2.6856577103232446,0.5780885785053937
712,0.44142327881221544,0.8591336251287333,2.712874015033384,0.5780885785053937
713,0.4475743963577843,0.8589888002059732,2.7161517406538094,0.5734265738433891
714,0.4473361899015464,0.8577014675592173,2.612094030999915,0.5827505831673985
715,0.4417281702360336,0.857331359423275,2.726965788569484,0.5710955715123868
716,0.4464575205953556,0.8574600926879505,2.768938869515777,0.5675990680158833
717,0.44927542864601105,0.8581681256436663,2.7530021524373747,0.5745920750088903
718,0.44977576720665463,0.858441683831102,2.6123286193206314,0.5769230773398927
719,0.43840578664957436,0.858296858908342,2.63704620979049,0.5769230773398927
720,0.4487504230315359,0.8573957260556128,2.734274764647295,0.5687645682088145
721,0.4334176135940974,0.8587796086508754,2.713271894932905,0.5699300703468856
722,0.4426191431670675,0.8575244593202883,2.647826330922978,0.5745920750088903
723,0.44901026011925155,0.856832518022657,2.632768063556342,0.5710955705398169
724,0.44723364187502346,0.8591014418125643,2.6069392828674585,0.5699300703468856
725,0.4389381716229275,0.8575244593202883,2.592179185235417,0.5769230773398927
726,0.4396652037433198,0.8583773171987642,2.7342143503380267,0.5745920750088903
727,0.4473499751407135,0.8591819001029866,2.6530062905002585,0.5757575761743915
728,0.4376484046236494,0.859873841400618,2.7949579379636367,0.5710955715123868
729,0.4493541526315632,0.8574600926879505,2.615158010821242,0.5780885785053937
730,0.4384075902118496,0.8577175592173018,2.671702781340459,0.5757575761743915
731,0.4401073409311558,0.8588600669412977,2.7385136382285253,0.5757575761743915
732,0.4416939829515502,0.856864701338826,2.786097683411934,0.5734265738433891
733,0.4479817103222396,0.859841658084449,2.6363955133166903,0.5839160843328997
734,0.44260934253063067,0.8570578012358393,2.651782950946501,0.5769230773398927
735,0.45260926510229416,0.8588278836251287,2.6137384604185057,0.5780885785053937
736,0.4413517768946539,0.8583451338825953,2.705035668847722,0.5780885785053937
737,0.44982087532351855,0.8584255921730175,2.4660616722696034,0.5874125878294031
738,0.44280615234872217,0.8572187178166838,2.7821513181660835,0.5687645691813845
739,0.4500959697193883,0.8597451081359423,2.653163642246962,0.5792540796708949
740,0.44536814776495726,0.8583290422245108,2.648889884179011,0.5769230773398927
741,0.4484052140760618,0.8576692842430484,2.8090903621453505,0.5710955715123868
742,0.4453207296304919,0.859552008238929,2.679994811267008,0.5792540796708949
743,0.4454843816409764,0.8576049176107106,2.6888040377126705,0.5804195808363961
744,0.4533940457904867,0.8582807672502575,2.616182067524859,0.5839160843328997
745,0.4426067361318488,0.8568486096807415,2.726629381760573,0.5734265738433891
746,0.44645378236820965,0.8594393666323378,2.5987296660185417,0.5839160843328997
747,0.43782784492851656,0.8596163748712667,2.4534836743539308,0.5862470866639019
748,0.4494292755543142,0.857299176107106,2.513429770450214,0.5827505831673985
749,0.4416782424912762,0.8597611997940268,2.7173059638980384,0.5839160843328997
750,0.4466653468756794,0.857653192584964,2.6721560745945068,0.5734265738433891
751,0.4468166460307079,0.8596002832131823,2.5626217226187387,0.5874125878294031
752,0.4435150814611929,0.8591014418125643,2.4834026599819565,0.5850815854984007
753,0.4465468621800292,0.857975025746653,2.6930384032237225,0.5757575761743915
754,0.4469431619227976,0.8592623583934088,2.6064862276846434,0.5792540796708949
755,0.44500382084986456,0.8600669412976313,2.612270982323827,0.5850815854984007
756,0.43162262944617796,0.858441683831102,2.732539741656719,0.5710955715123868
757,0.4395272769379198,0.8587152420185376,2.6753568492986104,0.5745920750088903
758,0.4437633213250448,0.8560923017507724,2.6772050510892225,0.5839160843328997
759,0.4388834773251129,0.8599382080329557,2.6297692046576726,0.5780885785053937
760,0.43877696082471696,0.8588922502574665,2.676332047560832,0.5780885775328238
761,0.44044538471467953,0.85966464984552,2.715575538940363,0.572261072677888
762,0.4432124801049149,0.8582807672502575,2.647525383806451,0.586247085691332
763,0.4407953014856264,0.8580715756951597,2.7554257233520767,0.5757575761743915
764,0.43728214470107574,0.859841658084449,2.4900299192586424,0.5897435901604055
765,0.4552277946570384,0.8591175334706488,2.6962242173009265,0.5745920750088903
766,0.4491115066037733,0.8588600669412977,2.6089296236043764,0.5815850820018973
767,0.45111142674386195,0.8605657826982492,2.7786715477357657,0.572261072677888
768,0.43832708821544686,0.8596002832131823,2.5154927700827447,0.5792540796708949
769,0.4363432406274224,0.860340499485067,2.6543506744441454,0.5780885785053937
770,0.4464667267890227,0.858119850669413,2.7024961725259438,0.5780885785053937
771,0.43968938726904955,0.8582485839340885,2.736458823814259,0.5804195808363961
772,0.44280861983369235,0.8575727342945417,2.727758725901028,0.572261072677888
773,0.4490066814005191,0.8590370751802265,2.581089958235934,0.5815850820018973
774,0.4583289758383798,0.8586026004119465,2.567074830437596,0.5897435901604055
775,0.4464049464903089,0.8596163748712667,2.500029554664394,0.5850815854984007
776,0.4525129031524231,0.8571704428424305,2.632821994436371,0.5827505831673985
777,0.45023178868571223,0.8589888002059732,2.6923331530777723,0.5769230773398927
778,0.4436090501403219,0.8591497167868177,2.557157336206703,0.5850815854984007
779,0.44452571860456075,0.8578141091658085,2.572689394642423,0.5757575761743915
780,0.44926778788761795,0.8586186920700309,2.6310738634952022,0.572261072677888
781,0.45456196011708766,0.8587957003089598,2.4666924771173293,0.5850815854984007
782,0.44866280112680273,0.8582003089598352,2.6740767232604794,0.5839160843328997
783,0.4388441287372434,0.8608554325437693,2.598053230619653,0.5897435901604055
784,0.45078597270742626,0.8586830587023687,2.6886170597482115,0.5804195808363961
785,0.4490956541622704,0.8590048918640577,2.6991834896844584,0.5862470866639019
786,0.43552042599901725,0.8596002832131823,2.70323399695761,0.5792540796708949
787,0.44424624724196604,0.858731333676622,2.603351537164275,0.5804195808363961
788,0.4490634528757001,0.858296858908342,2.631514197185045,0.5839160843328997
789,0.44663730879092683,0.8590048918640577,2.5933164873601116,0.5897435901604055
790,0.44218539442755783,0.8599703913491246,2.648511370023092,0.5804195808363961
791,0.44182494944143735,0.8580554840370752,2.45686231557028,0.5839160843328997
792,0.45289018894445027,0.8580233007209063,2.419221705490059,0.5897435901604055
793,0.4472127252485676,0.8608393408856848,2.5800394868795133,0.5874125878294031
794,0.4478535395418701,0.8581681256436663,2.8039491641354726,0.5804195808363961
795,0.4419350373327548,0.8598899330587023,2.529771004106615,0.5874125878294031
796,0.4477234412326135,0.8595841915550978,2.893227084533318,0.572261072677888
797,0.4478462327551768,0.8589888002059732,2.892248647960472,0.5745920750088903
798,0.450992796405091,0.8596485581874357,2.6854533362082944,0.5757575761743915
799,0.44022825233692,0.860630149330587,2.739878703386356,0.5769230773398927
800,0.4479742572862505,0.8575244593202883,2.614567655297148,0.5874125878294031
801,0.43987083016107303,0.8607266992790937,2.452791671930771,0.5909090913259066
802,0.44788347516903304,0.858264675592173,2.5100872679190203,0.5874125878294031
803,0.447819808331135,0.860018666323378,2.5608777478858307,0.5885780889949043
804,0.4442257792386778,0.8605014160659115,2.6859552387868884,0.5850815854984007
805,0.44049573530865993,0.8592140834191555,2.5644126530293816,0.5839160843328997
806,0.4505977202609688,0.860308316168898,2.8204926222493323,0.5885780889949043
807,0.45129998263075227,0.8591658084449022,2.723992088110575,0.5862470866639019
808,0.45078403582502957,0.8575405509783728,2.8227042762827486,0.5804195808363961
809,0.4350979914073473,0.858876158599382,2.4906238086851604,0.5862470866639019
810,0.4413789814198054,0.858409500514933,2.548816912588262,0.5769230773398927
811,0.4562690943387461,0.8610485324407827,2.6657241104227123,0.5850815854984007
812,0.459260941556934,0.8579589340885685,2.699188794428374,0.5839160843328997
813,0.4448751169117791,0.8589888002059732,2.553847997824907,0.5839160843328997
814,0.4521475000926567,0.858296858908342,2.702062253212873,0.5769230773398927
815,0.44515953224486104,0.8591336251287333,2.7484967536998517,0.5827505831673985
816,0.4345522302094498,0.8594554582904222,2.6570751703146733,0.5862470866639019
817,0.45779362330874995,0.8591658084449022,2.655996794467206,0.5897435901604055
818,0.441851941897437,0.8584577754891864,2.6836540187711204,0.5827505831673985
819,0.4485358157867506,0.8608554325437693,2.7889956234496234,0.572261072677888
820,0.45031951450724556,0.85966464984552,2.675809834456388,0.5850815854984007
821,0.4430806916725009,0.860163491246138,2.8044878232590245,0.5780885785053937
822,0.4392467135550065,0.8600025746652935,2.8413170785892814,0.5757575761743915
823,0.4493331478258363,0.8609680741503605,2.708192033923311,0.5827505831673985
824,0.4395058057918362,0.8584899588053553,2.675383102365863,0.5885780889949043
825,0.44298699887970083,0.8591819001029866,2.7433073433823796,0.5757575761743915
826,0.43907802214368363,0.8613059989701339,2.615852844673437,0.5874125878294031
827,0.4467858635541339,0.8596807415036045,2.6951133689402424,0.5932400936569089
828,0.4485819466281625,0.8571382595262615,2.59529755929689,0.5850815854984007
829,0.44316589958912067,0.8602278578784758,2.417161754169664,0.5967365971534124
830,0.4451218766652347,0.8577497425334707,2.632176541573518,0.5874125878294031
831,0.44050001076026507,0.8612094490216272,2.602104851693818,0.5920745924914078
832,0.44186230797999676,0.8585221421215242,2.576269397090921,0.5932400936569089
833,0.4404783516078727,0.8605657826982492,2.563210944056789,0.600233100649916
834,0.4472312451053476,0.8589888002059732,2.726005584001541,0.5850815854984007
835,0.4378671039943224,0.8591819001029866,2.559735994794708,0.600233100649916
836,0.44565284758591384,0.8595841915550978,2.593055336347549,0.5897435901604055
837,0.4369897263471793,0.861096807415036,2.6042727557095615,0.5920745915188378
838,0.4386527481365155,0.8592462667353244,2.5168475161343467,0.5979020983189136
839,0.4479536725751035,0.8601795829042225,2.6827438544560147,0.5920745924914078
840,0.44516334183184175,0.8586991503604532,2.716456288641149,0.5897435901604055
841,0.43894584304303025,0.860807157569516,2.6101910387858367,0.5885780880223344
842,0.44035605268301603,0.8581681256436663,2.5596692794130678,0.5920745924914078
843,0.44079154210374233,0.8592784500514933,2.544071922630141,0.5897435901604055
844,0.4395673776200822,0.8601795829042225,2.5492508745554723,0.5967365961808425
845,0.4512985557870197,0.8583290422245108,2.652160144491351,0.5909090913259066
846,0.43376577166738767,0.8591658084449022,2.6529258415276633,0.5920745924914078
847,0.4492425720229453,0.8586186920700309,2.7645179819671704,0.5920745924914078
848,0.4511766713016679,0.8595841915550978,2.273629357764771,0.6060606064774218
849,0.44057822426978643,0.8603887744593203,2.489737905614026,0.5944055948224101
850,0.4495640884774107,0.8611611740473738,2.58718287430721,0.5967365971534124
851,0.43951813172238247,0.859696833161689,2.685003758727254,0.5944055948224101
852,0.444599980122029,0.8599542996910402,2.54369833419373,0.5967365971534124
853,0.4461687795058215,0.8604370494335737,2.5152247043756337,0.5967365971534124
854,0.4420493678654996,0.85966464984552,2.5658981099828972,0.5909090913259066
855,0.4347605740020376,0.8602439495365602,2.5112550280866643,0.5955710959879112
856,0.44430311895085906,0.8594071833161689,2.436832519330623,0.600233100649916
857,0.4495349169682892,0.8607427909371782,2.484927552424389,0.6037296041464194
858,0.4410200713607113,0.8601313079299691,2.4028979665610617,0.5979020983189136
859,0.44800573209901057,0.8586347837281153,2.693145534375331,0.5850815854984007
860,0.44299041498241415,0.8601313079299691,2.720468523341181,0.5874125878294031
861,0.4504919070539465,0.85951982492276,2.6571225993561023,0.5955710959879112
862,0.44293695329146576,0.8598577497425335,2.822749820344654,0.5874125868568332
863,0.44478546401407154,0.861241632337796,2.4547125346316045,0.5990675994844148
864,0.4367988381983691,0.860340499485067,2.519360102556802,0.5967365971534124
865,0.44638020052631167,0.860662332646756,2.594766666422357,0.601398601815417
866,0.4458115887660322,0.8609358908341915,2.606866760062171,0.5944055948224101
867,0.44032724714242344,0.860662332646756,2.5408167348597157,0.5955710959879112
868,0.44284299964394064,0.8610163491246138,2.427939685908231,0.6048951053119206
869,0.4509056731521408,0.8599221163748713,2.4572280395975756,0.5932400936569089
870,0.4478787778580348,0.8615312821833162,2.3571722114975358,0.6025641029809182
871,0.44746394667977774,0.8601795829042225,2.709963812416806,0.5932400936569089
872,0.4538126907529104,0.85966464984552,2.6036789991083125,0.5955710959879112
873,0.44356298572494124,0.8617565653964985,2.605152761046981,0.5967365971534124
874,0.4526944977416437,0.8607106076210093,2.496642521558664,0.6025641029809182
875,0.4488302211667556,0.8591819001029866,2.4832474148217893,0.5955710959879112
876,0.43707961847681465,0.8610163491246138,2.4634438038983824,0.5990675994844148
877,0.4470137414416005,0.8584577754891864,2.588128135823981,0.5990675994844148
878,0.4465446368888036,0.8609680741503605,2.5877137252222964,0.5967365971534124
879,0.4473102179065301,0.862207131822863,2.3868331809838614,0.601398601815417
880,0.44022845023385526,0.8619979402677652,2.3423830929336016,0.6037296041464194
881,0.43980607385799886,0.8600508496395468,2.457735524171994,0.5979020983189136
882,0.44116111994403523,0.859696833161689,2.5916863270017094,0.5897435901604055
883,0.4417221115635426,0.860340499485067,2.5096063030349627,0.5944055948224101
884,0.4510752279560794,0.860340499485067,2.6437019994764617,0.5990675994844148
885,0.4410626300285454,0.862705973223481,2.5263622034262943,0.600233100649916
886,0.4397767400474553,0.8605335993820803,2.525265129296096,0.5990675994844148
887,0.44176397371335085,0.8615312821833162,2.570480662764925,0.5979020983189136
888,0.44438904244548627,0.8606462409886715,2.6029050748942892,0.5944055948224101
889,0.4488018389741375,0.860453141091658,2.6200311065831663,0.6025641029809182
890,0.4388800591890279,0.8601795829042225,2.6974397261381706,0.5909090913259066
891,0.44951459765434265,0.8600991246138002,2.5710526379671963,0.5990675994844148
892,0.44048424385848667,0.860163491246138,2.6139812062392425,0.5967365971534124
893,0.44275802759075755,0.861241632337796,2.548203796356708,0.600233100649916
894,0.4459919482162635,0.860163491246138,2.3283587100900416,0.6048951053119206
895,0.4385128750491707,0.859873841400618,2.488411880942769,0.5967365971534124
896,0.4342183751868416,0.8595037332646756,2.4334332660222664,0.6048951053119206
897,0.45051710331384726,0.8612094490216272,2.484420567056238,0.601398601815417
898,0.43861173782363366,0.861273815653965,2.6279856343091508,0.5967365971534124
899,0.45202976418419305,0.8597933831101957,2.500623766497854,0.6025641029809182
900,0.45072831227285853,0.8589566168898043,2.3912511423473313,0.6048951053119206
901,0.4429487594538565,0.8599542996910402,2.505797610694156,0.601398601815417
902,0.44362151948878986,0.8618048403707518,2.4271016818382245,0.5967365971534124
903,0.44758544843854914,0.8602761328527292,2.4648691936806366,0.5990675994844148
904,0.4440122196560171,0.862062306900103,2.308884144662977,0.5897435901604055
905,0.4411420971078436,0.8580233007209063,2.5323069771547697,0.5967365971534124
906,0.43983337002298983,0.862239315139032,2.506708155839871,0.5979020983189136
907,0.4456667425197259,0.859986483007209,2.3570810075684303,0.600233100649916
908,0.4434374556728053,0.8591014418125643,2.4820065280218504,0.5944055948224101
909,0.43480453539704933,0.8605657826982492,2.5703060306035557,0.5874125878294031
910,0.44371551665046804,0.8596807415036045,2.4852946861918435,0.5932400936569089
911,0.43734467496863355,0.8607106076210093,2.313864184148384,0.6130536134704287
912,0.4439637129771476,0.8608876158599382,2.5192968161789686,0.5955710959879112
913,0.4443142573386584,0.8602278578784758,2.4047922894949125,0.5920745924914078
914,0.4446742771275871,0.8613703656024717,2.3328810159837725,0.601398601815417
915,0.43641921503413716,0.8599221163748713,2.421589835262521,0.601398601815417
916,0.4491044721047247,0.860340499485067,2.3776695567133266,0.600233100649916
917,0.45324260766026164,0.8602117662203913,2.441228332497301,0.5967365971534124
918,0.4517763209760373,0.8606784243048403,2.3602137060571104,0.6037296041464194
919,0.4391196365827881,0.8593589083419155,2.527428690786962,0.5920745924914078
920,0.4555935057610979,0.861128990731205,2.6277349318240906,0.5955710959879112
921,0.4411511339868748,0.860340499485067,2.4663867962943926,0.5944055948224101
922,0.44445800397594976,0.8603244078269825,2.5183997575219697,0.5990675994844148
923,0.4436174911263674,0.8616278321318228,2.345695382023191,0.5955710959879112
924,0.44986741781142664,0.8607910659114315,2.541888290351921,0.5967365971534124
925,0.4452045950597396,0.8606784243048403,2.5402618352071946,0.5955710959879112
926,0.4507588879440275,0.8602278578784758,2.417892981520344,0.601398601815417
927,0.43183677658883723,0.8618209320288363,2.4441491377937212,0.5932400936569089
928,0.4545072765462676,0.8599221163748713,2.354292733547015,0.607226107642923
929,0.44055404353706523,0.8607106076210093,2.5259305954952063,0.5955710959879112
930,0.44676009575566844,0.860630149330587,2.6882002999732544,0.5920745924914078
931,0.4503896180175851,0.8612094490216272,2.5262489028466053,0.6025641029809182
932,0.44212512308242513,0.8613220906282183,2.6009593129435897,0.5979020983189136
933,0.4423854494377219,0.8608876158599382,2.5463609876054707,0.5932400936569089
934,0.4363315634038127,0.859552008238929,2.4372604678282928,0.601398601815417
935,0.4441013026878959,0.8610163491246138,2.610177594881791,0.5932400936569089
936,0.4497593554344899,0.860453141091658,2.4427614150903163,0.6037296041464194
937,0.4432622727340454,0.859696833161689,2.4477514154288595,0.5979020983189136
938,0.442298353002258,0.8614990988671473,2.383939283711093,0.6048951053119206
939,0.45543433445765724,0.861418640576725,2.395389607458404,0.6083916088084241
940,0.4476411647549864,0.859873841400618,2.486168941209366,0.5979020983189136
941,0.4387862727613822,0.861885298661174,2.3870084157912603,0.5979020983189136
942,0.4415567367655119,0.8602600411946447,2.3548085704133226,0.6025641029809182
943,0.4424440995641398,0.8610646240988672,2.483147855544146,0.600233100649916
944,0.44342437642794313,0.8617887487126673,2.5551693752095415,0.601398601815417
945,0.4401757039521062,0.860485324407827,2.638580714350258,0.5909090913259066
946,0.4399093321757631,0.861273815653965,2.5423697658352085,0.5955710959879112
947,0.4442029208113678,0.8610485324407827,2.4749019214045473,0.5979020983189136
948,0.44927973625558043,0.8600025746652935,2.3820860769365217,0.6083916088084241
949,0.4396356147714918,0.8610485324407827,2.4633169056096555,0.6037296041464194
950,0.4452554074592743,0.8605175077239959,2.398651921665752,0.601398601815417
951,0.44329893123262576,0.8605818743563337,2.4976426483867886,0.5979020983189136
952,0.44348994874223746,0.8618531153450052,2.5535478434918364,0.5955710959879112
953,0.44679909410486507,0.861128990731205,2.3381963344442815,0.6107226111394264
954,0.43671382619902477,0.8603887744593203,2.5201532965773468,0.5979020983189136
955,0.44245034743227013,0.8612094490216272,2.5150353966893015,0.6048951053119206
956,0.4520952770089391,0.8627703398558187,2.5605351820692315,0.5967365971534124
957,0.44136475989581625,0.8619335736354274,2.4485109688796642,0.601398601815417
958,0.4475935415185443,0.860630149330587,2.4388836840371706,0.600233100649916
959,0.4496147828876788,0.8605175077239959,2.5112945884813516,0.5979020983189136
960,0.442901993410165,0.8608876158599382,2.4944428857111984,0.601398601815417
961,0.4330171755563955,0.8593428166838311,2.5244602152517626,0.5979020983189136
962,0.4452472991711939,0.8612094490216272,2.3477735812569556,0.6037296041464194
963,0.4499348779232937,0.8604209577754892,2.4097339730440597,0.6060606064774218
964,0.4427072897353943,0.8627703398558187,2.294583356741703,0.6107226111394264
965,0.4498434113501643,0.860774974253347,2.4682140450377563,0.6025641029809182
966,0.4569980495683197,0.8604048661174047,2.380678650243577,0.6037296041464194
967,0.453380340435969,0.8609358908341915,2.4988673903864305,0.6037296041464194
968,0.44181849042492716,0.8616117404737385,2.211099147101938,0.6153846158014311
969,0.4445951564504116,0.8622232234809475,2.3313859777572827,0.6060606064774218
970,0.444547227509972,0.861772657054583,2.3804599287070873,0.6060606064774218
971,0.4485524007638132,0.861740473738414,2.2512869320827207,0.6235431239599393
972,0.4520582491503194,0.860308316168898,2.362438701805257,0.6095571099739252
973,0.4401715267008414,0.861241632337796,2.361285382356399,0.6048951053119206
974,0.4445170169019061,0.8609680741503605,2.3613194634308625,0.607226107642923
975,0.4458285505230223,0.8608232492276005,2.3756028090045724,0.6025641029809182
976,0.43652340999960776,0.8611772657054583,2.274623302868752,0.6095571099739252
977,0.44191583215300256,0.860984165808445,2.4377180977023287,0.600233100649916
978,0.45011905248513795,0.8615795571575695,2.2717262167474885,0.6188811192979345
979,0.43337494455638553,0.8620944902162719,2.5126868773312556,0.5979020983189136
980,0.4479408062050689,0.861096807415036,2.336680223613908,0.6130536134704287
981,0.4461512937758168,0.8605496910401648,2.22510168657992,0.6142191146359299
982,0.45048841621523417,0.8615312821833162,2.3008547130720323,0.6060606064774218
983,0.44286803465363417,0.8620944902162719,2.1717746894120613,0.6188811192979345
984,0.44897285783634616,0.8619979402677652,2.3763941279102316,0.601398601815417
985,0.4323645726644293,0.8619979402677652,2.3424862421753803,0.607226107642923
986,0.44000070290419396,0.8614830072090628,2.265228834602383,0.6142191146359299
987,0.44500563211593275,0.8624163233779608,2.3161980648696563,0.6118881123049276
988,0.4446911505058055,0.8619496652935118,2.3286486163839593,0.6083916088084241
989,0.44969137809426357,0.862239315139032,2.4309861911482464,0.6095571099739252
990,0.44710161555347433,0.8630438980432544,2.285949194903696,0.6118881123049276
991,0.43672358124189836,0.8601795829042225,2.2481603734976763,0.6083916088084241
992,0.45293863396995715,0.8616439237899073,2.4423084955115417,0.6048951053119206
993,0.4535481907680523,0.8614025489186405,2.318940516118403,0.6083916088084241
994,0.44751046772136993,0.8615151905252317,2.345272221487441,0.6083916088084241
995,0.43980231560406063,0.861450823892894,2.3728384579811896,0.6048951053119206
996,0.44229097732646827,0.862030123583934,2.248093053733274,0.6083916088084241
997,0.4354039039904008,0.8622232234809475,2.245432660574124,0.6177156181324334
998,0.4534080996342103,0.8621588568486097,2.31457062340005,0.6095571099739252
999,0.4331953663121905,0.8609358908341915,2.489782258347198,0.6037296041464194
