epoch,loss,single_accuracy,val_loss,val_single_accuracy
0,6.155390810401752,0.5446060762100927,5.852521921927001,0.5792540793930179
1,5.119713046400972,0.6238414006179197,5.7204223735071285,0.5897435898130591
2,4.917096126705684,0.6379216014418125,5.781621744026949,0.5827505827505828
3,4.796951129188498,0.6438433316168898,5.711924699636606,0.5827505835842142
4,4.706521636057342,0.645532955715757,5.677304011124831,0.5839160837771453
5,4.635597885575771,0.6484455458290422,5.657291507943249,0.5839160846107767
6,4.5830203394197415,0.6509558444902163,5.660367451069794,0.5827505834452755
7,4.514933165511928,0.6529833934088568,5.649447864585823,0.5862470869417791
8,4.4670285964969745,0.6541419927909372,5.621245784359378,0.5909090906312138
9,4.4001893039589435,0.6558316168898043,5.652521432418645,0.5804195801417033
10,4.360037548043578,0.6571189495365602,5.644449561903804,0.578088577810701
11,4.313508531460433,0.6571511328527292,5.681712201703123,0.5734265731486963
12,4.267468091756505,0.6584062821833162,5.68226274299177,0.5710955716513254
13,4.218338177697666,0.6594522399588053,5.7103462119202515,0.5699300704858242
14,4.191063271983154,0.6583901905252317,5.756921141297667,0.5675990681548219
15,4.150834871615244,0.6615441555097837,5.767364680905998,0.5641025646583183
16,4.12366285419857,0.660803939237899,5.807796476048467,0.5524475530033067
17,4.097908045064531,0.6608843975283213,5.830808869608632,0.5524475530033067
18,4.059025139445256,0.6629602214212152,5.845446061976862,0.5489510495068032
19,4.035925205041156,0.6618981719876416,5.876924913246315,0.5442890448447986
20,4.016744855626358,0.6628314881565397,5.911679976469987,0.5454545450377297
21,3.9753530196131934,0.6645050205973223,5.890869071711471,0.5477855473687321
22,3.964368991208494,0.6641188208032955,5.917333051597044,0.5419580415412263
23,3.934457976344194,0.6654383367662204,5.934315832622679,0.5407925403757251
24,3.90895039917389,0.6669026776519053,5.93678951430154,0.5361305357137204
25,3.8931983118813513,0.6652935118434603,5.94079787192089,0.5384615380447227
26,3.8575353590516426,0.6662429196704428,5.9177139550100115,0.5349650345482193
27,3.83241543391706,0.667144052523172,5.917769512096485,0.5361305357137204
28,3.816430912449971,0.6661463697219362,5.910989320639408,0.5372960368792216
29,3.7828935219011397,0.667465885684861,5.883262262477741,0.5337995333827181
30,3.7715171940172003,0.6659532698249228,5.881131684029852,0.5372960368792216
31,3.72727676068963,0.6679164521112255,5.863173354199994,0.5361305357137204
32,3.7184752617510903,0.6674819773429455,5.866061686913728,0.5372960368792216
33,3.701141846290455,0.6682704685890835,5.863908974996535,0.5303030298862146
34,3.6573620830824645,0.6708934088568486,5.858107819145932,0.5361305357137204
35,3.634459930026077,0.6695256179196705,5.871839797302282,0.5361305357137204
36,3.6251711680886674,0.6713922502574665,5.875288037987022,0.5419580415412263
37,3.6106915820148284,0.6711347837281153,5.850280826741999,0.5407925403757251
38,3.5851989610065025,0.6726473995880535,5.862868878113362,0.5407925403757251
39,3.5596796658454055,0.674562306900103,5.853757705999699,0.5407925412093565
40,3.537329778980644,0.6734037075180227,5.849118680664987,0.5419580423748577
41,3.545382950627595,0.6723255664263645,5.822476947779978,0.5407925403757251
42,3.515919175747126,0.673950823892894,5.82208714952002,0.5419580423748577
43,3.505880137059519,0.6738542739443872,5.788799316177279,0.5431235435403589
44,3.4571798309361528,0.6738864572605562,5.756191841927998,0.5419580423748577
45,3.444605536244802,0.675640447991761,5.76428565723357,0.5419580423748577
46,3.4441211582089553,0.6751416065911432,5.753836248026583,0.5384615388783541
47,3.4024709372269997,0.6769760556127703,5.735765368232638,0.5396270400438553
48,3.4021287195223366,0.6776036302780638,5.73583430010122,0.5396270400438553
49,3.3755660544463217,0.6789553295571575,5.736847278955099,0.537296037712853
50,3.374739129560492,0.6781024716786818,5.717990963331191,0.5396270400438553
51,3.349715344446695,0.6796633625128733,5.719150881945114,0.5396270400438553
52,3.3494660730342294,0.6796633625128733,5.706157829655912,0.5361305365473519
53,3.3312573046198097,0.680258753861998,5.70234124477093,0.5396270400438553
54,3.3082452080645104,0.681159886714727,5.695494109934026,0.5407925412093565
55,3.30441488947117,0.6804357621009269,5.678478232630483,0.5361305365473519
56,3.2964981504621025,0.6806449536560247,5.694729650770868,0.537296037712853
57,3.2733229305422515,0.6823184860968075,5.670224091389796,0.5337995342163495
58,3.2657216680528696,0.6823828527291452,5.694925823967496,0.5349650353818507
59,3.2482283381797012,0.6828816941297632,5.674697591430379,0.5361305365473519
60,3.245120242253391,0.6823345777548918,5.687879332017787,0.5361305365473519
61,3.210529895202016,0.6841207518022657,5.677286414833335,0.5349650353818507
62,3.209361151981059,0.6833966271884655,5.6681537944953755,0.5384615388783541
63,3.1849530806379387,0.6851667095777549,5.66254257739007,0.537296036740283
64,3.1809027899674356,0.684812693099897,5.63198702318685,0.5407925402367866
65,3.158105537402765,0.6856655509783728,5.656529277632564,0.537296036740283
66,3.1631235641750566,0.6855368177136972,5.636454887601324,0.5396270390712854
67,3.1357583393458848,0.6874195417095778,5.647832465616418,0.5396270390712854
68,3.1392068571951066,0.6865184088568486,5.637314446044691,0.537296036740283
69,3.114780673221997,0.6885620494335737,5.62271194747,0.5384615379057842
70,3.110775796195874,0.6884494078269825,5.611282831583267,0.5384615379057842
71,3.096730261335167,0.6878057415036045,5.594735123894432,0.5361305355747819
72,3.080968217427404,0.6901712152420185,5.612264563709428,0.5396270390712854
73,3.0895060621255706,0.6873390834191555,5.58902098304464,0.5407925402367866
74,3.059124002373182,0.6908148815653965,5.597092871621494,0.5384615379057842
75,3.0769176635695534,0.6893183573635427,5.574965830449457,0.5407925402367866
76,3.0303650306869607,0.6911688980432544,5.598748858714159,0.5407925402367866
77,3.046098156366977,0.6910240731204943,5.571802893996517,0.5407925402367866
78,3.035176535222361,0.690653964984552,5.595152099927266,0.5361305355747819
79,3.017062561335205,0.6911367147270855,5.578346482245794,0.5384615379057842
80,3.018031034484337,0.6915550978372812,5.56778538643897,0.5407925402367866
81,2.998106312739493,0.6926815139031925,5.57155146354284,0.5396270390712854
82,2.99152386839186,0.6917160144181257,5.562827820544476,0.5407925402367866
83,2.987429021438536,0.6930355303810505,5.559883125456341,0.5384615379057842
84,2.9689465013517777,0.6926493305870237,5.561183863030725,0.5384615379057842
85,2.9752491566474357,0.6929389804325438,5.54793462497649,0.5384615379057842
86,2.975963774228317,0.692842430484037,5.559285941101733,0.5384615379057842
87,2.93592839260671,0.6946125128733265,5.5285909348156625,0.5384615379057842
88,2.944964138965528,0.6945320545829042,5.532204607983569,0.5384615379057842
89,2.9299753342057846,0.6955458290422245,5.545119240011647,0.5361305355747819
90,2.9303770113187766,0.694306771369722,5.538228517645723,0.5314685309127772
91,2.9182420361299837,0.6949021627188465,5.537714879273812,0.5361305355747819
92,2.92085165294879,0.6954331874356333,5.504750873381163,0.5384615379057842
93,2.900040998149483,0.6959320288362513,5.530987538379945,0.5337995332437795
94,2.8857956206393416,0.6964791452111225,5.507152150283049,0.5396270390712854
95,2.8982075975803094,0.6953366374871267,5.508447266680933,0.5349650344092807
96,2.867764349086891,0.6965596035015448,5.519239555705678,0.5361305355747819
97,2.8730805025778396,0.6970745365602472,5.4953305271122,0.5384615379057842
98,2.8670171444005996,0.6962860453141092,5.500271176124786,0.537296036740283
99,2.8644122882188903,0.6974768280123584,5.481954137206356,0.5407925402367866
100,2.8426131383275153,0.6991181771369722,5.493158801174386,0.5419580414022876
101,2.8330561300753074,0.6986354273944387,5.497102936386784,0.537296036740283
102,2.8377239364060265,0.6988446189495365,5.495376550790035,0.537296036740283
103,2.8327471866175515,0.6979595777548918,5.486214594685392,0.5419580414022876
104,2.8152486542594666,0.698860710607621,5.461404543934447,0.5407925402367866
105,2.823467671687031,0.698715885684861,5.468885773267502,0.54428904373329
106,2.804278877441964,0.6984423274974253,5.469610017218512,0.5384615379057842
107,2.7963423798921547,0.700292868177137,5.462192819390819,0.5407925402367866
108,2.7963564366439835,0.6985549691040165,5.4741083246011,0.5407925402367866
109,2.767404790150518,0.7011779093717817,5.467321702650377,0.5419580414022876
110,2.7922734662997857,0.6986676107106076,5.461228831525727,0.5361305355747819
111,2.762081774943398,0.6995687435633368,5.455822042374066,0.5361305355747819
112,2.7718901408934076,0.6999871266735325,5.43704380244364,0.5396270390712854
113,2.7489643677010225,0.7000354016477858,5.451800941309451,0.5361305364084132
114,2.7346083748352883,0.7027548918640577,5.4440476105207605,0.5349650352429121
115,2.7635748320701317,0.6994239186405767,5.4296774958675,0.5361305355747819
116,2.7101918506818747,0.7022721421215242,5.433566646976071,0.5361305355747819
117,2.735011759427991,0.701371009268795,5.431114180382593,0.5384615379057842
118,2.747743655429687,0.7010009011328527,5.428079244973776,0.5396270390712854
119,2.6978509689457755,0.7028997167868177,5.428420676218046,0.5361305355747819
120,2.7102007033527817,0.7020790422245108,5.411145770466411,0.5361305355747819
121,2.7126731877469377,0.701515834191555,5.417265985534463,0.5361305364084132
122,2.6839764787902793,0.7033985581874357,5.412926910362599,0.5396270399049168
123,2.700679724972722,0.7002767765190525,5.399224830396248,0.537296036740283
124,2.670373322973536,0.7035111997940268,5.4012603779217025,0.5372960375739144
125,2.6890869262166914,0.7021273171987642,5.407239646900506,0.5361305364084132
126,2.667529987257615,0.7028514418125643,5.378599861007192,0.5349650344092807
127,2.667208518107814,0.7036721163748713,5.377021982119634,0.5396270390712854
128,2.667674997071405,0.7028192584963955,5.385633247020917,0.537296036740283
129,2.646594489885285,0.7032215499485067,5.368861924657177,0.537296036740283
130,2.639911039359292,0.7044927909371782,5.353189114229385,0.5419580414022876
131,2.65038526377398,0.7035755664263645,5.372177070254213,0.5407925402367866
132,2.613846562672349,0.7056513903192585,5.361894991848018,0.5396270399049168
133,2.64242290971699,0.7040100411946447,5.351583202263137,0.541958042235919
134,2.6250269205513748,0.7057640319258497,5.347898183446942,0.5419580414022876
135,2.6224988128080673,0.7044927909371782,5.345114596518047,0.54428904373329
136,2.6051078073519265,0.7052330072090628,5.34426135394401,0.540792541070418
137,2.608155950090544,0.705168640576725,5.337208593641962,0.5419580414022876
138,2.5968007001523254,0.7055548403707518,5.328871947902066,0.5419580414022876
139,2.6027149259123328,0.7058444902162719,5.331253255858566,0.5396270399049168
140,2.5777605207892083,0.7056031153450052,5.31583187782959,0.5431235425677888
141,2.588332542553007,0.7061985066941298,5.321429939536782,0.5384615387394156
142,2.5754983414091117,0.7065364315139032,5.30459264983664,0.5384615379057842
143,2.591013618281646,0.7054743820803295,5.300477145990848,0.5407925402367866
144,2.549935623988064,0.7078398558187435,5.289500635820669,0.5396270399049168
