epoch,loss,single_accuracy,val_loss,val_single_accuracy
0,3.6127927154302597,0.6025390625,4.222601250335053,0.5349650357986664
1,3.452087238430977,0.615234375,4.1411822559116604,0.532634033467664
2,3.4101008251309395,0.625,4.055999360162339,0.5384615392951698
3,3.2613270431756973,0.6376953125,3.990865808544737,0.5407925416261722
4,3.2010854482650757,0.6376953125,3.921484460363855,0.5489510497846803
5,3.1804934591054916,0.65234375,3.87304111627432,0.5524475532811839
6,3.120997965335846,0.650390625,3.8484749404978364,0.5559440559440559
7,3.0429448634386063,0.66015625,3.776005664905468,0.5524475524475524
8,2.9836943298578262,0.666015625,3.7352921790454214,0.5547785547785548
9,2.937692180275917,0.677734375,3.7165493264898553,0.5512820512820513
10,2.843649998307228,0.6708984375,3.7162752062568574,0.5559440559440559
11,2.7631428614258766,0.6796875,3.684866457274466,0.5547785547785548
12,2.757195293903351,0.685546875,3.6528630723486413,0.560606061439692
13,2.711722493171692,0.6884765625,3.63225454939551,0.5641025641025641
14,2.7179169580340385,0.6943359375,3.6062543875687605,0.5664335664335665
15,2.629959225654602,0.6962890625,3.5824974978164636,0.5699300699300699
16,2.636882320046425,0.7041015625,3.5351489718421636,0.5699300707637013
17,2.602908119559288,0.7021484375,3.527486573288213,0.567599068432699
18,2.5648408383131027,0.70703125,3.531022069615362,0.5722610730947036
19,2.544840984046459,0.7138671875,3.5202657159391815,0.574592075425706
20,2.51454721391201,0.7158203125,3.475265718562342,0.5757575765912072
21,2.465090610086918,0.71875,3.4414759182429813,0.5792540800877106
22,2.435211732983589,0.71875,3.4099661787073097,0.581585082418713
23,2.402350030839443,0.7216796875,3.386812697479497,0.5839160847497153
24,2.3661414235830307,0.7294921875,3.3871360958872976,0.58857808941172
25,2.3455330580472946,0.7314453125,3.405578666633659,0.5920745929082235
26,2.273124121129513,0.7353515625,3.3706070509823887,0.5932400940737247
27,2.1845488846302032,0.736328125,3.3758759131798377,0.6037296035906652
28,2.1408296674489975,0.7412109375,3.3594598614530407,0.602564102425164
29,2.1316596791148186,0.7431640625,3.3352660888280625,0.6002331000941616
30,2.0541159734129906,0.7509765625,3.3440520185412783,0.6002331000941616
31,2.0566878840327263,0.75390625,3.312235430959777,0.5990675989286605
32,2.0501061379909515,0.7587890625,3.2975350804540104,0.6002331000941616
33,2.0273878276348114,0.7646484375,3.317975798409024,0.6048951047561664
34,2.00024626404047,0.76953125,3.3149169797386047,0.602564102425164
35,1.9902697503566742,0.77734375,3.316185280437514,0.6002331000941616
36,1.946597270667553,0.7705078125,3.3151687264164567,0.6013986020932942
37,1.9461141303181648,0.7783203125,3.301044398532325,0.6060606067552989
38,1.907739270478487,0.775390625,3.3053798986759495,0.6037296044242966
39,1.8938732482492924,0.77734375,3.3227377049017064,0.6060606057827289
40,1.8701924085617065,0.7763671875,3.335040622102075,0.6072261069482301
41,1.8429812006652355,0.7802734375,3.342404231047019,0.6060606057827289
42,1.843789391219616,0.7763671875,3.362318313483036,0.6060606057827289
43,1.846321277320385,0.7822265625,3.3781705597341753,0.6060606057827289
44,1.8070713095366955,0.78515625,3.3884439457268702,0.6060606057827289
45,1.800973441451788,0.78515625,3.375715917640633,0.6037296034517265
46,1.8093162849545479,0.7861328125,3.37491364745827,0.6013986011207243
47,1.8034332320094109,0.787109375,3.369278215861821,0.6013986011207243
48,1.7507469058036804,0.7900390625,3.40853613517779,0.5990675987897219
49,1.7499135583639145,0.7880859375,3.411080995083967,0.5990675987897219
50,1.7665348462760448,0.791015625,3.4152878836874083,0.6002330999552231
51,1.749114517122507,0.7890625,3.403313050459037,0.6013986011207243
52,1.7526701018214226,0.7939453125,3.3977360230781537,0.6002330999552231
53,1.748647816479206,0.7900390625,3.4259070494236092,0.6013986011207243
54,1.7527753412723541,0.79296875,3.404889859241761,0.6002330999552231
55,1.7261823676526546,0.796875,3.409719697245351,0.6002330999552231
56,1.7150715701282024,0.7978515625,3.4216677147747476,0.5979020976242208
57,1.6930963769555092,0.7958984375,3.430763818167306,0.5990675987897219
58,1.7112653031945229,0.802734375,3.429014209822897,0.6002330999552231
59,1.6763528920710087,0.80078125,3.4285731910269854,0.6013986011207243
60,1.6697943843901157,0.8017578125,3.426511880123254,0.6025641022862255
61,1.6715253368020058,0.7998046875,3.4256508289239345,0.5990675987897219
62,1.6500395685434341,0.8056640625,3.442038737254821,0.5979020976242208
63,1.648496437817812,0.8095703125,3.427753557969918,0.6002330999552231
64,1.6345104686915874,0.8125,3.4168406066361006,0.5955710952932184
65,1.6301940716803074,0.80859375,3.4151677307271178,0.5955710952932184
66,1.641525350511074,0.810546875,3.416144677253314,0.5955710952932184
67,1.6282646283507347,0.8125,3.4256570628195098,0.5944055941277173
68,1.6266049817204475,0.8115234375,3.4247414448878146,0.5955710952932184
69,1.5995687507092953,0.806640625,3.4281738026714548,0.5955710952932184
70,1.5930085182189941,0.810546875,3.416557036357604,0.5955710952932184
71,1.6056363843381405,0.8115234375,3.4149146952551286,0.5967365964587196
72,1.6038850136101246,0.8095703125,3.413936716693265,0.592074591796715
73,1.5880659818649292,0.8173828125,3.433208897397235,0.5955710952932184
74,1.5753267221152782,0.8154296875,3.446394502421915,0.5944055941277173
75,1.5863303653895855,0.8173828125,3.42001874130089,0.5909090906312138
76,1.5612916089594364,0.8173828125,3.4206697073849766,0.5897435894657126
77,1.5583236627280712,0.8203125,3.4511837692527503,0.5932400937958475
78,1.553254671394825,0.818359375,3.476189593890886,0.5909090914648452
79,1.5557753704488277,0.818359375,3.512385950221882,0.5874125879683417
80,1.5527400709688663,0.8203125,3.501765561270547,0.5874125879683417
81,1.5392693132162094,0.8232421875,3.51654528237723,0.5885780891338428
82,1.547960326075554,0.8291015625,3.532735697872989,0.5885780891338428
83,1.529748760163784,0.830078125,3.5504029080584334,0.5862470868028405
84,1.5361001826822758,0.8330078125,3.568434987034831,0.5862470868028405
85,1.5310642030090094,0.828125,3.5663474039597944,0.5850815856373394
86,1.5270256325602531,0.8271484375,3.571557682988805,0.5839160844718382
87,1.5147704035043716,0.833984375,3.5629724917156156,0.5862470868028405
88,1.5119572393596172,0.8349609375,3.573780160405975,0.5850815856373394
89,1.4982849955558777,0.833984375,3.59286360140447,0.5850815856373394
90,1.500026624649763,0.8369140625,3.5913888424426528,0.5839160844718382
91,1.486214891076088,0.837890625,3.6071799612823345,0.5862470868028405
92,1.4562808014452457,0.837890625,3.6236745683185427,0.5862470868028405
93,1.4549489133059978,0.83984375,3.6458621114006133,0.5839160844718382
94,1.4620515294373035,0.8369140625,3.634816609340392,0.5804195809753346
95,1.4602835103869438,0.83984375,3.648614211515947,0.582750583306337
96,1.4488934352993965,0.841796875,3.6342216960755818,0.5815850821408358
97,1.433771438896656,0.845703125,3.63666519807491,0.5804195809753346
98,1.4352043755352497,0.84375,3.6654930814996467,0.5792540798098336
99,1.4437544513493776,0.845703125,3.6250189200981513,0.5792540798098336
100,1.4295475482940674,0.8447265625,3.655243988637324,0.5792540798098336
101,1.4170348346233368,0.8447265625,3.689810642829308,0.5792540798098336
102,1.4144342541694641,0.8408203125,3.6764628136908257,0.5792540798098336
103,1.42462595179677,0.845703125,3.6891148379354766,0.5792540798098336
104,1.4116027727723122,0.8505859375,3.6894053106819276,0.5792540798098336
105,1.4018665552139282,0.8505859375,3.6955608476847757,0.5792540798098336
106,1.3967329822480679,0.8486328125,3.6908861134713624,0.5780885786443324
107,1.3861404303461313,0.8505859375,3.703564139234992,0.5780885786443324
108,1.3832527548074722,0.849609375,3.7412602190093285,0.5815850821408358
109,1.358062967658043,0.849609375,3.750401032276643,0.5815850821408358
110,1.3775850646197796,0.8515625,3.766134142597794,0.5815850821408358
111,1.3603853061795235,0.8564453125,3.8252128771135023,0.582750583306337
112,1.3664763644337654,0.8564453125,3.8559733648678085,0.5815850821408358
113,1.363134041428566,0.8525390625,3.8756162725684247,0.5815850821408358
114,1.3468503709882498,0.853515625,3.8930233219564654,0.5815850821408358
115,1.329065691679716,0.84765625,3.880538285195411,0.5815850821408358
116,1.323536891490221,0.8564453125,3.9057220112193716,0.5815850821408358
117,1.3169421963393688,0.8544921875,3.9225015006698927,0.5815850821408358
118,1.3321224115788937,0.853515625,3.9132428519375675,0.5815850821408358
119,1.3168960586190224,0.8525390625,3.9378269146650267,0.582750583306337
120,1.298012375831604,0.85546875,3.9663779329864575,0.5804195809753346
121,1.3027043901383877,0.857421875,3.95507798550568,0.582750583306337
122,1.3104898743331432,0.8564453125,3.9158871435063145,0.5804195809753346
123,1.2959242463111877,0.8544921875,3.9136767320699626,0.5792540798098336
124,1.2846797965466976,0.8603515625,3.9203888097287334,0.5827505823337671
125,1.279574977234006,0.8564453125,3.9201255283711394,0.5792540788372635
126,1.2822894752025604,0.8564453125,3.945083149663218,0.5804195800027647
127,1.2908170334994793,0.857421875,3.975229901867313,0.5815850811682659
128,1.2748704254627228,0.8623046875,3.993167565974878,0.5815850811682659
129,1.2710697054862976,0.859375,3.980402463521713,0.5804195800027647
130,1.241605481132865,0.86328125,3.9699779573854035,0.5804195800027647
131,1.236559433862567,0.8583984375,3.9714499075651726,0.5804195800027647
132,1.2336426340043545,0.861328125,3.9797581136921347,0.5827505823337671
133,1.2315344121307135,0.859375,3.9604882660445635,0.5827505823337671
134,1.2309747226536274,0.861328125,3.97024735759744,0.5850815846647693
135,1.2414885200560093,0.8623046875,3.9692551211599425,0.5839160834992683
136,1.227068142965436,0.8662109375,3.983005037952414,0.5850815846647693
137,1.2159858625382185,0.8642578125,3.984115698954442,0.5850815846647693
138,1.2146301753818989,0.8603515625,4.012152761290401,0.5850815846647693
139,1.1929502002894878,0.859375,4.011271482858902,0.5850815846647693
140,1.1850892640650272,0.8623046875,3.9856738305036283,0.5850815846647693
141,1.1765863504260778,0.8603515625,3.9807281755345127,0.5839160834992683
142,1.1437242310494184,0.86328125,3.966970863320055,0.5815850811682659
143,1.1570170670747757,0.8662109375,3.9812436592884555,0.5827505823337671
144,1.1447764728218317,0.86328125,3.9842021659815505,0.5804195800027647
145,1.1239966228604317,0.8681640625,3.971679573570376,0.5815850811682659
146,1.1158971600234509,0.8671875,3.971265617784087,0.5780885776717624
147,1.1150512546300888,0.8681640625,3.9819042810471186,0.5780885776717624
148,1.1126004792749882,0.8662109375,3.9944588159903502,0.5792540788372635
149,1.0960264205932617,0.8671875,3.995568698936409,0.5804195800027647
150,1.0975657030940056,0.8662109375,4.009772949841195,0.5815850811682659
151,1.0803925171494484,0.869140625,3.982600249888458,0.5792540788372635
152,1.0858737975358963,0.865234375,4.022053167814419,0.5815850811682659
153,1.0821842122823,0.8681640625,4.008623552766991,0.5815850811682659
154,1.0921946205198765,0.869140625,4.005789965738505,0.5804195800027647
155,1.075331462547183,0.8681640625,3.9966403126438736,0.5804195800027647
156,1.0879650060087442,0.8740234375,3.987632734792216,0.5804195800027647
157,1.0735629792325199,0.87109375,3.9748256317663304,0.5792540788372635
158,1.063589334487915,0.8720703125,4.011646350780567,0.5827505823337671
159,1.0716578122228384,0.873046875,4.023883239372627,0.5827505823337671
160,1.0729385651648045,0.8701171875,4.0151626013375665,0.5815850811682659
161,1.055325547233224,0.8759765625,3.9984059011463797,0.5769230765062612
162,1.065666750073433,0.8818359375,3.999310334523519,0.5804195800027647
163,1.0694132521748543,0.876953125,4.020047736890389,0.5839160834992683
164,1.0692012552171946,0.8720703125,4.069601640278921,0.5839160834992683
165,1.0539579261094332,0.87890625,4.067299098123759,0.5804195800027647
166,1.0527760814875364,0.876953125,4.05680272629211,0.5804195800027647
167,1.0524763613939285,0.8759765625,4.066903128212704,0.5804195800027647
168,1.0494440905749798,0.87890625,4.054166879965153,0.5792540788372635
169,1.0505008902400732,0.8798828125,4.054912084743971,0.5804195800027647
170,1.0486631412059069,0.876953125,4.06004300039687,0.5780885776717624
171,1.046580869704485,0.8759765625,4.043294410327653,0.5780885776717624
172,1.0472421385347843,0.8759765625,4.019851674010981,0.5780885776717624
173,1.0488881524652243,0.8779296875,4.021807080937988,0.5792540788372635
174,1.047490295022726,0.8818359375,4.019113118831928,0.5792540788372635
175,1.0449866186827421,0.8798828125,4.037618937748017,0.5815850811682659
176,1.0444920677691698,0.8828125,4.063980691638582,0.5804195800027647
177,1.043248756788671,0.8818359375,4.078847548900506,0.5815850811682659
178,1.0411202125251293,0.8837890625,4.0886188959464045,0.5804195800027647
179,1.0396699216216803,0.880859375,4.065473708239469,0.5804195800027647
180,1.0370988883078098,0.8818359375,4.057823960319821,0.5804195800027647
181,1.0383506789803505,0.8828125,4.07908805322536,0.5804195800027647
182,1.0364094115793705,0.8857421875,4.0832668323339005,0.5804195800027647
183,1.0350266862660646,0.8857421875,4.082263111234544,0.5804195800027647
184,1.0370031180791557,0.880859375,4.092429554545796,0.5815850811682659
185,1.036599830724299,0.8837890625,4.085984801356887,0.5815850811682659
186,1.026801573112607,0.8837890625,4.091417096433662,0.5815850811682659
187,1.0210983259603381,0.8876953125,4.091158595674243,0.5815850811682659
188,1.0328342989087105,0.8857421875,4.078970042142001,0.5804195800027647
189,1.0192541778087616,0.8857421875,4.054358154465825,0.5804195800027647
190,1.0179410176351666,0.884765625,4.105737087609884,0.5804195800027647
191,1.0212641805410385,0.8798828125,4.07344690069452,0.5815850811682659
192,1.0184880020096898,0.880859375,4.060189004266735,0.5815850811682659
193,1.015675624832511,0.8896484375,4.0572730883573875,0.5827505823337671
194,1.016068919096142,0.884765625,4.070354823465948,0.5839160834992683
195,1.015266826376319,0.8857421875,4.056925707485848,0.5839160834992683
196,1.0139290634542704,0.890625,4.022730802322601,0.5839160834992683
197,1.0128954267129302,0.8876953125,4.011699731533344,0.5839160834992683
198,1.0164518784731627,0.8818359375,4.0342749860181115,0.5827505823337671
199,1.0109740477055311,0.88671875,4.070860101904347,0.5804195800027647
200,1.0122998356819153,0.8876953125,4.062539787003488,0.5815850811682659
201,1.0114930346608162,0.8876953125,4.074856918174904,0.5815850820018973
202,1.0108513738960028,0.888671875,4.0670080468371195,0.5815850820018973
203,1.007686834782362,0.8935546875,4.087049744901679,0.5804195800027647
204,1.0098828598856926,0.8876953125,4.078985186445685,0.5804195800027647
205,1.007859880104661,0.892578125,4.074988514115483,0.5804195808363961
206,1.0081861913204193,0.8876953125,4.080776361318735,0.5804195808363961
207,1.008296499028802,0.88671875,4.085342665096541,0.5804195808363961
208,1.0057409070432186,0.888671875,4.097987285582891,0.5804195808363961
209,1.004679181613028,0.892578125,4.086696676441006,0.5804195808363961
210,1.0028274022042751,0.890625,4.115106036890914,0.5804195808363961
211,1.0054618818685412,0.8876953125,4.0922955905363,0.5815850820018973
212,1.0036027636379004,0.8876953125,4.103971066730561,0.5815850820018973
213,1.001642731949687,0.89453125,4.091731302110188,0.5815850820018973
214,1.002883018925786,0.890625,4.103857333843525,0.5804195808363961
215,1.0021295063197613,0.890625,4.093903960603656,0.5804195808363961
216,1.0012000361457467,0.89453125,4.104252439000946,0.5792540796708949
217,1.0013408735394478,0.8896484375,4.093766620387008,0.5792540796708949
218,0.9989496823400259,0.8916015625,4.109308475658888,0.5780885785053937
219,0.9953874498605728,0.89453125,4.108756180965539,0.5792540796708949
220,0.9976994693279266,0.8955078125,4.099721185533039,0.5780885785053937
221,0.9973562434315681,0.896484375,4.119324056140749,0.5780885785053937
222,0.9972594901919365,0.892578125,4.090323319246163,0.5780885785053937
223,0.9979285076260567,0.896484375,4.098378499904713,0.5769230773398927
224,0.9957705624401569,0.896484375,4.088118288622591,0.5757575761743915
225,0.9954544864594936,0.8974609375,4.1406714093712935,0.5769230773398927
226,0.9963727982249111,0.890625,4.139962181344733,0.5769230773398927
227,0.9950548820197582,0.900390625,4.141601395773721,0.5769230773398927
228,0.9853417444974184,0.892578125,4.115548393943093,0.5769230773398927
229,0.995176893658936,0.900390625,4.113639862665208,0.5757575761743915
230,0.9834035318344831,0.8974609375,4.135834475497266,0.5769230773398927
231,0.992667839396745,0.8974609375,4.157413918933113,0.5757575761743915
232,0.9796015326865017,0.8974609375,4.158766475312915,0.5769230773398927
233,0.9773555919528008,0.8974609375,4.16963982415366,0.5757575761743915
234,0.9791647661477327,0.900390625,4.147685819016748,0.5769230773398927
235,0.9773619901388884,0.900390625,4.158102521807441,0.5757575761743915
236,0.9763445402495563,0.896484375,4.146776467770129,0.5757575761743915
237,0.9752628449350595,0.9013671875,4.173864137876284,0.572261072677888
238,0.9747188058681786,0.90234375,4.177267335789465,0.5710955715123868
239,0.9742130348458886,0.90234375,4.174738348780812,0.572261072677888
240,0.9737846180796623,0.9033203125,4.1757711202670365,0.572261072677888
241,0.9762057587504387,0.8984375,4.177448813453976,0.572261072677888
242,0.9723350051790476,0.900390625,4.177930650733289,0.572261072677888
243,0.974870789796114,0.904296875,4.1785484399551,0.5710955715123868
244,0.9715844788588583,0.9013671875,4.182244564269806,0.5710955715123868
245,0.9687795080244541,0.90234375,4.204520869644094,0.5699300703468856
246,0.9723519552499056,0.9033203125,4.201461432419179,0.5710955715123868
247,0.9726071804761887,0.900390625,4.201262021120334,0.5699300703468856
248,0.9695018995553255,0.90625,4.201834764791813,0.5699300703468856
249,0.9693608805537224,0.90625,4.1716366003165435,0.5699300703468856
250,0.9700042577460408,0.90625,4.155603676687032,0.572261072677888
251,0.9680246156640351,0.9033203125,4.169909527807524,0.572261072677888
252,0.9685073923319578,0.9052734375,4.187463891533983,0.5699300703468856
253,0.9681443776935339,0.9072265625,4.203059384317109,0.5675990680158833
254,0.968202468007803,0.9052734375,4.190648824740679,0.5675990680158833
255,0.9679165259003639,0.9033203125,4.179137845139404,0.5699300703468856
256,0.9666285938583314,0.9072265625,4.179935429201815,0.5699300703468856
257,0.9657482616603374,0.90625,4.2144046079862365,0.5687645691813845
258,0.9666499234735966,0.9052734375,4.2105391998113175,0.5687645691813845
259,0.9643846652470529,0.9052734375,4.212364472987213,0.5699300703468856
260,0.9651263821870089,0.9072265625,4.2354090769529895,0.5687645691813845
261,0.9622247472871095,0.9130859375,4.245365298989213,0.5699300703468856
262,0.9644771441817284,0.908203125,4.3027679253291415,0.5687645691813845
263,0.9629717767238617,0.9072265625,4.291264241114085,0.5687645691813845
264,0.9628674127161503,0.9072265625,4.3028856012926795,0.5687645691813845
265,0.9479344338178635,0.916015625,4.323076374325163,0.5687645691813845
266,0.9646653421223164,0.9091796875,4.32995599077576,0.5687645691813845
267,0.9602145161479712,0.916015625,4.34716790094798,0.5675990680158833
268,0.9612194485962391,0.91015625,4.3935617038975785,0.5734265728708192
269,0.9602033384144306,0.9130859375,4.368652734445248,0.5710955705398169
270,0.9599104672670364,0.91015625,4.336342773793183,0.5687645691813845
271,0.9595734160393476,0.91015625,4.350164581289936,0.5710955705398169
272,0.9607529039494693,0.91015625,4.3530299535720225,0.5710955705398169
273,0.9583643916994333,0.9169921875,4.309461570286251,0.5687645691813845
274,0.9587954040616751,0.9150390625,4.357824739042695,0.5710955705398169
275,0.9561230279505253,0.9169921875,4.368914024535314,0.572261071705318
276,0.9577152337878942,0.9111328125,4.357947142807753,0.5710955705398169
277,0.9576866682618856,0.9091796875,4.35908188519778,0.572261071705318
278,0.9555264487862587,0.9150390625,4.366621229198429,0.5710955705398169
279,0.9439706951379776,0.912109375,4.365853872054663,0.5710955705398169
280,0.9422513004392385,0.9130859375,4.379273481858083,0.5710955705398169
281,0.9547367226332426,0.9150390625,4.386243672915549,0.5710955705398169
282,0.9417357994243503,0.9169921875,4.398021885842988,0.572261071705318
283,0.9398137833923101,0.916015625,4.412024265124804,0.5699300693743157
284,0.9416849426925182,0.912109375,4.398068824848095,0.5699300693743157
285,0.9405877417884767,0.9169921875,4.39726477903086,0.5734265728708192
286,0.93952820263803,0.9150390625,4.428473717682845,0.5734265728708192
287,0.9393111802637577,0.9130859375,4.445601849567084,0.5745920740363203
288,0.938647098839283,0.91796875,4.430888254325707,0.5734265728708192
289,0.9377018213272095,0.916015625,4.4317475815753005,0.5734265728708192
290,0.9389041475951672,0.9169921875,4.441143173715729,0.5734265728708192
291,0.9375509954988956,0.91796875,4.4597371019127765,0.572261071705318
292,0.9376552980393171,0.912109375,4.471364694319683,0.5710955705398169
293,0.9362811895553023,0.9189453125,4.469931567465509,0.5745920740363203
294,0.9341040439903736,0.91796875,4.476181244238829,0.572261071705318
295,0.9351629484444857,0.91796875,4.487525126872918,0.572261071705318
296,0.9343376327306032,0.9169921875,4.475101558200685,0.5734265728708192
297,0.9352287338115275,0.9140625,4.472919215689172,0.5710955705398169
298,0.9345302358269691,0.9169921875,4.4691047446155325,0.572261071705318
299,0.9340690812096,0.9150390625,4.474208985175286,0.5710955705398169
300,0.933208180591464,0.916015625,4.491465898660513,0.572261071705318
301,0.9333755164407194,0.919921875,4.463075133748266,0.572261071705318
302,0.9329050593078136,0.9189453125,4.424520099635447,0.5734265728708192
303,0.9318421650677919,0.9169921875,4.473900571569696,0.5734265728708192
304,0.9328491408377886,0.919921875,4.5006299246719115,0.5757575752018215
305,0.9324140939861536,0.916015625,4.515964524729268,0.5757575752018215
306,0.9310509078204632,0.9228515625,4.489737871365669,0.5745920740363203
307,0.9306965181604028,0.919921875,4.4774415898712085,0.5745920740363203
308,0.9301872123032808,0.9189453125,4.459556841350102,0.5769230763673227
309,0.929399978602305,0.9228515625,4.487156366690611,0.5757575752018215
310,0.928786238655448,0.9228515625,4.474381571327334,0.5757575752018215
311,0.931893102824688,0.9189453125,4.495186840181862,0.5769230763673227
312,0.9297967883758247,0.9189453125,4.503866583595187,0.5757575752018215
313,0.9302430208772421,0.9228515625,4.515623167678193,0.5734265728708192
314,0.9276493743527681,0.923828125,4.501955340792249,0.5757575752018215
315,0.9286168217658997,0.9228515625,4.496372578583119,0.5769230763673227
316,0.9286814294755459,0.9208984375,4.496041569676432,0.5757575752018215
317,0.927668109536171,0.923828125,4.516905321663632,0.5745920740363203
318,0.927813807502389,0.921875,4.504169726427341,0.5734265728708192
319,0.9272622168064117,0.9189453125,4.504644003225651,0.5745920740363203
320,0.9267996090929955,0.9228515625,4.5044411045688015,0.579254078698325
321,0.9267852585762739,0.9267578125,4.516880253256062,0.5745920740363203
322,0.9269818291068077,0.923828125,4.524758206102954,0.5745920740363203
323,0.9256149893626571,0.9248046875,4.53227325419446,0.572261071705318
324,0.9248730503022671,0.9248046875,4.548313328714082,0.5734265728708192
325,0.9239761978387833,0.923828125,4.576683550725728,0.5734265728708192
326,0.9238331783562899,0.923828125,4.549067164356614,0.5734265728708192
327,0.9244809709489346,0.923828125,4.537118283185092,0.5734265728708192
328,0.9230192918330431,0.9248046875,4.56253812529824,0.5734265728708192
329,0.9241007473319769,0.92578125,4.5500309900804,0.5745920740363203
330,0.9245495609939098,0.9208984375,4.540860182199722,0.5710955705398169
331,0.9238936267793179,0.9248046875,4.5470612804928585,0.572261071705318
332,0.9240888711065054,0.9248046875,4.564691696411524,0.5710955705398169
333,0.9221307821571827,0.927734375,4.538339306980302,0.5734265728708192
334,0.921752898953855,0.9287109375,4.556052642546612,0.5734265728708192
335,0.9244161304086447,0.921875,4.577736130405417,0.5757575752018215
336,0.9208071224857122,0.9287109375,4.578192670862157,0.572261071705318
337,0.9229680579155684,0.923828125,4.582465989328487,0.5757575752018215
338,0.9215192273259163,0.9267578125,4.600893207363315,0.5734265728708192
339,0.9200047291815281,0.927734375,4.634650645000396,0.5769230763673227
340,0.9210060797631741,0.923828125,4.634476441047687,0.5769230763673227
341,0.9212554506957531,0.9267578125,4.634366633453014,0.5757575752018215
342,0.9194773621857166,0.9287109375,4.6238270617309425,0.5757575752018215
343,0.9203334972262383,0.9267578125,4.621128231217534,0.572261071705318
344,0.906973909586668,0.9296875,4.618838504755692,0.5734265728708192
345,0.9184578489512205,0.927734375,4.60651987249201,0.5734265728708192
346,0.9193057395750657,0.92578125,4.603788752655883,0.5734265728708192
347,0.904106576461345,0.9296875,4.596261328472679,0.5710955705398169
348,0.9194942079484463,0.9296875,4.619987278273611,0.5757575752018215
349,0.917718980461359,0.927734375,4.619301431384676,0.5757575752018215
350,0.906462861225009,0.9267578125,4.606017175532165,0.5734265728708192
351,0.9178210590034723,0.9267578125,4.609210261653909,0.572261071705318
352,0.9031959322746843,0.9296875,4.608631364115468,0.572261071705318
353,0.9164492037380114,0.9267578125,4.603232104739387,0.5734265728708192
354,0.9161093197762966,0.9267578125,4.591347279248538,0.5745920740363203
355,0.9032213906757534,0.9287109375,4.6046821276346845,0.5734265728708192
356,0.9031589049845934,0.9287109375,4.604751082844945,0.572261071705318
357,0.9062178749591112,0.9287109375,4.588673481574426,0.5734265728708192
358,0.9162350557744503,0.927734375,4.591458817461987,0.5757575752018215
359,0.9049305561929941,0.9287109375,4.581302791764409,0.5734265728708192
360,0.9010678986087441,0.931640625,4.58378006972911,0.5757575752018215
361,0.901398119982332,0.9296875,4.574213946060145,0.5745920740363203
362,0.9011341668665409,0.9287109375,4.592690857418211,0.5745920740363203
363,0.8999331486411393,0.931640625,4.592859043108,0.5757575752018215
364,0.9002403719350696,0.931640625,4.577394303741989,0.5769230763673227
365,0.9003532342612743,0.927734375,4.603274778330521,0.5757575752018215
366,0.9003814151510596,0.9306640625,4.5787164020093725,0.5769230763673227
367,0.8979626005748287,0.931640625,4.591760859344944,0.5745920740363203
368,0.8992073014378548,0.9345703125,4.593299867389919,0.5745920740363203
369,0.8978203851729631,0.9326171875,4.587496146733389,0.5757575752018215
370,0.8991226926445961,0.931640625,4.5904173578693594,0.5757575752018215
371,0.8983181507792324,0.9326171875,4.59105484524529,0.5734265728708192
372,0.8970138411968946,0.9306640625,4.594977520006798,0.5734265728708192
373,0.8962289318442345,0.931640625,4.601339673662519,0.5745920740363203
374,0.8971897922456264,0.9326171875,4.583902983120828,0.5734265728708192
375,0.897301247343421,0.9326171875,4.586090675322882,0.5734265728708192
376,0.8958815149962902,0.93359375,4.602609866704697,0.5745920740363203
377,0.8954560942947865,0.9306640625,4.604042455588743,0.5769230763673227
378,0.8961103761103004,0.9345703125,4.5770259625983964,0.5780885775328238
379,0.895721472799778,0.931640625,4.566515767490947,0.5769230763673227
380,0.8960078749805689,0.9345703125,4.564140629935098,0.5757575752018215
381,0.896799199283123,0.93359375,4.575836414501661,0.5769230763673227
382,0.8939348366111517,0.935546875,4.603921151105618,0.5757575752018215
383,0.8953093010932207,0.931640625,4.600182218151493,0.5769230763673227
384,0.894777512177825,0.93359375,4.589542256090747,0.5769230763673227
385,0.8945254161953926,0.93359375,4.587053690756951,0.5734265728708192
386,0.8940065468195826,0.931640625,4.602142441800702,0.5745920740363203
387,0.893745532259345,0.9326171875,4.603551270522716,0.5757575752018215
388,0.8943546768277884,0.9345703125,4.587695864252833,0.5745920740363203
389,0.8927434557117522,0.9326171875,4.5846372200892525,0.5734265728708192
390,0.8938330947421491,0.93359375,4.589617259018905,0.5710955705398169
391,0.8922151047736406,0.931640625,4.60281334723626,0.572261071705318
392,0.8916143830865622,0.93359375,4.6027385882842236,0.5710955705398169
393,0.8807587437331676,0.935546875,4.6103859247861205,0.5745920740363203
394,0.8779013499151915,0.935546875,4.604862657738177,0.5745920740363203
395,0.879668228328228,0.935546875,4.593759500063383,0.5745920740363203
396,0.8785189799964428,0.9345703125,4.598038058180909,0.5745920740363203
397,0.8775583989918232,0.935546875,4.623902403113448,0.5745920740363203
398,0.8785236713010818,0.93359375,4.611812101377474,0.5734265728708192
399,0.8771071936935186,0.935546875,4.614770775352603,0.5734265728708192
400,0.8772353115491569,0.9345703125,4.623776144081062,0.5734265728708192
401,0.8767276350408792,0.9345703125,4.6351925098534785,0.5745920740363203
402,0.8764754757285118,0.935546875,4.623402207047789,0.5757575752018215
403,0.8750454026740044,0.931640625,4.602569964660075,0.5745920740363203
404,0.877795244101435,0.931640625,4.63155712058772,0.5757575752018215
405,0.8759217169135809,0.935546875,4.63330450146904,0.5769230763673227
406,0.8744319211691618,0.93359375,4.595948990686234,0.5757575752018215
407,0.8747558705508709,0.9345703125,4.636166684833162,0.5745920740363203
408,0.876148640178144,0.9326171875,4.627867424126827,0.5757575752018215
409,0.8748992085456848,0.9365234375,4.622415150240029,0.5769230763673227
410,0.8749718312174082,0.935546875,4.618900259613713,0.5780885775328238
411,0.873890127055347,0.931640625,4.624781380722295,0.5780885775328238
412,0.8737894068472087,0.9345703125,4.624142023789021,0.5769230763673227
413,0.8752179760485888,0.93359375,4.60679249274425,0.579254078698325
414,0.8738426901400089,0.9345703125,4.605841562742397,0.5780885775328238
415,0.8731097113341093,0.935546875,4.60902977767802,0.5769230763673227
416,0.873935166746378,0.93359375,4.60763256588738,0.5780885775328238
417,0.8727571095805615,0.9326171875,4.609300900172521,0.5804195798638262
418,0.8728359928354621,0.9326171875,4.621217659859113,0.5815850810293273
419,0.8732035018038005,0.935546875,4.645889574553305,0.579254078698325
420,0.8726621298119426,0.9345703125,4.632092394750991,0.5769230763673227
421,0.8717851554974914,0.935546875,4.631297385498082,0.5780885775328238
422,0.8718068115413189,0.9365234375,4.626120501742775,0.579254078698325
423,0.8719831362832338,0.93359375,4.65098741393545,0.5757575752018215
424,0.8709357473999262,0.9345703125,4.650557302372717,0.5734265728708192
425,0.8713560812175274,0.9345703125,4.665764262904098,0.5734265728708192
426,0.871051112189889,0.9365234375,4.6404200984047845,0.5745920740363203
427,0.870817132294178,0.935546875,4.655397489632204,0.5757575752018215
428,0.8701649866998196,0.9345703125,4.660942389414861,0.5780885775328238
429,0.8709186415653676,0.93359375,4.651007173778294,0.579254078698325
430,0.8708364553749561,0.9365234375,4.633191404364881,0.579254078698325
431,0.8704471681267023,0.9345703125,4.647908272443118,0.579254078698325
432,0.86913001537323,0.935546875,4.660936984704647,0.5780885775328238
433,0.8707776498049498,0.9345703125,4.677390805491201,0.5769230763673227
434,0.8701705560088158,0.9375,4.662544546149549,0.5769230763673227
435,0.8686584066599607,0.9384765625,4.652050688550188,0.5780885775328238
436,0.8696426912210882,0.93359375,4.663698901107539,0.579254078698325
437,0.8690939880907536,0.939453125,4.6658177392466085,0.5769230763673227
438,0.8683938453905284,0.935546875,4.664806692750304,0.5769230763673227
439,0.8694118626881391,0.935546875,4.663169860284089,0.5757575761743915
440,0.868751211091876,0.9365234375,4.679032804804804,0.5745920750088903
441,0.8692570962011814,0.9375,4.664197018096497,0.5780885775328238
442,0.867664607707411,0.9375,4.650771176620519,0.579254078698325
443,0.8675071746110916,0.9375,4.649487830542184,0.579254078698325
444,0.8692973827710375,0.9345703125,4.650704481107094,0.579254078698325
445,0.8687091688625515,0.9365234375,4.659010437540797,0.579254078698325
446,0.8673240561038256,0.939453125,4.676614452908923,0.5780885775328238
447,0.8688951348885894,0.9375,4.649442706630502,0.5780885775328238
448,0.8674576357007027,0.9365234375,4.646211342378096,0.579254078698325
449,0.8680303078144789,0.939453125,4.676302440238722,0.5745920750088903
450,0.8669745614752173,0.9384765625,4.677704407618596,0.5769230773398927
451,0.8665287643671036,0.9384765625,4.68184748229447,0.5757575761743915
452,0.8665858972817659,0.9365234375,4.682646086165955,0.5745920750088903
453,0.8669920451939106,0.939453125,4.68257556761895,0.5745920750088903
454,0.8660888695158064,0.9345703125,4.675650893947183,0.5769230773398927
455,0.8667080185841769,0.9375,4.647739713286464,0.5769230763673227
456,0.8658343434799463,0.9384765625,4.67882091682274,0.5769230773398927
457,0.8681566447485238,0.9375,4.683098836378618,0.5769230773398927
458,0.8660588823258877,0.9345703125,4.682346534062098,0.5780885785053937
459,0.8655544463545084,0.9404296875,4.68038120747724,0.5780885785053937
460,0.8657857272773981,0.935546875,4.708270110172547,0.5757575761743915
461,0.8553108014166355,0.935546875,4.706252160327973,0.5757575761743915
462,0.8644742232281715,0.9404296875,4.694199789376248,0.5745920750088903
463,0.8645673599094152,0.9375,4.706537041075024,0.5780885785053937
464,0.8654545359313488,0.9384765625,4.697090377340784,0.5792540796708949
465,0.851749612018466,0.9384765625,4.667831404781563,0.5780885785053937
466,0.8658652771264315,0.9375,4.683050189540658,0.5780885785053937
467,0.865489965537563,0.9365234375,4.680871631159927,0.5780885785053937
468,0.8501949459314346,0.939453125,4.675984249248371,0.5757575761743915
469,0.8639240171760321,0.9375,4.691308498938323,0.5792540796708949
470,0.8642208725214005,0.939453125,4.6955433186395465,0.5792540796708949
471,0.8637008870136924,0.939453125,4.713915979389822,0.5780885785053937
472,0.8650934812612832,0.935546875,4.6494046591378595,0.5804195798638262
473,0.8633039983687922,0.9384765625,4.677219036853675,0.5792540796708949
474,0.8629406802356243,0.9375,4.680711139887919,0.5792540796708949
475,0.8636495552491397,0.9384765625,4.656960524601258,0.5780885785053937
476,0.8642078414559364,0.9384765625,4.644125637196717,0.5792540796708949
477,0.8631875570863485,0.9365234375,4.653199633796176,0.5792540796708949
478,0.8640048298984766,0.9365234375,4.651759341602281,0.5804195808363961
479,0.8630416176747531,0.939453125,4.663641970196526,0.5780885785053937
480,0.8630203921347857,0.9384765625,4.642871249805797,0.5769230773398927
481,0.8616816848516464,0.9404296875,4.670592778768295,0.5780885785053937
482,0.8622115850448608,0.9384765625,4.6831655341150595,0.5769230773398927
483,0.8622962720692158,0.9375,4.659503587753901,0.5780885785053937
484,0.8625683727441356,0.9404296875,4.660032585228517,0.5780885785053937
485,0.8623531181365252,0.9384765625,4.68221138740753,0.5792540796708949
486,0.8621005725581199,0.9375,4.7141358513376375,0.5792540796708949
487,0.8618175312876701,0.9384765625,4.690437115711488,0.5780885785053937
488,0.862086582928896,0.9404296875,4.674880576856209,0.5792540796708949
489,0.8499886598438025,0.9365234375,4.712945003887435,0.5792540796708949
490,0.8627018837723881,0.9365234375,4.689010090483374,0.5792540796708949
491,0.8614166101906449,0.939453125,4.685197234987379,0.5804195808363961
492,0.860855927458033,0.9375,4.683713935194038,0.5804195808363961
493,0.8618530066451058,0.9404296875,4.681717062885666,0.5815850820018973
494,0.8616116432240233,0.939453125,4.676813012236482,0.5792540796708949
495,0.86108766682446,0.9384765625,4.717286028784194,0.5792540796708949
496,0.8620100524276495,0.9375,4.7053118985849665,0.5780885785053937
497,0.8503657020628452,0.9404296875,4.7185404439628265,0.5804195808363961
498,0.8494780483888462,0.9384765625,4.69090966689281,0.5792540796708949
499,0.8605757225304842,0.9404296875,4.675235415949966,0.5792540796708949
500,0.8468548357486725,0.9404296875,4.6636294762849255,0.5792540796708949
501,0.8490604478865862,0.9384765625,4.656942341989015,0.5804195808363961
502,0.8475875677540898,0.939453125,4.704027382088152,0.5792540796708949
503,0.8469644859433174,0.9384765625,4.672516425450643,0.5804195808363961
504,0.8470028676092625,0.9404296875,4.684490549536574,0.5804195808363961
505,0.8477830272167921,0.9375,4.660827936826053,0.5839160833603296
506,0.8465314202476293,0.939453125,4.66274468937676,0.5815850820018973
507,0.8449702451471239,0.939453125,4.654560243611013,0.579254078698325
508,0.8455644380301237,0.94140625,4.669210969707071,0.5815850810293273
509,0.8462801296263933,0.9404296875,4.6721666559472785,0.5815850810293273
510,0.8457775621209294,0.939453125,4.672554128375642,0.5780885775328238
511,0.8461597501300275,0.9365234375,4.663510310899961,0.579254078698325
512,0.8453292613849044,0.9404296875,4.674667205566015,0.579254078698325
513,0.8460229001939297,0.9404296875,4.672670841217041,0.579254078698325
514,0.8448215294629335,0.9404296875,4.6838230425383385,0.5804195798638262
515,0.845693439245224,0.9384765625,4.685371015455339,0.5804195798638262
516,0.8440253883600235,0.9384765625,4.667157420467386,0.5780885785053937
517,0.8441954560112208,0.94140625,4.693082689961075,0.5780885785053937
518,0.8443644447252154,0.9384765625,4.7125992347032595,0.5780885785053937
519,0.8448425587266684,0.939453125,4.736667485226007,0.5780885785053937
520,0.8438410796225071,0.943359375,4.73597734846991,0.5780885785053937
521,0.8438246008008718,0.9384765625,4.747330864548405,0.5780885785053937
522,0.84412781894207,0.939453125,4.7235351025641386,0.5769230773398927
523,0.8432793719694018,0.939453125,4.73093527624935,0.5780885785053937
524,0.8427576441317797,0.9404296875,4.73128277327353,0.5804195808363961
525,0.8318907022476196,0.9375,4.729829002927233,0.5792540796708949
526,0.8438014591811225,0.939453125,4.7310195269284545,0.5792540796708949
527,0.8428249508142471,0.9404296875,4.714392850449035,0.5804195808363961
528,0.8434077030979097,0.9384765625,4.726926869723624,0.5827505821948284
529,0.8426039051264524,0.939453125,4.73000132176148,0.5815850810293273
530,0.8430372031871229,0.9404296875,4.726081483569734,0.5804195798638262
531,0.8421978869009763,0.939453125,4.737015838667507,0.5815850810293273
532,0.8424914889037609,0.9384765625,4.761715653892997,0.5804195798638262
533,0.8429155594203621,0.9404296875,4.750182718108028,0.5804195798638262
534,0.8427121012355201,0.9375,4.748935566081867,0.5804195798638262
535,0.8424599475692958,0.9404296875,4.7921950016822015,0.5769230773398927
536,0.8426857274025679,0.939453125,4.77343466620901,0.5780885785053937
537,0.8420013580471277,0.9404296875,4.780014468795492,0.5792540796708949
538,0.8429924212396145,0.94140625,4.776229283192775,0.5780885785053937
539,0.83025166625157,0.939453125,4.755959842032764,0.5792540796708949
540,0.8293750900775194,0.939453125,4.739549793007768,0.5804195798638262
541,0.8422246482223272,0.9404296875,4.803243058544773,0.5780885785053937
542,0.8278617945034057,0.94140625,4.800542820861567,0.5804195808363961
543,0.8313447469845414,0.9384765625,4.788614657097485,0.5839160833603296
544,0.8287343122065067,0.94140625,4.783929103460068,0.5827505821948284
545,0.8290499374270439,0.939453125,4.784451825357539,0.5804195798638262
546,0.8271584836766124,0.9423828125,4.757713911416647,0.5885780880223344
547,0.8274833559989929,0.9404296875,4.766688558605168,0.5897435891878354
548,0.8276427257806063,0.94140625,4.784006101546032,0.5850815854984007
549,0.8274486251175404,0.9404296875,4.742120209829513,0.5874125878294031
550,0.8277926743030548,0.939453125,4.755168152855826,0.5897435901604055
551,0.8279577139765024,0.9384765625,4.711626257374014,0.5897435891878354
552,0.8285337255802006,0.9384765625,4.751367477826028,0.5920745915188378
553,0.8279633617494255,0.94140625,4.752756065977759,0.5920745915188378
554,0.8271778466878459,0.9423828125,4.764058664406374,0.593240092684339
555,0.8268071359489113,0.9384765625,4.748896758317391,0.5920745915188378
556,0.8257487076334655,0.939453125,4.737987205420897,0.5897435891878354
557,0.8257400654256344,0.9404296875,4.768165510017555,0.593240092684339
558,0.8256063438020647,0.9404296875,4.780494128073846,0.5920745915188378
559,0.8258361089974642,0.94140625,4.782648800692081,0.5920745915188378
560,0.8258722566533834,0.94140625,4.770479333428514,0.5920745915188378
561,0.8251901976764202,0.939453125,4.771405262824817,0.5920745915188378
562,0.8249608799815178,0.9423828125,4.772208904608702,0.5909090903533366
563,0.8258886185940355,0.9423828125,4.7676756843264565,0.5909090903533366
564,0.8255048897117376,0.939453125,4.773094996983633,0.5944055938498402
565,0.8251123502850533,0.9404296875,4.776516999398078,0.5955710950153413
566,0.824629595503211,0.9423828125,4.773042890575383,0.5932400936569089
567,0.8251088634133339,0.9404296875,4.749743921217663,0.5979020973463436
568,0.8243443444371223,0.9404296875,4.78712746591279,0.5979020973463436
569,0.8254824485629797,0.939453125,4.832176264627274,0.5944055948224101
570,0.8247269123094156,0.9423828125,4.82307306314126,0.5932400936569089
571,0.8248444751370698,0.9423828125,4.806184568049469,0.5944055938498402
572,0.8260479141026735,0.94140625,4.789503941724906,0.5944055938498402
573,0.8241907302290201,0.9423828125,4.771704054101086,0.5920745915188378
574,0.8241100907325745,0.9423828125,4.758009791652084,0.5909090903533366
575,0.823857061797753,0.94140625,4.770508231538715,0.5944055938498402
576,0.8240579375997186,0.94140625,4.762378762096236,0.5944055938498402
577,0.8242576327174902,0.9423828125,4.783126917196598,0.5944055938498402
578,0.8242074493318796,0.94140625,4.783319359892732,0.5955710950153413
579,0.8242218941450119,0.9423828125,4.771289490875386,0.5944055938498402
580,0.8235838655382395,0.94140625,4.754381363208477,0.593240092684339
581,0.8251568537671119,0.9423828125,4.758269689021966,0.5944055938498402
582,0.8235094323754311,0.94140625,4.754358856828063,0.5920745915188378
583,0.8241385058499873,0.94140625,4.761194348057389,0.593240092684339
584,0.8236739113926888,0.94140625,4.764072719987456,0.593240092684339
585,0.8235821761190891,0.9404296875,4.751688198609785,0.593240092684339
586,0.8236319087445736,0.9443359375,4.749284351900185,0.5920745915188378
587,0.8235678821802139,0.9423828125,4.753310220224874,0.5897435891878354
588,0.8235938847064972,0.943359375,4.765750753851759,0.5944055938498402
589,0.8231726307421923,0.939453125,4.771829144938009,0.593240092684339
590,0.8234927487792447,0.9404296875,4.780647851926186,0.5944055938498402
591,0.822711618617177,0.94140625,4.76891434720624,0.5955710950153413
592,0.8239911252167076,0.9423828125,4.78294098071563,0.593240092684339
593,0.8228902257978916,0.939453125,4.77392592074432,0.593240092684339
594,0.8226955637801439,0.943359375,4.776229662772937,0.5955710950153413
595,0.8226238451898098,0.9404296875,4.774135458441603,0.593240092684339
596,0.8235526215285063,0.9404296875,4.7860736485683555,0.5944055938498402
597,0.8231191714294255,0.94140625,4.788749915458661,0.5944055938498402
598,0.8228475861251354,0.94140625,4.786594961073015,0.593240092684339
599,0.8233521955553442,0.9423828125,4.788205394655952,0.5955710950153413
