epoch,loss,single_accuracy,val_loss,val_single_accuracy
0,227.10782271706015,0.0012960829493087558,225.21338222942984,0.0
1,225.23658706735355,0.0010440668202764977,223.43983294183607,0.0
2,224.08701778007543,0.0010080645161290322,221.42876522190352,0.0
3,222.67351609331124,0.0007560483870967742,219.43530179483724,0.0
4,221.06463032384073,0.0009360599078341013,216.5841467410428,0.0
5,219.2090309248542,0.0009720622119815668,213.80811529909872,0.0
6,217.1208306237849,0.000900057603686636,210.00940019701062,0.0
7,214.79713032102805,0.00046802995391705067,206.55760516489653,0.0
8,212.28521879697175,0.000900057603686636,202.44534987272397,0.0
9,209.40666982765023,0.000900057603686636,197.86674986679444,0.0
10,206.52890113092238,0.0007200460829493088,193.41340793796655,0.0
11,203.33332160211378,0.0007200460829493088,188.6848112865348,0.0
12,199.9430628482098,0.000576036866359447,183.53200337008712,0.0
13,196.4984157579835,0.0004320276497695853,178.32886744361105,0.0
14,192.85357075352823,0.0006120391705069124,172.88223572821275,0.0
15,189.15179819555325,0.0008640552995391706,167.01717167052874,0.0
16,185.23532340054138,0.0008280529953917051,160.78286463042622,0.0
17,181.35852732856154,0.0007200460829493088,155.37412163659403,0.0
18,177.28470084194763,0.0010440668202764977,149.36561192998593,0.0
19,173.2826845371229,0.0006120391705069124,143.44893459202626,0.0
20,169.15526204614596,0.0007920506912442397,137.3893839750214,0.0
21,164.9763665616787,0.00046802995391705067,131.78171077367244,0.0
22,160.76913603329987,0.0005400345622119816,125.77155553628536,0.0
23,156.52351984120733,0.0007200460829493088,119.81022657092105,0.0
24,152.36356916295767,0.0006480414746543779,114.50770487073073,0.0
25,148.0349616125432,0.0010800691244239632,108.56091992368448,0.0
26,143.74139073806973,0.0006840437788018433,103.15146588246118,0.0
27,139.66526783886044,0.000900057603686636,97.92032743343061,0.0
28,135.78583139867825,0.0003600230414746544,92.11256246012184,0.0
29,131.37998667070943,0.0005400345622119816,86.97208915197183,0.0
30,127.48227408624464,0.0007560483870967742,83.18796606292203,0.0
31,123.42915614958733,0.0007560483870967742,78.51104253510113,0.0
32,119.47454561506,0.0006480414746543779,74.16304169223137,0.0
33,115.25036965647051,0.000900057603686636,69.89754152026117,0.0
34,111.72018079274261,0.00046802995391705067,65.76079008652655,0.0
35,108.1554937406619,0.0008280529953917051,62.140077797553694,0.0
36,104.14356210594353,0.0009360599078341013,58.81611190065147,0.0
37,100.69673685873708,0.0006840437788018433,55.45145176590644,0.0
38,97.10766765049526,0.0008640552995391706,52.43413709860163,0.0
39,94.09804232549008,0.0008640552995391706,49.238696203808146,0.0
40,90.7696048718993,0.0005400345622119816,47.45938192996087,0.0
41,87.48527358094668,0.00046802995391705067,44.822434115437034,0.0
42,84.31197439800209,0.0008280529953917051,42.894472350552256,0.0
43,81.36872891896331,0.0002880184331797235,40.5651948204606,0.0
44,78.64409730621198,0.0006120391705069124,38.98423539599916,0.0
45,76.02962896461311,0.0010080645161290322,37.49384392245737,0.0
46,73.21257736276371,0.0007200460829493088,36.00137941975958,0.0
47,70.69081888330697,0.0006840437788018433,34.713831224082675,0.0
48,68.33955510750344,0.0005040322580645161,33.602054987421326,0.0
49,66.12545260416198,0.0006480414746543779,32.70356479066264,0.0
50,63.851125611687586,0.0008640552995391706,31.8625699155279,0.0
51,61.59097085240799,0.00046802995391705067,31.228328248114245,0.0
52,59.812495227233605,0.0010800691244239632,30.525445022496015,0.0
53,57.76485205795358,0.0008280529953917051,30.039498610806437,0.0
54,56.21056870491274,0.0007920506912442397,29.503364023624016,0.0
55,54.319077214887066,0.001152073732718894,29.15867778295258,0.0
56,52.919783350509434,0.0009720622119815668,28.840525421612348,0.0
57,51.16935551551081,0.0007200460829493088,28.52095932563599,0.0
58,49.96736287411457,0.0006840437788018433,28.285378209269577,0.0
59,48.62395779658023,0.0010080645161290322,28.0868815853767,0.0
60,47.36373398600635,0.0008280529953917051,27.947365096384743,0.0
61,46.251595738846035,0.0007200460829493088,27.801746398856185,0.0
62,45.08235585085258,0.0006120391705069124,27.6980877140093,0.0
63,44.07101698844664,0.0010800691244239632,27.603370453368026,0.0
64,43.090378378942816,0.000900057603686636,27.534680693831927,0.0
65,42.04946111863659,0.000900057603686636,27.481136683047566,0.0
66,41.297207177509364,0.00039602534562211984,27.41304682054161,0.0
67,40.63708864379039,0.0009360599078341013,27.435733014392746,0.0
68,39.72795239461732,0.0010440668202764977,27.33474823876689,0.0
69,39.081845147269114,0.0009720622119815668,27.31602055670326,0.0
70,38.32249183478993,0.0007200460829493088,27.316952443313163,0.0
71,37.76772685424523,0.0010800691244239632,27.286012181942112,0.0
72,37.18676103864397,0.0012240783410138248,27.248948191835236,0.0
73,36.712810085665794,0.000900057603686636,27.21182570897867,0.0
74,36.10142103977467,0.0013680875576036866,27.169621953670628,0.0
75,35.75124810917586,0.0011160714285714285,27.166132440860622,0.0
76,35.169018793765304,0.0009720622119815668,27.12993327133196,0.0
77,34.7422912439443,0.0010080645161290322,27.10734778635858,0.0
78,34.46804944491057,0.0007200460829493088,27.111483840333424,0.0
79,33.99617567809496,0.0008280529953917051,27.024237479424123,0.0
80,33.71336501864244,0.0012960829493087558,26.9380907735096,0.0
81,33.30872979142149,0.0011880760368663595,26.959808034255268,0.0
82,32.94312009503764,0.0013320852534562213,26.869126679823907,0.0
83,32.76248621611002,0.001800115207373272,26.850051507982453,0.0
84,32.429711605546665,0.0015480990783410138,26.835303318541296,0.0
85,32.09872978403821,0.001404089861751152,26.716159583497348,0.0
86,31.88329675120692,0.0017281105990783411,26.70189442302917,0.0
87,31.755501448284097,0.0012600806451612903,26.660464359661873,0.0
88,31.423435145259454,0.0015480990783410138,26.56355324574452,0.0
89,31.17684130954303,0.0017641129032258064,26.56833923365942,0.0
90,30.90541135990125,0.001800115207373272,26.46427059282327,0.0
91,30.755336924082673,0.0020161290322580645,26.376302114506267,0.0
92,30.519630080543905,0.0020161290322580645,26.330667917649585,0.0
93,30.370280705289357,0.002376152073732719,26.30060309015359,0.0
94,30.126677662546186,0.0018361175115207374,26.258883357727676,0.0
95,30.09634260977468,0.0024481566820276496,26.18434712008712,0.0
96,29.850158036579185,0.0021601382488479265,26.136314568253173,0.0
97,29.711214918145387,0.0019441244239631337,26.08625576188926,0.0
98,29.524334134044736,0.002736175115207373,26.000027459730717,0.0
99,29.376458357006722,0.002628168202764977,25.970211116046972,0.0
100,29.244265516782136,0.002772177419354839,25.88468521405245,0.0
101,29.040776397775396,0.0029881912442396314,25.851996860047432,0.0
102,28.961012752374746,0.0030961981566820277,25.779855551986085,0.0
103,28.85251724225585,0.0033842165898617512,25.621986128177447,0.0
104,28.721283987370505,0.0035642281105990785,25.64514116006675,0.0
105,28.476888766486525,0.0029161866359447004,25.56121451879173,0.0
106,28.354699271065847,0.0034922235023041475,25.57356714142089,0.0
107,28.277603940480315,0.004428283410138249,25.485944693553407,0.0
108,28.15400522645168,0.0037442396313364054,25.387224223485966,0.0
109,28.08004765576481,0.004032258064516129,25.305595835095257,0.0011402508551881414
110,27.97496162361813,0.004428283410138249,25.312069837424474,0.0011402508551881414
111,27.92625795970864,0.004716301843317973,25.263776348553336,0.0068415051311288486
112,27.735089350405925,0.005724366359447005,25.10415552415489,0.00798175598631699
113,27.60171745229976,0.00576036866359447,25.094062761678664,0.009122006841505131
114,27.47903668276176,0.005868375576036866,25.084872001117283,0.009122006841505131
115,27.350845007303125,0.004572292626728111,24.906588405404694,0.02280501710376283
116,27.307531431523337,0.0055083525345622115,24.895095248858496,0.010262257696693273
117,27.19099373531781,0.00576036866359447,24.831515789575697,0.012542759407069556
118,27.126156600389614,0.006300403225806451,24.84589137835269,0.02394526795895097
119,26.99326731862011,0.006192396313364055,24.709568684837837,0.019384264538198404
120,26.933831513752036,0.005688364055299539,24.66656440421684,0.013683010262257697
121,26.85238569672756,0.0067684331797235025,24.584681631629795,0.019384264538198404
122,26.716250968968264,0.007200460829493088,24.585211931095973,0.019384264538198404
123,26.609463964189803,0.007092453917050691,24.454832657712895,0.03078677309007982
124,26.52133601491902,0.006588421658986175,24.438418548218607,0.013683010262257697
125,26.431527669528663,0.007092453917050691,24.409620208914223,0.018244013683010263
126,26.38817239137289,0.007956509216589861,24.33188924930794,0.018244013683010263
127,26.32758062336302,0.0077404953917050694,24.270170487998694,0.01710376282782212
128,26.302521376016504,0.007524481566820277,24.216361773326703,0.012542759407069556
129,26.070270788834392,0.007992511520737327,24.155736603513954,0.03192702394526796
130,26.12003515392954,0.008136520737327188,24.106881536398944,0.021664766248574687
131,25.980449135951734,0.008568548387096774,24.056661949462196,0.036488027366020526
132,25.89135934240807,0.00867655529953917,23.981944489778108,0.029646522234891677
133,25.840352647315523,0.009180587557603686,23.91146157024388,0.027366020524515394
134,25.746909805157216,0.009324596774193549,23.878407327180035,0.020524515393386546
135,25.69486686161586,0.008460541474654379,23.845644356043607,0.03534777651083238
136,25.67144400073636,0.009900633640552995,23.802459388393633,0.036488027366020526
137,25.531524992208876,0.010080645161290322,23.73387517461483,0.03534777651083238
138,25.430300396158948,0.009432603686635945,23.597938994317396,0.043329532497149374
139,25.38982944664318,0.00954061059907834,23.632406082501298,0.046750285062713795
140,25.355045432868643,0.009000576036866359,23.537643917610055,0.04446978335233751
141,25.308440779760687,0.009432603686635945,23.498965903861766,0.043329532497149374
142,25.183626939624137,0.010584677419354838,23.4616858200717,0.043329532497149374
143,25.123096096900202,0.009900633640552995,23.37911790915199,0.04789053591790194
144,25.086554092196277,0.01026065668202765,23.37686488892089,0.04218928164196123
145,25.003405672064574,0.011016705069124423,23.359962889650664,0.04104903078677309
146,24.92944259467762,0.009720622119815668,23.270053639515233,0.04561003420752566
147,24.898154887186216,0.00946860599078341,23.231449329458865,0.04104903078677309
148,24.80964697121475,0.011340725806451613,23.18225736846402,0.043329532497149374
149,24.702739856210172,0.011232718894009217,23.157258134883243,0.04446978335233751
150,24.626724542011313,0.009972638248847926,22.99386007946193,0.04561003420752566
151,24.581136048664145,0.011088709677419355,23.030025151599634,0.04446978335233751
152,24.535897074756534,0.011880760368663595,22.951357938272785,0.04561003420752566
153,24.50543452407907,0.009936635944700461,23.016433683197473,0.046750285062713795
154,24.400134033871137,0.011232718894009217,22.952148380953748,0.04561003420752566
155,24.38604029642272,0.011016705069124423,22.85534826515746,0.05017103762827822
156,24.321441180145687,0.011376728110599078,22.747148418100284,0.039908779931584946
157,24.246121793298677,0.012852822580645162,22.827653034519034,0.043329532497149374
158,24.1559929034677,0.012132776497695853,22.70691627189262,0.043329532497149374
159,24.16859873758483,0.011736751152073732,22.721442987057067,0.04789053591790194
160,24.06453100547263,0.012420794930875577,22.616905688695788,0.04561003420752566
161,23.996402929455453,0.012420794930875577,22.640120579144295,0.04903078677309008
162,23.98885378420078,0.011880760368663595,22.465653555423124,0.04903078677309008
163,23.95066358856342,0.012816820276497696,22.518135701508996,0.04561003420752566
164,23.875088981769053,0.011340725806451613,22.38261413356733,0.04789053591790194
165,23.777480072689496,0.012456797235023041,22.402318584742268,0.039908779931584946
166,23.72018862869333,0.013212845622119815,22.269964257287054,0.04446978335233751
167,23.701456236949166,0.012276785714285714,22.301034485872414,0.05017103762827822
168,23.650747035505585,0.01278081797235023,22.21384673080531,0.04789053591790194
169,23.608701855356244,0.012456797235023041,22.231496419439022,0.04789053591790194
170,23.555345210062193,0.0127088133640553,22.203424166654372,0.046750285062713795
171,23.48001022602556,0.012348790322580645,22.12117360418444,0.05017103762827822
172,23.397295094854822,0.01317684331797235,22.01178147066958,0.04903078677309008
173,23.377122922976447,0.013644873271889402,22.017195285114216,0.04789053591790194
174,23.351342798927412,0.012600806451612902,21.999824069380896,0.04218928164196123
175,23.299070564832554,0.012852822580645162,21.932702359207134,0.04789053591790194
176,23.23481758838425,0.014328917050691245,21.893356612498025,0.04789053591790194
177,23.152390154825376,0.013392857142857142,21.833180957128683,0.04218928164196123
178,23.160353115626744,0.013680875576036866,21.745068022707304,0.046750285062713795
179,23.109806509061894,0.01357286866359447,21.814605273569732,0.04789053591790194
180,23.023500446899696,0.014400921658986175,21.648074316461926,0.04903078677309008
181,22.988539018938617,0.013140841013824884,21.720110307125843,0.04903078677309008
182,22.943341523271553,0.013356854838709678,21.708246331122474,0.04903078677309008
183,22.895288528934604,0.012852822580645162,21.677614016299103,0.046750285062713795
184,22.822853053220406,0.014400921658986175,21.6026633033187,0.05017103762827822
185,22.804326923212148,0.014400921658986175,21.54947841779128,0.05017103762827822
186,22.783297121250136,0.013932891705069124,21.494759208392118,0.04903078677309008
187,22.666667028506232,0.014004896313364055,21.48017250635197,0.04789053591790194
188,22.700001830878897,0.013248847926267281,21.46792639511613,0.046750285062713795
189,22.627326512666343,0.013212845622119815,21.42788026215957,0.05017103762827822
190,22.628565616871356,0.014796947004608294,21.38419974054143,0.04903078677309008
191,22.56839939416279,0.014076900921658987,21.300334088750684,0.04903078677309008
192,22.46289573616696,0.015444988479262673,21.27533923098,0.046750285062713795
193,22.491326732020223,0.013464861751152074,21.335798959503695,0.04789053591790194
194,22.390380767083936,0.014868951612903226,21.23600860821888,0.046750285062713795
195,22.313440507458104,0.015372983870967742,21.129409257199363,0.05017103762827822
196,22.281326544449627,0.013536866359447005,21.1415825368605,0.05017103762827822
197,22.297996156226656,0.014616935483870967,21.17034113937256,0.05017103762827822
198,22.23687971352432,0.015012960829493088,21.125024704188277,0.04789053591790194
199,22.241343630074358,0.014976958525345621,21.083021150891295,0.04789053591790194
200,22.185045150018507,0.014184907834101382,21.04891098048559,0.04789053591790194
201,22.145878497356644,0.01476094470046083,20.987542103470528,0.04903078677309008
202,22.120118334546067,0.014292914746543778,21.0124388795894,0.04789053591790194
203,22.07427931930612,0.015444988479262673,20.89305100827016,0.04789053591790194
204,21.922167444009386,0.01389688940092166,20.882955420656106,0.04789053591790194
205,21.940208821802095,0.013860887096774193,20.754987951559244,0.052451539338654506
206,21.866898861898257,0.013356854838709678,20.759069562366097,0.05131128848346636
207,21.845403091149397,0.016201036866359448,20.75231489705659,0.05017103762827822
208,21.792267337922127,0.014256912442396314,20.75295192975139,0.04903078677309008
209,21.770097297457507,0.015336981566820276,20.678183084746724,0.04903078677309008
210,21.70941627959502,0.014472926267281106,20.625909522566584,0.05017103762827822
211,21.65919611091438,0.01576900921658986,20.596516769043802,0.05017103762827822
212,21.65391661384688,0.0146889400921659,20.546841144018053,0.04789053591790194
213,21.571271500829177,0.01807315668202765,20.56919210557927,0.04789053591790194
214,21.565432214517198,0.01602102534562212,20.487693171136872,0.046750285062713795
215,21.552551467297814,0.016201036866359448,20.459288754783987,0.04903078677309008
216,21.47503136929279,0.015372983870967742,20.41974545286346,0.04561003420752566
217,21.426401612945416,0.015228974654377881,20.40751058128296,0.04789053591790194
218,21.386259136112056,0.016057027649769587,20.387549003418385,0.05017103762827822
219,21.320859135570615,0.015733006912442397,20.32037707147196,0.04789053591790194
220,21.32635395208262,0.016453052995391706,20.343284617807875,0.04903078677309008
221,21.307022292493127,0.01681307603686636,20.227832361393126,0.04789053591790194
222,21.26123210801507,0.01695708525345622,20.236151757234857,0.04789053591790194
223,21.17336518423898,0.015012960829493088,20.19885434201805,0.046750285062713795
224,21.1454988954254,0.016705069124423964,20.219506086482152,0.04903078677309008
225,21.177404531136087,0.01602102534562212,20.13550045009078,0.04789053591790194
226,21.08796279221636,0.016417050691244238,20.076580439081486,0.04903078677309008
227,21.04935855250205,0.016381048387096774,20.083592718248358,0.05131128848346636
228,21.001111724958992,0.016597062211981567,19.99417727132208,0.05017103762827822
229,20.98320512288177,0.01609302995391705,19.995216445748863,0.04789053591790194
230,20.961929092758812,0.016777073732718892,19.970425063147378,0.04789053591790194
231,20.927263976242134,0.016237039170506912,19.88965673675015,0.046750285062713795
232,20.895419678929763,0.015985023041474655,19.893416673318825,0.04903078677309008
233,20.82149938064786,0.016741071428571428,19.900795728885733,0.04903078677309008
234,20.860976671842934,0.016057027649769587,19.850768242621776,0.04903078677309008
235,20.777581197325535,0.018289170506912443,19.775386166545385,0.04789053591790194
236,20.76957111973916,0.015913018433179722,19.74833227699132,0.046750285062713795
237,20.678386341042234,0.016417050691244238,19.690382340886845,0.046750285062713795
238,20.68812824284426,0.017569124423963134,19.67640323486676,0.04789053591790194
239,20.650699505608202,0.0176051267281106,19.684288583840313,0.05017103762827822
240,20.560966522462905,0.017425115207373273,19.659686772554195,0.05017103762827822
241,20.542680705197945,0.01774913594470046,19.60291271796928,0.04903078677309008
242,20.4822907821374,0.01774913594470046,19.602578560058177,0.04903078677309008
243,20.483756808091968,0.015985023041474655,19.53453870401415,0.04789053591790194
244,20.45698000209123,0.017245103686635944,19.51699847805323,0.04789053591790194
245,20.406676573687434,0.016201036866359448,19.476931834030587,0.05017103762827822
246,20.390041338133923,0.0176051267281106,19.43175428949441,0.04561003420752566
247,20.34761409935314,0.01688508064516129,19.39284619121486,0.04789053591790194
248,20.292988056411392,0.018001152073732717,19.339412275986362,0.04561003420752566
249,20.30117533283849,0.017461117511520737,19.346023272489333,0.046750285062713795
250,20.265563204541184,0.017137096774193547,19.29915914676888,0.04789053591790194
251,20.22684015107045,0.018901209677419355,19.33559518420438,0.046750285062713795
252,20.215229706830144,0.015913018433179722,19.375576160652745,0.046750285062713795
253,20.138391701307164,0.01839717741935484,19.24730335701015,0.04789053591790194
254,20.08071277548091,0.01735311059907834,19.183428393530328,0.05131128848346636
255,20.049717687791393,0.0166690668202765,19.175905706129434,0.04789053591790194
256,20.078207578527213,0.01821716589861751,19.11728912666695,0.04903078677309008
257,20.0116790428689,0.018109158986175114,19.11872052983248,0.04903078677309008
258,20.007994902298748,0.017821140552995392,19.05512087701256,0.04903078677309008
259,19.93223022425779,0.018685195852534562,19.081029578788524,0.04561003420752566
260,19.889197481392717,0.017641129032258066,19.00467550305983,0.04789053591790194
261,19.86694180361137,0.01933323732718894,18.985335588183343,0.046750285062713795
262,19.84561006045012,0.017317108294930876,18.8733009155691,0.04789053591790194
263,19.83932354483187,0.017065092165898618,18.936183864197684,0.04561003420752566
264,19.76016656374602,0.019189228110599078,18.883310481107358,0.046750285062713795
265,19.80436204655379,0.0176051267281106,18.91577037302363,0.046750285062713795
266,19.773865840402067,0.018829205069124423,18.79801926346434,0.04561003420752566
267,19.698324005724647,0.018829205069124423,18.739664904204034,0.04789053591790194
268,19.675108149304368,0.018973214285714284,18.73240521125402,0.04561003420752566
269,19.664775505593294,0.01972926267281106,18.737068854824575,0.04789053591790194
270,19.592520406169275,0.01728110599078341,18.70532237654265,0.04903078677309008
271,19.577101848092497,0.01821716589861751,18.6973452443,0.046750285062713795
272,19.514865176468952,0.018145161290322582,18.613628550565366,0.046750285062713795
273,19.524378728207356,0.019009216589861752,18.62392031235733,0.04446978335233751
274,19.469571948600805,0.018901209677419355,18.611453309706164,0.04218928164196123
275,19.412394136877104,0.0185411866359447,18.55877966755744,0.04789053591790194
276,19.455138769017935,0.019765264976958526,18.57782113783172,0.04789053591790194
277,19.361991754874655,0.01821716589861751,18.46544598282539,0.046750285062713795
278,19.364211047299996,0.019765264976958526,18.430551776864238,0.04561003420752566
279,19.317450765091152,0.016849078341013825,18.464241362759843,0.04903078677309008
280,19.282897755847,0.018901209677419355,18.413813405053236,0.04446978335233751
281,19.304949193506197,0.019153225806451613,18.377044947416508,0.04789053591790194
282,19.239767158086398,0.019045218894009217,18.390025337854297,0.04446978335233751
283,19.25377873011998,0.01893721198156682,18.344036935264736,0.04446978335233751
284,19.160090354181104,0.019189228110599078,18.28363477735182,0.04561003420752566
285,19.14592762257097,0.019045218894009217,18.32145367516895,0.04561003420752566
286,19.130048321139427,0.0185411866359447,18.282576392422786,0.043329532497149374
287,19.081306918974846,0.018361175115207372,18.222852693860045,0.04446978335233751
288,19.084088971537927,0.018973214285714284,18.161787615942437,0.04446978335233751
289,18.998938810990154,0.020233294930875577,18.160837534487996,0.043329532497149374
290,19.056247293674453,0.01908122119815668,18.0911335113247,0.04446978335233751
291,18.932180949619838,0.021097350230414747,18.07599583998781,0.046750285062713795
292,18.940671810906053,0.01933323732718894,18.0863047961906,0.046750285062713795
293,18.887738553060366,0.01879320276497696,18.039515355022086,0.046750285062713795
294,18.90437763407483,0.01879320276497696,18.085372713843665,0.04446978335233751
295,18.859511458928683,0.02012528801843318,17.994585030706876,0.043329532497149374
296,18.76939621499057,0.01940524193548387,17.983191195480366,0.04561003420752566
297,18.779055889850387,0.019009216589861752,18.022039298184787,0.04561003420752566
298,18.779283585086947,0.019297235023041474,17.982570635144224,0.04561003420752566
299,18.76523895966842,0.018181163594470046,17.94507986001305,0.04561003420752566
300,18.668942605295488,0.01980126728110599,17.889303742412014,0.043329532497149374
301,18.680174933051184,0.019441244239631335,17.929405160205803,0.04446978335233751
302,18.643017351352675,0.019513248847926268,17.87978923062506,0.04561003420752566
303,18.64251996844595,0.020413306451612902,17.873072340387846,0.04218928164196123
304,18.58507515428253,0.02084533410138249,17.789753360378565,0.043329532497149374
305,18.555068666484498,0.019225230414746542,17.731368694501157,0.04561003420752566
306,18.532858527750463,0.02152937788018433,17.723268693773885,0.046750285062713795
307,18.490797833912932,0.02012528801843318,17.66781840873553,0.04104903078677309
308,18.45497773429765,0.02080933179723502,17.65119065879552,0.04789053591790194
309,18.49384499475154,0.02026929723502304,17.660911040268033,0.046750285062713795
310,18.414433584784582,0.020161290322580645,17.59571889922991,0.04561003420752566
311,18.39512729205294,0.02019729262672811,17.59473434195959,0.046750285062713795
312,18.344800957886306,0.01940524193548387,17.57382746297386,0.04561003420752566
313,18.34251742648639,0.02084533410138249,17.54994512882037,0.04446978335233751
314,18.282663151965163,0.02170938940092166,17.494944114641562,0.043329532497149374
315,18.287828225693943,0.019837269585253458,17.511245620971124,0.043329532497149374
316,18.24621967456308,0.019873271889400922,17.39228940635342,0.04446978335233751
317,18.243659700666154,0.020341301843317974,17.47917314048776,0.043329532497149374
318,18.218649279686712,0.019873271889400922,17.42151749936042,0.04446978335233751
319,18.168006391569218,0.01994527649769585,17.43479812430683,0.043329532497149374
320,18.12919741072413,0.02012528801843318,17.337223718484424,0.043329532497149374
321,18.091107262993738,0.021277361751152073,17.39622234183543,0.043329532497149374
322,18.073736621487527,0.0205213133640553,17.354529057832238,0.04446978335233751
323,18.087478211398498,0.021637384792626727,17.265264178355444,0.04446978335233751
324,18.06309298765824,0.020629320276497696,17.17398013655381,0.046750285062713795
325,18.01970903335079,0.01965725806451613,17.230613158257547,0.043329532497149374
326,18.00172795678064,0.02098934331797235,17.186288270330483,0.04561003420752566
327,17.9426969580936,0.02026929723502304,17.20171126971359,0.04446978335233751
328,17.904010280486077,0.021961405529953917,17.15338275261317,0.04446978335233751
329,17.91647445661132,0.02138536866359447,17.127959981067967,0.04218928164196123
330,17.886426815788866,0.02026929723502304,17.118665090580485,0.043329532497149374
331,17.857707383995233,0.022609447004608294,17.106787928425735,0.043329532497149374
332,17.774660233528383,0.02098934331797235,17.074017216977126,0.04446978335233751
333,17.803692896794615,0.02044930875576037,17.008023841623025,0.046750285062713795
334,17.777420501005814,0.01980126728110599,17.034831233008287,0.04561003420752566
335,17.753805063836584,0.021637384792626727,16.984814340467462,0.046750285062713795
336,17.699100753678703,0.02242943548387097,16.943955574775096,0.04561003420752566
337,17.711883755872876,0.020053283410138248,16.905569598503504,0.04561003420752566
338,17.702810006207585,0.020557315668202764,16.896439170619917,0.04561003420752566
339,17.632013061628914,0.021997407834101382,16.85874624480679,0.043329532497149374
340,17.613529113031202,0.021205357142857144,16.7901515090751,0.046750285062713795
341,17.579499389718755,0.022213421658986175,16.801406066529154,0.04218928164196123
342,17.585481204195506,0.023401497695852536,16.786529510567643,0.04446978335233751
343,17.53950498290875,0.02170938940092166,16.735803079985704,0.043329532497149374
344,17.5669652745471,0.022033410138248846,16.73716894821811,0.04446978335233751
345,17.466127681292697,0.02080933179723502,16.73541306525027,0.04789053591790194
346,17.460819877237768,0.021097350230414747,16.75282234096201,0.04446978335233751
347,17.435140244971773,0.0215653801843318,16.686579951130813,0.04561003420752566
348,17.388769571682275,0.02098934331797235,16.673388380009335,0.046750285062713795
349,17.378352094905168,0.020629320276497696,16.663950468822378,0.04561003420752566
350,17.38393207848896,0.023005472350230413,16.630886219246495,0.04561003420752566
351,17.34889999073222,0.021493375576036866,16.55454291122941,0.04561003420752566
352,17.314639697975828,0.023257488479262674,16.5526485356121,0.04561003420752566
353,17.27860941645187,0.020017281105990783,16.522609686769943,0.04218928164196123
354,17.312937609061667,0.02217741935483871,16.54111557485304,0.04561003420752566
355,17.21969950803414,0.021673387096774195,16.543612898823337,0.046750285062713795
356,17.211128019517467,0.02210541474654378,16.494864106042357,0.046750285062713795
357,17.217064136733658,0.023221486175115207,16.4543892393906,0.046750285062713795
358,17.21646649496896,0.021961405529953917,16.40813619380938,0.046750285062713795
359,17.15959610038089,0.022861463133640552,16.420074665152224,0.04789053591790194
360,17.147090322960356,0.022357430875576036,16.34877650088024,0.04903078677309008
361,17.077257648591072,0.023005472350230413,16.431814672193887,0.04789053591790194
362,17.09048631993307,0.022033410138248846,16.388767942735242,0.046750285062713795
363,17.09706434346564,0.02210541474654378,16.310949767057274,0.04789053591790194
364,17.05613302415417,0.022501440092165897,16.3323592421946,0.04446978335233751
365,16.966445720690185,0.02311347926267281,16.255164749945855,0.04561003420752566
366,16.997220105289863,0.022609447004608294,16.21731733106833,0.04561003420752566
367,16.913154158174716,0.022285426267281108,16.24936390684295,0.04446978335233751
368,16.884324047422627,0.02170938940092166,16.197385463910337,0.04561003420752566
369,16.856745886912545,0.02397753456221198,16.195849806851918,0.04218928164196123
370,16.864817856643608,0.023401497695852536,16.119167006002186,0.04446978335233751
371,16.880290163277483,0.024517569124423964,16.122270064315884,0.046750285062713795
372,16.82897699593399,0.022645449308755762,16.096700905394254,0.046750285062713795
373,16.814983288813295,0.023797523041474655,16.065093563519156,0.04561003420752566
374,16.791946063942625,0.023329493087557603,16.039136964891494,0.04561003420752566
375,16.7739805142451,0.023149481566820278,16.06790159175442,0.04218928164196123
376,16.74979337569206,0.023077476958525345,16.010378679908396,0.04446978335233751
377,16.719932138645156,0.02210541474654378,16.00123765395196,0.043329532497149374
378,16.700387919553414,0.022825460829493088,15.997239503240639,0.043329532497149374
379,16.659178670100903,0.022789458525345623,15.948116032808102,0.046750285062713795
380,16.637035519296674,0.023221486175115207,15.876006779948009,0.04446978335233751
381,16.606597553200437,0.024589573732718892,15.942242514720121,0.04104903078677309
382,16.583718493237473,0.024049539170506912,15.927439608079133,0.04218928164196123
383,16.549149979094757,0.02476958525345622,15.847673287821197,0.043329532497149374
384,16.524967441910423,0.023797523041474655,15.867692738601528,0.04104903078677309
385,16.535247703851095,0.02170938940092166,15.801138615798516,0.046750285062713795
386,16.45580829673099,0.023509504608294932,15.860526892858873,0.04218928164196123
387,16.49253516702608,0.02430155529953917,15.791308056125619,0.04218928164196123
388,16.50273209672919,0.02311347926267281,15.706974460162487,0.04218928164196123
389,16.452356885655135,0.023797523041474655,15.687857935610763,0.04446978335233751
390,16.41050145153626,0.02376152073732719,15.698434586128052,0.04446978335233751
391,16.44305351143059,0.022321428571428572,15.711317664813016,0.04218928164196123
392,16.403763656792,0.02444556451612903,15.683033461445685,0.04218928164196123
393,16.395421957640053,0.024337557603686635,15.66954606642337,0.04104903078677309
394,16.35046825980261,0.023869527649769587,15.600954247173453,0.043329532497149374
395,16.294297578697382,0.023221486175115207,15.532442184239455,0.04218928164196123
396,16.292427847462317,0.023941532258064516,15.603457460653551,0.04104903078677309
397,16.270565650430143,0.02415754608294931,15.5719048055303,0.043329532497149374
398,16.270271646262312,0.026137672811059907,15.552353453337126,0.043329532497149374
399,16.214121240624635,0.024841589861751154,15.495052150608876,0.04446978335233751
400,16.192252310739683,0.02415754608294931,15.515125013675494,0.043329532497149374
401,16.19171887279106,0.024229550691244238,15.462292978945724,0.04218928164196123
402,16.169470308013775,0.026173675115207372,15.436271317328668,0.04446978335233751
403,16.107158568597608,0.024985599078341015,15.4242757407942,0.04218928164196123
404,16.092278621163786,0.02358150921658986,15.404537303145963,0.04218928164196123
405,16.105502005546324,0.024589573732718892,15.36016173672649,0.043329532497149374
406,16.10122227558892,0.024949596774193547,15.384621908346631,0.04218928164196123
407,16.036124965562248,0.02358150921658986,15.324475989782144,0.04446978335233751
408,15.999453839069139,0.023329493087557603,15.316281991782455,0.04446978335233751
409,16.008310651998915,0.02534562211981567,15.312320709228516,0.04446978335233751
410,15.98211746831094,0.023509504608294932,15.304641545294627,0.04446978335233751
411,16.019785019659228,0.025273617511520737,15.272417877527843,0.04561003420752566
412,15.949039164776076,0.025525633640552995,15.253387133642912,0.04561003420752566
413,15.938165324074882,0.024265552995391706,15.151197063746174,0.043329532497149374
414,15.883722184440508,0.025453629032258066,15.193304614303049,0.04218928164196123
415,15.908275428455546,0.02415754608294931,15.100675513290353,0.046750285062713795
416,15.85755542236539,0.027433755760368665,15.223349498370354,0.04218928164196123
417,15.787525568140268,0.023509504608294932,15.064536091403243,0.04218928164196123
418,15.824459223153953,0.025957661290322582,15.067340889977485,0.046750285062713795
419,15.782249281483312,0.02556163594470046,15.09630813294153,0.043329532497149374
420,15.78041021505259,0.025381624423963134,15.044249624863454,0.04446978335233751
421,15.730262154258341,0.0263536866359447,15.019154454038787,0.043329532497149374
422,15.769521293552241,0.0253096198156682,15.015965815145043,0.04561003420752566
423,15.745182938290082,0.026821716589861752,14.984763318347822,0.04561003420752566
424,15.695263954900927,0.02476958525345622,14.969591849750097,0.04218928164196123
425,15.647577294556227,0.02548963133640553,14.945034124968124,0.043329532497149374
426,15.640216330778763,0.02800979262672811,14.92461021405941,0.046750285062713795
427,15.622809557321434,0.02707373271889401,14.931712608380899,0.04218928164196123
428,15.6040713490429,0.024661578341013825,14.85791273997882,0.043329532497149374
429,15.566165368128482,0.025201612903225805,14.874694123915146,0.04446978335233751
430,15.578806793634792,0.026245679723502304,14.83874891883563,0.04446978335233751
431,15.556613155224357,0.025273617511520737,14.821330393461707,0.043329532497149374
432,15.519631968115881,0.026857718894009217,14.851894263394746,0.043329532497149374
433,15.554527306886312,0.027973790322580645,14.81213933494507,0.04789053591790194
434,15.472649468804285,0.025921658986175114,14.766757293057415,0.04446978335233751
435,15.425495530053768,0.02548963133640553,14.742033792058582,0.04561003420752566
436,15.410285007019747,0.02620967741935484,14.73250726201787,0.04561003420752566
437,15.414566127935313,0.025777649769585253,14.73634058257465,0.04561003420752566
438,15.408077782749581,0.024913594470046083,14.70340610012633,0.046750285062713795
439,15.413660774582542,0.025705645161290324,14.632138825332833,0.04446978335233751
440,15.37276640465732,0.027505760368663593,14.664847427246372,0.04561003420752566
441,15.392574145497266,0.025597638248847927,14.64404851898228,0.04446978335233751
442,15.353533812931605,0.024553571428571428,14.637659466524896,0.043329532497149374
443,15.313499419919905,0.024553571428571428,14.5710750806019,0.043329532497149374
444,15.308429610344671,0.027181739631336407,14.614261331416863,0.04561003420752566
445,15.25873011268229,0.027865783410138248,14.589842503807564,0.04446978335233751
446,15.277471643439087,0.02574164746543779,14.563225568904029,0.04218928164196123
447,15.192392654682633,0.025921658986175114,14.52664368780608,0.04561003420752566
448,15.18988619202293,0.025669642857142856,14.507457617886933,0.04446978335233751
449,15.149456248305361,0.0263536866359447,14.49287244477049,0.04561003420752566
450,15.202290011990454,0.026173675115207372,14.48887780862632,0.046750285062713795
451,15.116966805699784,0.025237615207373273,14.47689375012875,0.04104903078677309
452,15.109096463374827,0.025201612903225805,14.411135361431127,0.04446978335233751
453,15.117435470704109,0.026497695852534562,14.405574520202428,0.04446978335233751
454,15.060268861357518,0.025813652073732717,14.397453719153235,0.04561003420752566
455,15.064881981792539,0.026641705069124423,14.38639651682385,0.04446978335233751
456,15.031463324199624,0.02840581797235023,14.349811640949314,0.043329532497149374
457,15.020038070766606,0.02800979262672811,14.325531893200585,0.043329532497149374
458,14.969472023748583,0.027973790322580645,14.344828713307223,0.04446978335233751
459,14.998766209123321,0.027901785714285716,14.313461147121313,0.04561003420752566
460,14.953796391113563,0.0263536866359447,14.307777217747548,0.04446978335233751
461,14.908845092843755,0.026713709677419355,14.239978803332338,0.043329532497149374
462,14.900394006808233,0.02707373271889401,14.222475660839537,0.043329532497149374
463,14.881867353817285,0.027433755760368665,14.199560495983372,0.043329532497149374
464,14.903986774831324,0.026641705069124423,14.17320478954772,0.04218928164196123
465,14.86853544832924,0.02761376728110599,14.218876317806092,0.043329532497149374
466,14.865350268403507,0.026389688940092165,14.168612337710512,0.04446978335233751
467,14.858987970835603,0.02721774193548387,14.165915601201856,0.043329532497149374
468,14.79577284254786,0.02826180875576037,14.171023891888295,0.04446978335233751
469,14.765626441498506,0.02707373271889401,14.082507947967425,0.039908779931584946
470,14.75886237456502,0.02620967741935484,14.105627725442432,0.043329532497149374
471,14.781247934438117,0.02919786866359447,14.112912361814875,0.04104903078677309
472,14.727364911461756,0.026569700460829494,14.037813960894212,0.04561003420752566
473,14.70519947895806,0.026785714285714284,13.990568891762328,0.04446978335233751
474,14.703366558672645,0.029773905529953917,14.016649307111786,0.04104903078677309
475,14.696106341577345,0.028225806451612902,14.020187593240422,0.04218928164196123
476,14.687631279642131,0.027037730414746542,13.969186721940948,0.043329532497149374
477,14.664553005025134,0.027361751152073732,13.982976669868286,0.043329532497149374
478,14.647810417386244,0.027685771889400922,13.937039752642676,0.04104903078677309
479,14.611385033427295,0.027577764976958526,13.905952731994837,0.04104903078677309
480,14.577625771272018,0.027397753456221197,13.926370559831573,0.04104903078677309
481,14.574825429696642,0.027649769585253458,13.912162263146012,0.04446978335233751
482,14.559841199953985,0.027577764976958526,13.883729862922138,0.039908779931584946
483,14.532572803409419,0.026533698156682026,13.829090129282482,0.043329532497149374
484,14.510769786922612,0.029053859447004608,13.819956427153324,0.04218928164196123
485,14.487376703095327,0.028693836405529954,13.872609174373892,0.04218928164196123
486,14.45275515894736,0.028837845622119815,13.802629705709634,0.04446978335233751
487,14.487146808255103,0.027721774193548387,13.758420679968873,0.04561003420752566
488,14.471175301459528,0.02894585253456221,13.799647392133759,0.04446978335233751
489,14.425969033746675,0.029449884792626727,13.720169383824347,0.04104903078677309
490,14.415086893442039,0.02779377880184332,13.667237478623775,0.04446978335233751
491,14.393877811695573,0.03006192396313364,13.696786282407789,0.04446978335233751
492,14.36587243365802,0.027577764976958526,13.661739044885406,0.04561003420752566
493,14.401405776151314,0.02959389400921659,13.710769843620204,0.04446978335233751
494,14.350867770234562,0.026785714285714284,13.646879438663426,0.046750285062713795
495,14.35929655479396,0.027901785714285716,13.701460242407352,0.043329532497149374
496,14.292022847909532,0.02779377880184332,13.659720726404657,0.04561003420752566
497,14.301804052519907,0.030457949308755762,13.642372477149745,0.04903078677309008
498,14.283992721188453,0.027577764976958526,13.635753320587401,0.046750285062713795
499,14.229554196107223,0.0283338133640553,13.585418069376233,0.04561003420752566
500,14.201307149526711,0.028981854838709676,13.552844788084824,0.04104903078677309
501,14.217338542235062,0.029737903225806453,13.54651642933131,0.039908779931584946
502,14.186560382491432,0.02991791474654378,13.50810426670714,0.046750285062713795
503,14.18640214287191,0.030277937788018433,13.575765778292544,0.046750285062713795
504,14.161581953549714,0.028909850230414747,13.457693748082647,0.043329532497149374
505,14.181326020148493,0.029089861751152073,13.42092595921411,0.04218928164196123
506,14.14405500394408,0.029053859447004608,13.444720543368785,0.043329532497149374
507,14.119629706105878,0.030745967741935484,13.43678407114479,0.04218928164196123
508,14.065600839078702,0.03038594470046083,13.431451021061791,0.04218928164196123
509,14.08382198667746,0.029737903225806453,13.375465836737012,0.039908779931584946
510,14.042570333876368,0.028981854838709676,13.41363756686551,0.043329532497149374
511,14.023182660203926,0.029053859447004608,13.405358189459946,0.04218928164196123
512,14.010163491772067,0.03070996543778802,13.317118773030854,0.04218928164196123
513,14.016968353552752,0.029773905529953917,13.406936695529499,0.04561003420752566
514,13.998072147369385,0.03006192396313364,13.356930566350574,0.04218928164196123
515,13.95880313732657,0.028693836405529954,13.274609107927695,0.043329532497149374
516,13.953075362790015,0.028549827188940093,13.341809602256784,0.04218928164196123
517,13.888921957411524,0.03150201612903226,13.274988891053498,0.04446978335233751
518,13.89469232207619,0.028693836405529954,13.259139735179453,0.043329532497149374
519,13.926556661931052,0.030565956221198155,13.260849772184713,0.04446978335233751
520,13.863052396730344,0.02934187788018433,13.241531423179426,0.039908779931584946
521,13.842778357492614,0.030349942396313365,13.166101483961603,0.043329532497149374
522,13.827614335969846,0.029773905529953917,13.213296966378746,0.04446978335233751
523,13.847200187120569,0.028909850230414747,13.196135830852025,0.04104903078677309
524,13.841316618677658,0.0293778801843318,13.12531403396937,0.043329532497149374
525,13.774429279538344,0.032402073732718896,13.198471883819476,0.043329532497149374
526,13.791877568592124,0.030745967741935484,13.237181127411201,0.046750285062713795
527,13.755497583046488,0.03189804147465438,13.098171856139649,0.04218928164196123
528,13.750930039014685,0.030817972350230413,13.108064183895237,0.039908779931584946
529,13.733502141890988,0.030277937788018433,13.044055528760364,0.04446978335233751
530,13.71325418147074,0.030025921658986175,12.998656656750251,0.04218928164196123
531,13.673049733386062,0.029881912442396314,13.045642869094623,0.04104903078677309
532,13.656010309122674,0.03038594470046083,13.033841750776753,0.043329532497149374
533,13.647354154542844,0.028117799539170506,13.031344888963341,0.04218928164196123
534,13.64596453899612,0.030493951612903226,12.973945563304383,0.04446978335233751
535,13.608082169211954,0.030097926267281108,12.953315048696242,0.04218928164196123
536,13.618590939429499,0.030025921658986175,12.955704782544682,0.04561003420752566
537,13.590409206355222,0.03161002304147465,12.936025077967715,0.04104903078677309
538,13.578421555356496,0.03153801843317972,12.912241146257285,0.043329532497149374
539,13.583577839460242,0.030133928571428572,12.890522303303944,0.039908779931584946
540,13.54473528005011,0.03146601382488479,12.90146293335657,0.04561003420752566
541,13.554571402237713,0.03143001152073733,12.837164870145791,0.043329532497149374
542,13.512482087183658,0.02991791474654378,12.900712232905075,0.03876852907639681
543,13.451180291065972,0.03070996543778802,12.87089126873995,0.043329532497149374
544,13.463316921814247,0.03078197004608295,12.83059584727445,0.04561003420752566
545,13.460659191905078,0.029485887096774195,12.849887850075246,0.043329532497149374
546,13.448370955506778,0.03125,12.834346211214838,0.04789053591790194
547,13.43146492039553,0.030673963133640552,12.817592357692044,0.04218928164196123
548,13.429532527923584,0.028765841013824886,12.83755731637013,0.04218928164196123
549,13.407168480657763,0.03092597926267281,12.741000398398805,0.04446978335233751
550,13.387549606885779,0.03171802995391705,12.735773781414315,0.04446978335233751
551,13.330373698115897,0.030169930875576036,12.724588327831933,0.04561003420752566
552,13.321390879319011,0.02991791474654378,12.741450818669701,0.04561003420752566
553,13.31388460106564,0.03171802995391705,12.652553971572232,0.04218928164196123
554,13.32045578626993,0.03225806451612903,12.625663510478073,0.043329532497149374
555,13.29280844042378,0.03135800691244239,12.720199496879273,0.04446978335233751
556,13.27910610937303,0.030457949308755762,12.640278031100161,0.04218928164196123
557,13.253262227581393,0.03153801843317972,12.616574816991966,0.043329532497149374
558,13.267673125464796,0.03110599078341014,12.622713001995022,0.04446978335233751
559,13.22158034935525,0.03161002304147465,12.563374993466732,0.04446978335233751
560,13.207413286657378,0.03143001152073733,12.567127753010904,0.04446978335233751
561,13.23103525891282,0.033662154377880185,12.591772810219359,0.03876852907639681
562,13.154211600255307,0.030601958525345623,12.618539613356205,0.04218928164196123
563,13.148309292331819,0.03197004608294931,12.520903320921459,0.043329532497149374
564,13.189805094547536,0.03125,12.563625432474447,0.04104903078677309
565,13.123098362426054,0.03251008064516129,12.49884708495885,0.04446978335233751
566,13.117911508006435,0.032834101382488476,12.525327657484274,0.046750285062713795
567,13.118840753757459,0.031394009216589865,12.506314415752277,0.04446978335233751
568,13.087078566924767,0.032654089861751154,12.492605757414275,0.04446978335233751
569,13.067947499763031,0.033194124423963134,12.522651422254851,0.04218928164196123
570,13.068877242127872,0.03164602534562212,12.496747452965348,0.043329532497149374
571,13.057073087736208,0.03261808755760369,12.455596591075171,0.04218928164196123
572,13.062241534483597,0.03398617511520737,12.366783998983072,0.04561003420752566
573,13.031887950985112,0.03150201612903226,12.392894691589078,0.04561003420752566
574,13.015692570242464,0.03197004608294931,12.393491208893135,0.04446978335233751
575,12.970723297189458,0.030133928571428572,12.39325567417297,0.043329532497149374
576,12.991730452682566,0.03290610599078341,12.380466256745185,0.04218928164196123
577,12.954862533077117,0.030637960829493088,12.352743609873164,0.04218928164196123
578,12.897746055356917,0.032402073732718896,12.275266836551332,0.043329532497149374
579,12.955863348349997,0.033122119815668205,12.344639817284614,0.04104903078677309
580,12.89697651050058,0.033734158986175114,12.323417758180451,0.04218928164196123
581,12.907912221372403,0.032654089861751154,12.272938824026179,0.043329532497149374
582,12.86795124150641,0.03236607142857143,12.23593219683135,0.043329532497149374
583,12.877622476920553,0.03330213133640553,12.29989676437465,0.04104903078677309
584,12.860784337267898,0.03225806451612903,12.168156221491989,0.043329532497149374
585,12.819288427379274,0.03251008064516129,12.241017928824865,0.043329532497149374
586,12.7972825331622,0.03272609447004608,12.232894703898761,0.04218928164196123
587,12.783859729766846,0.03161002304147465,12.200098564034857,0.04218928164196123
588,12.783587778768231,0.03337413594470046,12.258383314856918,0.04218928164196123
589,12.785357596138105,0.0321860599078341,12.182752177544032,0.043329532497149374
590,12.783384940591276,0.033122119815668205,12.18154150267963,0.04561003420752566
591,12.750593290900305,0.03279809907834101,12.203955762334669,0.043329532497149374
592,12.746960218051612,0.03391417050691244,12.141692094139525,0.04561003420752566
593,12.742538195051905,0.03157402073732719,12.155618019495478,0.043329532497149374
594,12.68425921031407,0.033734158986175114,12.065481974298352,0.043329532497149374
595,12.654365965847596,0.0332301267281106,12.072787012994086,0.04446978335233751
596,12.665992501693937,0.035390264976958526,12.039054940200858,0.037628278221208664
597,12.622285394624631,0.03337413594470046,12.016006637190468,0.04446978335233751
598,12.618269792899557,0.03315812211981567,12.04495732950104,0.046750285062713795
599,12.64438733527188,0.03297811059907834,12.006178705830939,0.043329532497149374
600,12.614419069158316,0.033590149769585256,12.04185364482884,0.046750285062713795
601,12.620319660907517,0.03308611751152074,12.014576366037437,0.04446978335233751
602,12.54612500986196,0.0353182603686636,12.042168894542664,0.04561003420752566
603,12.559662506877002,0.032834101382488476,11.994404582912049,0.04446978335233751
604,12.550001786051807,0.03456221198156682,11.963895915171712,0.04561003420752566
605,12.553561230408981,0.03362615207373272,11.924883889227663,0.04446978335233751
606,12.51710495091803,0.03571428571428571,11.917669559422214,0.043329532497149374
607,12.50751920119958,0.03405817972350231,11.938725235524716,0.04446978335233751
608,12.504278978444464,0.031754032258064516,11.872799407932886,0.046750285062713795
609,12.450863945868708,0.03377016129032258,11.881045747102327,0.04789053591790194
610,12.456291671172814,0.034022177419354836,11.880255972102132,0.04561003420752566
611,12.41895240792481,0.03362615207373272,11.85928864517125,0.04561003420752566
612,12.44599086568103,0.033554147465437785,11.852081691389616,0.046750285062713795
613,12.421325659422282,0.03517425115207373,11.846167539381247,0.04561003420752566
614,12.418184251829226,0.031141993087557603,11.841026529075075,0.046750285062713795
615,12.4228288479115,0.03445420506912442,11.827388532893007,0.04446978335233751
616,12.35624994770173,0.03377016129032258,11.795871748755705,0.04218928164196123
617,12.350207935280514,0.03387816820276498,11.817260488816787,0.04446978335233751
618,12.317714363748577,0.03517425115207373,11.781742751666322,0.05017103762827822
619,12.334209481691985,0.033014112903225805,11.751368884757552,0.043329532497149374
620,12.318354611023231,0.03391417050691244,11.768657943134025,0.04446978335233751
621,12.309006163601502,0.034742223502304145,11.733592323729495,0.046750285062713795
622,12.29563856124878,0.03585829493087558,11.742497041804489,0.04561003420752566
623,12.26243538351103,0.03488623271889401,11.679849804059401,0.043329532497149374
624,12.257685773383637,0.03377016129032258,11.715222999198678,0.04446978335233751
625,12.264641673883535,0.034274193548387094,11.679800308688609,0.046750285062713795
626,12.189029520008422,0.03445420506912442,11.659294418761233,0.04903078677309008
627,12.182057523507677,0.03279809907834101,11.709154980484408,0.04446978335233751
628,12.231364900615358,0.03553427419354839,11.676120994028507,0.04446978335233751
629,12.2235504141601,0.033662154377880185,11.624686580427424,0.04446978335233751
630,12.201933544352308,0.03513824884792627,11.567468022267114,0.04446978335233751
631,12.170598996949087,0.034202188940092165,11.553862723956222,0.04446978335233751
632,12.144373104868945,0.03517425115207373,11.634595385978812,0.04218928164196123
633,12.186029849513885,0.03377016129032258,11.555454200866421,0.043329532497149374
634,12.135476112365723,0.03380616359447004,11.512105064218101,0.04218928164196123
635,12.100158267306842,0.03456221198156682,11.480694415224047,0.04218928164196123
636,12.081154816711004,0.03524625576036866,11.512078024234576,0.04446978335233751
637,12.066804222247567,0.03755040322580645,11.522218238804468,0.043329532497149374
638,12.095167039176836,0.03567828341013825,11.537096334563966,0.04561003420752566
639,12.064585925247263,0.033554147465437785,11.49052029243217,0.04218928164196123
640,12.052241716516733,0.0353182603686636,11.430862527888612,0.04446978335233751
641,12.016504527237009,0.03398617511520737,11.456112544104338,0.043329532497149374
642,12.026451956841253,0.034382200460829494,11.485752770131372,0.04561003420752566
643,12.008916797725835,0.036758352534562215,11.423504198698524,0.04446978335233751
644,11.998812941362232,0.03463421658986175,11.37185993542557,0.043329532497149374
645,11.947695099263697,0.03585829493087558,11.383958848063731,0.04561003420752566
646,11.948832764603575,0.034274193548387094,11.400478645768377,0.04446978335233751
647,11.954173672583796,0.03459821428571429,11.382528516014734,0.043329532497149374
648,11.935328885706888,0.036974366359447,11.406878722570369,0.04446978335233751
649,11.930174278224118,0.034850230414746546,11.396690234898704,0.03876852907639681
650,11.906406701435142,0.034742223502304145,11.362113019623534,0.037628278221208664
651,11.915159961594965,0.037118375576036866,11.319033089902002,0.04446978335233751
652,11.856358389700613,0.037118375576036866,11.376340079878457,0.04446978335233751
653,11.854692191022881,0.03549827188940092,11.30275785583183,0.046750285062713795
654,11.84653063303864,0.036110311059907835,11.281217075943811,0.04446978335233751
655,11.823751599008586,0.03441820276497696,11.308041561696522,0.043329532497149374
656,11.781701120912754,0.03575028801843318,11.223693241958879,0.04446978335233751
657,11.804877641563591,0.03632632488479263,11.253488294890696,0.04561003420752566
658,11.797256232406687,0.036110311059907835,11.239540591615091,0.043329532497149374
659,11.753456126709688,0.03726238479262673,11.296134584442104,0.04561003420752566
660,11.747868313767393,0.03542626728110599,11.22116030689792,0.04218928164196123
661,11.752929566642656,0.037478398617511524,11.250919920552688,0.04561003420752566
662,11.731327309586485,0.03553427419354839,11.265588293869383,0.04218928164196123
663,11.699258984508603,0.035930299539170506,11.245377859204769,0.04561003420752566
664,11.735787835538662,0.03553427419354839,11.188857160109343,0.043329532497149374
665,11.688764150241553,0.034742223502304145,11.163948917062688,0.04446978335233751
666,11.678157114213512,0.03715437788018433,11.181779426479013,0.04561003420752566
667,11.665632188594836,0.03809043778801843,11.15529381807473,0.04561003420752566
668,11.65528838645478,0.03751440092165899,11.178004240908129,0.043329532497149374
669,11.626026768838205,0.03693836405529954,11.110207892606033,0.036488027366020526
670,11.617890412906348,0.04032258064516129,11.13687444032258,0.043329532497149374
671,11.60303785174673,0.037370391705069124,11.16486891482276,0.04104903078677309
672,11.6006213267278,0.03654233870967742,11.06775308606834,0.043329532497149374
673,11.614756225990261,0.03863047235023041,11.121082741966813,0.04104903078677309
674,11.589744319564186,0.03582229262672811,10.996303873703717,0.04218928164196123
675,11.561122109813075,0.03794642857142857,11.013726970624761,0.04104903078677309
676,11.582004749280516,0.037370391705069124,11.064742293841755,0.043329532497149374
677,11.573201766211866,0.03560627880184332,11.025334885617891,0.04446978335233751
678,11.524049323824693,0.036470334101382486,11.073556314988174,0.04561003420752566
679,11.493546241988785,0.0370823732718894,11.022396974987695,0.04104903078677309
680,11.520063266226773,0.03715437788018433,10.985451605871846,0.029646522234891677
681,11.486485641672864,0.03841445852534562,10.971300055526681,0.043329532497149374
682,11.48192737289288,0.03528225806451613,10.933508268375897,0.046750285062713795
683,11.446353626690701,0.03917050691244239,10.887840156816159,0.04218928164196123
684,11.46234973125194,0.03798243087557604,10.945981555273216,0.04561003420752566
685,11.463325896021408,0.03679435483870968,10.871139284958181,0.03876852907639681
686,11.458936524281304,0.036110311059907835,10.910028608794088,0.04561003420752566
687,11.407729063165903,0.035642281105990783,10.88966311777739,0.043329532497149374
688,11.410159735086326,0.03935051843317972,10.84808024250931,0.04561003420752566
689,11.370115849279589,0.038306451612903226,10.84942340307116,0.04218928164196123
690,11.415846923529278,0.03852246543778802,10.843787461893045,0.043329532497149374
691,11.342056010725312,0.036002304147465435,10.858480692725362,0.03876852907639681
692,11.348054749625069,0.038018433179723504,10.827534935493425,0.04561003420752566
693,11.374037472333777,0.037370391705069124,10.855085248958018,0.03876852907639681
694,11.36914793796803,0.03488623271889401,10.851728914537071,0.043329532497149374
695,11.312392544636529,0.036002304147465435,10.794014410934535,0.04218928164196123
696,11.29233641778269,0.03722638248847926,10.799245212341797,0.03420752565564424
697,11.287259978632774,0.036470334101382486,10.768441860325117,0.04446978335233751
698,11.281402787854594,0.03636232718894009,10.860856393316045,0.043329532497149374
699,11.264214807941068,0.03578629032258065,10.743985236982391,0.04561003420752566
700,11.24545837657243,0.03679435483870968,10.742559443857678,0.043329532497149374
701,11.22713713272376,0.037910426267281104,10.743634732854272,0.04218928164196123
702,11.212289142169162,0.037190380184331795,10.746191806640972,0.043329532497149374
703,11.279247391608454,0.035570276497695855,10.775795049243262,0.04446978335233751
704,11.194413077446722,0.036578341013824886,10.720635486981209,0.03876852907639681
705,11.198219308106031,0.036470334101382486,10.712107153819659,0.043329532497149374
706,11.170266766701975,0.03805443548387097,10.679463837818245,0.04446978335233751
707,11.17897784545125,0.03744239631336405,10.690152138913371,0.04218928164196123
708,11.184724128740724,0.03816244239631336,10.602451479965088,0.046750285062713795
709,11.173884912569951,0.03938652073732719,10.650681943686822,0.04446978335233751
710,11.109665409211189,0.03780241935483871,10.657364714784524,0.04561003420752566
711,11.11701521455967,0.037658410138248846,10.62434148625338,0.04446978335233751
712,11.119082677199543,0.03632632488479263,10.613565075220784,0.043329532497149374
713,11.085928415922526,0.03744239631336405,10.572831570354536,0.043329532497149374
714,11.086648455413256,0.03873847926267281,10.514238858848232,0.04446978335233751
715,11.062026777575094,0.03866647465437788,10.552339225429765,0.04446978335233751
716,11.021844362882975,0.04007056451612903,10.562256819573884,0.039908779931584946
717,11.057362211464737,0.03780241935483871,10.54113120771732,0.039908779931584946
718,11.046512388413952,0.03773041474654378,10.502257176380745,0.04218928164196123
719,11.015837783637684,0.03841445852534562,10.514129389650874,0.04561003420752566
720,11.04826756007111,0.03805443548387097,10.522173872831338,0.04561003420752566
721,10.998118022619854,0.03740639400921659,10.491402677146711,0.04446978335233751
722,11.011780650934316,0.03773041474654378,10.457264309734141,0.04446978335233751
723,10.96445085376089,0.03888248847926267,10.513039688971595,0.04446978335233751
724,10.978177354083083,0.03938652073732719,10.510144236965898,0.046750285062713795
725,10.934781015193957,0.03704637096774194,10.494947905415412,0.03876852907639681
726,10.938574911811934,0.03888248847926267,10.43941442670137,0.04446978335233751
727,10.952140287320185,0.037658410138248846,10.474294882136032,0.043329532497149374
728,10.933189884308845,0.03945852534562212,10.420357635654636,0.04561003420752566
729,10.916849672519666,0.03866647465437788,10.391252991818783,0.043329532497149374
730,10.925990739725702,0.0399985599078341,10.371083920738716,0.04446978335233751
731,10.849532859116655,0.03971054147465438,10.380317751059103,0.043329532497149374
732,10.897858199985347,0.03949452764976959,10.368186659252903,0.04218928164196123
733,10.858621465445664,0.03913450460829493,10.282194866149972,0.04446978335233751
734,10.85961785953715,0.03852246543778802,10.262437343053698,0.04561003420752566
735,10.855512148773615,0.03639832949308756,10.312394983820116,0.04561003420752566
736,10.79414119368874,0.03949452764976959,10.315158586273716,0.04218928164196123
737,10.842424948643979,0.03913450460829493,10.310523273463668,0.04446978335233751
738,10.809671564585603,0.037910426267281104,10.276578992367334,0.039908779931584946
739,10.757758916248374,0.03935051843317972,10.245902060374974,0.04446978335233751
740,10.788199664260935,0.039026497695852536,10.251794815063477,0.04218928164196123
741,10.794682131384924,0.03863047235023041,10.278405775637827,0.04561003420752566
742,10.749124584110103,0.03834245391705069,10.23621716711377,0.046750285062713795
743,10.756145747575891,0.039818548387096774,10.242786475978665,0.04446978335233751
744,10.716391409597088,0.040358582949308754,10.225304563341826,0.04789053591790194
745,10.720480275044244,0.03931451612903226,10.223800847304723,0.04104903078677309
746,10.732963061003092,0.04169066820276498,10.227666739591035,0.043329532497149374
747,10.707422438854445,0.038378456221198155,10.132971617895494,0.04446978335233751
748,10.710757969711233,0.04032258064516129,10.191309001317997,0.043329532497149374
749,10.68091310114355,0.04086261520737327,10.123834133691908,0.046750285062713795
750,10.659190432816606,0.03935051843317972,10.170824096575295,0.039908779931584946
751,10.658833503723145,0.039098502304147464,10.155289578193134,0.04218928164196123
752,10.66004329672607,0.036470334101382486,10.146927006024455,0.04218928164196123
753,10.638531849680957,0.04057459677419355,10.151237046297219,0.03420752565564424
754,10.613390331444103,0.039674539170506916,10.072556065045033,0.043329532497149374
755,10.609332488978513,0.04017857142857143,10.105920857959083,0.04218928164196123
756,10.609299980550318,0.040286578341013825,10.085015424165105,0.028506271379703536
757,10.559469398814961,0.03816244239631336,10.052093888634015,0.0330672748004561
758,10.582812937723327,0.039206509216589865,10.051232748999427,0.05017103762827822
759,10.576818650768649,0.039818548387096774,10.05473736400887,0.036488027366020526
760,10.5493149669489,0.03884648617511521,10.015687359643499,0.046750285062713795
761,10.520655746284168,0.04061059907834101,10.051038406050191,0.037628278221208664
762,10.53099787180325,0.03996255760368664,10.063855578989097,0.04446978335233751
763,10.539966242653984,0.040934619815668205,10.023335189340868,0.043329532497149374
764,10.486718136044692,0.039566532258064516,10.009684966118877,0.04561003420752566
765,10.484753424121488,0.03798243087557604,10.003520191327468,0.04104903078677309
766,10.495408361408568,0.039926555299539174,10.010868218225111,0.05017103762827822
767,10.430217090290263,0.04089861751152074,9.994450217913602,0.04446978335233751
768,10.483241441612419,0.04014256912442396,9.961488013664429,0.04789053591790194
769,10.467968481476955,0.039638536866359445,9.95585665164543,0.04218928164196123
770,10.452556906757266,0.03945852534562212,9.944731271932987,0.04789053591790194
771,10.448869059162755,0.03917050691244239,9.973103401462463,0.04104903078677309
772,10.395015652827952,0.040826612903225805,9.95168433303572,0.04104903078677309
773,10.414738059593235,0.04057459677419355,9.915187910725889,0.036488027366020526
774,10.394497183610767,0.041474654377880185,9.904212642830617,0.04446978335233751
775,10.431079521706577,0.038306451612903226,9.92412138039601,0.04218928164196123
776,10.37312757035005,0.04003456221198157,9.871002891044661,0.04104903078677309
777,10.360749627038631,0.03931451612903226,9.87533298892605,0.037628278221208664
778,10.366806544466503,0.039566532258064516,9.868013464602532,0.039908779931584946
779,10.335052079319405,0.041654665898617514,9.837767146468298,0.04104903078677309
780,10.343149646635979,0.039818548387096774,9.829502405843007,0.04446978335233751
781,10.353858686262562,0.039098502304147464,9.82634125712796,0.039908779931584946
782,10.307292065862137,0.041834677419354836,9.828391283920444,0.039908779931584946
783,10.318763541735812,0.04007056451612903,9.794140366627119,0.04561003420752566
784,10.281196987574,0.04007056451612903,9.74168118810708,0.04561003420752566
785,10.27443675950925,0.040214573732718896,9.839913674879782,0.04789053591790194
786,10.311198605919763,0.040286578341013825,9.784430276572772,0.04446978335233751
787,10.256851804970596,0.04143865207373272,9.761073798654833,0.043329532497149374
788,10.28090058164113,0.04341877880184332,9.7489645826368,0.04218928164196123
789,10.210777023420905,0.04003456221198157,9.766361225697986,0.04561003420752566
790,10.22768682488648,0.041402649769585256,9.72539525048355,0.043329532497149374
791,10.21381872809977,0.039098502304147464,9.753160297258958,0.04104903078677309
792,10.256876248917822,0.041474654377880185,9.763635786528463,0.04446978335233751
793,10.18897684378558,0.039746543778801845,9.729099075769753,0.04446978335233751
794,10.208026450899888,0.03935051843317972,9.690394510293089,0.029646522234891677
795,10.218736024496193,0.04086261520737327,9.685532573147539,0.0330672748004561
796,10.183107951819073,0.0398905529953917,9.682938300625356,0.036488027366020526
797,10.178373829010994,0.03931451612903226,9.642464368074215,0.046750285062713795
798,10.153040815608293,0.04057459677419355,9.658708073258264,0.04218928164196123
799,10.10484239253031,0.04230270737327189,9.644652429709005,0.04104903078677309
800,10.141399805446923,0.04230270737327189,9.670823906275402,0.046750285062713795
801,10.089739028209914,0.04050259216589862,9.60834149107286,0.043329532497149374
802,10.079052841608425,0.04241071428571429,9.610237349941901,0.03420752565564424
803,10.080567197316253,0.042086693548387094,9.567110340027064,0.0330672748004561
804,10.081536688562911,0.04151065668202765,9.655615402056391,0.03876852907639681
805,10.060727989618679,0.039818548387096774,9.566433119257336,0.04446978335233751
806,10.085748857067477,0.03924251152073733,9.561344929676643,0.04218928164196123
807,10.1112137082535,0.0419786866359447,9.587891106730584,0.04446978335233751
808,10.035838839095858,0.040754608294930876,9.536029647122495,0.04446978335233751
809,10.01990178982783,0.04187067972350231,9.53050501941955,0.04218928164196123
810,10.029824511796098,0.04086261520737327,9.532370982719256,0.04104903078677309
811,9.995212434074297,0.04176267281105991,9.556296269189536,0.02394526795895097
812,9.966130359930926,0.04172667050691244,9.493268909041124,0.03534777651083238
813,9.985504701939597,0.04176267281105991,9.503348071055918,0.03192702394526796
814,9.972392662329607,0.04251872119815668,9.494674412935055,0.043329532497149374
815,9.987681307550949,0.04251872119815668,9.432795944344358,0.029646522234891677
816,9.92857957435643,0.040754608294930876,9.513494227332155,0.043329532497149374
817,9.934264486286498,0.042014688940092165,9.430779350524345,0.03876852907639681
818,9.939073852679696,0.04179867511520737,9.463266110610528,0.03876852907639681
819,9.926343625591647,0.04277073732718894,9.409793980988836,0.037628278221208664
820,9.906475317642986,0.04176267281105991,9.391972464601697,0.04561003420752566
821,9.94293087198987,0.0419786866359447,9.439907250137939,0.04218928164196123
822,9.8641131330745,0.042662730414746546,9.41815755032895,0.039908779931584946
823,9.898623029207855,0.04215869815668203,9.380131123411207,0.02508551881413911
824,9.87328103061096,0.042734735023041474,9.386234829336098,0.03078677309007982
825,9.863911189241893,0.04226670506912442,9.377300205904918,0.04104903078677309
826,9.85140021715296,0.043382776497695855,9.37507221174077,0.03078677309007982
827,9.853142380165066,0.04190668202764977,9.344575668822129,0.04789053591790194
828,9.788805572667979,0.04284274193548387,9.351238309453532,0.028506271379703536
829,9.837651226377707,0.042194700460829494,9.313828361754814,0.04446978335233751
830,9.833881622085922,0.04223070276497696,9.290156031687964,0.04446978335233751
831,9.79212399671704,0.04215869815668203,9.357908252163652,0.043329532497149374
832,9.790617520908057,0.04179867511520737,9.32615265906061,0.046750285062713795
833,9.782890880162816,0.04223070276497696,9.282181161295457,0.046750285062713795
834,9.77801732753279,0.04068260368663595,9.313336677942743,0.04218928164196123
835,9.801385512549757,0.040358582949308754,9.26724908017514,0.039908779931584946
836,9.775702542423653,0.0419786866359447,9.25075577982747,0.03876852907639681
837,9.73237916621195,0.04187067972350231,9.221341117893685,0.036488027366020526
838,9.755605324072771,0.041150633640553,9.250381727446987,0.043329532497149374
839,9.752849014124013,0.04251872119815668,9.225251811124307,0.0330672748004561
840,9.723171082509827,0.04262672811059908,9.216264213640306,0.027366020524515394
841,9.719790841027889,0.043202764976958526,9.216585090793796,0.0330672748004561
842,9.702148105691656,0.042554723502304145,9.225875869716178,0.04218928164196123
843,9.70332317747828,0.042194700460829494,9.190073403692299,0.036488027366020526
844,9.66866961712112,0.04251872119815668,9.241448436115052,0.028506271379703536
845,9.666831012145714,0.044282834101382486,9.228920268903709,0.043329532497149374
846,9.657870732144826,0.0428067396313364,9.148218235376895,0.04561003420752566
847,9.607494143297046,0.04111463133640553,9.197950737234397,0.04561003420752566
848,9.670038992358792,0.04244671658986175,9.190822770957121,0.04218928164196123
849,9.643659231300179,0.04421082949308756,9.18031704684076,0.04218928164196123
850,9.606238806851998,0.04205069124423963,9.10209614113228,0.039908779931584946
851,9.617971802636776,0.04262672811059908,9.132568671466823,0.04104903078677309
852,9.597524970357869,0.0428067396313364,9.153015532542526,0.04561003420752566
853,9.617781830273465,0.043382776497695855,9.130466277406317,0.04561003420752566
854,9.59963745785199,0.0419786866359447,9.09021201835119,0.04104903078677309
855,9.591849234796339,0.041546658986175114,9.082833870786626,0.04561003420752566
856,9.535936419315602,0.045578917050691246,9.086360954232472,0.03420752565564424
857,9.55290699005127,0.04233870967741935,9.04458061727178,0.03420752565564424
858,9.534684075737879,0.041654665898617514,9.065111881243054,0.03192702394526796
859,9.528822531897902,0.043850806451612906,9.068852301742224,0.04218928164196123
860,9.544955789768201,0.04179867511520737,9.125437509238788,0.026225769669327253
861,9.468642456740278,0.043922811059907835,9.029411495343581,0.029646522234891677
862,9.524446729141447,0.04295074884792627,9.048620887330076,0.0330672748004561
863,9.485044356315367,0.04341877880184332,8.991695001704391,0.043329532497149374
864,9.499427788817938,0.04367079493087558,8.994342979030979,0.04789053591790194
865,9.493858185781312,0.04485887096774194,9.027050815395238,0.027366020524515394
866,9.460421759961388,0.04241071428571429,8.985888347386497,0.04789053591790194
867,9.480366535450456,0.04413882488479263,9.005168406966067,0.043329532497149374
868,9.444518961664718,0.0431307603686636,8.920721150858236,0.043329532497149374
869,9.453382568974648,0.04413882488479263,9.009599589975286,0.0330672748004561
870,9.442454483102544,0.04305875576036866,8.974116716852482,0.03420752565564424
871,9.439568565737817,0.04431883640552996,8.933871868398878,0.02508551881413911
872,9.441822889213737,0.043994815668202764,8.948627810113923,0.046750285062713795
873,9.393002732008833,0.04561491935483871,8.923277879930277,0.029646522234891677
874,9.415536315759756,0.0439588133640553,8.935689256291841,0.053591790193842644
875,9.363523485473774,0.04388680875576037,8.889901421089128,0.03192702394526796
876,9.374332058814264,0.04158266129032258,8.908676960857047,0.028506271379703536
877,9.376594539062218,0.04259072580645161,8.905038011522631,0.04104903078677309
878,9.349690373592113,0.04442684331797235,8.889011173183045,0.02280501710376283
879,9.360352773270849,0.04262672811059908,8.890167576693075,0.027366020524515394
880,9.363603589721539,0.04370679723502304,8.859769552572287,0.04446978335233751
881,9.352697194446616,0.04367079493087558,8.865448711399614,0.021664766248574687
882,9.291735196443197,0.0459389400921659,8.840849888365517,0.020524515393386546
883,9.286677228690293,0.044534850230414744,8.86605126501625,0.03192702394526796
884,9.293270394549392,0.045110887096774195,8.80819028704305,0.036488027366020526
885,9.26639180249333,0.04277073732718894,8.842467600562554,0.01710376282782212
886,9.268777497902445,0.04543490783410138,8.84139580438455,0.02394526795895097
887,9.268069970442951,0.04507488479262673,8.844834651751285,0.02280501710376283
888,9.258342224332045,0.04388680875576037,8.831698963552407,0.03876852907639681
889,9.270181249363631,0.04305875576036866,8.789492683236656,0.020524515393386546
890,9.232382145894837,0.04316676267281106,8.806752742084429,0.01710376282782212
891,9.214360410716676,0.04334677419354839,8.803650347101783,0.026225769669327253
892,9.218037420703519,0.04514688940092166,8.762176098274397,0.037628278221208664
893,9.194603961733629,0.043202764976958526,8.749651913224223,0.02394526795895097
894,9.213374014823668,0.0431307603686636,8.749837865579359,0.02508551881413911
895,9.192832076604466,0.04424683179723502,8.75299128050679,0.02508551881413911
896,9.205920015062604,0.04442684331797235,8.75683249144081,0.03876852907639681
897,9.151585253702331,0.04561491935483871,8.74930740299899,0.02280501710376283
898,9.17333021032096,0.04388680875576037,8.683945602538785,0.020524515393386546
899,9.193119077638547,0.04316676267281106,8.751565010001205,0.02394526795895097
900,9.171700468810473,0.04237471198156682,8.724317006945203,0.02394526795895097
901,9.159801496338735,0.04521889400921659,8.758431233457175,0.02394526795895097
902,9.145873955317906,0.042482718894009217,8.681407859958835,0.03420752565564424
903,9.1166976036564,0.04647897465437788,8.683117429370075,0.028506271379703536
904,9.131581521803334,0.04665898617511521,8.701934612191526,0.027366020524515394
905,9.112646360001806,0.04507488479262673,8.629323129643057,0.0330672748004561
906,9.07557888734176,0.04727102534562212,8.676611442522422,0.03420752565564424
907,9.09691854775776,0.044534850230414744,8.65052042148812,0.03420752565564424
908,9.082604715901036,0.046118951612903226,8.600800950279801,0.036488027366020526
909,9.08391297248102,0.04442684331797235,8.652327478815511,0.02394526795895097
910,9.048191083741079,0.044462845622119815,8.652379829772114,0.029646522234891677
911,9.077320397724204,0.04403081797235023,8.628706191529433,0.03420752565564424
912,9.057260678111133,0.044462845622119815,8.668328159075642,0.036488027366020526
913,9.032920066112746,0.0428067396313364,8.60457971783837,0.05131128848346636
914,9.017054182043823,0.04496687788018433,8.592498513964454,0.027366020524515394
915,9.011055194837157,0.04334677419354839,8.59055258991237,0.04561003420752566
916,8.993498004526586,0.04647897465437788,8.597508193421662,0.027366020524515394
917,9.033979068703365,0.046190956221198155,8.561122461490783,0.04446978335233751
918,9.00854610188216,0.046010944700460826,8.559938710255118,0.027366020524515394
919,8.986297174532842,0.044462845622119815,8.553538930320958,0.029646522234891677
920,8.943364646577615,0.04521889400921659,8.532874382480113,0.027366020524515394
921,8.96795589693131,0.043274769585253454,8.53833742587569,0.03420752565564424
922,8.96348499922159,0.04586693548387097,8.519458175928861,0.029646522234891677
923,8.95050494681855,0.044390841013824886,8.526294023172342,0.02394526795895097
924,8.919278017386862,0.04658698156682028,8.54682404095118,0.02280501710376283
925,8.94401109053792,0.04532690092165899,8.5506107032367,0.026225769669327253
926,8.904738773398686,0.04586693548387097,8.5132765905887,0.021664766248574687
927,8.917543116802443,0.04525489631336405,8.480890080485675,0.01596351197263398
928,8.903523998875771,0.04334677419354839,8.508429154294927,0.026225769669327253
929,8.91776338260844,0.045182891705069124,8.492059915340342,0.027366020524515394
930,8.859420978528563,0.046875,8.474560119950786,0.026225769669327253
931,8.908241036850187,0.045578917050691246,8.488351391277943,0.036488027366020526
932,8.867180646289878,0.043814804147465435,8.441365605205332,0.02394526795895097
933,8.83547613258186,0.04716301843317972,8.356151194773624,0.028506271379703536
934,8.837483456607238,0.04568692396313364,8.430494966365593,0.020524515393386546
935,8.83192055126489,0.045002880184331795,8.42238322032898,0.026225769669327253
936,8.878964399961832,0.04597494239631336,8.40760003093167,0.028506271379703536
937,8.797069228739232,0.04536290322580645,8.430692163813209,0.029646522234891677
938,8.841313291804582,0.046190956221198155,8.439256241819063,0.026225769669327253
939,8.81856197585708,0.04734302995391705,8.35353426677743,0.026225769669327253
940,8.815768123222385,0.044282834101382486,8.391455736236399,0.027366020524515394
941,8.805082457406181,0.04615495391705069,8.372746704649627,0.03078677309007982
942,8.77650113479333,0.04633496543778802,8.35714036056362,0.02508551881413911
943,8.811305597630515,0.045830933179723504,8.365915133172864,0.029646522234891677
944,8.769752295885217,0.04431883640552996,8.354981657308755,0.0330672748004561
945,8.748911187396072,0.04669498847926267,8.34243174915031,0.028506271379703536
946,8.716199812251851,0.046370967741935484,8.379944005333304,0.027366020524515394
947,8.76410618136006,0.045650921658986175,8.320781978533233,0.03192702394526796
948,8.730970641984369,0.04608294930875576,8.300313347149874,0.02280501710376283
949,8.753597608909079,0.04532690092165899,8.289073968015211,0.028506271379703536
950,8.7385607798528,0.04590293778801843,8.349674466262522,0.029646522234891677
951,8.70876369388422,0.042554723502304145,8.271809464849387,0.027366020524515394
952,8.653767553892004,0.04698300691244239,8.25424284483715,0.02394526795895097
953,8.707389097609278,0.04586693548387097,8.250687066342431,0.02280501710376283
954,8.718752182024415,0.04716301843317972,8.29408472728838,0.011402508551881414
955,8.683496081884007,0.04475086405529954,8.237847180295834,0.026225769669327253
956,8.69521125560532,0.046262960829493084,8.283124083124246,0.014823261117445839
957,8.658443645398188,0.046262960829493084,8.251241820975883,0.01596351197263398
958,8.65241044787218,0.048027073732718896,8.230058990835191,0.020524515393386546
959,8.64754781195645,0.04575892857142857,8.244169159109536,0.021664766248574687
960,8.660983660254061,0.04658698156682028,8.189791870769644,0.020524515393386546
961,8.654911477444909,0.04507488479262673,8.207610095512363,0.01710376282782212
962,8.63037102013689,0.04658698156682028,8.260334994665165,0.02394526795895097
963,8.636065101843275,0.04842309907834101,8.190079898899475,0.019384264538198404
964,8.603635348482616,0.04482286866359447,8.195745213681507,0.02280501710376283
965,8.603716759088401,0.04788306451612903,8.177582410205593,0.020524515393386546
966,8.590860441533103,0.047631048387096774,8.137994598771446,0.013683010262257697
967,8.568799517671085,0.04784706221198157,8.18202894987239,0.02280501710376283
968,8.597596828838647,0.04543490783410138,8.186488725712254,0.013683010262257697
969,8.579832440697103,0.04496687788018433,8.186448856253717,0.028506271379703536
970,8.570884058552403,0.04799107142857143,8.159883451298677,0.026225769669327253
971,8.548544577189855,0.04662298387096774,8.118329343937141,0.02280501710376283
972,8.570365128978606,0.04676699308755761,8.188033441045537,0.02280501710376283
973,8.526254226535146,0.04712701612903226,8.120549472734893,0.02394526795895097
974,8.526272838566161,0.04521889400921659,8.095339744637467,0.02394526795895097
975,8.529246625812373,0.04723502304147465,8.106259972366804,0.021664766248574687
976,8.507272481918335,0.047919066820276496,8.083260680821766,0.01710376282782212
977,8.499015805908062,0.04871111751152074,8.103047295878115,0.02508551881413911
978,8.501144250966437,0.046262960829493084,8.089539480046236,0.026225769669327253
979,8.476741713862266,0.046370967741935484,8.050544126547592,0.019384264538198404
980,8.474092925199166,0.04575892857142857,8.053329648286478,0.018244013683010263
981,8.47992825947599,0.04867511520737327,8.035948944744254,0.02508551881413911
982,8.458576882489815,0.04309475806451613,8.066934680177521,0.020524515393386546
983,8.439439617543727,0.04669498847926267,8.045398016204311,0.013683010262257697
984,8.485093482628397,0.04799107142857143,8.006425437796755,0.021664766248574687
985,8.421721622141824,0.04586693548387097,8.066023863571672,0.02394526795895097
986,8.420926603853427,0.04532690092165899,8.010810357271062,0.02280501710376283
987,8.410718242144256,0.0460469470046083,7.98659026908222,0.02508551881413911
988,8.411371666165541,0.049215149769585256,7.939040742958965,0.02394526795895097
989,8.426887637459188,0.047919066820276496,8.029582341149569,0.02280501710376283
990,8.377294844746041,0.048459101382488476,7.959257602147936,0.013683010262257697
991,8.372275004189135,0.04871111751152074,7.948840737206906,0.019384264538198404
992,8.405357350951515,0.043850806451612906,7.981918379545483,0.020524515393386546
993,8.374471875379712,0.04741503456221198,7.953254736679582,0.01596351197263398
994,8.386656869941044,0.04496687788018433,7.912700883610898,0.01596351197263398
995,8.381201651788526,0.04655097926267281,7.924424585757805,0.021664766248574687
996,8.385693060088267,0.04795506912442396,7.922219579820622,0.019384264538198404
997,8.344710192922074,0.04784706221198157,7.901625852900193,0.02394526795895097
998,8.349788806405485,0.04658698156682028,7.959215992804672,0.02280501710376283
999,8.375475482457244,0.04824308755760369,7.925676701414137,0.02508551881413911
