epoch,loss,single_accuracy,val_loss,val_single_accuracy
0,3.346139758825302,0.658203125,5.217399610506071,0.4801864802733168
1,2.499401733279228,0.7744140625,5.172637183627327,0.4801864802733168
2,2.260549433529377,0.8203125,4.882652585045163,0.5046620047488413
3,2.023659326136112,0.8515625,4.937468084144148,0.49184149192832843
4,1.890925332903862,0.869140625,4.9241458297053695,0.4965034965903331
5,1.7379785105586052,0.8798828125,4.97519462425392,0.49067599076282725
6,1.6772675924003124,0.8896484375,4.868355857742416,0.5081585082453448
7,1.6449795253574848,0.890625,4.862966332958017,0.5058275059143424
8,1.6259250147268176,0.8935546875,5.03449114997348,0.5000000001736732
9,1.6038699075579643,0.8994140625,5.2250343758465245,0.49184149185885917
10,1.630661703646183,0.8974609375,5.149660975227267,0.5011655011828685
11,1.5709491968154907,0.8994140625,4.85838250513677,0.5128205128378801
12,1.5329368337988853,0.8994140625,5.164727160980651,0.5104895106631837
13,1.483143389225006,0.9013671875,4.867243614507999,0.5163170164906895
14,1.4735572934150696,0.9052734375,4.951211217955832,0.5244755244928918
15,1.4720118455588818,0.908203125,4.755638684981909,0.5221445221618894
16,1.4622078463435173,0.9052734375,4.857661146106142,0.5139860141596871
17,1.4428207240998745,0.908203125,4.957869892075901,0.5139860140902179
18,1.4419643208384514,0.9091796875,5.025484599711456,0.5011655013391744
19,1.4595954325050116,0.9072265625,5.117687638822969,0.49300699302436035
20,1.4544174820184708,0.9091796875,5.072128619347419,0.49300699302436035
21,1.411302613094449,0.9091796875,5.144262509468274,0.48484848502215805
22,1.3818179219961166,0.912109375,5.080229739209155,0.5011655013391744
23,1.3915038965642452,0.9130859375,5.035661970818793,0.4930069931806662
24,1.4070437625050545,0.912109375,4.957551962845809,0.504662004679372
25,1.3926101215183735,0.912109375,5.065405838973039,0.5116550116723789
26,1.3926041275262833,0.9130859375,5.096966245513418,0.5023310024352062
27,1.4070368353277445,0.912109375,5.019089452036611,0.5198135199177237
28,1.4229403510689735,0.9111328125,4.925178719011498,0.5198135199177237
29,1.408650167286396,0.9111328125,5.047416900421356,0.5093240094282132
30,1.4075292603629128,0.912109375,5.0070537820562615,0.5046620048356779
31,1.3935342691838741,0.912109375,5.1161847837043535,0.508158508262712
32,1.3645304050296545,0.9140625,5.10521346205598,0.5034965036701767
33,1.3634607016283553,0.9130859375,4.937869504337266,0.5209790211526942
34,1.368145179003477,0.9111328125,5.124025714980973,0.4941724943461674
35,1.3792969181668013,0.912109375,5.22506819127045,0.49184149194569576
36,1.3374572284519672,0.9150390625,5.248557130773585,0.501165501269705
37,1.346121996641159,0.916015625,5.420898065144644,0.49300699311119695
38,1.3459919542074203,0.916015625,5.3069895386417985,0.49184149194569576
39,1.3452742956578732,0.916015625,5.234744054176312,0.500000000104204
40,1.3456301633268595,0.916015625,5.138148570116305,0.5000000001736732
41,1.3470489643514156,0.9140625,5.033882974744676,0.5128205128552474
42,1.3455261215567589,0.916015625,4.964617449086862,0.5116550120718274
43,1.3036173935979605,0.916015625,5.112214800916908,0.5023310027478181
44,1.2953865863382816,0.9130859375,5.112775031225387,0.5069930074098227
45,1.2985744550824165,0.9189453125,4.894225641841933,0.5186480187522226
46,1.313555427826941,0.91796875,5.073506678734626,0.5186480187522226
47,1.314045362174511,0.91796875,5.266091460114592,0.5128205128552474
48,1.3142177574336529,0.9169921875,5.370920369119355,0.506993007097211
49,1.3131491290405393,0.91796875,5.458069832452805,0.49533799544219925
50,1.315044748596847,0.9169921875,5.506218703476699,0.49650349660770043
51,1.3025079760700464,0.9169921875,5.410057189025523,0.49650349653823117
52,1.2996915355324745,0.91796875,5.281227498621374,0.5058275058622405
53,1.2987125301733613,0.91796875,5.322096047701535,0.5046620046967393
54,1.297353032976389,0.9189453125,5.508858328376895,0.49184149225830753
55,1.297631585970521,0.9189453125,5.468090249664022,0.4930069930417276
56,1.2974018193781376,0.9189453125,5.4443488988009365,0.49650349653823117
57,1.2863064110279083,0.9189453125,5.334454337477962,0.5116550116897463
58,1.2833839729428291,0.9189453125,5.134971667558719,0.5116550116897463
59,1.297734934836626,0.9189453125,5.126068246392381,0.5198135198482544
60,1.2839190810918808,0.9189453125,5.168672657235241,0.5151515151862498
61,1.2816719263792038,0.919921875,5.119666148454715,0.5139860144028296
62,1.2979614157229662,0.9189453125,4.949484713983424,0.5139860144028296
63,1.283251779153943,0.919921875,5.0519533968749855,0.5198135201608662
64,1.2821191884577274,0.919921875,5.08375230980364,0.5139860144028296
65,1.2978736199438572,0.9189453125,5.016054096755448,0.5151515155683308
66,1.297181287780404,0.9189453125,5.0027548861114575,0.5116550120718274
67,1.2699387626307503,0.9189453125,5.007943253417115,0.5163170166643627
68,1.266683854162693,0.919921875,4.8684073972813176,0.5186480189258957
69,1.266664357855916,0.9208984375,4.892997438257391,0.5268065272233425
70,1.2665701629593968,0.9208984375,5.000149174447937,0.5151515151862498
71,1.2682050615549088,0.919921875,5.0488361634296695,0.5069930073403535
72,1.1934828541707247,0.923828125,6.029417272492166,0.4650349653823114
73,1.2062415443360806,0.9228515625,5.493866648151602,0.4883449886923348
74,1.2254448980093002,0.9208984375,5.3625590217697034,0.4930069933543394
75,1.2225897386670113,0.9228515625,5.426901652818516,0.5023310025394102
76,1.2100845202803612,0.9228515625,5.335709092778203,0.5023310025394102
77,1.2376067899167538,0.921875,5.2782039520068045,0.4965034967813736
78,1.2204233231022954,0.9228515625,5.168846875081807,0.5023310025394102
79,1.2072784276679158,0.9228515625,5.339794383460269,0.5011655014433783
80,1.2207203023135662,0.9228515625,5.2098313222676165,0.5011655014433783
81,1.2037715101614594,0.9248046875,5.152527111115711,0.5023310026088794
82,1.1927536576986313,0.9248046875,5.143575459371358,0.5023310026783487
83,1.1748499069362879,0.9248046875,5.210998460685179,0.4965034969203122
84,1.161232316866517,0.92578125,5.085219004215339,0.5011655015823169
85,1.172663500532508,0.9267578125,5.136420811250771,0.5023310026088794
86,1.1728648925200105,0.9267578125,5.175478754065809,0.5093240095324172
87,1.1751840505748987,0.92578125,5.229398461766454,0.5128205130289206
88,1.1729651372879744,0.9267578125,5.352869253892165,0.5058275060359136
89,1.173291290178895,0.9267578125,5.37281678717731,0.498834499112376
90,1.1760015841573477,0.923828125,5.713153435633733,0.4953379956158725
91,1.1746538610713975,0.9248046875,5.514517243925508,0.4906759909538678
92,1.1726314009683625,0.9267578125,5.1172335786975065,0.5023310025394102
93,1.1886891424655914,0.92578125,5.208651138074471,0.4965034967813736
94,1.1734191123396158,0.9267578125,5.384573856433788,0.4953379954769339
95,1.1733599603176117,0.92578125,5.260405558250445,0.4976689978079362
96,1.1728159952908754,0.9267578125,5.264957305712578,0.4976689978079362
97,1.1726314071565866,0.9267578125,5.373937757976683,0.4965034966424351
98,1.172894848510623,0.9267578125,5.327073241725112,0.49883449890396814
99,1.172631423920393,0.9267578125,5.377923212962829,0.4965034965729658
