epoch,loss,single_accuracy,val_loss,val_single_accuracy
0,3.9794788092282913,0.5910842754367934,1.7828769861679254,0.7494172494867187
1,3.7982742892997483,0.6099531089414183,1.5258707244357308,0.7715617715617715
2,3.619769269736428,0.6320336587872559,1.4491979670135569,0.804195804890497
3,3.4821416481425804,0.6474017214799589,1.3801947873789113,0.8065268062489294
4,3.3781927503025178,0.6550134892086331,1.4448516296617913,0.8205128202349434
5,3.2539697640478793,0.6701406731757451,1.4780643858831801,0.8100233105790643
6,3.2148654720643566,0.6770298047276464,1.5209304363855394,0.8100233096064944
7,3.1420630827959615,0.6886562178828366,1.4892128814350476,0.8100233096064944
8,3.055884225946781,0.6933132065775951,1.4719840718871786,0.8065268061099908
9,3.020411830521806,0.6978577852004111,1.5125350396394175,0.8053613049444897
10,2.957807615690339,0.7044899794450155,1.5528992206066639,0.8065268061099908
11,2.93316529729506,0.7088097379239465,1.5815325989311948,0.8065268061099908
12,2.8526193256368373,0.7151849948612539,1.5445004015257864,0.807692307275492
13,2.9177387969956983,0.7145265930113053,1.5754067614361957,0.807692307275492
14,2.8254806982527536,0.7171923175745119,1.5497675936816733,0.8100233096064944
15,2.8392598099110673,0.7198419835560124,1.5347834839409604,0.807692307275492
16,2.77996799475365,0.7231018756423433,1.5192955712894183,0.8100233096064944
17,2.7270221445567806,0.7254785457348407,1.5327623418438963,0.8111888107719954
18,2.721848717083789,0.7296858941418294,1.5302151694442288,0.8135198131029978
19,2.662081550167374,0.7286742034943474,1.5179529523516035,0.8123543129100667
20,2.6657637355261445,0.7300070657759506,1.4727489742643627,0.8088578094135631
21,2.6502480144858485,0.7287866135662898,1.5138393609951704,0.8111888117445655
22,2.6208061383537498,0.7319662127440905,1.5122768828918884,0.8170163175720713
23,2.569832115232148,0.7337647738951696,1.5013334295410654,0.8193473199030736
24,2.5450658073528207,0.7338129496402878,1.5088069588987978,0.8205128210685748
25,2.54876106475142,0.7353545734840699,1.5085547926264764,0.8193473199030736
26,2.5261320234692723,0.7362859712230215,1.492749112469333,0.8205128210685748
27,2.4849802697917784,0.7362859712230215,1.48338218057628,0.8228438233995771
28,2.433599638669366,0.7387108170606372,1.4834197228882975,0.8251748257305794
29,2.4001548535899784,0.7393531603288798,1.4123910873919934,0.8240093245650782
30,2.386191427585155,0.7352903391572456,1.398509893106136,0.8263403268960806
31,2.3210393431130316,0.738164825282631,1.3556082604370472,0.8263403268960806
32,2.2959334918308354,0.7386465827338129,1.3085304145768528,0.821678322234076
33,2.2700519140614515,0.7370407245632066,1.305449077577302,0.8205128210685748
34,2.2142685881499027,0.7386144655704008,1.3134630557262537,0.821678322234076
35,2.1634564876311364,0.7413444244604317,1.2887099136561502,0.821678322234076
36,2.160453219054782,0.7395940390544707,1.2877175535633292,0.8240093245650782
37,2.130285277334784,0.7395779804727647,1.2589982736916532,0.8205128210685748
38,2.0854476185521267,0.7404451438848921,1.247620608978894,0.8205128210685748
39,2.04006898390916,0.741938591983556,1.1713705454672967,0.8240093245650782
40,2.0052144834341026,0.7409108427543679,1.1734634448876191,0.8228438233995771
41,1.9673666078654737,0.7412801901336074,1.1519734903926895,0.8251748257305794
42,1.8956777711321369,0.7435123329907503,1.147449794627014,0.8228438233995771
43,1.8916412799600952,0.7412962487153134,1.1222293535312573,0.8251748257305794
44,1.851691475476905,0.7411998972250771,1.1165735293657353,0.8263403268960806
45,1.8089555198095073,0.7400757965056526,1.0868536358946688,0.8263403268960806
46,1.7617791807173702,0.7398830935251799,1.0570875442389287,0.8251748247580095
47,1.714541762776267,0.7412962487153134,1.0386053218152418,0.8275058270890118
48,1.6763331634964016,0.742950282631038,0.9929429367705659,0.8263403259235106
49,1.6191833963252045,0.7418101233299075,0.9474195278052128,0.8263403267571421
50,1.605955696822683,0.7428699897225077,0.9472356212166917,0.8240093244261397
51,1.5395607138157872,0.7403327338129496,0.9437938172778327,0.8263403267571421
52,1.5147786938029228,0.7426612281603289,0.9278551492935572,0.8263403267571421
53,1.4873543799781113,0.7431269270298048,0.9145611819131669,0.8251748255916409
54,1.4360927565431056,0.7457284172661871,0.8974230818815164,0.8228438232606385
55,1.3924338487412433,0.7456641829393628,0.8771656144471157,0.8216783220951374
56,1.333178978110879,0.7458568859198356,0.8750700168398432,0.8181818185986339
57,1.2815926296125335,0.7445561408016445,0.8617341505202936,0.8181818185986339
58,1.2531497114608858,0.7478160328879754,0.8532749681206017,0.8181818185986339
59,1.2365943351176636,0.7491488951695786,0.8396063644291359,0.8170163172941941
60,1.1900791194737876,0.7505781089414183,0.8247827379019944,0.8181818184596953
61,1.154821499278587,0.7486671377183967,0.7819604501996563,0.8123543126321895
62,1.098121198818838,0.75,0.7708693018187454,0.8170163172941941
63,1.0582936178253464,0.7508350462487153,0.766190547070581,0.815850816128693
64,1.0290145130037405,0.7536934737923947,0.7788597070253812,0.8111888114666883
65,1.0051870584977984,0.7541591726618705,0.7722298819007296,0.8240093242872012
66,0.9772579997992344,0.7555562692702981,0.7385964558952616,0.8123543126321895
67,0.9436354710043763,0.7574993576567317,0.7261448888095109,0.8146853149631919
68,0.9084175728330387,0.7594585046248715,0.7094813125394719,0.8228438222880686
69,0.8752935711918485,0.758816161356629,0.7033635045126045,0.8263403257845721
70,0.8570233760487751,0.7615782374100719,0.6936948198677498,0.8216783219561988
71,0.8351715966400605,0.7632001541623844,0.6795913466623613,0.8205128199570663
72,0.8208703230855889,0.7648541880781089,0.6756045427911487,0.8228438222880686
73,0.8092776918889072,0.7636979701952723,0.6746497498803483,0.8205128199570663
74,0.7897692260247218,0.766636690647482,0.6735037112986291,0.8216783211225674
75,0.7561319248649346,0.7678410842754368,0.6589876555757367,0.8263403257845721
76,0.7570532768321552,0.7698805241521068,0.6356014106379244,0.8216783211225674
77,0.7333807388410539,0.7682104316546763,0.6341070432763,0.8263403257845721
78,0.7139180472918919,0.7707958633093526,0.6302429084038679,0.8263403257845721
79,0.7114067798650767,0.7698644655704008,0.6154171915460022,0.8275058269500732
80,0.6849058973703454,0.772674717368962,0.6136289304230874,0.8275058269500732
81,0.6683480927504346,0.7739915210688592,0.6105655344910833,0.8240093234535697
82,0.6708462781982089,0.7742645169578622,0.6097230775789781,0.8263403257845721
83,0.6550096767166781,0.7751959146968139,0.5931289086252938,0.8251748246190709
84,0.6291661179506767,0.7771068859198356,0.5854565671412817,0.8263403257845721
85,0.6378277033904352,0.7775404676258992,0.5768385387106097,0.8240093234535697
86,0.6250055110405552,0.7785521582733813,0.5777195239122653,0.8228438232606385
87,0.6300907635799047,0.7772995889003084,0.5559457443949781,0.8251748255916409
88,0.6034295585883239,0.778471865364851,0.5636081072417173,0.8251748246190709
89,0.6113127783354361,0.7796280832476875,0.5532016327608993,0.8228438222880686
90,0.6165773374816251,0.7779901079136691,0.5256769834976374,0.8240093234535697
91,0.5908868468432608,0.780238309352518,0.5213267330801015,0.8240093244261397
92,0.5937047308236207,0.7803828365878726,0.520917107869973,0.8240093244261397
93,0.5869617044068068,0.7800777235354573,0.5151224822709055,0.8286713290881443
94,0.5785962874328244,0.7829682682425488,0.513586567623632,0.8263403267571421
95,0.5744970213595054,0.7820850462487153,0.5122933883767028,0.8286713290881443
96,0.5725279919657653,0.7815390544707091,0.511078485797891,0.8286713290881443
97,0.5719103392324614,0.7806879496402878,0.5110953421025843,0.8251748255916409
98,0.5694706752390926,0.7819405190133607,0.5104021681494368,0.8275058279226432
99,0.5544561285215439,0.7839478417266187,0.5090549937633924,0.8275058279226432
100,0.5528128419113552,0.7818762846865365,0.5000057592119648,0.8286713290881443
101,0.5570205725721808,0.7825668036998972,0.5126722802371134,0.8286713290881443
102,0.5559034980948391,0.7832091469681398,0.5109154935622271,0.8286713290881443
103,0.5494118844678688,0.7855858170606372,0.5257570339944257,0.8286713290881443
104,0.545056552184939,0.7846062435765673,0.5249331248945845,0.8298368302536455
105,0.5500292283658011,0.7824062178828366,0.5163144314344669,0.8286713290881443
106,0.5406565396354476,0.784766829393628,0.5239508898108156,0.8298368302536455
107,0.5458788931798592,0.7847347122302158,0.5164499367589439,0.8310023314191467
108,0.5392157517197443,0.7848310637204522,0.5122785635622509,0.8263403267571421
109,0.5459370607584868,0.7843332476875642,0.5181128113141983,0.8275058279226432
110,0.5379852432937563,0.7853128211716341,0.514833998846841,0.8286713290881443
111,0.5363759977048127,0.7858427543679343,0.5156871647962601,0.8286713290881443
112,0.5358333270326793,0.7850880010277492,0.5131042023082991,0.8286713290881443
113,0.5300484562152948,0.7883800102774923,0.5160882495222114,0.8310023314191467
114,0.5306736302216521,0.7856500513874615,0.5169734564416614,0.8275058279226432
115,0.531686329431181,0.7855697584789312,0.5303209908914455,0.8298368302536455
116,0.5296805417366165,0.7892953494347379,0.5202081945392635,0.8263403267571421
117,0.5411459864839866,0.7849434737923947,0.5248954172456737,0.8286713290881443
118,0.5369719284962775,0.789809224049332,0.5340252995213151,0.8286713290881443
119,0.530419000771896,0.7874004367934224,0.5338001831983908,0.8286713290881443
120,0.5249446237810101,0.7892311151079137,0.5218291961368703,0.8275058279226432
121,0.527940847094478,0.7885727132579651,0.5360086228186156,0.8263403267571421
122,0.5241387537302485,0.7878821942446043,0.5358272522757381,0.8275058279226432
123,0.5251621763544484,0.7879143114080165,0.5380155962386054,0.8170163174331327
124,0.5235858623011139,0.7868544450154162,0.5412908161019946,0.8205128209296362
125,0.5258639977684001,0.7894559352517986,0.5294875294178516,0.8135198139366292
126,0.5219288446614088,0.7896165210688592,0.5277987724834389,0.8170163174331327
127,0.5161209315337233,0.7899537512846866,0.5186170551465663,0.819347319764135
128,0.5280121557514077,0.7888457091469682,0.5560817089808848,0.8158508162676316
129,0.5223275183528693,0.7916238437821171,0.5336300413925331,0.812354312771128
130,0.5250482386454771,0.7903391572456321,0.5351007120175795,0.805361305778121
131,0.5186697102524148,0.7906924460431655,0.5400069749855495,0.8076923081091234
132,0.5241996392929297,0.7912384378211716,0.5526349570923474,0.8041958037789885
133,0.5247327457167752,0.7909815005138746,0.5698059254037194,0.8018648022816176
134,0.5259049214415046,0.7914311408016445,0.5804436480526601,0.8006993011161164
135,0.5165763615581752,0.7909172661870504,0.5670101907981303,0.8030303034471187
136,0.5170593494807828,0.7908209146968139,0.5709407097531921,0.7995337991169839
137,0.5227620722333549,0.7909012076053443,0.5677037350920252,0.8018648022816176
138,0.5157087675591534,0.7916077852004111,0.5695391866293821,0.800699300282485
139,0.5145594432628412,0.7914471993833505,0.56882363224363,0.8018648022816176
140,0.5146358259106466,0.7932297019527236,0.5680142204105715,0.7995337999506152
141,0.5148658518433449,0.7924588900308325,0.5725687037814747,0.7972027976196129
142,0.5133635857183666,0.7920413669064749,0.5746713077827489,0.7937062932894781
143,0.5164470694660528,0.7930048818088387,0.5718672455468655,0.7960372964541117
144,0.5221523418945987,0.7927318859198356,0.5614393748742439,0.7983682979514827
145,0.5082930529227849,0.7941771582733813,0.5624940265447665,0.7937062931505394
146,0.5102376664959024,0.7933742291880781,0.5638990423757158,0.7937062931505394
147,0.5110221013258319,0.7922661870503597,0.5754075953454683,0.790209789654036
148,0.5200642440142637,0.7942413926002055,0.5772536802680898,0.7867132861575324
149,0.5122822911190472,0.7955581963001028,0.580155870297572,0.7867132861575324
150,0.518268414997981,0.792089542651593,0.5809390969348677,0.7878787873230336
151,0.5140275988126708,0.7937114594039054,0.5875453091723658,0.7832167826610289
152,0.5131994491368379,0.7939683967112025,0.593485797965999,0.7738927733370197
153,0.5162784915727554,0.79536549331963,0.6074096008892104,0.7738927733370197
154,0.5048772672771304,0.7960881294964028,0.593680514530702,0.7762237756680219
155,0.5137876232689723,0.7947392086330936,0.577925494709215,0.7762237756680219
156,0.5087016686751198,0.7953333761562179,0.5951526251150456,0.7762237756680219
157,0.5133687430516054,0.795108556012333,0.5989749007152788,0.7715617710060173
158,0.509338298779965,0.7972925231243576,0.6122017718139506,0.7738927733370197
159,0.5148998394776959,0.7948837358684481,0.6124755506054227,0.7727272721715185
160,0.5086148350297608,0.7954779033915724,0.6151213770979768,0.7657342651785115
161,0.5184853127779475,0.7974691675231244,0.6156815321017535,0.7668997663440127
162,0.5131846306594768,0.7977100462487153,0.6193898421623212,0.7645687640130103
163,0.5127127522493561,0.7958793679342241,0.6243441275088659,0.7645687640130103
164,0.5102542106134919,0.7970195272353545,0.6399300612491884,0.7587412581855045
165,0.5085644234366187,0.7972764645426516,0.6414501010537981,0.7575757570200033
166,0.5095074714026495,0.7979830421377184,0.6524411398908753,0.755244754689001
167,0.5090820977094852,0.7959917780061665,0.6455851080534342,0.7564102558545022
168,0.5100965302012562,0.7983523895169579,0.6694667176072137,0.7517482511924974
169,0.5113993939950312,0.7987056783144912,0.6654531058175859,0.7517482511924974
170,0.5197619148908147,0.7977903391572456,0.6665393299572951,0.7505827500269964
171,0.5129966073634078,0.7963450668036999,0.6692159296749355,0.7529137523579986
172,0.504372736180674,0.8000867163412128,0.670156852557109,0.7540792535234998
173,0.5134005450393778,0.7989144398766701,0.674150522563841,0.7505827500269964
174,0.507163370286573,0.7984647995889003,0.6902566311103758,0.7447552441994905
175,0.5118696750864341,0.799669193216855,0.6771162747642099,0.7470862465304928
176,0.5033310478110965,0.7990750256937307,0.704135445100722,0.7470862473641242
177,0.5068097190523687,0.7990589671120246,0.6974404499386296,0.7517482520261288
178,0.5140841241700064,0.8005202980472764,0.7015568606364422,0.7470862473641242
179,0.5094192110438509,0.7995889003083247,0.7141190257383672,0.7494172496951266
180,0.5082275581996953,0.8003597122302158,0.7238279426153446,0.7424242427021196
181,0.5134822802516686,0.8008735868448099,0.7677333986425733,0.7365967368746137
182,0.5042374931957346,0.801660457348407,0.735699799163636,0.7424242427021196
183,0.5156124389490145,0.8017086330935251,0.7190745967529315,0.738927739205616
184,0.506675268800016,0.8020940390544707,0.7389889183716897,0.738927739205616
185,0.5141882552149852,0.8004560637204522,0.7549392138466691,0.7377622380401149
186,0.510106476887157,0.8018692189105858,0.7583670543901848,0.7377622380401149
187,0.504536861904111,0.8022706834532374,0.7603873911298517,0.738927739205616
188,0.5064930385639097,0.8022385662898253,0.7857326777664931,0.7319347322126091
189,0.5115006655025826,0.8018371017471737,0.783916617051149,0.7319347322126091
190,0.5095478583889165,0.8020458633093526,0.7959643185555518,0.7319347322126091
191,0.51078655468903,0.8035874871531347,0.7982362665774383,0.7296037298816067
192,0.5106949535756538,0.8026239722507709,0.7885306451843057,0.7342657345436114
193,0.5125476142270959,0.8038123072970196,0.8314931478811589,0.7331002333781103
194,0.5152327659839472,0.8016443987667009,0.8421194536007923,0.7284382287161055
195,0.5168148356988521,0.8027845580678314,0.828348611757194,0.7284382287161055
196,0.510554370752709,0.8050488180883865,0.8352111095870847,0.7261072263851033
197,0.5080516337429509,0.8030736125385406,0.8144981277572525,0.7296037298816067
198,0.5060047063620461,0.8046794707091469,0.8392094762036295,0.7284382287161055
199,0.5119698071069364,0.8034750770811921,0.8888875985201145,0.7261072263851033
200,0.5176180080727952,0.8046955292908531,0.89557451336256,0.7319347322126091
201,0.5137860494735674,0.8031057297019527,0.9388643823442482,0.7296037298816067
202,0.5103825390767708,0.8044707091469682,0.9726334204484811,0.7249417252196021
203,0.5152049424836962,0.804438591983556,0.9667059519352057,0.7261072255514719
204,0.5131509800088369,0.8070240236382322,0.9651661629860218,0.7296037298816067
205,0.5102228958462149,0.8055948098663926,0.9729261691475803,0.7272727275506045
206,0.5087636812280898,0.8052736382322713,0.9831981017039373,0.7226107228885997
207,0.5037634675941389,0.8058678057553957,1.017605003568676,0.7261072263851033
208,0.5093280454640031,0.8039086587872559,1.0534911448166364,0.7226107228885997
209,0.5037591627359636,0.8070079650565262,1.0386752479976706,0.7214452217230986
210,0.5151582831652779,0.80442253340185,1.0484909230456763,0.7226107228885997
211,0.5144322121713046,0.8080035971223022,1.0789811330519634,0.7167832162274625
212,0.5168162138495146,0.8066225590955807,1.080288770246061,0.7226107228885997
213,0.5163676737820134,0.8080678314491264,1.0183798162948279,0.7272727275506045
214,0.5048082452363125,0.8084371788283659,1.0478934767224015,0.7249417243859707
215,0.5139970813417484,0.804438591983556,1.0407999512893615,0.7179487182265951
216,0.5075579780591355,0.8085656474820144,1.020415145617265,0.7261072265240418
217,0.5092212318884015,0.8063335046248715,1.0508577558266254,0.7156177158955928
218,0.5122345590854843,0.8073773124357657,1.075931568593134,0.7144522147300916
219,0.5119282526690571,0.8076824254881809,1.108775184148953,0.7062937065715834
220,0.5008889824642062,0.8095933967112025,1.073930656090205,0.7179487182265951
221,0.5154689982119959,0.8075700154162384,1.1136430435247355,0.713286713703529
222,0.5085326080944653,0.8080999486125385,1.0929844720519228,0.7109557113725267
223,0.5071369306646663,0.8090152877697842,1.048144668549091,0.7237762232204695
224,0.5154761896839122,0.8100430369989723,1.109628029428162,0.7086247080689544
225,0.5090454442528022,0.8087583504624871,1.1115184417971364,0.713286713703529
226,0.5165211424798172,0.8086941161356629,1.0972414707943,0.7144522148690301
227,0.5100499978260293,0.8060283915724563,1.135788930115444,0.7051282054060822
228,0.5048868708075134,0.8106211459403906,1.1361107023168,0.7167832172000325
229,0.5036236397837809,0.8107174974306269,1.1146787512691427,0.7156177160345313
230,0.5151386816142642,0.8104284429599178,1.1014383267828356,0.713286713703529
231,0.5073167634218594,0.8095291623843782,1.1720053401443509,0.713286713703529
232,0.5147834534757797,0.8108620246659815,1.1582061073857866,0.713286713703529
233,0.5125787570873488,0.8119700668036999,1.1876096025908187,0.7097902102070255
234,0.505664069998056,0.8102036228160329,1.1579308184710415,0.713286713703529
235,0.512465769606896,0.808726233299075,1.2089797923892807,0.7039627043795197
236,0.5160365548187758,0.8105087358684481,1.1097313997906684,0.7144522148690301
237,0.5016236243825042,0.8114080164439876,1.2040662811352656,0.7074592078760231
238,0.5078807390483531,0.8106050873586845,1.1921996209588084,0.7097902102070255
239,0.5098567214954304,0.8095773381294964,1.206016239378002,0.7016317020485173
240,0.5023227805867102,0.8125642343268242,1.214803155832913,0.7039627043795197
241,0.5042793092845278,0.8103160328879754,1.195160005128745,0.7074592078760231
242,0.5115547406220118,0.8114080164439876,1.2096777964722027,0.7039627043795197
243,0.5038920970976292,0.8116488951695786,1.212401526443886,0.7027972032140185
244,0.5074799107990676,0.8121145940390545,1.2145608709408686,0.7039627043795197
245,0.5093081241582672,0.8119861253854059,1.1595099407198268,0.7144522148690301
246,0.5120775026995746,0.8137846865364851,1.1879431105854905,0.7156177160345313
247,0.5101469388080403,0.8096415724563206,1.1611754759486184,0.7156177160345313
248,0.5064243614704244,0.8131584018499486,1.1943756135610433,0.7156177160345313
249,0.49883834565898744,0.8112474306269271,1.1840260342145577,0.713286713703529
250,0.5020521840143792,0.8153263103802673,1.1628588636716206,0.7144522148690301
251,0.5024271207227001,0.8108941418293937,1.1680263862326428,0.7167832172000325
252,0.5076467047186084,0.8126445272353545,1.1747669287911662,0.720279720696536
253,0.503230423500947,0.8137846865364851,1.2135169540112947,0.7144522148690301
254,0.5008137781107903,0.8137204522096608,1.1931615142555503,0.7156177160345313
255,0.5082594057179428,0.812981757451182,1.2149950095684656,0.7121212125380278
256,0.5057834057100998,0.8123394141829393,1.1972870421020578,0.7179487183655336
257,0.5007047542473273,0.8110226104830421,1.1894112120975147,0.7167832172000325
258,0.5061586035486361,0.8140576824254881,1.2649279987756468,0.7121212125380278
259,0.5095067374783454,0.8163701181911613,1.2264207260453062,0.720279720696536
260,0.5085098144941927,0.8141219167523125,1.2619946121752679,0.7086247090415243
261,0.5089143184142882,0.8146197327852004,1.2487893517200763,0.713286713703529
262,0.5190859427800036,0.8133832219938335,1.2851453637465453,0.7109557113725267
263,0.5065580112103446,0.8145715570400822,1.3114235423383735,0.7179487183655336
264,0.5102897542323017,0.8150854316546763,1.283741953281256,0.713286713703529
265,0.505458399423715,0.8147963771839671,1.281494917916807,0.7121212125380278
266,0.49939623220851465,0.8147963771839671,1.2736704133468353,0.720279720696536
267,0.5047502435460488,0.8154226618705036,1.1973745604078252,0.7214452218620372
268,0.512372865752228,0.8148124357656732,1.2688631586261563,0.7179487183655336
269,0.5135007679064252,0.8155511305241521,1.2032866948968046,0.720279720696536
270,0.5033619940770984,0.8172372816032888,1.2663913933964042,0.7191142195310348
271,0.5170745681760736,0.8151336073997945,1.2818304525388704,0.7179487183655336
272,0.5115291380839382,0.8164825282631039,1.2962165325532704,0.7167832172000325
273,0.5038128218633665,0.8160650051387461,1.264015707380566,0.7179487183655336
274,0.5129039038550817,0.8152460174717369,1.296996520115779,0.7156177160345313
275,0.5134627601746298,0.816530704008222,1.2695333840269032,0.7167832172000325
276,0.5066683039697076,0.8151175488180884,1.3036996982036493,0.7156177160345313
277,0.5098374987677704,0.8179117420349434,1.314264456708948,0.7144522148690301
278,0.5055846043413491,0.8155993062692704,1.2975146321011035,0.7167832172000325
279,0.5049153951983535,0.8173336330935251,1.2733763630017811,0.7226107230275383
280,0.49809654475116044,0.8183132065775951,1.3340945728731044,0.7144522148690301
281,0.5094511853061992,0.8161934737923947,1.2619030117849648,0.720279720696536
282,0.5044129395288897,0.8179759763617678,1.3187531383582207,0.7156177160345313
283,0.5063418862079667,0.8172693987667009,1.3506306851660455,0.7156177160345313
284,0.5091240727031586,0.8173175745118191,1.3660663524707715,0.7156177160345313
285,0.5019012325407912,0.8185380267214799,1.331950282856023,0.7179487183655336
286,0.5056108218394718,0.8188752569373073,1.3652759197152855,0.7121212125380278
287,0.503887067182336,0.8154868961973278,1.325145482113867,0.7156177160345313
288,0.5069656353539578,0.8169803442959918,1.3751690032737793,0.7179487183655336
289,0.5056046498336381,0.8191803699897225,1.3320639978894542,0.7179487183655336
290,0.505106588950015,0.8180723278520041,1.3651933005222907,0.7156177160345313
291,0.5052838094555462,0.8183453237410072,1.3665892651308944,0.7144522148690301
292,0.5094825425103904,0.8204811151079137,1.3675888660765472,0.7144522148690301
293,0.5050838059168558,0.8188913155190134,1.3234094411898882,0.7179487183655336
294,0.5047299754552214,0.8178153905447071,1.3169762288634872,0.7156177160345313
295,0.5127049197824739,0.8169803442959918,1.3274730792690268,0.7179487183655336
296,0.5055329918493837,0.8209307553956835,1.3558830388220318,0.7179487183655336
297,0.5026214651434174,0.8207541109969168,1.364791008975956,0.7167832172000325
298,0.5183897428712276,0.8192446043165468,1.3660432818608406,0.7179487183655336
299,0.5096527933768109,0.821075282631038,1.2844064120368246,0.7237762241930394
300,0.5007505132936377,0.819051901336074,1.3555105581428066,0.713286713703529
301,0.5021335686741728,0.8189073741007195,1.4014927512838011,0.7179487183655336
302,0.5114735422803344,0.8183774409044193,1.3318843544224204,0.7226107230275383
303,0.5128855353483561,0.8182168550873586,1.3582631978260609,0.7214452218620372
304,0.5044055353670179,0.8203044707091469,1.33161047955493,0.7214452218620372
305,0.5081553633907716,0.8195015416238438,1.3803168005181914,0.7167832172000325
306,0.501738062620408,0.8192767214799589,1.3474592096183127,0.7179487183655336
307,0.5171264117815266,0.8190358427543679,1.3294796986735506,0.720279720696536
308,0.4960336928836856,0.8201920606372045,1.2948233359482462,0.7237762241930394
309,0.5128332613397846,0.8210913412127441,1.3478071067160937,0.7214452218620372
310,0.5070430907475373,0.8179278006166495,1.343207550354493,0.7191142195310348
311,0.5031811962667987,0.822327852004111,1.3099417103615119,0.7226107230275383
312,0.5083008491858182,0.8202402363823227,1.3795018625426125,0.7191142195310348
313,0.4998075835414438,0.8221030318602262,1.4095988834237718,0.7167832172000325
314,0.5040200868925847,0.8202723535457348,1.3810893947427922,0.720279720696536
315,0.4940080851592116,0.8210110483042138,1.3805687126024064,0.7214452218620372
316,0.4999886450241918,0.819806654676259,1.3820996942358972,0.7214452218620372
317,0.5086760954492996,0.8196139516957862,1.3836899149667967,0.7191142195310348
318,0.5073568661680937,0.8198548304213772,1.358476167583799,0.7214452218620372
319,0.4997045357634083,0.8212840441932169,1.3829104052140162,0.720279720696536
320,0.49979839667693193,0.8214767471736896,1.3472352695492875,0.7226107230275383
321,0.5048121326628839,0.8211234583761562,1.3822302487624554,0.7214452218620372
322,0.5038969389183058,0.8217176258992805,1.35685506060129,0.7214452218620372
323,0.5094857010052358,0.8232753083247688,1.404293289273491,0.7179487183655336
324,0.5065157508586685,0.8230986639260021,1.377756926007482,0.7214452218620372
325,0.49967790256423794,0.8198387718396711,1.3857127580192539,0.720279720696536
326,0.5001790761518822,0.824110354573484,1.3558863930074208,0.7237762241930394
327,0.5065419729665029,0.8214285714285714,1.3698786024724965,0.7237762241930394
328,0.5037646633012934,0.8215088643371018,1.3753698870435462,0.7226107230275383
329,0.5092511918292384,0.8221993833504625,1.4062374370359318,0.7179487183655336
330,0.5029956999350672,0.8243994090441932,1.3902658455438548,0.7179487183655336
331,0.5109425956672412,0.8226650822199383,1.3671032755802839,0.7237762241930394
332,0.505837193036496,0.8205292908530318,1.3360679699129714,0.7226107230275383
333,0.5107139953453274,0.8222636176772867,1.385313724373882,0.7226107230275383
334,0.5065366032496018,0.8239337101747174,1.4016308335713294,0.720279720696536
335,0.5110310829586262,0.8240621788283659,1.3750540793358863,0.720279720696536
336,0.5061745284793311,0.823580421377184,1.354257910123794,0.720279720696536
337,0.505377886688599,0.8244636433710175,1.3930503770465896,0.7156177160345313
338,0.5163674670188302,0.8231307810894142,1.389213716789281,0.7167832172000325
339,0.5143581330623068,0.8243191161356629,1.3854656089574864,0.7191142195310348
340,0.5088793209314592,0.824351233299075,1.3501605789561373,0.7226107230275383
341,0.5105792769027026,0.824608170606372,1.3714216557832866,0.720279720696536
342,0.5007108827442206,0.8245278776978417,1.363707297262334,0.7191142195310348
343,0.5054069799576855,0.8221190904419322,1.3453803743237938,0.7261072265240418
344,0.507434225462201,0.8249132836587872,1.3856735653949506,0.7214452218620372
345,0.5009363643587676,0.8241424717368961,1.3630675600542055,0.7249417253585406
346,0.5138522975399462,0.8244957605344296,1.3648806726321197,0.720279720696536
347,0.5084446903245422,0.824832990750257,1.3971582653917076,0.7237762241930394
348,0.5076683116320594,0.8236767728674204,1.38029540217284,0.727272727689543
349,0.5038472420908319,0.8264227903391572,1.390257665605256,0.7226107230275383
350,0.5062223562907584,0.8250256937307296,1.406996199370542,0.7179487183655336
351,0.5088259140364557,0.8255716855087358,1.3940189152191846,0.7191142195310348
352,0.5026506984344121,0.8264549075025693,1.422219940624037,0.720279720696536
353,0.49759320397109924,0.8239015930113053,1.3930037239770512,0.7191142195310348
354,0.5111598797287995,0.8242548818088387,1.3981874195428996,0.7179487183655336
355,0.5038817154448422,0.8252023381294964,1.435894241074582,0.713286713703529
356,0.5003996959754399,0.8268081963001028,1.4544696733529194,0.7167832172000325
357,0.5144140307637427,0.8249293422404933,1.4104249666342925,0.7179487183655336
358,0.5102433103451626,0.8260855601233299,1.4662430122459964,0.7156177150619614
359,0.4991739329184192,0.8262943216855088,1.4108267183348293,0.7156177160345313
360,0.5072377106023594,0.8248169321685509,1.3869449005121395,0.713286713703529
361,0.512119338728051,0.8267921377183967,1.4475637813964923,0.7144522148690301
362,0.4998180803298215,0.8250578108941419,1.3946789942143403,0.7191142195310348
363,0.5065304762535449,0.8247526978417267,1.4038730214386832,0.7156177160345313
364,0.5001839931981537,0.8277877697841727,1.409246027678043,0.720279720696536
365,0.5103495394675117,0.8267600205549845,1.4384272858535214,0.7156177160345313
366,0.5075122482025611,0.827097250770812,1.4297905796335573,0.7179487183655336
367,0.5120435668900226,0.8252505138746146,1.4543637483270018,0.720279720696536
368,0.5149037089095454,0.8271293679342241,1.4534977163885023,0.7167832172000325
369,0.5032559309196865,0.8261337358684481,1.3853743268754377,0.7214452218620372
370,0.5049325169848023,0.828381937307297,1.389437141187819,0.7226107230275383
371,0.5126816772636628,0.8280447070914697,1.434354178069077,0.7179487183655336
372,0.5145054034743255,0.8265191418293937,1.3915109175207454,0.720279720696536
373,0.5099591288451423,0.8282213514902363,1.4586798744601803,0.7191142195310348
374,0.5157150958357465,0.828622816032888,1.4344575836525097,0.7156177160345313
375,0.5168897291647322,0.8257804470709147,1.5041074661108165,0.7144522138964602
376,0.5102882479592193,0.829152749229188,1.4256881599798625,0.7167832162274625
377,0.5103117455130123,0.8267600205549845,1.4344758072516302,0.7167832172000325
378,0.5005838056262448,0.8290885149023638,1.4441483318805695,0.7191142195310348
379,0.5151170775646541,0.8270490750256937,1.4237572342365772,0.720279720696536
380,0.5052437779224667,0.8270008992805755,1.393708710903888,0.7237762241930394
381,0.5136030877788167,0.8299396197327852,1.4298479387532304,0.720279720696536
382,0.4983407394522141,0.8294578622816033,1.430161790205882,0.7179487183655336
383,0.5190092817883085,0.8266315519013361,1.3938666767590528,0.727272727689543
384,0.5081449956590078,0.8281731757451182,1.3799223735893802,0.7261072265240418
385,0.5147623035057476,0.826117677286742,1.4033421981029022,0.7237762241930394
386,0.5030713973132337,0.828622816032888,1.4280848579529004,0.720279720696536
387,0.5075147317651609,0.8275308324768756,1.4096684502416001,0.7214452218620372
388,0.5021017651855639,0.8272096608427544,1.3890294543096235,0.7261072265240418
389,0.5086360537166585,0.8274184224049332,1.430821129005828,0.7237762232204695
390,0.5057639293717211,0.828879753340185,1.4351121997916616,0.7261072255514719
391,0.5102619510546005,0.8283177029804728,1.3884445506653864,0.7261072265240418
392,0.5043050444934744,0.8294257451181911,1.40313199280581,0.7331002335170488
393,0.4965764470819579,0.8288155190133607,1.4363917385364746,0.7296037300205453
394,0.5046332317259917,0.8298593268242549,1.3629541372085785,0.7377622381790535
395,0.5094812917470442,0.8289600462487153,1.3771170378426016,0.7319347323515476
396,0.5225769083521962,0.8293454522096608,1.4286472900208338,0.7296037300205453
397,0.5068964511002936,0.8303250256937307,1.4124552960440273,0.7307692311860464
398,0.5115888617082833,0.830373201438849,1.4077579216523604,0.73426573468255
399,0.5066545166894564,0.8303571428571429,1.4479972736124114,0.7319347323515476
400,0.5106095933228088,0.827643242548818,1.402835619894219,0.7307692311860464
401,0.5071437642024208,0.8281410585817061,1.38236874703205,0.7307692311860464
402,0.509507786853953,0.8288476361767728,1.3331380046053087,0.7319347323515476
403,0.5086283186509944,0.8304374357656732,1.3845422060895356,0.727272727689543
404,0.5062641179359462,0.8282052929085303,1.3262192547877074,0.7296037300205453
405,0.5057087447666558,0.8299235611510791,1.3647275173858606,0.7296037300205453
406,0.517523818185126,0.8289600462487153,1.3573459235382526,0.73426573468255
407,0.508396994372311,0.8317221223021583,1.3426642256738979,0.7354312358480511
408,0.4981949600445648,0.8269366649537513,1.3572006973075421,0.7319347323515476
409,0.5094694415411748,0.8300680883864338,1.3644359056210462,0.7319347323515476
410,0.5068228202513041,0.8305177286742035,1.3835544569509013,0.73426573468255
411,0.510589828119371,0.830132322713258,1.4252999113712,0.7354312358480511
412,0.5094667946018149,0.8302768499486125,1.3959946293375154,0.7354312358480511
413,0.5059737275370836,0.8288958119218911,1.377904111619318,0.7331002325444789
414,0.5081230797110947,0.8305177286742035,1.3441418895632515,0.7319347313789777
415,0.5025125404117287,0.831400950668037,1.3730898088230676,0.7319347313789777
416,0.5143278336720991,0.8310476618705036,1.3545993311560793,0.727272727689543
417,0.5113128147108091,0.8308710174717369,1.4239798946814104,0.727272726716973
418,0.5103202017918153,0.830148381294964,1.385407809819375,0.727272727689543
419,0.5143281592310761,0.8301162641315519,1.374592212113467,0.7296037300205453
420,0.5086332209492513,0.8325732271325796,1.3910556432111558,0.7319347323515476
421,0.5044079875498857,0.8317542394655704,1.384808672822161,0.7296037300205453
422,0.5112140810103725,0.8292651593011305,1.3759797719114033,0.7307692311860464
423,0.5098867973069615,0.8305659044193217,1.3810018596254585,0.727272727689543
424,0.5098033189038456,0.8305498458376156,1.39024611098783,0.7307692311860464
425,0.5072865720459271,0.8315936536485098,1.3426426646314857,0.7389277383719847
426,0.5122620526008224,0.830373201438849,1.3492324671128413,0.7354312348754811
427,0.5128027847896255,0.8300038540596094,1.3746660422611903,0.7365967360409823
428,0.49438248268440593,0.8339863823227133,1.3531830306653376,0.7365967360409823
429,0.5037547236295055,0.8306140801644398,1.3692886256949328,0.7389277383719847
430,0.5055342870558643,0.8329907502569374,1.3555186042835663,0.7400932395374858
431,0.516706078831118,0.8306140801644398,1.3620369073116418,0.741258740702987
432,0.5213794492621584,0.831417009249743,1.399321426322688,0.7377622381790535
433,0.5070090589304009,0.8323162898252826,1.4139183419289845,0.7354312358480511
434,0.5012645161225396,0.830148381294964,1.3578633270758294,0.7354312358480511
435,0.5095557625283931,0.832685637204522,1.3754828777902333,0.7365967370135523
436,0.5142258404307106,0.8308228417266187,1.3851826288900175,0.7331002335170488
437,0.5055770862843738,0.8328783401849948,1.3950892710463427,0.7365967370135523
438,0.5180200632098767,0.8324768756423433,1.3737733350211367,0.7377622381790535
439,0.5029217464215708,0.8331352774922919,1.4241405412867352,0.7319347323515476
440,0.5132755026726659,0.8321878211716341,1.3833452110246067,0.7284382288550442
441,0.5074738905767988,0.8321878211716341,1.3889546587472752,0.7400932405100558
442,0.5051416181801279,0.832910457348407,1.3568251880454572,0.7365967370135523
443,0.509610838445338,0.8323644655704008,1.3498574851692973,0.7354312358480511
444,0.5068457447153201,0.8330228674203495,1.3594109912018675,0.7354312358480511
445,0.49911970895583924,0.833906089414183,1.3506619833705031,0.73426573468255
446,0.5053406148566985,0.8338579136690647,1.3661235716793088,0.7435897440065593
447,0.5142895672451188,0.8325089928057554,1.3388132858665396,0.7400932405100558
448,0.5173795457550335,0.8330549845837616,1.401009837925295,0.7377622372064835
449,0.5053542934794588,0.8330871017471737,1.3428247153481125,0.741258740702987
450,0.4971476218223817,0.8321075282631039,1.3367554612093038,0.741258740702987
451,0.5021324488970873,0.8351104830421378,1.3632710380154056,0.7365967360409823
452,0.5051188461888363,0.8337455035971223,1.4067354157810166,0.7389277383719847
453,0.5100229060447719,0.8328943987667009,1.3845705053745172,0.7365967360409823
454,0.4987770527876906,0.8360739979445015,1.377973574511099,0.7389277383719847
455,0.5154302077480848,0.832669578622816,1.343028049299489,0.7400932395374858
456,0.5049300009398152,0.833649152106886,1.339549692291202,0.7424242418684882
457,0.5021788319850384,0.833922147995889,1.334627654585805,0.7424242428410581
458,0.4959374871124099,0.8320432939362795,1.309412039521135,0.7389277393445546
459,0.5108004578706049,0.8343717882836588,1.3208201222625369,0.7365967370135523
460,0.5078484368379412,0.8330549845837616,1.341987998682858,0.7412587416755569
461,0.511078754958734,0.8334564491264131,1.3197055503482864,0.7400932405100558
462,0.5133934955802752,0.833665210688592,1.2689923582238196,0.7389277383719847
463,0.5080164502482988,0.8343396711202467,1.296844333410263,0.7424242418684882
464,0.499053000806537,0.8338257965056526,1.2935073095046001,0.7400932405100558
465,0.5098672293256757,0.8336812692702981,1.3228864372471274,0.7400932405100558
466,0.5073942379740748,0.8338900308324769,1.3100086799312582,0.7377622381790535
467,0.5012109861589532,0.8362185251798561,1.3127398805601613,0.7377622381790535
468,0.5120910552827085,0.8342272610483042,1.3131254707183038,0.7470862475030627
469,0.5015073317999953,0.8342272610483042,1.277962752989122,0.7400932395374858
470,0.5097692452776958,0.8338579136690647,1.3016303374772862,0.7447552441994905
471,0.500824897547175,0.835190775950668,1.3177241066813747,0.741258740702987
472,0.5084578574683903,0.832910457348407,1.329373574548668,0.7424242428410581
473,0.5024898448712044,0.8350944244604317,1.3449976167061946,0.7377622381790535
474,0.5038120512451444,0.8338579136690647,1.3379933724314461,0.7424242428410581
475,0.5069125283811957,0.8365718139773896,1.3180059222352531,0.7389277393445546
476,0.514311239628728,0.8360258221993834,1.3754968998871204,0.7389277393445546
477,0.5041954943418258,0.8345644912641316,1.3626133734946484,0.7400932405100558
478,0.5158315554552186,0.8334564491264131,1.3419041373790839,0.7389277393445546
479,0.4990521349158341,0.8365557553956835,1.3701774994810145,0.7389277393445546
480,0.5126020711102932,0.833906089414183,1.3644821982839446,0.7412587416755569
481,0.5107234958999571,0.8362345837615622,1.328739772796075,0.7400932405100558
482,0.5096271383554081,0.8359455292908531,1.3638035357693137,0.7389277393445546
483,0.5036278305477621,0.8363148766700925,1.318105412113083,0.7412587416755569
484,0.5232463274131943,0.8363309352517986,1.3692112813740622,0.7354312358480511
485,0.505556672551159,0.8363951695786228,1.3789061063375228,0.7412587416755569
486,0.5093554730650577,0.8340024409044193,1.3326932860143257,0.7365967370135523
487,0.5104300516819292,0.8361703494347379,1.3307329109220793,0.7412587416755569
488,0.5071698109727479,0.8355761819116135,1.3269983070157902,0.7435897440065593
489,0.5007121239512209,0.8384024922918808,1.340554935670955,0.7424242428410581
490,0.5027730780417236,0.8360739979445015,1.3291032534518163,0.7424242428410581
491,0.5089700321101212,0.8350301901336074,1.332883879229739,0.7331002335170488
492,0.5062932500889465,0.83567253340185,1.4013133825677815,0.7354312358480511
493,0.49574199968227256,0.8376959146968139,1.3593940137427447,0.7435897440065593
494,0.510555653309283,0.8342433196300103,1.3744276560547746,0.7424242428410581
495,0.5065604066064644,0.8374871531346352,1.3722744846677446,0.7424242428410581
496,0.501564419036779,0.8353995375128469,1.3879978804043678,0.7435897440065593
497,0.5071872073050515,0.8355119475847893,1.3852285733034004,0.7447552451720605
498,0.5147071590710275,0.8367966341212744,1.3950722981721928,0.7459207463375617
499,0.5197092088404565,0.8371017471736896,1.3316664918041452,0.7435897440065593
500,0.511717623821388,0.8354958890030832,1.3693513481211272,0.7459207463375617
501,0.5151150200558101,0.8364754624871531,1.3713998326332697,0.7505827509995663
502,0.4986958550739141,0.8368448098663926,1.3764697470309295,0.7470862475030627
503,0.5023241677117617,0.8366039311408017,1.3644861052364181,0.7459207463375617
504,0.5107623955267429,0.835415596094553,1.3850409202364498,0.7470862475030627
505,0.5007676698290432,0.8348214285714286,1.394451052992494,0.7447552451720605
506,0.5015054919583702,0.837968910585817,1.3666018783907234,0.7459207463375617
507,0.5169909388010695,0.8366521068859198,1.391537935444803,0.7447552451720605
508,0.5178169762334746,0.8375032117163412,1.3555196167983654,0.7459207463375617
509,0.4877496430342146,0.8387878982528263,1.404593188723762,0.7459207463375617
510,0.5108261145919347,0.8367645169578622,1.4027960594995317,0.7470862475030627
511,0.5098755278481977,0.8356243576567317,1.3879795480163504,0.7470862475030627
512,0.49850627717170537,0.8375513874614594,1.3533202112415732,0.7470862475030627
513,0.5040577443475468,0.8373426258992805,1.4018151921270054,0.7482517486685639
514,0.5065145439105558,0.8372302158273381,1.4362703219993964,0.7447552451720605
515,0.5033328112785275,0.8363791109969168,1.4105374660247412,0.7447552451720605
516,0.49557304419079395,0.83718204008222,1.419777211053666,0.7459207463375617
517,0.5060087557411145,0.837198098663926,1.3654562273781339,0.7482517486685639
518,0.5114218344393149,0.8375192702980473,1.3875836411834042,0.7459207463375617
519,0.5016147933387315,0.8370375128468653,1.4021961611189764,0.7482517486685639
520,0.5084690398173857,0.8365396968139774,1.4033160001247913,0.7459207463375617
521,0.5084269408056205,0.8374871531346352,1.4470750977109361,0.7482517486685639
522,0.503704622877955,0.8370856885919835,1.4160393732133167,0.7505827500269964
523,0.5072099202277114,0.8381134378211716,1.410810462800495,0.7459207463375617
524,0.5140336952866165,0.8363309352517986,1.4079592630857631,0.7470862475030627
525,0.5071324801181595,0.8377922661870504,1.4365447417839423,0.7482517486685639
526,0.5103551636833816,0.8384346094552929,1.386724089964842,0.7459207463375617
527,0.5138709553864852,0.8381616135662898,1.3986861616859347,0.7505827509995663
528,0.5029060600626015,0.836700282631038,1.4149816183499244,0.7459207463375617
529,0.5076338886173264,0.8376798561151079,1.3855191030146636,0.7517482521650675
530,0.5136679446464453,0.8362667009249743,1.4182782923424995,0.7470862475030627
531,0.5110577651800134,0.839976233299075,1.4473094192696063,0.7494172498340651
532,0.5115494247514445,0.8384988437821171,1.43227690527767,0.7482517486685639
533,0.5124899991247172,0.840233170606372,1.4463466589267437,0.7482517486685639
534,0.4985295861714423,0.8395426515930113,1.4622176429886362,0.7494172498340651
535,0.515392757362599,0.8386433710174718,1.4360424756725907,0.7435897440065593
536,0.5039826308100466,0.8389966598150052,1.4461504418255289,0.7505827509995663
537,0.517412244921353,0.8382740236382322,1.3993768908760764,0.7482517486685639
538,0.5079933209048023,0.8400886433710175,1.4230489866994755,0.7459207463375617
539,0.506753211597867,0.8377440904419322,1.4070298245181014,0.7459207463375617
540,0.5084985964161028,0.8382900822199383,1.388368021774959,0.7447552451720605
541,0.5044861682149882,0.8393499486125385,1.4266427105123347,0.7400932405100558
542,0.5126450958624406,0.8392857142857143,1.3703452697444907,0.7435897440065593
543,0.5110121394937355,0.8384827852004111,1.4044360564305232,0.7470862475030627
544,0.514846019240102,0.8393660071942446,1.4281533973200338,0.7447552451720605
545,0.506166546908949,0.8401047019527236,1.38459784445507,0.7494172498340651
546,0.505345230755556,0.8405061664953751,1.4122582932452221,0.7459207463375617
547,0.5179877003687381,0.8416463257965057,1.4180514034413514,0.7470862475030627
548,0.5012078780799584,0.8395265930113053,1.3880644233632478,0.7459207463375617
549,0.5176856166626664,0.8384346094552929,1.4637426543624807,0.7435897440065593
550,0.5042777029454769,0.8418390287769785,1.4421836924163889,0.7494172498340651
551,0.5124290006470704,0.840233170606372,1.3978912405200772,0.7482517486685639
552,0.5192891785076686,0.8393178314491264,1.4174056064276706,0.7470862465304928
553,0.5121851499591555,0.840714928057554,1.4298154004526027,0.7494172498340651
554,0.5127020954534427,0.8400404676258992,1.4204586680396731,0.7517482521650675
555,0.5044080106137591,0.8405543422404933,1.387268384575566,0.7482517486685639
556,0.5075645597626715,0.8399119989722508,1.434453356516111,0.7470862475030627
557,0.51209375326582,0.8425456063720452,1.4652057580458813,0.7482517486685639
558,0.5041022399806045,0.8395426515930113,1.4140797628389372,0.7505827509995663
559,0.506524116490017,0.8372783915724563,1.398110620069615,0.7435897430339893
560,0.5248444014652905,0.8382419064748201,1.4347142214541668,0.7435897440065593
561,0.5087479310682597,0.8396711202466598,1.4501211576528483,0.7470862475030627
562,0.5103761489289638,0.8398798818088387,1.4123868842224974,0.7494172498340651
563,0.5269496676580021,0.8401528776978417,1.3920727868180174,0.7494172488614952
564,0.5019031469341663,0.8380813206577595,1.3540456692377727,0.7505827500269964
565,0.49754630836283925,0.8421762589928058,1.375130826776678,0.7505827509995663
566,0.5138313096908724,0.840971865364851,1.38720365004106,0.7505827500269964
567,0.5259335177040296,0.8398317060637205,1.4020435104281197,0.7494172498340651
568,0.5045471058475027,0.8401368191161357,1.4070759361440486,0.748251747695994
569,0.4999158131408544,0.8399922918807811,1.4157543601967515,0.7482517486685639
570,0.5198611832718687,0.8410842754367934,1.3858883597634055,0.7505827500269964
571,0.5059274159073217,0.8407470452209661,1.3931923562830144,0.7494172488614952
572,0.5055950861979364,0.8403455806783144,1.3908932250696462,0.7529137523579986
573,0.49830435907117876,0.8401368191161357,1.3613876029328034,0.7529137533305686
574,0.49478670787774526,0.8415660328879754,1.4193245775493986,0.7459207463375617
575,0.5143454511786781,0.8406828108941419,1.3648943173023926,0.7529137533305686
576,0.5133731271171864,0.8392857142857143,1.371044869467373,0.7494172498340651
577,0.5029917591062871,0.8398477646454265,1.4168500127770127,0.7447552451720605
578,0.48282045936106655,0.8447135149023638,1.433846820206631,0.7482517486685639
579,0.5066343868440372,0.8390769527235354,1.4473569326467448,0.7482517486685639
580,0.5123434049773192,0.8422726104830421,1.3898377743634311,0.7482517486685639
581,0.5065270325385287,0.8392857142857143,1.4188126531236378,0.7517482521650675
582,0.5037711362401358,0.8411485097636177,1.4141341942451495,0.7517482521650675
583,0.506792604356606,0.8412769784172662,1.3712700941623785,0.7529137533305686
584,0.507311340685616,0.8423850205549845,1.4231758745678098,0.7517482521650675
585,0.5101159303185874,0.8406185765673175,1.3934202016372503,0.7482517486685639
586,0.5114222668027094,0.8416302672147996,1.4519186508961213,0.7447552451720605
587,0.5029080247033659,0.8441193473792394,1.455196466479268,0.7459207463375617
588,0.5145114082747348,0.8405382836587872,1.3845057070672095,0.7470862475030627
589,0.506892147589808,0.8408273381294964,1.3832679878581653,0.7505827509995663
590,0.5083592344010354,0.8419193216855088,1.4195621097004496,0.7517482521650675
591,0.5070925776570085,0.8418069116135662,1.3900529287911796,0.7540792544960698
592,0.49995271100414745,0.8428507194244604,1.4269233427959167,0.7517482521650675
593,0.510089401090623,0.8421762589928058,1.403083906307087,0.7505827509995663
594,0.5185205213426931,0.8393017728674204,1.405319920786611,0.7505827509995663
595,0.5082261489602792,0.841228802672148,1.4131341472372307,0.7482517486685639
596,0.5027259402934229,0.8428507194244604,1.3773191219721086,0.7505827509995663
597,0.5141331769242684,0.8402974049331963,1.4355855935659163,0.7529137533305686
598,0.5044503301412694,0.8438463514902363,1.3805848818558912,0.7540792544960698
599,0.5101564949701893,0.8441354059609455,1.4491743699653998,0.7505827509995663
600,0.5062839207368667,0.8443281089414183,1.4086566713306454,0.7494172498340651
601,0.5166064266494464,0.8419193216855088,1.4358694567269101,0.7482517486685639
602,0.5094336359651581,0.8401368191161357,1.4041762788256844,0.7505827509995663
603,0.49941153746224626,0.8424492548818089,1.3947807325349821,0.7529137533305686
604,0.5103518633594983,0.8419193216855088,1.3663814451311018,0.7517482521650675
605,0.504301243395624,0.8438302929085303,1.4348729212523061,0.7517482521650675
606,0.4946037077891496,0.842995246659815,1.4531129662529294,0.7494172498340651
607,0.497867584167257,0.8431558324768756,1.4588858356008996,0.7470862475030627
608,0.5111700935942051,0.839719295991778,1.4541297959281014,0.7470862475030627
609,0.4980333867537399,0.8446171634121274,1.4193889858561517,0.7494172498340651
610,0.5028278315085669,0.8421280832476875,1.3785425788594847,0.7517482521650675
611,0.5045927106139594,0.8435251798561151,1.4483908887231822,0.7529137533305686
612,0.49046865540565227,0.8418390287769785,1.38667602277858,0.7505827509995663
613,0.5075714263188263,0.8423368448098664,1.3754358411113143,0.7540792544960698
614,0.5155211197018991,0.8422726104830421,1.4642858427443426,0.7505827509995663
615,0.5086340732099096,0.8436536485097637,1.3750840897882457,0.7494172490004337
616,0.5047530121756727,0.8433003597122302,1.3982126782268356,0.7494172490004337
617,0.5033450663579822,0.8430915981500514,1.4304537900955805,0.7470862466694314
618,0.5188111468521689,0.8415981500513875,1.397857181397907,0.7494172498340651
619,0.5083250737723196,0.8438302929085303,1.4109539474362816,0.7494172490004337
620,0.5027655053726816,0.8421441418293937,1.377058744430542,0.7517482521650675
621,0.5067674845671483,0.8426901336073997,1.4382418271822808,0.7447552443384291
622,0.49475872850491603,0.84224049331963,1.4044796303435638,0.7482517486685639
623,0.4925158922345151,0.8424171377183967,1.412723594890052,0.7517482521650675
624,0.5052944788860515,0.8438463514902363,1.3815077796126858,0.7517482521650675
625,0.5119849952954305,0.8414054470709147,1.3944504258238075,0.7505827501659349
626,0.5025668033347958,0.841726618705036,1.4147143758538163,0.7529137524969373
627,0.5087285251619882,0.8426740750256937,1.4263231056831378,0.7517482513314361
628,0.49529654386416,0.8434770041109969,1.4317470458281902,0.7470862466694314
629,0.5129659148612713,0.8433806526207606,1.421478417091992,0.7517482513314361
630,0.48928018470217244,0.8445529290853032,1.4545482222016874,0.7540792536624383
631,0.5105205777676476,0.8435572970195272,1.4622793408818455,0.7517482513314361
632,0.5058945219691954,0.8409236896197327,1.427869656147101,0.7517482513314361
633,0.5030723000510011,0.8423368448098664,1.4475451199324814,0.7505827501659349
634,0.5034584307168273,0.845773381294964,1.4808312407184592,0.7482517478349325
635,0.5072608139721977,0.844761690647482,1.4582915811827688,0.7517482513314361
636,0.5147175496369447,0.8423207862281603,1.4721684761536427,0.7517482513314361
637,0.503013804432422,0.8441514645426516,1.443310269109019,0.7459207455039302
638,0.5058009233191717,0.8439266443987667,1.4457008983149673,0.7505827501659349
639,0.5007913778827957,0.8422083761562179,1.4494695191061024,0.7505827501659349
640,0.5007485286213021,0.8442959917780062,1.3942022134651948,0.7552447548279395
641,0.4925724470878799,0.843011305241521,1.4344314784158916,0.7482517478349325
642,0.5101170889183282,0.8425777235354573,1.3967626945122138,0.7505827501659349
643,0.4988248594648914,0.845998201438849,1.4630601144892907,0.7529137524969373
644,0.49275121579802417,0.8444084018499486,1.4898996486530438,0.7447552443384291
645,0.4986664713317297,0.843509121274409,1.4608619918912162,0.7540792536624383
646,0.5064085213829288,0.8451952723535457,1.445395009500997,0.7540792536624383
647,0.5075226131317426,0.8445208119218911,1.4543458198333954,0.7517482513314361
648,0.5043096384770579,0.8458376156217883,1.4465757883512056,0.7587412583244431
649,0.5068507619807066,0.8446813977389517,1.4300327423291328,0.7505827501659349
650,0.5063381800150455,0.8427543679342241,1.4021365536954298,0.7552447548279395
651,0.5055681390942429,0.845500385405961,1.4499333755119697,0.7540792536624383
652,0.4986932805728814,0.8458697327852004,1.4026536974873576,0.7540792536624383
653,0.5062856146757552,0.8439266443987667,1.473000906564139,0.7482517478349325
654,0.506743026233038,0.8441514645426516,1.3867676552636918,0.7529137524969373
655,0.5140171228675411,0.8428667780061665,1.3499542722057352,0.7517482513314361
656,0.4956549629033041,0.8430755395683454,1.378290510399914,0.7575757571589419
657,0.5051218801448916,0.8464157245632066,1.4421525946308127,0.7564102559934407
658,0.5011796928934547,0.8439748201438849,1.4284865389337074,0.7552447548279395
659,0.5000606370211138,0.8437018242548818,1.3997674666362487,0.7540792536624383
660,0.49721041755159245,0.8441193473792394,1.4445254902739626,0.7517482513314361
661,0.5014048022699503,0.8450989208633094,1.4472613468036786,0.7505827501659349
662,0.5018138069226833,0.8434770041109969,1.4433464764992952,0.7494172490004337
663,0.5037167835655217,0.8462390801644398,1.4182262737434228,0.7505827501659349
664,0.5001155604193904,0.8428667780061665,1.4378205107086466,0.7517482513314361
665,0.5050131347172062,0.8445850462487153,1.4095402819849117,0.7552447548279395
666,0.49783520434216383,0.8443762846865365,1.4184405147890389,0.7575757571589419
667,0.5124033291930408,0.8428988951695786,1.442709692708262,0.7540792536624383
668,0.5001820639648761,0.8425134892086331,1.3843584460812015,0.7529137524969373
669,0.4957882725046938,0.8466244861253854,1.4185756331001407,0.7517482513314361
670,0.5073370151566332,0.8450828622816033,1.4752748095905863,0.7505827501659349
671,0.4886332122572647,0.8446332219938335,1.41313319884258,0.7482517478349325
672,0.520937727494328,0.8450828622816033,1.4296819830274248,0.7517482513314361
673,0.5067883929637819,0.8456930883864338,1.4335183686031885,0.7540792536624383
674,0.5078128677968009,0.8449222764645427,1.4003630306893018,0.7552447548279395
675,0.5044543948962534,0.8452113309352518,1.4034160017133592,0.7540792536624383
676,0.5030488950743092,0.8451952723535457,1.358681829381378,0.7540792536624383
677,0.5032866429020665,0.8461106115107914,1.4161010049717688,0.7470862466694314
678,0.5019021624008161,0.8468011305241521,1.416928521403066,0.7505827501659349
679,0.4988157078853491,0.8433485354573484,1.427422751079906,0.7447552443384291
680,0.5011711095489432,0.8443281089414183,1.472916695899341,0.7517482513314361
681,0.5023523462823336,0.8461748458376156,1.4537928988049913,0.7540792536624383
682,0.5023299936676074,0.8450989208633094,1.3933659461272625,0.7494172490004337
683,0.49889571793216597,0.8449062178828366,1.419722457587858,0.7494172490004337
684,0.4949525279229371,0.8464799588900308,1.4633532259569857,0.7505827501659349
685,0.49979273758958814,0.8453397995889003,1.3853053685390588,0.7494172490004337
686,0.4903940943750301,0.8472507708119219,1.425426807714787,0.7517482521650675
687,0.49665011352221006,0.8469135405960946,1.4387062729655447,0.7529137524969373
688,0.5102319362107186,0.844504753340185,1.422849327812106,0.7599067594899442
689,0.5113770310275969,0.8449383350462487,1.472936005581231,0.7564102559934407
690,0.493634992029292,0.845773381294964,1.4408394284459538,0.7529137524969373
691,0.5039910091066164,0.8452113309352518,1.4120512292101666,0.7540792536624383
692,0.5050405226839287,0.8452916238437821,1.428377617767085,0.7575757571589419
693,0.4995360027267411,0.8466726618705036,1.4602773589687748,0.7517482513314361
694,0.4948630583647711,0.8448741007194245,1.4201114650094981,0.7529137524969373
695,0.5080868076353132,0.8459500256937307,1.4843178951379024,0.7564102559934407
696,0.4949182605510625,0.845998201438849,1.4370371817430971,0.7517482513314361
697,0.497295834024543,0.8464478417266187,1.4827568486576035,0.7517482513314361
698,0.49174625883673345,0.8476843525179856,1.4491490128434898,0.7459207455039302
699,0.5069602172580554,0.8444726361767728,1.4432357024479578,0.7529137524969373
700,0.49513428017328603,0.8463996659815005,1.4245169012696592,0.7505827501659349
701,0.5026068757426947,0.8459339671120246,1.4850874452879934,0.7470862466694314
702,0.5060477558933083,0.8481500513874615,1.4456318336211162,0.7529137524969373
703,0.4980925846259126,0.84375,1.4653925567795902,0.7494172490004337
704,0.49894288745837984,0.8465923689619733,1.4679055652974091,0.7517482513314361
705,0.4947406865066762,0.8449062178828366,1.4639908594962878,0.7540792536624383
706,0.5080415926575048,0.8463033144912642,1.4550472567409347,0.7517482513314361
707,0.4913869638911009,0.8479091726618705,1.4292729000945192,0.7564102559934407
708,0.5003335926785131,0.8456770298047277,1.4880114624272416,0.7517482513314361
709,0.49618188736678887,0.8482303442959918,1.5105566717250085,0.7552447548279395
710,0.4980385580998898,0.8454522096608428,1.508226885384335,0.7540792536624383
711,0.5013245987837018,0.8468171891058581,1.5202309173859638,0.7517482513314361
712,0.49129610022439985,0.8473150051387461,1.4473462232620844,0.7540792536624383
713,0.5064107493285898,0.8466887204522097,1.5091783439084923,0.7505827501659349
714,0.5094512144806206,0.8467208376156218,1.4883984480148706,0.7517482513314361
715,0.49510525232841396,0.8451631551901336,1.5006561334872301,0.7575757571589419
716,0.5053942675060016,0.8466084275436794,1.5222538706861732,0.7552447548279395
717,0.5095800032105989,0.8458376156217883,1.4697023705169037,0.7552447548279395
718,0.4949899246611796,0.8475558838643371,1.4789760624056374,0.7540792536624383
719,0.5045541998263131,0.8461106115107914,1.511858795072649,0.7552447548279395
720,0.5024539197796051,0.8478128211716341,1.4939931139245735,0.7540792536624383
721,0.509825282158734,0.8473471223021583,1.5056993572306243,0.7552447548279395
722,0.5057751354124906,0.8471223021582733,1.525328829016163,0.7517482513314361
723,0.49516514972817127,0.8456288540596094,1.4777490937070692,0.7505827501659349
724,0.5042654780512111,0.8481500513874615,1.5067766018402882,0.7517482513314361
725,0.4939788228775712,0.8464960174717369,1.4764548370610306,0.7529137524969373
726,0.5004968331382061,0.8459018499486125,1.4997195814039324,0.7540792536624383
727,0.5027860673517754,0.8494829136690647,1.4774793311432526,0.7517482513314361
728,0.5047660202002354,0.8485675745118191,1.5055662702013564,0.7540792536624383
729,0.5062124738038996,0.8487602774922919,1.4748756702129657,0.7517482513314361
730,0.5081277709350924,0.8490011562178829,1.5071609742713696,0.7517482513314361
731,0.5061794830158828,0.8468332476875642,1.4653269283143513,0.7552447548279395
732,0.5098186423207604,0.8475558838643371,1.4830009359301943,0.7517482513314361
733,0.4960271415950583,0.8457894398766701,1.4901476056425722,0.7540792536624383
734,0.5000655957691961,0.8480697584789312,1.4933418760766517,0.7494172490004337
735,0.5087305061511489,0.8465602517985612,1.4810119614456638,0.7505827501659349
736,0.5016587045338514,0.8474113566289825,1.5343225885938097,0.7552447548279395
737,0.4987952507503966,0.8465120760534429,1.466949976963319,0.7540792536624383
738,0.5061048326395521,0.8502216084275437,1.5269163032789608,0.7505827501659349
739,0.5213721084876516,0.8446332219938335,1.4798680324376603,0.7540792536624383
740,0.49287664489045296,0.8485033401849948,1.484070161561588,0.7540792536624383
