epoch,loss,single_accuracy,val_loss,val_single_accuracy
0,3.7300951787158616,0.5870053956834532,1.0252920197440194,0.7703962699794547
1,3.5039163082991207,0.59676901336074,1.0310799019597905,0.7692307689528921
2,3.3421989365692375,0.6037705549845838,1.0487290815317825,0.7750582747803979
3,3.166188022583141,0.6129400051387461,1.0404387731930036,0.7855477861035398
4,2.9775830495639304,0.6217722250770812,0.9659209923866467,0.7832167827999675
5,2.8319000258107594,0.6281956577595067,0.9453568347406276,0.7820512816344664
6,2.6753356543743845,0.6380877440904419,0.8825793307977956,0.779720279303464
7,2.567126251872005,0.6395330164439876,0.8586099970312941,0.7773892769724617
8,2.4444534891923433,0.6499068602261048,0.8249828181900345,0.7785547789715943
9,2.353227268387578,0.6518499486125385,0.8099388570496531,0.7715617719785872
10,2.200335760584593,0.6584821428571429,0.8085804477438227,0.7715617719785872
11,2.0962813331191366,0.6668004881808839,0.7795162995656332,0.7727272731440884
12,1.9960694450268643,0.670606372045221,0.7648948856167026,0.776223776640592
13,1.9236270314865465,0.6725494604316546,0.7530238281041036,0.7785547789715943
14,1.894848465460055,0.6766925745118191,0.7504177182426541,0.7832167836335989
15,1.781078273842048,0.678940775950668,0.7387658813338736,0.7832167836335989
16,1.7442022222960474,0.6835335303186023,0.7215604520899989,0.7832167827999675
17,1.6386201717686923,0.6883511048304214,0.7119924830390023,0.779720279303464
18,1.6170517756294494,0.6876605858170607,0.7102926285950454,0.7762237758069606
19,1.536144508885455,0.6931365621788284,0.7097626574389584,0.779720279303464
20,1.5355580896598584,0.697825668036999,0.699111387168333,0.7808857804689652
21,1.502704359399574,0.6989497687564235,0.6984081273868089,0.7808857804689652
22,1.5026204172533315,0.699335174717369,0.6998177147133923,0.779720279303464
23,1.4477153547866248,0.6993030575539568,0.6998035415902838,0.779720279303464
24,1.4067719054981713,0.706417009249743,0.6977311700651974,0.7808857804689652
25,1.3854400127789221,0.7069308838643371,0.6982879449715426,0.779720279303464
26,1.3502765047954508,0.7077177543679343,0.6863854520526521,0.7750582746414594
27,1.3554633033728918,0.7078462230215827,0.6990872307535096,0.7762237758069606
28,1.304290251337367,0.7092914953751285,0.6996358888688343,0.7762237758069606
29,1.305187613170169,0.709676901336074,0.7167386405673616,0.7727272724493955
30,1.2872207424500985,0.7124550359712231,0.7159350093428072,0.7750582756140293
31,1.2808119895401864,0.7129207348406988,0.7463487375588406,0.7785547782769014
32,1.2497999902435588,0.7139806012332991,0.7571113329111557,0.7738927736148967
33,1.2375195545870867,0.7163412127440905,0.7472417696372612,0.7715617712838945
34,1.239072827371517,0.7139003083247688,0.7598265037114248,0.7773892771114003
35,1.2054841028333079,0.7185572970195272,0.7590349123472379,0.7797202794424026
36,1.212579776394159,0.7176740750256937,0.7735582751271886,0.7762237759458991
37,1.2173459177027013,0.7173047276464543,0.772154298973528,0.7797202794424026
38,1.1923430828188086,0.7183164182939363,0.7732114172204113,0.7855477852699084
39,1.177801867397569,0.7218653648509764,0.7772584447771798,0.7797202794424026
40,1.1885984263709246,0.720757322713258,0.7932618962023363,0.7785547782769014
41,1.1583640010604388,0.7219295991778006,0.7911203285475155,0.7820512817734049
42,1.1531949389385172,0.7231821685508736,0.8031229150323045,0.7820512817734049
43,1.1568462663968568,0.7235675745118191,0.8306921856664555,0.7843822841044072
44,1.1229016545313848,0.7247559095580678,0.840492399700316,0.7820512817734049
45,1.1222739385370115,0.7249646711202467,0.8430049185986286,0.7832167829389061
46,1.1108060060461402,0.7268595837615622,0.8555454471450308,0.7843822841044072
47,1.1054005597135146,0.7268435251798561,0.8525710792252512,0.7867132864354096
48,1.0873135822956266,0.7282566803699897,0.8538949600744359,0.790209789931913
49,1.0897793047597204,0.7266989979445015,0.8809091150065957,0.790209789931913
50,1.0658551586862703,0.7276143371017472,0.8814738697105354,0.796037295759419
51,1.0708794718778636,0.7280960945529291,0.8793009722427333,0.7995337992559224
52,1.0673391561101422,0.7291238437821171,0.8783106898372268,0.7995337992559224
53,1.0576772542492336,0.7274376927029804,0.8790589198643789,0.8006993004214236
54,1.0452436197085837,0.7310669321685509,0.8799882799317509,0.8006993004214236
55,1.0540968298544497,0.7302318859198356,0.8765261284399144,0.7995337992559224
56,1.0378708170472288,0.7277267471736896,0.8823790469647566,0.7995338002284924
57,1.0303790681408709,0.7304888232271326,0.8938828584475395,0.7983682990629912
58,0.9993400255491898,0.7316450411099692,0.8910706871317261,0.8006993013939935
59,1.0091047819937367,0.7326727903391572,0.8949190719977959,0.8006993013939935
60,1.0044801809804902,0.7322552672147996,0.9060880951670222,0.8006993013939935
61,1.0101333132199368,0.7302158273381295,0.9053400029669275,0.7995338002284924
62,0.9998607572095367,0.7309866392600206,0.920173810912179,0.8006993013939935
63,0.9790218421023527,0.7348246402877698,0.9182505896597197,0.7983682990629912
64,0.9780929422145758,0.7323355601233299,0.9070747340475762,0.7995338002284924
65,0.9742908662784259,0.732608556012333,0.9209440977145464,0.79720279789749
66,0.9571470768025331,0.7345677029804728,0.9347423640164462,0.7983682990629912
67,0.9739747426615222,0.7338290082219938,0.9225593113399052,0.7960372967319889
68,0.9475461283482358,0.735643627954779,0.9354856931246244,0.7960372967319889
69,0.9509650001116672,0.7353706320657759,0.9377073241280509,0.7948717955664877
70,0.9461006077441012,0.7356275693730729,0.9478914015220873,0.7960372967319889
71,0.9519752847204963,0.7342786485097637,0.9368403641494004,0.7937062944009865
72,0.9362364398796046,0.7348085817060637,0.9358057614528772,0.79720279789749
73,0.9160919803264574,0.7372173689619733,0.9387941666138477,0.7960372967319889
74,0.929406376469417,0.7359166238437821,0.9363514882423383,0.79720279789749
75,0.9356763093652852,0.7355312178828366,0.9351582432682419,0.7983682990629912
76,0.9237718142622666,0.7361735611510791,0.9517222251091804,0.7995338002284924
77,0.9215355783180245,0.7349209917780062,0.9413044919500818,0.79720279789749
78,0.9072663159801683,0.7365910842754368,0.9549664189487627,0.79720279789749
79,0.9033832155849558,0.7355633350462487,0.961477619228941,0.7995338002284924
80,0.8898348298616792,0.737153134635149,0.9638862887740413,0.7983682990629912
81,0.9085196242241795,0.7358202723535457,0.9622017342449624,0.7995338002284924
82,0.9006054391596324,0.738919578622816,0.9187935460141766,0.8018648025594947
83,0.8906211600335504,0.7370728417266187,0.9587056959147776,0.8018648025594947
84,0.8932840321500157,0.7386305241521068,0.9575998605270208,0.8018648025594947
85,0.9083491755230209,0.7378757708119219,0.9419948043245258,0.8030303037249958
86,0.8887958050325497,0.7378275950668037,0.9573756047895738,0.8018648025594947
87,0.8881647471043703,0.7370567831449126,0.9613804461516978,0.8006993013939935
88,0.8914906345192967,0.7387911099691675,0.9602959711790641,0.8006993013939935
89,0.8749883689468713,0.7384699383350463,0.9496260000553443,0.8030303037249958
90,0.8687622209002033,0.7390641058581706,0.9596124067728892,0.8006993013939935
91,0.8689871134517861,0.7403648509763617,0.9471012773491564,0.8018648025594947
92,0.8686020731742189,0.7394976875642343,0.946982418740546,0.8006993013939935
93,0.8653912482072981,0.7395137461459403,0.9595536818871131,0.8030303037249958
94,0.865113763347314,0.7401400308324769,0.9430476657716267,0.8018648025594947
95,0.8583908121485382,0.7406057297019527,0.9437350498768555,0.8030303037249958
96,0.8484318134779798,0.7403809095580678,0.9736618217610535,0.8018648025594947
97,0.8691582697513537,0.7411998972250771,0.9421932819562081,0.804195804890497
98,0.8475434704466445,0.7416495375128469,0.9384697017136153,0.804195804890497
99,0.8474442620684162,0.7404612024665982,0.9376458615967722,0.8053613060559982
100,0.8491555985296863,0.7400115621788284,0.9590711649203356,0.804195804890497
101,0.841337773194661,0.7413123072970196,0.9404564181685725,0.8053613060559982
102,0.8639421503749682,0.7417137718396711,0.9360109231410882,0.804195804890497
103,0.8384445153123183,0.7418743576567317,0.9201771601652488,0.804195804890497
104,0.8385657990946677,0.7411196043165468,0.9428947249770442,0.8030303037249958
105,0.825906204693364,0.7416495375128469,0.905732115943393,0.804195804890497
106,0.8391252151189825,0.7408466084275437,0.9111106818094676,0.804195804890497
107,0.8328993094114459,0.7422276464542652,0.9214771371899229,0.804195804890497
108,0.8276264687726334,0.7431269270298048,0.9380053151181805,0.804195804890497
109,0.8256864087370905,0.7441065005138746,0.9275642541738657,0.8065268072214994
110,0.8152943932875333,0.7426772867420349,0.9067311342501696,0.8065268072214994
111,0.8289688064468851,0.7426451695786228,0.8910331959491009,0.8076923074144305
112,0.8161283704200482,0.7456160071942446,0.8912954830623173,0.8076923074144305
113,0.8152471787515426,0.7438495632065776,0.8599291275709103,0.8065268072214994
114,0.8259624614928757,0.7425006423432683,0.8747884438032315,0.8076923083870006
115,0.8070644560171424,0.74494154676259,0.87328788728425,0.8100233097454329
116,0.8218519932380806,0.7432875128468653,0.8566359084247154,0.8111888109109341
117,0.8253059045077595,0.7438816803699897,0.8565908878833264,0.8088578085799317
118,0.8224273791722378,0.7439459146968139,0.8536959956020186,0.8111888109109341
119,0.8088043598881238,0.7454072456320657,0.852060071238271,0.8100233097454329
120,0.8132483769908838,0.7452787769784173,0.8565169136563103,0.8100233097454329
121,0.8051548670950553,0.7459532374100719,0.8549550202065137,0.8100233097454329
122,0.8087838520616568,0.7446203751284687,0.8559100472287976,0.8111888109109341
123,0.8068970299085635,0.7432553956834532,0.8555404395212383,0.8100233097454329
124,0.8051584436494057,0.7451181911613566,0.8522016752016294,0.8123543120764353
125,0.8021267468735713,0.745198484069887,0.84878811358294,0.8123543120764353
126,0.8068932447379564,0.7451342497430626,0.8501387153749977,0.8123543120764353
127,0.8015202952190882,0.7457765930113053,0.8476377228201131,0.8123543120764353
128,0.8002357081972438,0.7469006937307296,0.8495770017583887,0.8123543120764353
129,0.7932150527176361,0.7472539825282631,0.851413171052377,0.8123543120764353
130,0.8040863114417763,0.7448612538540597,0.8654312403885634,0.8123543120764353
131,0.8004531435522979,0.7446043165467626,0.863829681089708,0.8123543120764353
132,0.7934594721306509,0.747478802672148,0.850884475352325,0.8123543120764353
133,0.7894254312424596,0.7461298818088387,0.8620981180862392,0.8123543120764353
134,0.7970204459922532,0.7460656474820144,0.8479835475797142,0.8123543120764353
135,0.7937735603683899,0.7449254881808839,0.847526641436668,0.8123543120764353
136,0.7883226160890396,0.7483459660842754,0.8485253235121151,0.8123543120764353
137,0.8054192585359496,0.7446364337101747,0.8471518101947847,0.8123543120764353
138,0.7820270296419757,0.7478802672147996,0.8445961931090811,0.8146853144074375
139,0.7994751307849158,0.7451503083247688,0.8453504333407174,0.8135198132419363
140,0.7852001952242875,0.7480569116135662,0.8356470236411462,0.8123543120764353
141,0.7888050377981514,0.7472860996916753,0.8450458472147411,0.8135198132419363
142,0.7931513047843161,0.7477196813977389,0.8300669585074578,0.8123543120764353
143,0.7898984998005145,0.7473985097636177,0.8326198971354878,0.8123543120764353
144,0.7750107341533085,0.7484583761562179,0.8292603337125622,0.8135198132419363
145,0.7846289128218256,0.7486189619732785,0.8046282802150522,0.8135198132419363
146,0.7815379244940621,0.7463065262076053,0.8035563136036301,0.8123543120764353
147,0.7685746270301775,0.7491007194244604,0.7867958837455803,0.8146853152410689
148,0.7768576054815644,0.7488116649537513,0.7880812727765881,0.8146853144074375
149,0.7770193215203065,0.7481050873586845,0.7973336820557957,0.8158508155729387
150,0.7642973473358743,0.748233556012333,0.781054423405574,0.8158508164065701
151,0.7752406003847642,0.7498875899280576,0.7849771895886579,0.8135198132419363
152,0.7578516741879553,0.7484583761562179,0.774178632211574,0.8158508164065701
153,0.7689412738228139,0.7493094809866393,0.7798414319267362,0.8170163175720713
154,0.7620509761210458,0.7491649537512847,0.7834841065751367,0.8146853144074375
155,0.7688329466077799,0.7492773638232272,0.7832915352218912,0.8158508164065701
156,0.7642666215090443,0.748988309352518,0.7924234686475812,0.8158508164065701
157,0.7616924201841835,0.7512525693730729,0.7795849163215477,0.8158508164065701
158,0.7675969127454592,0.7490846608427544,0.7819365515853419,0.8158508164065701
159,0.7648480444503345,0.7499518242548818,0.7868518437538947,0.8158508164065701
160,0.757665586679837,0.7505620503597122,0.7682654757599731,0.8158508164065701
161,0.7597045124741032,0.7510919835560124,0.7591453840682557,0.8158508164065701
162,0.7629223940061273,0.7494218910585817,0.7336052447765857,0.8170163175720713
163,0.7605786321709604,0.7510759249743063,0.7305731167604318,0.8170163175720713
164,0.747325165023049,0.7504496402877698,0.7064289885523158,0.8170163175720713
165,0.750244315303977,0.7489080164439876,0.7188739102759284,0.8170163175720713
166,0.7698243995487138,0.7511562178828366,0.7300550148481534,0.8170163175720713
167,0.7527805025567744,0.7509474563206577,0.7351390137261166,0.8170163175720713
168,0.747190947675999,0.750256937307297,0.7040489685563218,0.8170163175720713
169,0.7438238438329863,0.7519591469681398,0.7183914154003828,0.8181818187375725
170,0.7691256365023806,0.7508029290853032,0.7044223314954406,0.8158508164065701
171,0.7524219986591163,0.7516379753340185,0.6999724200277617,0.8170163175720713
172,0.7542017274684553,0.7508189876670093,0.695504186175642,0.8158508164065701
173,0.747494669881901,0.7521679085303186,0.7132332637593463,0.8170163175720713
174,0.7566049529004073,0.7533401849948612,0.7271663639651034,0.8146853152410689
175,0.7416807591670096,0.7526657245632066,0.7090286875104571,0.8146853152410689
176,0.7464952159822293,0.7520554984583762,0.693740314536995,0.8146853152410689
177,0.7442579398971177,0.752264260020555,0.6933732060563592,0.8158508164065701
178,0.7428038010923125,0.7520715570400822,0.7081502616266548,0.8158508164065701
179,0.7382717313893897,0.7527139003083247,0.6968176452429978,0.8146853152410689
180,0.7497299448007915,0.7537577081192189,0.698805415685916,0.8193473199030736
181,0.7514147896009506,0.7517343268242549,0.7109284874720451,0.8158508164065701
182,0.7355768561424478,0.7542715827338129,0.693548347983327,0.8146853152410689
183,0.7504990198261814,0.7512043936279548,0.6924331175697434,0.8135198140755678
184,0.743547761581172,0.7544642857142857,0.6926267933456492,0.8181818187375725
185,0.7436483403455316,0.7530511305241521,0.6862921457746368,0.8158508164065701
186,0.7434101485152407,0.7520394398766701,0.6626977960824411,0.8170163175720713
187,0.7378129444227679,0.7518788540596094,0.6734942267268965,0.8135198140755678
188,0.7366677761261656,0.7551708633093526,0.6607703192806467,0.8158508164065701
189,0.749104873525153,0.7532117163412128,0.6604190686921696,0.8135198140755678
190,0.7330706095646489,0.7551226875642343,0.6761545104024571,0.8135198140755678
191,0.725211836144956,0.7563431397738952,0.6561429652022871,0.8146853152410689
192,0.7470335896066624,0.7537255909558068,0.6557748496949256,0.8146853152410689
193,0.7268962379839781,0.753789825282631,0.6571062532338229,0.8146853152410689
194,0.7352790343675683,0.7556044450154162,0.6580746002964206,0.8135198140755678
195,0.7222314907002425,0.7550263360739979,0.6532176134191748,0.8135198140755678
196,0.7341449385372978,0.7540628211716341,0.6550447115531335,0.8135198140755678
197,0.7178045907895342,0.755781089414183,0.6547024504288094,0.8111888117445655
198,0.7414092880358799,0.7549781603288798,0.6557495405068209,0.8146853152410689
199,0.7377423810383031,0.7540788797533402,0.6563596818552706,0.8123543129100667
200,0.7259418091144249,0.7548336330935251,0.654667361077173,0.8123543129100667
201,0.7221273535753449,0.7546569886947585,0.6529731956117358,0.8111888117445655
202,0.7277146040290625,0.7539182939362795,0.6555642969124801,0.8111888117445655
203,0.7154494166864276,0.7573387718396711,0.6393821652118976,0.8111888117445655
204,0.7271382741913398,0.7555723278520041,0.626030644475719,0.8088578094135631
205,0.718574924005879,0.7556526207605344,0.6233231269674145,0.8088578094135631
206,0.7265606785359633,0.7553796248715313,0.6500578035007823,0.8100233105790643
207,0.7159113979535627,0.7544642857142857,0.6237885751229622,0.8111888117445655
208,0.7134635499300471,0.7571460688591983,0.6503368978733783,0.8100233105790643
209,0.7130166840761563,0.756808838643371,0.6266674239596565,0.8100233105790643
210,0.7297914740605566,0.7538058838643371,0.6356643277865189,0.8111888117445655
211,0.7060174279504543,0.75754753340185,0.6188267336025105,0.8123543129100667
212,0.7276029411286024,0.7553153905447071,0.6360559482952376,0.8111888117445655
213,0.7118983681314651,0.7573708890030832,0.6176329404463023,0.8135198140755678
214,0.7229772679362243,0.7559898509763617,0.6159004466239111,0.8111888117445655
215,0.7254980916783351,0.7553635662898253,0.6179401238898298,0.8088578094135631
216,0.7098178170996604,0.758559224049332,0.6141536642204631,0.8111888117445655
217,0.7135856774274761,0.7573708890030832,0.6159208639240488,0.8088578094135631
218,0.713733341472122,0.7562467882836588,0.6142304732805087,0.8100233105790643
219,0.7150914763375152,0.7563591983556013,0.6054737030904054,0.8088578094135631
220,0.7067493323431966,0.7563913155190134,0.614047536761055,0.8100233105790643
221,0.7087817765152099,0.7566161356628982,0.6139150158369736,0.8100233105790643
222,0.7078795486645733,0.7587519270298048,0.599321914997412,0.8076923082480619
223,0.7096684569873888,0.7583825796505652,0.5992522880191847,0.8111888117445655
224,0.7005210308413589,0.7594585046248715,0.6104838129801627,0.8100233105790643
225,0.7132214372412886,0.757563591983556,0.6098260516886944,0.8123543129100667
226,0.6975476660010503,0.7584146968139774,0.5948170313051531,0.8135198140755678
227,0.710621103108358,0.7574351233299075,0.5978013211752707,0.8111888117445655
228,0.6959210544793971,0.760341726618705,0.6101128127608266,0.8135198140755678
229,0.7095921501471352,0.756808838643371,0.5964955046321406,0.8123543129100667
230,0.7035966905452242,0.7575957091469682,0.5945004639508841,0.8158508164065701
231,0.7203069246868925,0.75807746659815,0.586163195696744,0.8135198140755678
232,0.6912457284738691,0.7594745632065776,0.5824318430223665,0.8135198140755678
233,0.7085436634328848,0.7588643371017472,0.5821152817119252,0.8146853152410689
234,0.697029490632609,0.759073098663926,0.5788243958305368,0.8158508164065701
235,0.7094139080314695,0.7573869475847893,0.5923806881154334,0.8111888117445655
236,0.6984441999234987,0.7605183710174718,0.5905542992628537,0.8146853152410689
237,0.6955052414815203,0.7592015673175745,0.5820890357305398,0.8170163175720713
238,0.706853364930246,0.7609358941418294,0.5800334676440223,0.8146853152410689
239,0.6946300117783287,0.7592015673175745,0.5758080626284325,0.8158508164065701
240,0.692784467771389,0.7601169064748201,0.5745283959212003,0.8170163175720713
241,0.694423418250873,0.76056654676259,0.5740190642974872,0.8170163175720713
242,0.7029118179233567,0.758334403905447,0.5739418282792285,0.8181818187375725
243,0.6863489006430615,0.7625578108941419,0.5612384603990541,0.8158508164065701
244,0.701426048593678,0.7577723535457348,0.5476916665102775,0.8123543129100667
245,0.6888010709681467,0.7628147482014388,0.5503256771809015,0.8111888117445655
246,0.7037921558916262,0.7600044964028777,0.563108602534363,0.8123543129100667
247,0.6953224911596645,0.7613694758478932,0.5628234992771993,0.8111888117445655
248,0.6855991177054128,0.762092112024666,0.5471157079393213,0.8146853152410689
249,0.698645732569425,0.7597636176772867,0.5461196779232202,0.8158508164065701
250,0.6894292886553663,0.7612088900308325,0.5527708419969866,0.8146853152410689
251,0.6910198578057775,0.7596672661870504,0.5486510621778893,0.8170163175720713
252,0.691072003875705,0.7637943216855088,0.550513852865268,0.8123543129100667
253,0.701051274863936,0.759827852004111,0.5477380304486601,0.8158508164065701
254,0.6908592280356514,0.7616264131551901,0.5461290869818423,0.8205128210685748
255,0.695808089649322,0.7620118191161357,0.5490286104328983,0.8181818187375725
256,0.6863619584096299,0.7612249486125385,0.5434151786468524,0.8205128210685748
257,0.693106898362198,0.7616585303186023,0.5447381222164714,0.8170163175720713
258,0.6807695910227385,0.7612570657759506,0.5683204474704805,0.8170163175720713
259,0.6941555222038865,0.7624293422404933,0.5569083720515102,0.8193473199030736
260,0.681179258065013,0.7640673175745119,0.5546072545029345,0.8193473199030736
261,0.6871767176386019,0.760839542651593,0.5664570594167376,0.8181818187375725
262,0.6850266424749517,0.7632483299075026,0.5660949337593604,0.8205128210685748
263,0.6988103709510027,0.7617067060637205,0.5644276226872886,0.821678322234076
264,0.6755821988798242,0.7644206063720452,0.5633872173604988,0.821678322234076
265,0.6823621773891312,0.76260598663926,0.563536111569349,0.8240093245650782
266,0.6815372295026789,0.7631519784172662,0.565219881929162,0.8181818187375725
267,0.6793522728494112,0.7610322456320657,0.5659200034358285,0.8170163175720713
268,0.6708330063021073,0.7641315519013361,0.5616209058216958,0.8228438233995771
269,0.6842358801494767,0.7614818859198356,0.5634974112043848,0.8228438233995771
270,0.6828603573901558,0.7629592754367934,0.5516537716199746,0.8193473199030736
271,0.6819293034958815,0.7635855601233299,0.5637225479512782,0.8193473199030736
272,0.6814654208528297,0.7615621788283659,0.5616504998751731,0.821678322234076
273,0.6784085609317438,0.7630877440904419,0.5603730891829048,0.821678322234076
274,0.6623195854206124,0.7625738694758479,0.5598794482387863,0.821678322234076
275,0.689373974687394,0.7614818859198356,0.5614139962863255,0.821678322234076
276,0.6747972613922248,0.7624935765673175,0.553744384042033,0.821678322234076
277,0.6800121318583375,0.7645008992805755,0.5512372406768354,0.8181818187375725
278,0.6654008335653091,0.7642439619732785,0.5495753520296448,0.8181818187375725
279,0.6708132529675287,0.7659301130524152,0.549000147478286,0.8228438233995771
280,0.6740144260250652,0.7635052672147996,0.5516630327090238,0.8240093245650782
281,0.6711291507545013,0.7640191418293937,0.5619073552546245,0.8240093245650782
282,0.6795425622705811,0.7638424974306269,0.5685101334865277,0.8228438233995771
283,0.6746323160436636,0.7623811664953751,0.5611314613085526,0.8228438233995771
284,0.6594443267320435,0.7671023895169579,0.5620084262533344,0.8193473199030736
285,0.6781016124483248,0.76260598663926,0.5616500439482691,0.8228438233995771
