epoch,loss,single_accuracy,val_loss,val_single_accuracy
0,5.3395866602659225,0.5751953125,7.756458646211868,0.45571095515520144
1,3.2272704988718033,0.7265625,7.650989051187511,0.4615384611216458
2,2.9045823514461517,0.7919921875,7.65127003832019,0.4568764574322111
3,2.4399037659168243,0.818359375,7.558520698047184,0.4568764564596412
4,2.1381804049015045,0.84765625,7.439520511315975,0.47202797161115634
5,1.9880943223834038,0.8642578125,7.355542271287291,0.4731934727766575
6,1.895813100039959,0.875,7.4153724711535975,0.46969697025272394
7,1.9221780523657799,0.8759765625,7.401098200769136,0.47202797161115634
8,1.8955038860440254,0.8759765625,7.263709985292875,0.4708624714182251
9,1.9292220547795296,0.87890625,7.328389218359282,0.469696969280154
10,1.9064051136374474,0.87890625,7.328460212076183,0.4720279725837263
11,1.8750640898942947,0.87890625,7.271335875515615,0.4720279725837263
12,1.8282699659466743,0.880859375,7.337592223863224,0.4790209786041633
13,1.774619810283184,0.8818359375,7.248896282591742,0.47785547743866214
14,1.7811932265758514,0.88671875,7.427141846476735,0.476689977245731
15,1.761625975370407,0.8876953125,7.467542201489001,0.47319347374922743
16,1.7658588662743568,0.8857421875,7.313158882247818,0.47319347291559605
17,1.7589832805097103,0.888671875,7.4510159642546325,0.47668997641209954
18,1.75833335891366,0.8876953125,7.491619678644033,0.4790209795767333
19,1.7710300534963608,0.8896484375,7.379709263781567,0.47435897394215865
20,1.7451342418789864,0.8896484375,7.376325258286127,0.4790209794377947
21,1.7100642919540405,0.8916015625,7.441400750811561,0.48135198176879707
22,1.6825832799077034,0.8935546875,7.455258108797051,0.4708624714182251
23,1.6921275276690722,0.89453125,7.455720960954964,0.4790209794377947
24,1.6944125220179558,0.8935546875,7.502259790758431,0.4778554784112321
25,1.6927972435951233,0.89453125,7.428880544809195,0.4825174830732368
26,1.6772155091166496,0.89453125,7.342645278899542,0.48018648074223447
27,1.692200928926468,0.8935546875,7.317474222961284,0.48018648074223447
28,1.6914980709552765,0.89453125,7.250366664432979,0.483682983266168
29,1.7084971740841866,0.8935546875,7.2165232638379075,0.4860139855971703
30,1.6985135152935982,0.892578125,7.319765412168347,0.48717948773524145
31,1.6919798292219639,0.89453125,7.352885021752133,0.48368298423873796
32,1.6791690438985825,0.89453125,7.438168935842447,0.4790209795767333
33,1.6335725784301758,0.8955078125,7.4238226130292135,0.4755244760802298
34,1.5570685155689716,0.8994140625,7.446837124568877,0.46969697025272394
35,1.3689140602946281,0.9033203125,7.519712501472527,0.46853146811465285
36,1.3499205205589533,0.9140625,7.424242603195297,0.47086247044565516
37,1.317554572597146,0.916015625,7.4244503413602745,0.4731934727766575
38,1.3169203884899616,0.9150390625,7.508847189949942,0.4755244751076598
39,1.3069989131763577,0.916015625,7.415824808162965,0.476689976273161
40,1.27234211191535,0.91796875,7.356953430842687,0.4825174821006668
41,1.2740643378347158,0.9189453125,7.301653868112808,0.4860139855971703
42,1.256142370402813,0.919921875,7.330862035284509,0.4825174821006668
43,1.254947267472744,0.9208984375,7.264196802686144,0.47785547743866214
44,1.2539058439433575,0.9208984375,7.288342601491577,0.476689976273161
45,1.267050612717867,0.9208984375,7.321508334788965,0.4825174821006668
46,1.2664955891668797,0.9208984375,7.2275767481966176,0.4871794867626715
47,1.2667614942001597,0.9208984375,7.286111500991252,0.4941724945893099
48,1.266386978328228,0.9208984375,7.326198722932722,0.48834498876180404
49,1.2669512163847685,0.9208984375,7.342787371370898,0.4801864806032959
50,1.2824490070343018,0.919921875,7.306329569338641,0.4895104899273052
51,1.2821669075638056,0.919921875,7.279028950871288,0.4976689980858134
52,1.2825462067084805,0.919921875,7.150616630807623,0.495337995754811
53,1.2821363406255841,0.919921875,7.17028831657552,0.495337995754811
54,1.2677807854488492,0.919921875,7.327658416507961,0.48601398643080174
55,1.2663869926291005,0.9208984375,7.268026072940071,0.4871794867626715
56,1.2669888511300087,0.9208984375,7.289069426365388,0.49300699259017733
57,1.2666838113218546,0.9208984375,7.289243972106969,0.4871794867626715
58,1.257094755768776,0.9208984375,7.357855924081691,0.4813519809351657
59,1.251120957545936,0.921875,7.3111331018256696,0.48601398643080174
60,1.238979257042934,0.921875,7.269700463835176,0.4895104899273052
61,1.236624389886856,0.921875,7.230654006793505,0.49184149225830753
62,1.2362264096736908,0.9228515625,7.2207500439979535,0.49067599109280635
63,1.2358999084681273,0.9228515625,7.181093613306682,0.48601398643080174
64,1.2354300413280725,0.9228515625,7.223800204016945,0.4895104899273052
65,1.22272711340338,0.9228515625,7.249763623262063,0.4871794867626715
66,1.2356017902493477,0.9228515625,7.286444926873232,0.4871794867626715
67,1.2358801774680614,0.9228515625,7.2943406699698565,0.4860139855971703
68,1.2357921693474054,0.9228515625,7.251996768938078,0.49067599025917497
69,1.235661569982767,0.9228515625,7.219223295892035,0.49067599025917497
70,1.236345287412405,0.921875,7.181069563040922,0.49533799492117964
71,1.2355927098542452,0.9228515625,7.199414967934846,0.4965034960866808
72,1.2355926893651485,0.9228515625,7.200265733234255,0.4965034960866808
73,1.235592719167471,0.9228515625,7.204437507616056,0.49533799492117964
74,1.2230867687612772,0.9228515625,7.2046998364108426,0.49766899725218194
75,1.2198523686783806,0.923828125,7.206301460732947,0.4988344984176831
76,1.2077276818454266,0.923828125,7.224643497756033,0.48834498792817266
77,1.2041134536266327,0.9248046875,7.316825348736245,0.4860139855971703
78,1.2042547259479761,0.9248046875,7.348006289599937,0.4813519809351657
79,1.204122956842184,0.9248046875,7.40391996523717,0.483682983266168
80,1.2041242308914661,0.9248046875,7.405091201230919,0.48484848443166917
81,1.204112065024674,0.9248046875,7.409308738086051,0.4860139855971703
82,1.2042121700942516,0.9248046875,7.430305095263572,0.4825174821006668
83,1.2041120417416096,0.9248046875,7.45776715478697,0.47785547743866214
84,1.2041120426729321,0.9248046875,7.45676442237445,0.4790209786041633
85,1.2041916446760297,0.9248046875,7.3381907334138745,0.4860139855971703
86,1.2041291510686278,0.9248046875,7.356309828502593,0.4860139855971703
87,1.204912569373846,0.923828125,7.279710867466071,0.48484848443166917
88,1.2042388673871756,0.9248046875,7.340314982376454,0.4860139855971703
89,1.2041120529174805,0.9248046875,7.307063913011884,0.4825174821006668
90,1.2196807973086834,0.923828125,7.304567763855407,0.4813519809351657
91,1.2197162732481956,0.923828125,7.317351225650672,0.483682983266168
92,1.2069880720227957,0.923828125,7.449424019504538,0.483682983266168
93,1.2049377597868443,0.9248046875,7.371109734604131,0.4860139855971703
94,1.2046103868633509,0.9248046875,7.345022879558288,0.4871794867626715
95,1.2044593319296837,0.9248046875,7.615436886296128,0.483682983266168
96,1.2041196525096893,0.9248046875,7.643793276695661,0.4813519809351657
97,1.20484534278512,0.9248046875,7.569268027107754,0.4860139855971703
98,1.1917400835081935,0.9248046875,7.286714225382238,0.49533799492117964
99,1.204011283814907,0.9248046875,7.304772756594322,0.49300699259017733
100,1.1912132017314434,0.9248046875,7.265219336067324,0.49300699259017733
101,1.1887170178815722,0.92578125,7.082928979869211,0.5034965030796879
102,1.176686767488718,0.92578125,7.345789987724144,0.4836829840997994
103,1.1605276018381119,0.9267578125,7.401447893022658,0.48135198176879707
104,1.1567194750532508,0.927734375,7.486699138210092,0.48135198176879707
105,1.1570602972060442,0.927734375,7.424614953550147,0.4801864806032959
106,1.156781878322363,0.927734375,7.375326390588756,0.4731934727766575
107,1.172788368538022,0.9267578125,7.527058370741375,0.47435897394215865
108,1.1725880987942219,0.9267578125,7.510209239168323,0.476689976273161
109,1.172717228946567,0.9267578125,7.598934937746097,0.476689976273161
110,1.1595982369035482,0.9267578125,7.500642753703333,0.48135198176879707
111,1.1569069251418114,0.927734375,7.516372259958085,0.4790209794377947
112,1.1572608426213264,0.927734375,7.47224999252177,0.48135198176879707
113,1.156975937075913,0.927734375,7.415831188499789,0.4813519809351657
114,1.157132627773513,0.927734375,7.407171445570904,0.49067599025917497
115,1.1581392530351877,0.9267578125,7.311356772353877,0.4988344984176831
116,1.1567194815725088,0.927734375,7.294218307886368,0.4988344984176831
117,1.156800787895918,0.927734375,7.331724139082404,0.4965034960866808
118,1.1571428757160902,0.927734375,7.3406769423495914,0.49533799492117964
119,1.156742931343615,0.927734375,7.354485566243703,0.48834498792817266
120,1.1574493534862995,0.927734375,7.416609329499287,0.48834498792817266
121,1.16150061506778,0.9267578125,7.419473280717721,0.4860139855971703
122,1.1595157459378242,0.92578125,7.3249184335028374,0.4790209786041633
123,1.1741080824285746,0.92578125,7.389694669585683,0.4825174821006668
124,1.1596746873110533,0.9267578125,7.333584622625427,0.4813519809351657
125,1.146272212266922,0.9248046875,7.341303664209682,0.4860139855971703
126,1.157205905765295,0.927734375,7.37617526132188,0.4813519809351657
127,1.157568090595305,0.9267578125,7.409372917699925,0.4801864806032959
128,1.159640807658434,0.9267578125,7.411837049853274,0.48135198176879707
129,1.1565638612955809,0.927734375,7.3206001845273105,0.4930069934238087
130,1.156796008348465,0.927734375,7.26963508990539,0.4976689980858134
131,1.1570734791457653,0.927734375,7.242884632035013,0.495337995754811
132,1.156630614772439,0.927734375,7.2337636447452995,0.49533799492117964
133,1.144831582903862,0.927734375,7.088022074777207,0.4965034960866808
134,1.1273399945348501,0.9287109375,7.033119777977328,0.5034965030796879
135,1.0829551083552138,0.9287109375,6.839152991354882,0.5163170159002006
136,1.048381452816784,0.9345703125,6.669078343953842,0.5151515147346994
137,0.9819826819002628,0.9326171875,6.57649478712282,0.5221445217277064
138,0.9775578854605556,0.9384765625,6.710675526887942,0.5221445217277064
139,0.9714407012797892,0.9384765625,6.958966194055019,0.5093240089071936
140,0.9558836128562689,0.9384765625,7.029599119177509,0.5163170159002006
141,0.9734046366065741,0.9384765625,7.0943769347139725,0.5023310019141867
142,0.9719005860388279,0.9384765625,6.951811278060878,0.5034965030796879
143,0.9579426189884543,0.9375,6.871359023180875,0.5069930065761913
144,0.9687567129731178,0.939453125,6.889674298968904,0.5023310019141867
145,0.9684927435591817,0.939453125,6.941611615650026,0.5104895100726948
146,0.9688535230234265,0.939453125,6.954101209040289,0.5023310019141867
147,0.9682743158191442,0.939453125,6.993919345326635,0.5011655007486855
148,0.9681787537410855,0.939453125,7.0042642869037905,0.49766899725218194
149,0.9681787490844727,0.939453125,7.001787749759523,0.4988344984176831
150,0.9681787434965372,0.939453125,6.999197877092517,0.4988344984176831
151,0.9682052992284298,0.939453125,7.002216303543055,0.4988344984176831
152,0.9687974294647574,0.939453125,7.161164045889617,0.49766899725218194
153,0.9683515913784504,0.939453125,7.141323683700917,0.49067599025917497
154,0.9681787230074406,0.939453125,7.186545906089124,0.49184149142467615
155,0.968300518579781,0.939453125,7.162134248337823,0.49184149142467615
156,0.9682034123688936,0.939453125,7.138812090133453,0.49300699259017733
157,0.9683403605595231,0.939453125,7.009227625973574,0.49533799492117964
158,0.96817871555686,0.939453125,6.994027167211324,0.5023310019141867
159,0.9683823678642511,0.939453125,6.851892241786966,0.5093240089071936
160,0.9681787313893437,0.939453125,6.8603606635318215,0.5046620042451889
161,0.9427565525802271,0.939453125,7.004552970677267,0.4988344984176831
162,0.9450916852802038,0.9375,7.277735355572823,0.49533799492117964
163,0.9144568257033825,0.939453125,7.232272093668406,0.4965034969203122
164,0.9452826399356127,0.939453125,7.183842674001947,0.4976689980858134
165,0.9390131862419144,0.9404296875,7.2651956678826215,0.49067599025917497
166,0.9382207778798834,0.9404296875,7.261903979561546,0.4988344992513145
167,0.952438408239642,0.9404296875,7.241250198204201,0.5011655015823169
168,0.9524977374821901,0.9404296875,7.250076283108104,0.4999999995831843
169,0.9525862699374557,0.9404296875,7.295802952248455,0.49300699245123875
170,0.9526211079210043,0.9404296875,7.367928790323662,0.4941724936167399
171,0.92927429638803,0.939453125,7.312150722339159,0.495337995754811
172,0.9387901043519378,0.9404296875,7.114376202052012,0.4976689980858134
173,0.9385132370516658,0.9404296875,7.077907936834233,0.4976689980858134
174,0.9379305681213737,0.9404296875,7.087460552895819,0.5034965039133192
175,0.9370412696152925,0.94140625,7.044274575782545,0.5023310027478181
176,0.9260471723973751,0.9404296875,7.13727497220873,0.5081585085753239
177,0.9082012008875608,0.9423828125,7.210156885060397,0.5011655006097469
178,0.8973281446014436,0.943359375,7.110495842975892,0.5011655007486855
179,0.9294651644304395,0.939453125,6.958911855737646,0.5011655006097469
180,0.9212523456662893,0.9423828125,6.8638939485127555,0.5069930064372528
181,0.9211293682456017,0.9423828125,6.907321245242388,0.5128205130983899
182,0.9211768107488751,0.9423828125,6.88823487375166,0.5093240096018865
183,0.9211293549378308,0.9423828125,6.875402026798898,0.5104895107673876
184,0.9097640184991178,0.9423828125,6.917476776318672,0.5104895107673876
185,0.9054253980102436,0.943359375,6.895697482538112,0.5151515155683308
186,0.9053890196191565,0.943359375,6.863207247985271,0.5174825170657018
187,0.9055253369733691,0.943359375,6.908103963989756,0.5151515147346994
188,0.9055125480517745,0.943359375,6.894800218390974,0.5151515147346994
189,0.9053890323266387,0.943359375,6.856728181416616,0.5209790213958366
190,0.9053890146315098,0.943359375,6.856407504537445,0.5209790213958366
191,0.9053890248760581,0.943359375,6.8744170071083905,0.5209790213958366
192,0.9053890211507678,0.943359375,6.9028172198431195,0.5198135202303356
193,0.9053890127688646,0.943359375,6.918127388387293,0.5198135202303356
194,0.9053890137001872,0.943359375,6.932765513866931,0.5186480190648344
195,0.9053890574723482,0.943359375,6.934116082869488,0.5186480190648344
196,0.9053890149625436,0.943359375,6.935417668247001,0.5174825178993332
197,0.9054171983152628,0.943359375,6.917663172964172,0.5151515155683308
198,0.9053979988311323,0.943359375,6.899263728192914,0.5186480190648344
199,0.9053890261384145,0.943359375,6.892581804648979,0.5198135193967042
200,0.9055493175983429,0.943359375,6.91696364396102,0.5174825170657018
201,0.9055127047467977,0.943359375,6.969034507835939,0.5163170159002006
202,0.9071573689579964,0.9423828125,6.8668176016329605,0.5104895100726948
203,0.8936621140273706,0.943359375,7.0862852070992925,0.5081585076027539
204,0.9070779290050268,0.9423828125,7.028211110399598,0.5139860144028296
205,0.8943724222481251,0.943359375,7.145166963686198,0.5069930064372528
206,0.8914688304066658,0.943359375,7.089061684263892,0.5058275052717516
207,0.8920744778588414,0.943359375,7.21074769991539,0.502331001775248
208,0.9058851059526205,0.943359375,7.156573584724417,0.4976689971132434
209,0.9055886901915073,0.943359375,7.116622829214954,0.5058275052717516
210,0.9055606219917536,0.943359375,7.09639845527969,0.5104895099337562
211,0.9058770127594471,0.943359375,7.066705208280426,0.5116550110992574
212,0.9073056681081653,0.9423828125,7.036849106942023,0.5128205122647586
213,0.905560614541173,0.943359375,7.066150361841375,0.5128205122647586
214,0.8922935640439391,0.943359375,7.14704966156077,0.5128205122647586
215,0.9214725460442201,0.9423828125,7.232516897308243,0.5034965029407492
216,0.9216006354945199,0.9423828125,7.193863679756929,0.5023310027478181
217,0.9217661423608661,0.9423828125,7.217111758140973,0.5011655006097469
218,0.9214725233614445,0.9423828125,7.203499272153094,0.4988344982787446
219,0.9070401536300778,0.9423828125,7.19655427899394,0.5011655006097469
220,0.8955394607037306,0.9423828125,7.083055679614727,0.5139860144028296
221,0.8830163702368736,0.9404296875,6.973483482579807,0.5174825169267632
222,0.8839071318507195,0.94140625,6.913599294799191,0.5233100227542691
223,0.9057321911677718,0.943359375,6.978263349799843,0.5244755237808316
224,0.8925536125898361,0.943359375,7.053732237094766,0.5151515144568223
225,0.8915043920278549,0.9443359375,7.034515362797362,0.5186480180922644
226,0.9073804517792956,0.9423828125,6.987947093162226,0.5244755247534016
227,0.9070472978055477,0.9423828125,6.976803272337347,0.5174825177603947
228,0.8946911379279987,0.9423828125,7.046356450566601,0.5221445215887679
229,0.8908130405470729,0.9443359375,6.96843482883938,0.5221445215887679
230,0.889991900883615,0.9443359375,6.978179118433199,0.5244755247534016
231,0.8755505643785,0.9443359375,6.955265243987103,0.5233100227542691
232,0.8899183574648992,0.9443359375,6.843002296411074,0.5256410259189028
233,0.8899509435104624,0.9443359375,6.8084594554556555,0.5256410259189028
234,0.8909695527617725,0.943359375,6.799000011596369,0.5198135192577655
235,0.8630420276895165,0.9443359375,6.867866722853868,0.5303030305809074
236,0.8680362030863762,0.9404296875,6.944152500245955,0.526806526111834
237,0.8374905626805917,0.9443359375,7.1274309952880115,0.5139860141249526
238,0.8148855101317167,0.9482421875,7.080009749441436,0.5128205130983899
239,0.830199839634588,0.947265625,6.940482911530075,0.5233100226153304
240,0.843409932218492,0.947265625,6.9059522079698965,0.5139860132913212
241,0.8282462665811181,0.9482421875,6.996471734869452,0.5116550109603188
242,0.8277169410757113,0.9482421875,7.050792766895605,0.5139860132913212
243,0.8150220774114132,0.9482421875,6.8333831272480925,0.5221445214498294
244,0.8454580912366509,0.9462890625,6.936300607550116,0.5151515152904537
245,0.8157507395371795,0.947265625,7.016776250514673,0.5163170156223235
246,0.8132816146644251,0.94921875,7.119567927224931,0.5104895107673876
247,0.8163415271373884,0.947265625,7.103069287635785,0.5104895107673876
248,0.8289570024244313,0.947265625,7.245272101222218,0.505827506105383
249,0.7839161803530947,0.9501953125,7.040261854589124,0.5069930072708841
250,0.7981229880824685,0.94921875,7.037945117844846,0.5104895107673876
251,0.7968621803447604,0.9501953125,6.92737447215127,0.5128205130983899
252,0.7974564032629132,0.94921875,6.971208312850454,0.5093240086293165
253,0.7967510726302862,0.9501953125,7.0013575009254865,0.5093240086293165
254,0.7973576039075851,0.9501953125,6.992690460109489,0.519813519118827
255,0.7967510707676411,0.9501953125,6.993898777139215,0.5186480179533258
256,0.7967510567978024,0.9501953125,6.967892415040023,0.5186480179533258
257,0.7968413354828954,0.9501953125,6.942577780543507,0.5174825167878246
258,0.7968829674646258,0.9501953125,6.909919296389138,0.5139860132913212
259,0.7967877117916942,0.9501953125,7.050532797277668,0.5139860132913212
260,0.7967510630478056,0.9501953125,7.07468686126051,0.51282051212582
261,0.7886359949697646,0.9501953125,7.160600170666799,0.5104895097948177
262,0.7966354358941317,0.9501953125,7.100438383631495,0.5163170156223235
263,0.796685648150742,0.9501953125,7.099715607427495,0.5163170156223235
264,0.798430909617287,0.94921875,7.005474851403759,0.5186480179533258
265,0.797871065326035,0.94921875,7.018057412200874,0.5221445214498294
266,0.7966375229880214,0.9501953125,7.007610795659063,0.5163170156223235
267,0.7967330571264029,0.9501953125,7.017981375014032,0.5186480179533258
268,0.7966558616608381,0.9501953125,6.989215339258278,0.5186480179533258
269,0.7965794758456246,0.9501953125,7.046076635102848,0.5209790202843282
270,0.7851211845044883,0.9501953125,7.091733946527913,0.5163170156223235
271,0.796407874673605,0.9501953125,7.131596153849489,0.5116550109603188
272,0.7965581174939871,0.9501953125,7.140862673034757,0.5116550109603188
273,0.7964078867807984,0.9501953125,7.1086482248661955,0.5104895097948177
274,0.7964078672230244,0.9501953125,7.121922828795471,0.5104895097948177
275,0.796407874673605,0.9501953125,7.1456165786111825,0.5104895097948177
276,0.7964078783988953,0.9501953125,7.143635062070993,0.5104895097948177
277,0.7964078728109598,0.9501953125,7.154367247939388,0.5104895097948177
278,0.7964078684853808,0.9501953125,7.139956829986928,0.5116550109603188
279,0.7964078634977341,0.9501953125,7.138334906462467,0.5093240086293165
280,0.7964078846488984,0.9501953125,7.137275571589703,0.5093240086293165
281,0.7964078700169921,0.9501953125,7.136558631083348,0.5093240086293165
282,0.7964078718796372,0.9501953125,7.136057222917641,0.5093240086293165
283,0.7964078781296404,0.9501953125,7.135783006539156,0.5093240086293165
284,0.796407874673605,0.9501953125,7.135454537151577,0.5081585074638153
285,0.7964078858494759,0.9501953125,7.135322431862216,0.5081585074638153
286,0.796407883386542,0.9501953125,7.1352705082971175,0.5081585074638153
287,0.7964078737422824,0.9501953125,7.135168665772551,0.5081585074638153
288,0.7964078694167034,0.9501953125,7.135146670963937,0.5081585074638153
289,0.7964977733790874,0.9501953125,7.082111076180474,0.5081585074638153
290,0.7814193455087439,0.951171875,7.133874383283939,0.5116550119328888
291,0.7819179203361273,0.9501953125,7.080989752616082,0.5093240096018865
292,0.79646872356534,0.9501953125,7.103183039835283,0.5104895107673876
293,0.7969413874670863,0.9501953125,7.075732879566424,0.5069930072708841
294,0.7964078662917018,0.9501953125,7.074309821173306,0.5046620049398818
295,0.7964078793302178,0.9501953125,7.074344871344266,0.5046620049398818
296,0.7964078843178646,0.9501953125,7.073429475992154,0.5069930072708841
297,0.7964078765362501,0.9501953125,7.073489482725139,0.5081585084363853
298,0.7964078905060887,0.9501953125,7.074077452674056,0.5081585084363853
299,0.7964078867807984,0.9501953125,7.062484792896084,0.5081585084363853
300,0.7964078886434436,0.9501953125,7.062278053699395,0.5069930072708841
301,0.7964078802615404,0.9501953125,7.050975639086503,0.5069930072708841
302,0.7964078774675727,0.9501953125,7.039041847615809,0.5069930072708841
303,0.7964078731419937,0.9501953125,7.037969362902475,0.5069930072708841
304,0.7964078700169921,0.9501953125,7.038958945752301,0.5069930072708841
305,0.7964078700169921,0.9501953125,7.041846015931287,0.5069930072708841
306,0.7964078765362501,0.9501953125,7.075405741627121,0.505827506105383
307,0.7964078951627016,0.9501953125,7.075190284730115,0.505827506105383
308,0.7964078988879919,0.9501953125,7.074990481902391,0.505827506105383
309,0.7964078783988953,0.9501953125,7.075053917639183,0.505827506105383
310,0.7964078681543469,0.9501953125,7.074847102165222,0.505827506105383
311,0.7964078867807984,0.9501953125,7.067527854081356,0.505827506105383
312,0.7964078849181533,0.9501953125,7.064927550462576,0.505827506105383
313,0.7964078861805097,0.9501953125,7.063857124818789,0.505827506105383
314,0.7964078774675727,0.9501953125,7.063571264832726,0.505827506105383
315,0.7964078905060887,0.9501953125,7.063347003954552,0.505827506105383
316,0.7964078718796372,0.9501953125,7.0633783946226245,0.505827506105383
317,0.796407881192863,0.9501953125,7.063580345301639,0.505827506105383
318,0.7964078799922856,0.9501953125,7.06347955329157,0.5046620049398818
319,0.7964078728109598,0.9501953125,7.063368428837169,0.505827506105383
320,0.7964078824552194,0.9501953125,7.06328291909678,0.5046620049398818
321,0.7964078765362501,0.9501953125,7.063443503318688,0.5046620049398818
322,0.7964078793302178,0.9501953125,7.063529551168144,0.5046620049398818
323,0.7964078787299291,0.9501953125,7.063512097010801,0.5046620049398818
324,0.7964078858494759,0.9501953125,7.0634736692433036,0.5046620049398818
325,0.7964078787299291,0.9501953125,7.0632657546263475,0.5046620049398818
326,0.7964078662917018,0.9501953125,7.063351847352959,0.5046620049398818
327,0.7964078861805097,0.9501953125,7.063324051442402,0.5046620049398818
328,0.7964078737422824,0.9501953125,7.063512820047098,0.5046620049398818
329,0.7964078582408325,0.9501953125,7.063177689111038,0.5046620049398818
330,0.7964078821241856,0.9501953125,7.063192875096292,0.5046620049398818
331,0.796407876867284,0.9501953125,7.063347148033845,0.5046620049398818
332,0.7964078830555081,0.9501953125,7.063382633916148,0.5046620049398818
333,0.7964078793302178,0.9501953125,7.063509357559098,0.5046620049398818
334,0.796407870348026,0.9501953125,7.063528648206404,0.5046620049398818
335,0.7964078852491872,0.9501953125,7.0638957973960395,0.5046620049398818
336,0.796407870348026,0.9501953125,7.063798378675412,0.5046620049398818
337,0.7964078783988953,0.9501953125,7.063767232539215,0.5046620049398818
338,0.7964078762669953,0.9501953125,7.063699766611442,0.5046620049398818
339,0.7964078662917018,0.9501953125,7.063649802358,0.5046620049398818
340,0.7964078722106711,0.9501953125,7.063609720387936,0.5046620049398818
341,0.7964078802615404,0.9501953125,7.063351819843123,0.5046620049398818
342,0.7964078809236081,0.9501953125,7.063208021345116,0.5046620049398818
343,0.7964078731419937,0.9501953125,7.063135061369631,0.5046620049398818
344,0.7964078588411212,0.9501953125,7.062999737151575,0.5046620049398818
345,0.7964078728109598,0.9501953125,7.063059908248883,0.5046620049398818
346,0.7964078728109598,0.9501953125,7.062886428027164,0.5046620049398818
347,0.7964078681543469,0.9501953125,7.062759344672267,0.5046620049398818
348,0.796407879060963,0.9501953125,7.062832793850443,0.5046620049398818
349,0.7964078756049275,0.9501953125,7.062859200931095,0.5046620049398818
350,0.7964078728109598,0.9501953125,7.062942200329476,0.5046620049398818
351,0.7964078634977341,0.9501953125,7.062991219244915,0.5046620049398818
352,0.7964078793302178,0.9501953125,7.063132357625139,0.5046620049398818
353,0.7964078954937355,0.9501953125,7.062951073918865,0.5046620049398818
354,0.7964078858494759,0.9501953125,7.063025598203663,0.5046620049398818
355,0.7964078690856695,0.9501953125,7.062923887670735,0.5046620049398818
356,0.7964078917684452,0.9501953125,7.063083439023345,0.5046620049398818
357,0.7964078830555081,0.9501953125,7.063106124634509,0.5046620049398818
358,0.7964078681543469,0.9501953125,7.06322701966568,0.5046620049398818
359,0.7964078616350889,0.9501953125,7.063032230575046,0.5046620049398818
360,0.7964078616350889,0.9501953125,7.063243590868437,0.5046620049398818
361,0.7964078880431549,0.9501953125,7.063314161517403,0.5046620049398818
362,0.7964078634977341,0.9501953125,7.063427428682368,0.5046620049398818
363,0.7964078700169921,0.9501953125,7.063379352604037,0.5046620049398818
364,0.7964078616350889,0.9501953125,7.063293987220818,0.5046620049398818
365,0.7964078783988953,0.9501953125,7.063318205602242,0.5046620049398818
366,0.7964078681543469,0.9501953125,7.063310615805201,0.505827506105383
367,0.7964078837175759,0.9501953125,7.06338648001353,0.5046620049398818
368,0.7964078681543469,0.9501953125,7.06330186739946,0.5046620049398818
369,0.7964078827862533,0.9501953125,7.063436904292562,0.5046620049398818
370,0.7964078839868307,0.9501953125,7.063369547153687,0.5046620049398818
371,0.796407870348026,0.9501953125,7.063341323590223,0.5046620049398818
372,0.7964078672230244,0.9501953125,7.063466235474273,0.5046620049398818
373,0.7964078821241856,0.9501953125,7.063555698294739,0.5046620049398818
374,0.7964078774675727,0.9501953125,7.063638056074823,0.5046620049398818
375,0.7964078718796372,0.9501953125,7.063602601592636,0.5046620049398818
376,0.7964078839868307,0.9501953125,7.063624120258785,0.5046620049398818
377,0.7964443098753691,0.9501953125,6.981030232144958,0.5139860142638911
378,0.7964078839868307,0.9501953125,7.002150087089805,0.5151515144568223
379,0.7964078656914131,0.9501953125,7.005155507223312,0.5139860132913212
380,0.7846236437144176,0.94921875,6.988445261975269,0.5128205130983899
381,0.7826217021793127,0.9501953125,6.915550566497661,0.5198135200913969
382,0.767184106964101,0.951171875,6.953085136580301,0.5209790204232667
383,0.7815782846882939,0.951171875,7.001397114880991,0.5233100235879005
384,0.771917019970715,0.94921875,7.085721855674868,0.5081585084363853
385,0.7832189658656716,0.9501953125,7.066392537597176,0.5093240096018865
386,0.782630413170387,0.9501953125,6.979743466788516,0.5163170165948935
387,0.769128380343318,0.94921875,7.067246444575437,0.5116550119328888
388,0.7944482052698731,0.947265625,7.0155641593577425,0.5209790212568981
389,0.85695172380656,0.94140625,6.93833794654944,0.5209790212568981
390,0.7877178018497721,0.9482421875,7.000055797728069,0.5174825177603947
391,0.7872718600556254,0.947265625,6.974677159236028,0.5186480189258957
392,0.7680345242843032,0.951171875,6.9526744533529925,0.5209790202843282
393,0.7666879617609084,0.9521484375,6.958512772769083,0.5221445222834608
394,0.7549386753235012,0.951171875,6.871493835549255,0.5209790212568981
395,0.723711892711413,0.9521484375,6.810619491241473,0.5186480189258957
396,0.7504945108667016,0.953125,6.8143412794544425,0.5244755247534016
397,0.7499730186536908,0.953125,6.68682495891909,0.5221445224223993
398,0.7500441549345851,0.953125,6.715033776276595,0.519813519118827
399,0.7510550519036547,0.9521484375,6.8485467322778595,0.5163170156223235
400,0.752123238849868,0.9521484375,6.832590893709854,0.5163170156223235
401,0.7501429288749488,0.953125,6.7217836532837305,0.5244755247534016
402,0.7498732637614012,0.953125,6.746158695165372,0.5233100235879005
403,0.7377632123934523,0.953125,6.792090599353497,0.5256410249463328
404,0.7507787058129907,0.953125,6.825465560237289,0.5186480179533258
405,0.7500448487699032,0.953125,6.823313945379013,0.5186480179533258
406,0.7501231751921074,0.953125,6.92723389716693,0.519813519118827
407,0.7500880852421243,0.953125,6.90499390950014,0.5151515144568223
408,0.7507958682253957,0.953125,6.933405145064934,0.5069930062983141
409,0.737917085076333,0.9521484375,6.872954609788659,0.5139860132913212
410,0.7498732706116931,0.953125,6.896531307058178,0.5233100226153304
411,0.7498732730746269,0.953125,6.870016927763577,0.519813519118827
412,0.7499961120592848,0.953125,6.873707209711586,0.5186480179533258
413,0.7498732734056608,0.953125,6.781677587048991,0.519813519118827
414,0.7498732665553689,0.953125,6.8034819378441584,0.5186480179533258
415,0.7498732535168529,0.953125,6.804859494551634,0.5186480179533258
416,0.7498732634921463,0.953125,6.809441470043921,0.5209790202843282
417,0.749873255379498,0.953125,6.820368407211659,0.5209790202843282
418,0.7498732702806592,0.953125,6.822071719280768,0.5209790202843282
419,0.7498805095128107,0.953125,6.770025010431286,0.5186480179533258
420,0.7654419852005736,0.9521484375,6.754631304518604,0.5221445214498294
421,0.7654419895261526,0.9521484375,6.729706683358946,0.5256410249463328
422,0.7654419985701235,0.9521484375,6.744560489843497,0.5256410249463328
423,0.7654419991704122,0.9521484375,6.768259764273406,0.5256410249463328
424,0.7654420010330574,0.9521484375,6.757070164024691,0.5256410249463328
425,0.7654419951140881,0.9521484375,6.759221516289077,0.526806526111834
426,0.7521454089837567,0.9521484375,6.7618117293555695,0.5209790202843282
427,0.7499950770288706,0.953125,7.010094253333299,0.51282051212582
428,0.7498732581734657,0.953125,6.990643656059301,0.5104895097948177
429,0.749924810603261,0.953125,7.011755700989481,0.5081585074638153
430,0.7498732715430156,0.953125,6.958346554171511,0.5139860132913212
431,0.7498732591047883,0.953125,6.934139855258115,0.5139860132913212
432,0.7498732628300786,0.953125,6.94079477942629,0.51282051212582
433,0.7498732463973061,0.953125,6.937845229268907,0.51282051212582
434,0.749873261898756,0.953125,6.9359891989847995,0.5139860132913212
435,0.7499517574906349,0.953125,6.905447304665626,0.5186480179533258
436,0.7498732659550802,0.953125,6.905771328296972,0.5209790202843282
437,0.7498732497915626,0.953125,6.9044830451756365,0.5221445214498294
438,0.7498732650237576,0.953125,6.889350434005399,0.5221445214498294
439,0.7498732581734657,0.953125,6.888079502087929,0.5233100226153304
440,0.7500924909072415,0.953125,6.925472880576874,0.5186480179533258
441,0.7349652703851461,0.9541015625,6.875553910826747,0.517482517621456
442,0.7358229290693998,0.953125,6.934767511063244,0.5174825167878246
443,0.7512108044283883,0.9521484375,7.0552791309801295,0.5128205130983899
444,0.734922221261491,0.9541015625,7.114791061494734,0.5081585076027539
445,0.7658412226992146,0.9521484375,7.0139888552796865,0.5128205122647586
446,0.750839238986373,0.953125,7.04528654649819,0.5116550109603188
447,0.7510290670725004,0.953125,6.98898570770984,0.5139860132913212
448,0.7364415600895882,0.953125,6.987638101155386,0.5186480179533258
449,0.7395833083464822,0.9521484375,6.9237382231336655,0.5209790202843282
450,0.7515735300257802,0.9521484375,6.9580101424997505,0.5116550117939502
451,0.739101829007268,0.9521484375,6.93026709223127,0.5139860142638911
452,0.7411182941868901,0.9521484375,6.952577700981727,0.5163170165948935
453,0.7346585150808096,0.9541015625,6.903936191872283,0.5116550110992574
454,0.7349473291178139,0.9541015625,6.9205611413453285,0.509324008768255
455,0.7343407397674815,0.9541015625,6.895856566640325,0.5128205122647586
456,0.734304528683424,0.9541015625,6.950361698101728,0.5116550110992574
457,0.7343045296147466,0.9541015625,6.977906371607925,0.5151515154293923
458,0.7343045296147466,0.9541015625,7.001394888182064,0.5163170165948935
459,0.7343045197012321,0.9541015625,7.051996265813743,0.5163170165948935
460,0.7343478658003733,0.9541015625,7.024133868150778,0.5151515154293923
461,0.7343045252891676,0.9541015625,7.02466810166419,0.5163170165948935
462,0.7343045327397482,0.9541015625,7.0364867771144235,0.5174825177603947
463,0.7343045296147466,0.9541015625,7.0595345324847525,0.5174825177603947
464,0.7343045305460691,0.9541015625,7.05938199572352,0.5198135200913969
465,0.7343045476409094,0.9541015625,7.0596630375979945,0.5209790212568981
466,0.734304522164166,0.9541015625,7.0603038594995065,0.5209790212568981
467,0.7343045293454917,0.9541015625,7.061071538424992,0.5209790212568981
468,0.7343045274828466,0.9541015625,7.061874429384868,0.5209790212568981
469,0.7343045212328434,0.9541015625,7.062892644833296,0.5209790212568981
470,0.7343045407906175,0.9541015625,7.064005922882151,0.5209790212568981
471,0.7343045305460691,0.9541015625,7.065175810893932,0.5244755247534016
472,0.7343045333400369,0.9541015625,7.066629913303402,0.5244755247534016
473,0.734304522164166,0.9541015625,7.069443457610124,0.5244755247534016
474,0.7343045128509402,0.9541015625,7.069574814576369,0.5244755247534016
475,0.7343045175075531,0.9541015625,7.069260086490836,0.5244755247534016
476,0.7343045333400369,0.9541015625,7.070319428032651,0.5244755247534016
477,0.734304530877103,0.9541015625,7.08180094904555,0.5244755247534016
478,0.7343045159759418,0.9541015625,7.0816948627814265,0.5233100235879005
479,0.7343045277521014,0.9541015625,7.081679014337091,0.5233100235879005
480,0.7343045271518127,0.9541015625,7.0817570011098905,0.5233100235879005
481,0.7343045314773917,0.9541015625,7.081886576605844,0.5233100235879005
482,0.734304530877103,0.9541015625,7.082081979249185,0.5233100235879005
483,0.7343045268207788,0.9541015625,7.082199354827543,0.5233100235879005
484,0.734304520032266,0.9541015625,7.082355007980809,0.5233100235879005
485,0.7343045184388757,0.9541015625,7.082428987487491,0.5233100235879005
486,0.7343045392590062,0.9541015625,7.082482206515777,0.5233100235879005
487,0.7343045166380096,0.9541015625,7.082533138337391,0.5233100235879005
488,0.7343045206325547,0.9541015625,7.082581865759718,0.5233100235879005
489,0.7343045230954885,0.9541015625,7.082606262816138,0.5233100235879005
490,0.7343045262204901,0.9541015625,7.08258858343938,0.5233100235879005
491,0.7343045218949111,0.9541015625,7.082602365311487,0.5233100235879005
492,0.734304528683424,0.9541015625,7.0826258670477875,0.5233100235879005
493,0.7343045246888789,0.9541015625,7.082716185174066,0.5233100235879005
494,0.7343045234265224,0.9541015625,7.082788259277255,0.5233100235879005
495,0.7343045342713594,0.9541015625,7.082848932081725,0.5233100235879005
496,0.7343045318084256,0.9541015625,7.082955737491866,0.5233100235879005
497,0.7343045346023933,0.9541015625,7.082945101188891,0.5233100235879005
498,0.7343045230954885,0.9541015625,7.082953249657904,0.5233100235879005
499,0.7343045327397482,0.9541015625,7.082861171179996,0.5233100235879005
500,0.7343045252891676,0.9541015625,7.082952362951977,0.5233100235879005
501,0.7343045258894563,0.9541015625,7.0829422854599144,0.5233100235879005
502,0.7343045212328434,0.9541015625,7.082937383151554,0.5233100235879005
503,0.7343045203015208,0.9541015625,7.0829566997803735,0.5233100235879005
504,0.734304517838587,0.9541015625,7.083032731965427,0.5233100235879005
505,0.7343045187699095,0.9541015625,7.083122705246185,0.5233100235879005
506,0.7343045193701982,0.9541015625,7.083245995995048,0.5233100235879005
507,0.7343045324087143,0.9541015625,7.083209604094356,0.5233100235879005
508,0.7343045240268111,0.9541015625,7.083207567532857,0.5233100235879005
509,0.734304524357845,0.9541015625,7.083139932794727,0.5233100235879005
510,0.7343045240268111,0.9541015625,7.0831268256082955,0.5233100235879005
511,0.7343045159759418,0.9541015625,7.083083979177586,0.5233100235879005
512,0.7343045433153303,0.9541015625,7.083087500714478,0.5233100235879005
513,0.7343045407906175,0.9541015625,7.083149848840176,0.5233100235879005
514,0.7343045361340046,0.9541015625,7.0831674826450834,0.5233100235879005
515,0.7343045271518127,0.9541015625,7.083128846886552,0.5233100235879005
516,0.7343045163069757,0.9541015625,7.083182533304174,0.5233100235879005
517,0.7343045218949111,0.9541015625,7.08315803593411,0.5233100235879005
518,0.7343045280831353,0.9541015625,7.083116886221168,0.5233100235879005
519,0.734304524357845,0.9541015625,7.083090587095781,0.5233100235879005
520,0.7343045327397482,0.9541015625,7.083095007009439,0.5233100235879005
521,0.7343045137822628,0.9541015625,7.0831929003442085,0.5233100235879005
522,0.7343045280831353,0.9541015625,7.083195556015958,0.5233100235879005
523,0.7343045333400369,0.9541015625,7.08333557746905,0.5233100235879005
524,0.7343045340021046,0.9541015625,7.083228053746524,0.5233100235879005
525,0.734304513513008,0.9541015625,7.083213062275262,0.5233100235879005
526,0.7343045224951998,0.9541015625,7.08309354593148,0.5233100235879005
527,0.734304535202682,0.9541015625,7.082999524258789,0.5233100235879005
528,0.7343045203015208,0.9541015625,7.082897553077111,0.5233100235879005
529,0.7343045150446192,0.9541015625,7.082982333667906,0.5233100235879005
530,0.7343045280831353,0.9541015625,7.083027495926633,0.5233100235879005
531,0.7343045268207788,0.9541015625,7.082999552046503,0.5233100235879005
532,0.7343045206325547,0.9541015625,7.08301982790718,0.5233100235879005
533,0.7343045159759418,0.9541015625,7.083033826801326,0.5233100235879005
534,0.7343045249581337,0.9541015625,7.083027920245013,0.5233100235879005
535,0.7343045296147466,0.9541015625,7.082962376254422,0.5233100235879005
536,0.7343045193701982,0.9541015625,7.082987767555219,0.5233100235879005
537,0.734304524357845,0.9541015625,7.082954338102629,0.5233100235879005
538,0.7343045333400369,0.9541015625,7.082849999407788,0.5233100235879005
539,0.7343045315391707,0.9541015625,7.0828526798106015,0.5233100235879005
540,0.7343045258894563,0.9541015625,7.082846606528009,0.5233100235879005
541,0.7343045333400369,0.9541015625,7.0828624266288776,0.5233100235879005
542,0.7343045184388757,0.9541015625,7.08291742768321,0.5233100235879005
543,0.7343045342713594,0.9541015625,7.082925274655535,0.5233100235879005
544,0.7343045175075531,0.9541015625,7.082952063678306,0.5233100235879005
545,0.7343045240268111,0.9541015625,7.082922834060687,0.5233100235879005
546,0.7343045271518127,0.9541015625,7.0829560309301165,0.5233100235879005
547,0.7343045271518127,0.9541015625,7.082906683563908,0.5233100235879005
548,0.7343045296147466,0.9541015625,7.0829729967184,0.5233100235879005
549,0.734304530877103,0.9541015625,7.082956671714783,0.5233100235879005
550,0.7343045277521014,0.9541015625,7.083011990382677,0.5233100235879005
551,0.734304524357845,0.9541015625,7.0829598281211235,0.5233100235879005
552,0.7343045439156191,0.9541015625,7.083006150516875,0.5233100235879005
553,0.7343045463785529,0.9541015625,7.083001071478659,0.5233100235879005
554,0.7343045305460691,0.9541015625,7.083045413721969,0.5233100235879005
555,0.734304511319329,0.9541015625,7.083076170830182,0.5233100235879005
556,0.7343045122506515,0.9541015625,7.083036774244064,0.5233100235879005
557,0.7343045193701982,0.9541015625,7.083065610109787,0.5233100235879005
558,0.7343045442466529,0.9541015625,7.083104747436542,0.5233100235879005
559,0.7343045401903288,0.9541015625,7.083006307795332,0.5233100235879005
560,0.7343045131819741,0.9541015625,7.082934392915739,0.5233100235879005
561,0.7343045268207788,0.9541015625,7.08299997080734,0.5233100235879005
562,0.7343045274828466,0.9541015625,7.083064376335322,0.5233100235879005
563,0.7343045147135854,0.9541015625,7.083116665586725,0.5233100235879005
564,0.7343045197012321,0.9541015625,7.083052560999677,0.5233100235879005
565,0.7343045342713594,0.9541015625,7.083153157523184,0.5233100235879005
566,0.734304524357845,0.9541015625,7.083243448139626,0.5233100235879005
567,0.7343045193701982,0.9541015625,7.083246571200711,0.5233100235879005
568,0.7343045240268111,0.9541015625,7.0832845039300985,0.5233100235879005
569,0.7343045215638773,0.9541015625,7.083235394426715,0.5233100235879005
570,0.7343045401903288,0.9541015625,7.083191023284183,0.5233100235879005
571,0.734304522164166,0.9541015625,7.08318686151838,0.5233100235879005
572,0.7343045361340046,0.9541015625,7.083215847159877,0.5233100235879005
573,0.7343045234265224,0.9541015625,7.083134362191865,0.5233100235879005
574,0.7343045370653272,0.9541015625,7.083116916509775,0.5233100235879005
575,0.7343045333400369,0.9541015625,7.083118629066538,0.5233100235879005
576,0.7343045209635886,0.9541015625,7.083195350664757,0.5233100235879005
577,0.7343045258894563,0.9541015625,7.083077623016073,0.5233100235879005
578,0.7343045141132967,0.9541015625,7.083100527872294,0.5233100235879005
579,0.7343045240268111,0.9541015625,7.083008079262046,0.5233100235879005
580,0.7343045181696208,0.9541015625,7.083024118607972,0.5233100235879005
581,0.7343045165762305,0.9541015625,7.082922278028546,0.5233100235879005
582,0.7343045379966497,0.9541015625,7.0830091043507855,0.5233100235879005
583,0.7343045206325547,0.9541015625,7.0831267022308495,0.5233100235879005
584,0.7343045230954885,0.9541015625,7.083084730835227,0.5233100235879005
585,0.7343045181696208,0.9541015625,7.083142300030013,0.5233100235879005
586,0.7343045193701982,0.9541015625,7.083115134761606,0.5233100235879005
587,0.734304522164166,0.9541015625,7.083189040908724,0.5233100235879005
588,0.7343045212328434,0.9541015625,7.0831454900594855,0.5233100235879005
589,0.7343045224951998,0.9541015625,7.083146417335475,0.5233100235879005
590,0.7343045296147466,0.9541015625,7.0830962891345255,0.5233100235879005
591,0.7343045116503628,0.9541015625,7.083099558358982,0.5233100235879005
592,0.7343045314773917,0.9541015625,7.083064000367562,0.5233100235879005
593,0.734304530877103,0.9541015625,7.083064951818862,0.5233100235879005
594,0.7343045280831353,0.9541015625,7.083095230978408,0.5233100235879005
595,0.7343045137822628,0.9541015625,7.083112228722562,0.5233100235879005
596,0.7343045355337159,0.9541015625,7.083141921005605,0.5233100235879005
597,0.7343045389279723,0.9541015625,7.0832195162495255,0.5233100235879005
598,0.7343045318084256,0.9541015625,7.083138101584428,0.5233100235879005
599,0.7343045327397482,0.9541015625,7.0831424550854525,0.5233100235879005
600,0.7343045370653272,0.9541015625,7.083204373335227,0.5233100235879005
601,0.7343045258894563,0.9541015625,7.083187222202897,0.5233100235879005
602,0.7343045355337159,0.9541015625,7.083220261515993,0.5233100235879005
603,0.7343045280831353,0.9541015625,7.08319076291331,0.5233100235879005
604,0.73430454172194,0.9541015625,7.083193872080538,0.5233100235879005
605,0.7343045361340046,0.9541015625,7.0832358823789585,0.5233100235879005
606,0.7343045277521014,0.9541015625,7.083247036922784,0.5233100235879005
607,0.7343045370653272,0.9541015625,7.083254059433659,0.5233100235879005
608,0.7343045203015208,0.9541015625,7.08320409795899,0.5233100235879005
609,0.7343045240268111,0.9541015625,7.083112971488134,0.5233100235879005
610,0.7343045429842965,0.9541015625,7.083156322543716,0.5233100235879005
611,0.7343045147135854,0.9541015625,7.083241294591855,0.5233100235879005
612,0.734304530877103,0.9541015625,7.083140893138094,0.5233100235879005
613,0.734304515644908,0.9541015625,7.083181419016876,0.5233100235879005
614,0.7343045361340046,0.9541015625,7.0831423683877865,0.5233100235879005
615,0.7343045256202014,0.9541015625,7.082999696542611,0.5233100235879005
616,0.7343045268207788,0.9541015625,7.083074562477343,0.5233100235879005
617,0.7343045262204901,0.9541015625,7.083096056829244,0.5233100235879005
618,0.734304535202682,0.9541015625,7.083150830580082,0.5233100235879005
619,0.7343045240268111,0.9541015625,7.083136773331738,0.5233100235879005
620,0.734304528683424,0.9541015625,7.083025855340046,0.5233100235879005
621,0.7343045258894563,0.9541015625,7.083077531594497,0.5233100235879005
622,0.7343045184388757,0.9541015625,7.0829684473139976,0.5233100235879005
623,0.734304530877103,0.9541015625,7.082943404471124,0.5233100235879005
624,0.7343045290144579,0.9541015625,7.082980508848782,0.5233100235879005
625,0.7343045249581337,0.9541015625,7.082968586530441,0.5233100235879005
626,0.734304530877103,0.9541015625,7.083048002147453,0.5233100235879005
627,0.7343045305460691,0.9541015625,7.082933735458445,0.5233100235879005
628,0.7343045240268111,0.9541015625,7.082980399920946,0.5233100235879005
629,0.7343045234265224,0.9541015625,7.083057928196478,0.5233100235879005
630,0.734304528683424,0.9541015625,7.082937732443109,0.5233100235879005
631,0.7343045321394595,0.9541015625,7.082926638754375,0.5233100235879005
632,0.734304533070782,0.9541015625,7.0830270210346145,0.5233100235879005
633,0.7343045296147466,0.9541015625,7.083018398507214,0.5233100235879005
634,0.7343045147135854,0.9541015625,7.0831459555036815,0.5233100235879005
635,0.7343045197012321,0.9541015625,7.083072174123395,0.5233100235879005
636,0.7343045370653272,0.9541015625,7.082997178697919,0.5233100235879005
637,0.7343045197012321,0.9541015625,7.0830212306309415,0.5233100235879005
638,0.7343045175075531,0.9541015625,7.08288231346157,0.5233100235879005
639,0.7343045193701982,0.9541015625,7.082926835769262,0.5233100235879005
640,0.7343045327397482,0.9541015625,7.082962310119664,0.5233100235879005
641,0.7343045321394595,0.9541015625,7.082869342990689,0.5233100235879005
642,0.7343045262204901,0.9541015625,7.082890594755853,0.5233100235879005
643,0.7810262612583534,0.951171875,6.883115972394432,0.5256410259189028
644,0.8342936392873526,0.9453125,6.588672591533972,0.5268065270844039
645,0.7893248622822062,0.94921875,6.596595030008774,0.5279720282499051
646,0.7503593787550926,0.9482421875,6.663166577999409,0.5314685317464086
647,0.8531709183007479,0.9423828125,6.711747089743892,0.5396270397659781
648,0.7660225452855229,0.9443359375,6.925034522593438,0.5256410257799642
649,0.7303146872909565,0.951171875,6.713044620338298,0.5233100235879005
650,0.7853497136384249,0.9501953125,7.006716686945695,0.5104895097948177
651,0.7325211837887764,0.947265625,7.114046537792766,0.5116550109603188
652,0.713954810384144,0.9501953125,6.891919862696063,0.5233100235879005
653,0.6683893274566577,0.9521484375,6.741346183634582,0.537296036740283
654,0.6979968529194593,0.9521484375,6.694544045241563,0.5291375295543448
655,0.7050467478111386,0.9541015625,6.711039912728441,0.5314685309127772
656,0.7191913242968218,0.955078125,6.694334291911625,0.5314685317464086
657,0.704924571658899,0.955078125,6.597801842055954,0.5291375285817749
658,0.7028983943164349,0.9560546875,6.578560425685002,0.5326340330508483
659,0.6894997547533199,0.9560546875,6.710257684712087,0.5291375285817749
660,0.6757931936117307,0.9560546875,6.7496706439064935,0.5291375285817749
661,0.6731120785698295,0.95703125,6.807084387276834,0.5198135200913969
662,0.6717243145321401,0.9580078125,6.917095237400704,0.5233100235879005
663,0.671686410303642,0.9580078125,6.897270461618206,0.5244755247534016
664,0.6716864099726081,0.9580078125,6.880874290055051,0.5233100235879005
665,0.6718732000844971,0.9580078125,6.850501227212119,0.5221445224223993
666,0.6718489965423942,0.9580078125,6.765097574754194,0.5209790212568981
667,0.6716863978654146,0.9580078125,6.8817073651404925,0.5186480180922644
668,0.6717082749637262,0.9580078125,6.902217233931268,0.5174825169267632
669,0.6716864000590936,0.9580078125,6.900238314430752,0.5151515145957609
670,0.6716864009904162,0.9580078125,6.898984991865002,0.5163170157612621
671,0.6716864056470291,0.9580078125,6.89782933116237,0.5151515145957609
672,0.6717881902222427,0.9580078125,6.943986726807547,0.5163170157612621
673,0.6716864490881562,0.9580078125,6.962675621737411,0.5163170157612621
674,0.6717092068865895,0.9580078125,6.839946720705721,0.5174825169267632
675,0.6729298606514931,0.95703125,6.83489748703572,0.5151515145957609
676,0.6716864019217388,0.9580078125,6.873249246801808,0.5174825169267632
677,0.6716864043846726,0.9580078125,6.875204888534991,0.5186480180922644
678,0.6716864109039307,0.9580078125,6.87770835308484,0.5186480180922644
679,0.6716864006593823,0.9580078125,6.889831806396271,0.5174825169267632
680,0.6716864093723194,0.9580078125,6.891066221924095,0.5174825169267632
681,0.6716864130976097,0.9580078125,6.892295467270004,0.5174825169267632
682,0.6716864019217388,0.9580078125,6.8936296212367525,0.5174825169267632
683,0.6716863950714469,0.9580078125,6.894961432143525,0.5174825169267632
684,0.6716864041154178,0.9580078125,6.897225296302831,0.5174825169267632
685,0.6716863981964485,0.9580078125,6.909487137427697,0.5163170157612621
686,0.6716863857582211,0.9580078125,6.9100515617357265,0.5163170157612621
687,0.671686410303642,0.9580078125,6.910551493262355,0.5163170157612621
688,0.671686396934092,0.9580078125,6.911001199886793,0.5163170157612621
689,0.6716864053159952,0.9580078125,6.911407247567788,0.5151515145957609
690,0.6716863987967372,0.9580078125,6.911699771047472,0.5151515145957609
691,0.6716863985274824,0.9580078125,6.912041502954799,0.5151515145957609
692,0.6716864019217388,0.9580078125,6.912303255710291,0.5151515145957609
693,0.6716863981964485,0.9580078125,6.912507836635296,0.5151515145957609
694,0.6716864118352532,0.9580078125,6.9127011246336645,0.5151515145957609
695,0.6716864186855451,0.9580078125,6.912804013921386,0.5151515145957609
696,0.6716863916771905,0.9580078125,6.912904421766322,0.5151515145957609
697,0.6716864019217388,0.9580078125,6.9130579213718155,0.5139860134302597
698,0.6716864028530614,0.9580078125,6.913102255278812,0.5139860134302597
699,0.6716864047157065,0.9580078125,6.913254174597058,0.5139860134302597
700,0.6716864168229,0.9580078125,6.913294548199171,0.5139860134302597
701,0.6716864019217388,0.9580078125,6.913386822302581,0.5139860134302597
702,0.6716863910769018,0.9580078125,6.913471231093774,0.5139860134302597
703,0.6716863960027695,0.9580078125,6.9134643797552116,0.5139860134302597
704,0.6716864028530614,0.9580078125,6.913540409161494,0.5139860134302597
705,0.6716864093723194,0.9580078125,6.9135803025919245,0.5139860134302597
706,0.671686410303642,0.9580078125,6.913669025147711,0.5139860134302597
707,0.6716864047157065,0.9580078125,6.913584081998794,0.5139860134302597
708,0.6716864093723194,0.9580078125,6.913573903359455,0.5139860134302597
709,0.6716864025220275,0.9580078125,6.913637324368759,0.5139860134302597
710,0.6716864000590936,0.9580078125,6.913674033049381,0.5139860134302597
711,0.6716864047157065,0.9580078125,6.913682357692497,0.5139860134302597
712,0.6716864100343871,0.9580078125,6.913753465616898,0.5139860134302597
713,0.6716864015907049,0.9580078125,6.913782690788483,0.5139860134302597
714,0.6716863944711582,0.9580078125,6.913744525198059,0.5139860134302597
715,0.6716863876208663,0.9580078125,6.913742047089797,0.5139860134302597
716,0.6716864047157065,0.9580078125,6.913692484646688,0.5139860134302597
717,0.6716864078407081,0.9580078125,6.913687107168434,0.5139860134302597
718,0.6716864164918661,0.9580078125,6.913761833608845,0.5139860134302597
719,0.6716863957335146,0.9580078125,6.913774169408358,0.5139860134302597
720,0.6716863935398356,0.9580078125,6.9137470588817465,0.5139860134302597
721,0.6716863894835114,0.9580078125,6.913711824895063,0.5139860134302597
722,0.6716863991277711,0.9580078125,6.913675802015202,0.5139860134302597
723,0.6716864115659984,0.9580078125,6.91370538148013,0.5139860134302597
724,0.6716864037843839,0.9580078125,6.91371344603025,0.5139860134302597
725,0.671686390414834,0.9580078125,6.913732725145656,0.5139860134302597
726,0.6716864084409968,0.9580078125,6.913702758597883,0.5139860134302597
727,0.6716864071786404,0.9580078125,6.913667034435939,0.5139860134302597
728,0.6716864028530614,0.9580078125,6.913642136922805,0.5139860134302597
729,0.6716863870205776,0.9580078125,6.913624297766696,0.5139860134302597
730,0.671686410303642,0.9580078125,6.91368149988579,0.5139860134302597
731,0.6716864283298047,0.9580078125,6.913682994031128,0.5139860134302597
732,0.6716863991277711,0.9580078125,6.913700794562315,0.5139860134302597
733,0.6716864009904162,0.9580078125,6.913740048875342,0.5139860134302597
734,0.6716863876208663,0.9580078125,6.913697337215042,0.5139860134302597
735,0.6716864149602548,0.9580078125,6.913645910772132,0.5139860134302597
736,0.6716864062473178,0.9580078125,6.913652792399302,0.5139860134302597
737,0.6716864009904162,0.9580078125,6.913658506108886,0.5139860134302597
738,0.6716863987967372,0.9580078125,6.9137005491968075,0.5139860134302597
739,0.6716864015907049,0.9580078125,6.913708433404669,0.5139860134302597
740,0.6716863916771905,0.9580078125,6.91370871822873,0.5139860134302597
741,0.6716864056470291,0.9580078125,6.913722170816435,0.5139860134302597
742,0.6716864006593823,0.9580078125,6.913759095129711,0.5139860134302597
743,0.6716864056470291,0.9580078125,6.913743680173701,0.5139860134302597
744,0.6716864013214501,0.9580078125,6.913667252013734,0.5139860134302597
745,0.6716864000590936,0.9580078125,6.913651140419753,0.5139860134302597
746,0.6716863929395469,0.9580078125,6.913632220877356,0.5139860134302597
747,0.6716864050467404,0.9580078125,6.913611985864617,0.5139860134302597
748,0.671686392608513,0.9580078125,6.913643761948272,0.5139860134302597
749,0.6716864056470291,0.9580078125,6.913663329778018,0.5139860134302597
750,0.6716864109039307,0.9580078125,6.913683237173618,0.5139860134302597
751,0.671686410303642,0.9580078125,6.913692015034336,0.5139860134302597
752,0.6716863997280598,0.9580078125,6.913686817898339,0.5139860134302597
753,0.6716864093723194,0.9580078125,6.913740207543184,0.5139860134302597
754,0.6716864205481903,0.9580078125,6.913774907727897,0.5139860134302597
755,0.6716864069093855,0.9580078125,6.913820594618648,0.5139860134302597
756,0.6716863966648372,0.9580078125,6.9137595063878665,0.5139860134302597
757,0.6716864006593823,0.9580078125,6.913723890598003,0.5139860134302597
758,0.6716863898145453,0.9580078125,6.913620547259049,0.5139860134302597
759,0.6716864009904162,0.9580078125,6.913601205621288,0.5139860134302597
760,0.6716864009904162,0.9580078125,6.913563501029025,0.5139860134302597
761,0.6716864037843839,0.9580078125,6.913606105706631,0.5139860134302597
762,0.6716864065783517,0.9580078125,6.913608016945544,0.5139860134302597
763,0.6716864009904162,0.9580078125,6.913563966751099,0.5139860134302597
764,0.6716864047157065,0.9580078125,6.913570311241772,0.5151515145957609
765,0.6716863950714469,0.9580078125,6.9135698494099795,0.5139860134302597
766,0.6716863975961598,0.9580078125,6.913602393823904,0.5139860134302597
767,0.6716864130976097,0.9580078125,6.913594779434738,0.5139860134302597
768,0.6716863898145453,0.9580078125,6.913652087147141,0.5139860134302597
769,0.6716863960027695,0.9580078125,6.913676246618613,0.5139860134302597
770,0.6716864013214501,0.9580078125,6.913690962713638,0.5139860134302597
771,0.6716864025220275,0.9580078125,6.91372127994235,0.5139860134302597
772,0.6716863972651259,0.9580078125,6.913714008453565,0.5139860134302597
773,0.6716864053159952,0.9580078125,6.913666556209395,0.5139860134302597
774,0.6716863957335146,0.9580078125,6.913628278078733,0.5139860134302597
775,0.6716864062473178,0.9580078125,6.9136133399598805,0.5139860134302597
776,0.6716864009904162,0.9580078125,6.913717459687542,0.5139860134302597
777,0.6716864099726081,0.9580078125,6.9136904680923426,0.5139860134302597
778,0.6716864136978984,0.9580078125,6.9136766934450415,0.5139860134302597
779,0.6716863932088017,0.9580078125,6.913635226952168,0.5139860134302597
780,0.6716863987967372,0.9580078125,6.913628817160369,0.5139860134302597
781,0.6716864177542226,0.9580078125,6.913587443478457,0.5139860134302597
782,0.6716864006593823,0.9580078125,6.913561493366748,0.5139860134302597
783,0.6716864140289323,0.9580078125,6.913620535032455,0.5139860134302597
784,0.6716864034533501,0.9580078125,6.913591853110662,0.5139860134302597
785,0.6716864097033532,0.9580078125,6.913565566489747,0.5139860134302597
786,0.6716864043846726,0.9580078125,6.9135886439076675,0.5139860134302597
787,0.6716863960027695,0.9580078125,6.913541418689114,0.5139860134302597
788,0.6716863954024808,0.9580078125,6.9135295191566986,0.5139860134302597
789,0.6716864028530614,0.9580078125,6.913568966038577,0.5139860134302597
790,0.6716864099726081,0.9580078125,6.913574491903221,0.5139860134302597
791,0.6716864043846726,0.9580078125,6.913648520316277,0.5139860134302597
792,0.6716864075096742,0.9580078125,6.91364390644438,0.5139860134302597
793,0.671686392608513,0.9580078125,6.9136827306036075,0.5139860134302597
794,0.6716863913461566,0.9580078125,6.913727650553474,0.5139860134302597
795,0.6716863994588049,0.9580078125,6.913714667855999,0.5139860134302597
796,0.671686405978063,0.9580078125,6.913684727150799,0.5139860134302597
797,0.6716863987967372,0.9580078125,6.913651599472775,0.5139860134302597
798,0.6716864028530614,0.9580078125,6.913654282932237,0.5139860134302597
799,0.6716863950714469,0.9580078125,6.913695387906961,0.5139860134302597
800,0.6716864118352532,0.9580078125,6.913654828960801,0.5139860134302597
801,0.6716864093723194,0.9580078125,6.913655232716273,0.5139860134302597
802,0.6716864019217388,0.9580078125,6.913683203272608,0.5139860134302597
803,0.6716864025220275,0.9580078125,6.913687733781366,0.5139860134302597
804,0.6716863960027695,0.9580078125,6.913717218212314,0.5139860134302597
805,0.6716864037843839,0.9580078125,6.913699255400882,0.5139860134302597
806,0.6716863954024808,0.9580078125,6.913748334615659,0.5139860134302597
807,0.6716864047157065,0.9580078125,6.913659734325809,0.5139860134302597
808,0.6716864037843839,0.9580078125,6.913677454272628,0.5139860134302597
809,0.6716863997280598,0.9580078125,6.913598911745565,0.5139860134302597
810,0.6716864010521952,0.9580078125,6.9135681463010386,0.5139860134302597
811,0.671686396934092,0.9580078125,6.913587599923283,0.5139860134302597
812,0.6716864071786404,0.9580078125,6.913609576392007,0.5139860134302597
813,0.6716864081099629,0.9580078125,6.913606140997026,0.5139860134302597
814,0.6716864000590936,0.9580078125,6.9136677219039635,0.5139860134302597
815,0.6716863932088017,0.9580078125,6.913658391901385,0.5139860134302597
816,0.6716864093723194,0.9580078125,6.913614688775478,0.5139860134302597
817,0.6716864127665758,0.9580078125,6.913613492792303,0.5139860134302597
818,0.6716864056470291,0.9580078125,6.913598035876846,0.5139860134302597
819,0.671686394802192,0.9580078125,6.913655167693025,0.5139860134302597
820,0.6716864009904162,0.9580078125,6.913686180726076,0.5139860134302597
821,0.6716864115659984,0.9580078125,6.913594167271416,0.5139860134302597
822,0.6716864022527727,0.9580078125,6.913602965139287,0.5139860134302597
823,0.6716864037843839,0.9580078125,6.913605193991761,0.5139860134302597
824,0.6716864003901275,0.9580078125,6.913626488272127,0.5139860134302597
825,0.6716864037843839,0.9580078125,6.913592131821425,0.5139860134302597
826,0.6716864075096742,0.9580078125,6.913589763752508,0.5139860134302597
827,0.6716863963338033,0.9580078125,6.913614243060559,0.5139860134302597
828,0.6717894350694911,0.9580078125,6.93669988808932,0.5151515145957609
829,0.6720906167392524,0.9580078125,7.002090076466541,0.5139860144028296
830,0.676053199917078,0.9560546875,6.82083566969647,0.5268065262507725
831,0.6768695116043091,0.9541015625,7.002762027484276,0.5209790213958366
832,0.6357221947982907,0.95703125,7.109675208093557,0.5163170154833849
833,0.6665566837000148,0.9541015625,6.968490421259667,0.5198135193967042
834,0.6891427987538696,0.955078125,6.884298448101346,0.5209790212568981
835,0.6479386416830959,0.9560546875,7.294951612906995,0.5151515154293923
836,0.6475245598703623,0.95703125,7.314338413012889,0.5151515144568223
837,0.6764602633193135,0.9560546875,7.1073556671696245,0.5163170157612621
838,0.6744269588962197,0.95703125,7.183417021290405,0.5128205130983899
839,0.6882250132039189,0.95703125,7.1996558148474685,0.5116550109603188
840,0.6878338732858094,0.95703125,7.141813007615385,0.5081585084363853
841,0.6751324370088474,0.95703125,7.080554395080446,0.5128205130983899
842,0.6887066001072526,0.95703125,7.038420985906552,0.5186480180922644
843,0.6877699214965105,0.95703125,7.051896371416278,0.5163170157612621
844,0.6757237110286951,0.9560546875,7.039947601499813,0.5139860134302597
845,0.6879415049734012,0.95703125,7.105130209442063,0.5128205132373285
846,0.6879415102303028,0.95703125,7.1537313365088755,0.5128205132373285
847,0.6879682105518441,0.95703125,7.078093444759196,0.5174825178993332
848,0.6879669558874655,0.95703125,6.989956585086865,0.5198135202303356
849,0.6886087047968896,0.95703125,7.024150326656989,0.5116550120718274
850,0.6879761877571138,0.95703125,7.023119155795146,0.509324009740825
851,0.6879415012481109,0.95703125,7.033975350690055,0.5104895109063262
852,0.6879415202055963,0.95703125,7.035720001081208,0.5116550120718274
853,0.6880441475659609,0.95703125,7.1016273987946255,0.5128205122647586
854,0.688097576610744,0.95703125,7.108769202774221,0.5139860142638911
855,0.6881046118214726,0.95703125,7.059602051000773,0.5116550119328888
856,0.6759133640261785,0.95703125,6.988934496204892,0.5116550110992574
857,0.6884432677179575,0.95703125,6.976366805933017,0.5139860142638911
858,0.6881130940382274,0.95703125,6.990242276991998,0.5151515154293923
859,0.691575420089066,0.9560546875,7.01227615318654,0.5163170165948935
860,0.6881130974324838,0.95703125,6.998157080375787,0.5174825177603947
861,0.6881130968321951,0.95703125,6.978261118238067,0.5186480189258957
862,0.6881130968321951,0.95703125,6.968945270512766,0.5198135200913969
863,0.6881130890505807,0.95703125,6.987428837861771,0.5186480189258957
864,0.6881194825800554,0.95703125,7.05071276752821,0.5163170165948935
865,0.6881131147965789,0.95703125,7.101087162197331,0.5081585076027539
866,0.688358592800796,0.95703125,7.134155608209975,0.5081585076027539
867,0.6881130887813258,0.95703125,7.081288878734295,0.5116550119328888
868,0.68811309710145,0.95703125,7.067578796462302,0.5116550119328888
869,0.6881130974324838,0.95703125,7.069247286150228,0.5104895107673876
870,0.6881130989640951,0.95703125,7.071925448232042,0.5104895107673876
871,0.6881130931069048,0.95703125,7.072228193144142,0.5093240096018865
872,0.6881131002264516,0.95703125,7.062161059437932,0.5093240096018865
873,0.68811309496955,0.95703125,7.063641081739973,0.5093240096018865
874,0.6881131129339337,0.95703125,7.0749219839389506,0.5093240096018865
875,0.6881131082773209,0.95703125,7.075277326823948,0.5093240096018865
876,0.688113092775871,0.95703125,7.075718218282664,0.5093240096018865
877,0.6881131002264516,0.95703125,7.076248376102714,0.5093240096018865
878,0.6881130933761597,0.95703125,7.076987727330281,0.5093240096018865
879,0.6881130915135145,0.95703125,7.0673273413470294,0.5093240096018865
880,0.6881351778283715,0.95703125,7.2510357942336645,0.51282051212582
881,0.6884376810448662,0.95703125,7.073906520585636,0.5151515144568223
882,0.6881131151276128,0.95703125,7.066913698103044,0.51282051212582
883,0.6881130924448371,0.95703125,7.066007673323571,0.51282051212582
884,0.688113092775871,0.95703125,7.067171336748661,0.51282051212582
885,0.68811309496955,0.95703125,7.0796106032558255,0.5139860132913212
886,0.6881130924448371,0.95703125,7.08020695481267,0.51282051212582
887,0.6881130965011613,0.95703125,7.070237523748046,0.51282051212582
888,0.6881131030204193,0.95703125,7.060284328766358,0.5139860132913212
889,0.6881130980327725,0.95703125,7.059786585938959,0.51282051212582
890,0.6881131008267403,0.95703125,7.071512440562526,0.51282051212582
891,0.6881131002264516,0.95703125,7.0711483342664225,0.51282051212582
892,0.6881130952388048,0.95703125,7.070887456129203,0.51282051212582
893,0.6881131108020337,0.95703125,7.070703960104145,0.51282051212582
894,0.6881130965011613,0.95703125,7.070681462060044,0.51282051212582
895,0.688113105814387,0.95703125,7.070602384202686,0.51282051212582
896,0.6881130931069048,0.95703125,7.070743629565606,0.51282051212582
897,0.6881130943074822,0.95703125,7.070676691048629,0.51282051212582
898,0.6883797888330507,0.95703125,7.057851798884519,0.51282051212582
899,0.6889117658138275,0.9560546875,7.094333616725771,0.5139860132913212
900,0.6881130952388048,0.95703125,7.076912638329682,0.5128205130983899
901,0.6881130871879355,0.95703125,7.0767044324974915,0.5128205130983899
902,0.6881130909132258,0.95703125,7.0646881058221656,0.5128205130983899
903,0.6881130965011613,0.95703125,7.063738049049199,0.5128205130983899
904,0.6881130937071935,0.95703125,7.063734897783586,0.5128205130983899
905,0.6881131030204193,0.95703125,7.064059290713642,0.5128205130983899
906,0.6881130998954177,0.95703125,7.064755254970009,0.5128205130983899
907,0.6881775502115488,0.95703125,7.099705424133714,0.51282051212582
908,0.6881131008267403,0.95703125,7.150225082338551,0.5139860141249526
909,0.688985169865191,0.9560546875,7.027180575963222,0.5139860142638911
910,0.6914817483265789,0.955078125,7.015627143848123,0.5139860142638911
911,0.6891484301122324,0.9560546875,7.094003110127589,0.5116550119328888
912,0.6754764886572957,0.95703125,7.139618882236434,0.5163170157612621
913,0.6632651513027445,0.95703125,7.356089704867565,0.5069930072708841
914,0.6722768446015612,0.9580078125,7.438197544074698,0.510489510628449
915,0.6725975889712572,0.9580078125,7.300443459163248,0.510489510628449
916,0.6725580999627709,0.9580078125,7.256803288873412,0.5116550117939502
917,0.6720685648833307,0.9580078125,7.165779690989804,0.5151515152904537
918,0.6720885215327144,0.9580078125,7.154919937878222,0.51282051212582
919,0.672029595552841,0.9580078125,7.20513740581914,0.5093240086293165
920,0.675012832838525,0.9560546875,7.057648748906203,0.5174825169267632
921,0.6720295970844523,0.9580078125,7.0294789690480926,0.5221445215887679
922,0.6720295896338717,0.9580078125,7.032964302443992,0.5221445215887679
923,0.6720295840459363,0.9580078125,7.03153983332512,0.5233100227542691
924,0.6720295893028378,0.9580078125,7.021401193965495,0.5233100227542691
925,0.6720295986160636,0.9580078125,7.027254958756459,0.5233100227542691
926,0.6720295771956444,0.9580078125,7.026510897442039,0.5233100227542691
927,0.6720295778577121,0.9580078125,7.026180944902635,0.5221445215887679
928,0.6720295855775476,0.9580078125,7.026105278230213,0.5221445215887679
929,0.6720295877712266,0.9580078125,7.025990971631104,0.5209790213958366
930,0.6720628555449144,0.9580078125,7.048751617575581,0.5209790204232667
931,0.672068071551621,0.9580078125,7.010654901233578,0.5244755239197703
932,0.6720295887025491,0.9580078125,7.036211715483363,0.5221445225613378
933,0.6721240993174211,0.9580078125,7.018169213755009,0.5221445224223993
934,0.6587625981409939,0.9580078125,7.037924213339259,0.5186480189258957
935,0.672694438137114,0.9580078125,6.996002085127006,0.5128205130983899
936,0.6567180954952629,0.958984375,7.061104814098584,0.5139860142638911
937,0.658681601849799,0.95703125,7.068919280565577,0.509324008768255
938,0.6571169327944517,0.958984375,6.981781954905245,0.5174825169267632
939,0.6722011743113399,0.9580078125,6.943009240461549,0.5186480180922644
940,0.6722011671917931,0.9580078125,6.940586762854423,0.5163170157612621
941,0.6724347944472822,0.9580078125,6.957934718613734,0.5198135192577655
942,0.6722011724486947,0.9580078125,6.985677956831358,0.5186480189258957
943,0.6722011712481173,0.9580078125,6.978854347072435,0.5174825177603947
944,0.6722011703167947,0.9580078125,6.960820866101702,0.5186480189258957
945,0.6722011727797286,0.9580078125,6.9478499471776,0.5186480189258957
946,0.6722011842866333,0.9580078125,6.9458397907098,0.5209790212568981
947,0.6722011830242769,0.9580078125,6.957200747226377,0.5198135200913969
948,0.6722011684541496,0.9580078125,6.956681497295685,0.5198135200913969
949,0.6722011854872108,0.9580078125,6.943031437532343,0.5186480189258957
950,0.6722011833553108,0.9580078125,6.9411747880930745,0.5198135200913969
951,0.6722011634665028,0.9580078125,6.914853891042997,0.5198135200913969
952,0.6722011845558882,0.9580078125,6.911697329558207,0.5186480189258957
953,0.6722011830242769,0.9580078125,6.909998200186865,0.5186480189258957
954,0.6722011746423737,0.9580078125,6.908890937201002,0.5186480189258957
955,0.672201178367664,0.9580078125,6.908118457730972,0.5186480180922644
956,0.672201178367664,0.9580078125,6.9074739986869975,0.5186480180922644
957,0.6722011858182446,0.9580078125,6.906965784294344,0.5186480180922644
958,0.672201176173985,0.9580078125,6.9064440259966124,0.5186480180922644
959,0.6722011864803124,0.9580078125,6.906071430128632,0.5198135192577655
960,0.672201178367664,0.9580078125,6.9058194562688575,0.5198135192577655
961,0.6722011780366302,0.9580078125,6.9056022271757085,0.5198135192577655
962,0.6722011811616317,0.9580078125,6.905441708984353,0.5198135192577655
963,0.6722011780366302,0.9580078125,6.905257714274046,0.5198135192577655
964,0.6722011737110511,0.9580078125,6.905228892423751,0.5198135192577655
965,0.6722011839555995,0.9580078125,6.905133321099765,0.5198135192577655
966,0.672201182693243,0.9580078125,6.905084791734363,0.5198135192577655
967,0.6722011746423737,0.9580078125,6.905056326574101,0.5198135192577655
968,0.6722011876808898,0.9580078125,6.905021852459802,0.5198135192577655
969,0.6722011798992753,0.9580078125,6.904961733638129,0.5198135192577655
970,0.6722011765050189,0.9580078125,6.905020478617895,0.5198135192577655
971,0.6722011765050189,0.9580078125,6.904965338590261,0.5198135192577655
972,0.6722011817619205,0.9580078125,6.905110293630258,0.5198135192577655
973,0.6722011765050189,0.9580078125,6.9050567869991415,0.5198135192577655
974,0.6722011771053076,0.9580078125,6.905071431367131,0.5198135192577655
975,0.6722011752426624,0.9580078125,6.9051172465502795,0.5198135192577655
976,0.672201189212501,0.9580078125,6.905166188285345,0.5198135192577655
977,0.6722011929377913,0.9580078125,6.905121490845591,0.5198135192577655
978,0.6722011802303092,0.9580078125,6.905160653945449,0.5198135192577655
979,0.6722011755736963,0.9580078125,6.905082993643545,0.5198135192577655
980,0.6722011846176672,0.9580078125,6.90507462738833,0.5198135192577655
981,0.6722011798992753,0.9580078125,6.905036710966856,0.5198135192577655
982,0.6722011789679527,0.9580078125,6.905016812393854,0.5198135192577655
983,0.6722011746423737,0.9580078125,6.904956372710931,0.5198135192577655
984,0.6722011771053076,0.9580078125,6.90491935534355,0.5198135192577655
985,0.6722011966630816,0.9580078125,6.9049813393112665,0.5186480180922644
986,0.672201171848406,0.9580078125,6.905012641927024,0.5198135192577655
987,0.6722011765050189,0.9580078125,6.905050939074902,0.5198135192577655
988,0.6722011789679527,0.9580078125,6.904964539380896,0.5186480180922644
989,0.6722011814926656,0.9580078125,6.905043155614869,0.5186480180922644
990,0.6722011771053076,0.9580078125,6.905017654535237,0.5186480180922644
991,0.6722011814926656,0.9580078125,6.904998657899303,0.5186480180922644
992,0.6722493206252249,0.9580078125,6.877548575401306,0.5268065270844039
993,0.6722011771053076,0.9580078125,6.905863448456451,0.5279720282499051
994,0.6601187214255333,0.9580078125,6.971843513714406,0.5198135202303356
995,0.6564608439803123,0.958984375,6.983493167203623,0.5174825178993332
996,0.6565120071172714,0.958984375,7.033624073842189,0.5198135202303356
997,0.656460853624572,0.958984375,7.0607671486886785,0.516317016733832
998,0.6564608465050252,0.958984375,7.0441710848908325,0.5151515155683308
999,0.6564608449116349,0.958984375,7.028130688520022,0.5186480180922644
