epoch,loss,single_accuracy,val_loss,val_single_accuracy
0,5.394324451684952,0.626953125,6.795670971725926,0.5303030300251532
1,5.345435619354248,0.6279296875,6.7895813321733804,0.5314685311906543
2,5.29629784822464,0.6328125,6.78072085747352,0.5326340323561555
3,5.247881144285202,0.6357421875,6.773252860649483,0.5326340331897869
4,5.204398959875107,0.63671875,6.765658828762028,0.5326340331897869
5,5.158982127904892,0.6376953125,6.763102325804028,0.5303030308587846
6,5.121621206402779,0.640625,6.757698978299583,0.5279720276941509
7,5.078241586685181,0.6435546875,6.755600060060585,0.5268065265286497
8,5.04396291077137,0.64453125,6.754105492349549,0.5279720276941509
9,5.009668126702309,0.646484375,6.751542619336179,0.5268065265286497
10,4.973273605108261,0.64453125,6.748932560562809,0.5256410253631485
11,4.945001870393753,0.6474609375,6.749147647466415,0.5256410253631485
12,4.919310688972473,0.650390625,6.750130465536406,0.5244755251702173
13,4.893794849514961,0.6474609375,6.753427222058489,0.5256410263357185
14,4.870398998260498,0.6494140625,6.748443776910955,0.5268065275012196
15,4.849351674318314,0.6513671875,6.751450525297152,0.5268065275012196
16,4.82314695417881,0.6513671875,6.7431321888814715,0.5244755251702173
17,4.797897070646286,0.65234375,6.742405725803686,0.5256410263357185
18,4.77738031744957,0.654296875,6.7388818213989685,0.5244755251702173
19,4.7531775534152985,0.6572265625,6.739485061529911,0.5268065265286497
20,4.734178319573402,0.658203125,6.735036683249307,0.5279720276941509
21,4.7148080468177795,0.6611328125,6.734391454772238,0.5279720276941509
22,4.6981560587883,0.662109375,6.73059837523596,0.5256410253631485
23,4.677861779928207,0.6640625,6.731961206956343,0.5244755241976473
24,4.6619462966918945,0.6669921875,6.730121222409335,0.5233100230321461
25,4.646669611334801,0.6689453125,6.734061204470121,0.5221445218666451
26,4.6331383883953094,0.669921875,6.728458326735419,0.5221445218666451
27,4.618746668100357,0.669921875,6.7314849188833525,0.5221445218666451
28,4.607917830348015,0.671875,6.733272370202836,0.5221445218666451
29,4.5971168130636215,0.6728515625,6.73327909927546,0.5221445218666451
30,4.586553379893303,0.67578125,6.73783201826758,0.5233100230321461
31,4.575527250766754,0.6767578125,6.740553991500036,0.5209790207011439
32,4.565270319581032,0.67578125,6.741367487918525,0.5209790207011439
33,4.55548956990242,0.6767578125,6.746265484736516,0.5209790207011439
34,4.544937640428543,0.6767578125,6.749419140093254,0.5221445218666451
35,4.536627307534218,0.6806640625,6.749643780412652,0.5244755241976473
36,4.5289400070905685,0.681640625,6.752119018759205,0.5256410253631485
37,4.52118194103241,0.68359375,6.7475012121222795,0.5256410253631485
38,4.512804076075554,0.6826171875,6.749847894504076,0.5233100230321461
39,4.503812924027443,0.68359375,6.757303201235258,0.5233100230321461
40,4.494637578725815,0.685546875,6.760850392855131,0.5233100230321461
41,4.486875832080841,0.6875,6.764288465459864,0.5233100230321461
42,4.479682937264442,0.6884765625,6.766618395185137,0.5233100230321461
43,4.472374603152275,0.6904296875,6.770828738357082,0.5233100230321461
44,4.465189546346664,0.6884765625,6.769065415664708,0.5233100230321461
45,4.458939149975777,0.689453125,6.77076086631188,0.5233100230321461
46,4.4537472277879715,0.69140625,6.767723196869963,0.5233100230321461
47,4.4474553018808365,0.69140625,6.771404293033626,0.5233100230321461
48,4.440657764673233,0.69140625,6.772989617638933,0.5233100230321461
49,4.435665935277939,0.69140625,6.773881786630982,0.5233100230321461
50,4.430795401334763,0.6904296875,6.776245699617968,0.5233100230321461
51,4.426280289888382,0.6904296875,6.776822986024799,0.5221445218666451
52,4.422065481543541,0.6904296875,6.780982578828896,0.5221445218666451
53,4.416655138134956,0.6904296875,6.7813900156176725,0.5221445218666451
54,4.412120446562767,0.6904296875,6.782952435366758,0.5233100230321461
55,4.408398613333702,0.6904296875,6.790654346937344,0.5221445218666451
56,4.402888357639313,0.6904296875,6.790624698558887,0.5221445218666451
57,4.398554444313049,0.689453125,6.792452510976013,0.5209790207011439
58,4.3929204642772675,0.689453125,6.794662415564477,0.5209790207011439
59,4.3904532343149185,0.69140625,6.799164311869161,0.5209790215347753
60,4.386121079325676,0.69140625,6.7990763693144824,0.5198135203692741
61,4.382032826542854,0.6943359375,6.8000581759117145,0.5198135203692741
62,4.380574151873589,0.6943359375,6.800176094739865,0.5198135203692741
63,4.376652643084526,0.6943359375,6.801244621232395,0.5198135203692741
64,4.372885957360268,0.693359375,6.8034145971000335,0.5186480192037729
65,4.369775295257568,0.693359375,6.80076483413056,0.5174825180382717
66,4.3656502813100815,0.693359375,6.800365942619342,0.5174825180382717
67,4.362009659409523,0.693359375,6.803404746911465,0.5186480192037729
68,4.35856619477272,0.693359375,6.804147343535523,0.5174825172046403
69,4.356016427278519,0.6953125,6.807868492908967,0.5174825172046403
70,4.352576896548271,0.6962890625,6.807675429435321,0.5174825172046403
71,4.3488528579473495,0.6962890625,6.809199810028076,0.5174825172046403
72,4.34480582177639,0.697265625,6.8078753575856314,0.5174825172046403
73,4.342021599411964,0.697265625,6.808826717741284,0.5174825172046403
74,4.340778321027756,0.6982421875,6.809127879865242,0.5174825172046403
75,4.337245509028435,0.6962890625,6.8106100998280485,0.5174825172046403
76,4.332783341407776,0.6962890625,6.812921179480208,0.5174825172046403
77,4.3304575234651566,0.697265625,6.812128045897939,0.5174825172046403
78,4.327738970518112,0.697265625,6.814018750802065,0.5163170160391392
79,4.324533760547638,0.697265625,6.812954822620312,0.5163170160391392
80,4.321224972605705,0.6982421875,6.814425277265357,0.5174825172046403
81,4.318060919642448,0.6982421875,6.817663072706102,0.5174825172046403
82,4.315333664417267,0.69921875,6.816672223987001,0.5174825172046403
83,4.312218084931374,0.69921875,6.8183285217463,0.5174825172046403
84,4.309063747525215,0.6982421875,6.820355370883897,0.5174825172046403
85,4.305490404367447,0.69921875,6.823224035454241,0.5174825172046403
86,4.304392829537392,0.697265625,6.823229466284905,0.5174825172046403
87,4.2996529042720795,0.6982421875,6.8220963022369885,0.5163170160391392
88,4.296479284763336,0.69921875,6.822882445542128,0.5163170160391392
89,4.294653281569481,0.6982421875,6.825668661744444,0.515151514873638
90,4.290548577904701,0.6982421875,6.823112779008203,0.5163170160391392
91,4.288524895906448,0.7001953125,6.821218739578496,0.5163170160391392
92,4.287702560424805,0.7001953125,6.817086612150108,0.5163170160391392
93,4.282734677195549,0.69921875,6.8183026480508016,0.5163170160391392
94,4.2813850492239,0.69921875,6.82128297921383,0.5163170160391392
95,4.280074641108513,0.7001953125,6.82068561673998,0.515151514873638
96,4.276980742812157,0.7001953125,6.821204665657524,0.515151514873638
97,4.273923143744469,0.701171875,6.817055737777745,0.5174825180382717
98,4.271634042263031,0.7001953125,6.8159146431164865,0.5163170168727705
99,4.269107103347778,0.7001953125,6.818035749288706,0.5163170168727705
100,4.266362771391869,0.701171875,6.822046747852316,0.5139860137081369
101,4.265144273638725,0.703125,6.8261265432362235,0.5139860137081369
102,4.261323913931847,0.705078125,6.8262632332203825,0.5139860137081369
103,4.2592212706804276,0.705078125,6.8272517777823065,0.515151514873638
104,4.256817206740379,0.703125,6.824096607439445,0.515151514873638
105,4.253390252590179,0.7060546875,6.826280448264454,0.515151514873638
106,4.251946344971657,0.70703125,6.827128578177143,0.515151514873638
107,4.247659340500832,0.7060546875,6.825782442426348,0.515151514873638
108,4.247403159737587,0.7060546875,6.828802010951898,0.5139860137081369
109,4.242190331220627,0.70703125,6.828551292419434,0.5139860137081369
110,4.239402711391449,0.70703125,6.83065164561594,0.5128205125426357
111,4.237408220767975,0.7060546875,6.831443983358103,0.5128205125426357
112,4.233972951769829,0.705078125,6.827812295971495,0.5139860137081369
113,4.229979440569878,0.705078125,6.825792247043068,0.5139860137081369
114,4.226937934756279,0.70703125,6.825455281006429,0.515151514873638
115,4.221268221735954,0.705078125,6.826104336407357,0.5116550113771345
116,4.2171550542116165,0.705078125,6.824510020809574,0.5116550113771345
117,4.2117906510829926,0.7021484375,6.8237043271809465,0.5128205125426357
118,4.20659476518631,0.7021484375,6.822463248993134,0.5128205125426357
119,4.202782824635506,0.7041015625,6.821979001407579,0.5128205125426357
120,4.1972344517707825,0.705078125,6.824063601193728,0.5128205125426357
121,4.1933145970106125,0.703125,6.824149210692008,0.5128205125426357
122,4.1906334310770035,0.7021484375,6.82522609017112,0.5128205125426357
123,4.185463070869446,0.701171875,6.824266821632296,0.5128205125426357
124,4.181853398680687,0.7021484375,6.8262784086463055,0.5128205125426357
125,4.177383527159691,0.701171875,6.823971556061076,0.5128205125426357
126,4.175885662436485,0.703125,6.827184206955916,0.5128205125426357
127,4.169238418340683,0.703125,6.823836627817932,0.5128205125426357
128,4.165558189153671,0.703125,6.826025100298972,0.5128205125426357
129,4.161033183336258,0.7041015625,6.827023865181805,0.5128205125426357
130,4.157048672437668,0.705078125,6.824396862572446,0.5128205125426357
131,4.154939115047455,0.70703125,6.825333032852564,0.5128205125426357
132,4.15178906917572,0.7060546875,6.828743545603363,0.5128205125426357
133,4.146225199103355,0.70703125,6.827960011008736,0.5128205125426357
134,4.144680500030518,0.70703125,6.831004843011603,0.5128205125426357
135,4.14030484855175,0.7080078125,6.831799348195394,0.5128205125426357
136,4.137775883078575,0.7060546875,6.83053129591864,0.5139860137081369
137,4.132970556616783,0.70703125,6.832963837888135,0.5139860137081369
138,4.130086146295071,0.70703125,6.829817213934341,0.5139860137081369
139,4.128760263323784,0.70703125,6.8292928342219,0.5139860137081369
140,4.12630794942379,0.7080078125,6.83050072943414,0.5139860137081369
141,4.123045116662979,0.7099609375,6.830655850452699,0.5139860137081369
142,4.118397891521454,0.7080078125,6.832878659655164,0.5139860137081369
143,4.116421759128571,0.708984375,6.83496141322565,0.5151515157072695
144,4.113313660025597,0.708984375,6.835015222464964,0.5151515157072695
145,4.109819665551186,0.70703125,6.835715341679144,0.5151515157072695
146,4.107220023870468,0.7080078125,6.834216803659648,0.5139860137081369
147,4.104887872934341,0.7080078125,6.832746288993142,0.5139860137081369
148,4.1004702895879745,0.708984375,6.832599639892578,0.5139860137081369
149,4.099171757698059,0.7099609375,6.829991709658038,0.5139860137081369
150,4.095746293663979,0.7109375,6.83131196059825,0.5128205125426357
151,4.092770352959633,0.7119140625,6.829818536629488,0.5139860145417683
152,4.090268969535828,0.7119140625,6.828938830982555,0.5139860145417683
153,4.087296366691589,0.7109375,6.830954289380765,0.5139860145417683
154,4.085928127169609,0.7109375,6.834051783546146,0.5116550122107659
155,4.083316445350647,0.7109375,6.834992754431593,0.5116550122107659
156,4.080900147557259,0.7109375,6.837864274467344,0.5116550122107659
157,4.079585760831833,0.712890625,6.837998810347977,0.5093240098797636
158,4.076611220836639,0.712890625,6.841081332493495,0.5093240090461322
159,4.074068680405617,0.7119140625,6.840085266353367,0.5104895102116334
160,4.072684198617935,0.7119140625,6.838425107213445,0.5093240090461322
161,4.070167616009712,0.7109375,6.838244025801723,0.5104895102116334
162,4.068062528967857,0.7109375,6.843625327646038,0.5093240090461322
163,4.065228492021561,0.7119140625,6.843574490580526,0.5093240090461322
164,4.063786208629608,0.7119140625,6.851201608742311,0.5069930075487613
165,4.061217814683914,0.712890625,6.8545209355565495,0.5069930075487613
166,4.057525277137756,0.712890625,6.856757699748575,0.5069930075487613
167,4.055448740720749,0.712890625,6.8581296069360835,0.5069930075487613
168,4.052028954029083,0.7138671875,6.856991515570865,0.5069930075487613
169,4.0497919619083405,0.7138671875,6.857580329432632,0.5069930075487613
170,4.047626301646233,0.712890625,6.857109294348941,0.5081585087142624
171,4.0463853776454926,0.7119140625,6.860178732927585,0.5069930075487613
172,4.045320898294449,0.712890625,6.8717469313205815,0.5034965040522578
173,4.041756749153137,0.712890625,6.874692670115224,0.5034965040522578
174,4.039264976978302,0.712890625,6.876518757471116,0.5034965032186264
175,4.0373586267232895,0.712890625,6.8787032162948645,0.5034965032186264
176,4.034781351685524,0.7119140625,6.877090979845096,0.5034965032186264
177,4.033322557806969,0.7119140625,6.873268893270781,0.5034965032186264
178,4.031347900629044,0.7158203125,6.874513962885716,0.5046620043841276
179,4.029341533780098,0.71484375,6.873953192384093,0.5058275063832601
180,4.027082897722721,0.716796875,6.875684464728082,0.504662005217759
181,4.026392415165901,0.7177734375,6.880546979970865,0.504662005217759
182,4.023427098989487,0.712890625,6.88382981040261,0.5058275063832601
183,4.02174910902977,0.71484375,6.88195723753709,0.5058275063832601
184,4.022770285606384,0.7177734375,6.89164565382026,0.5069930075487613
185,4.0205724239349365,0.7158203125,6.889867292417513,0.5069930075487613
186,4.015934005379677,0.71484375,6.8916662756379665,0.5069930075487613
187,4.015228010714054,0.7158203125,6.8955661511365625,0.5069930075487613
188,4.014124035835266,0.716796875,6.897095031115836,0.5069930075487613
189,4.012037828564644,0.7158203125,6.89458882058417,0.5069930075487613
190,4.009905576705933,0.7158203125,6.89372563417697,0.5069930075487613
191,4.008858606219292,0.716796875,6.89630216763014,0.5069930075487613
192,4.007638663053513,0.7177734375,6.897830043917214,0.5069930075487613
193,4.0058363527059555,0.7177734375,6.899925460904351,0.5069930075487613
194,4.0056663900613785,0.7177734375,6.899821475947098,0.5069930075487613
195,4.003441855311394,0.7177734375,6.901774084095632,0.5058275063832601
196,4.002595484256744,0.7177734375,6.905923648869797,0.504662005217759
197,4.000349834561348,0.71875,6.903551233954085,0.504662005217759
198,4.000161498785019,0.720703125,6.907989848743785,0.504662005217759
199,3.998372569680214,0.7216796875,6.9067872198589475,0.504662005217759
200,3.9967343658208847,0.7216796875,6.908910759123333,0.504662005217759
201,3.9952841326594353,0.72265625,6.910336532237091,0.504662005217759
202,3.9936766922473907,0.724609375,6.9144345752564895,0.504662005217759
203,3.9925054609775543,0.72265625,6.913917708230185,0.5034965040522578
204,3.9916331321001053,0.72265625,6.917448050492293,0.5034965040522578
205,3.9900163412094116,0.72265625,6.918033977766415,0.5034965040522578
206,3.98945452272892,0.72265625,6.92041375642612,0.5034965040522578
207,3.9884404689073563,0.72265625,6.917097414012278,0.5034965040522578
208,3.987353876233101,0.7236328125,6.92295230407537,0.5034965040522578
209,3.986181363463402,0.72265625,6.922448035998222,0.5034965040522578
210,3.984823763370514,0.72265625,6.922904405838404,0.5034965040522578
211,3.984725594520569,0.7236328125,6.927755428083016,0.5023310028867566
212,3.9828424155712128,0.7236328125,6.930077202670224,0.5023310028867566
213,3.9809840321540833,0.7236328125,6.932544418148227,0.5023310028867566
214,3.9821157455444336,0.72265625,6.926064775818156,0.5034965040522578
215,3.980445809662342,0.7236328125,6.931419813827479,0.5023310028867566
216,3.977941796183586,0.7236328125,6.93236680464311,0.5023310028867566
217,3.976203203201294,0.7236328125,6.931462626912933,0.5023310028867566
218,3.9755994379520416,0.7236328125,6.931382813931623,0.5034965040522578
219,3.976032316684723,0.7236328125,6.922688128509166,0.504662005217759
220,3.9749628603458405,0.7265625,6.928998020145443,0.504662005217759
221,3.9732125252485275,0.7255859375,6.928146395649943,0.504662005217759
222,3.9718471318483353,0.724609375,6.934499827298251,0.5034965040522578
223,3.970528483390808,0.7236328125,6.933066796033811,0.5034965040522578
224,3.969913125038147,0.724609375,6.9342702174242286,0.5034965040522578
225,3.9692591726779938,0.7236328125,6.93542847266564,0.5034965040522578
226,3.9672039598226547,0.7255859375,6.93513251240159,0.5034965040522578
227,3.9667698740959167,0.724609375,6.934243390054414,0.5034965040522578
228,3.965934634208679,0.724609375,6.9364003634952995,0.5034965040522578
229,3.965658575296402,0.7265625,6.938567433879648,0.5034965040522578
230,3.9637825191020966,0.728515625,6.94026203088827,0.5034965040522578
231,3.9638637602329254,0.7255859375,6.938902993857999,0.5034965040522578
232,3.962118849158287,0.7255859375,6.938386412489386,0.5034965040522578
233,3.9610455483198166,0.7255859375,6.941296241778038,0.5034965040522578
234,3.9617046415805817,0.7275390625,6.943693169902811,0.5034965040522578
235,3.9597817063331604,0.7265625,6.938897107308839,0.5034965040522578
236,3.9585910588502884,0.7255859375,6.94204789275056,0.5034965040522578
237,3.9580734074115753,0.724609375,6.945581400588954,0.5023310028867566
238,3.959079295396805,0.7236328125,6.9425387882686165,0.5034965040522578
239,3.956756576895714,0.7275390625,6.937244687602792,0.5034965040522578
240,3.956323191523552,0.7255859375,6.936134951931614,0.5034965040522578
241,3.9553482830524445,0.7255859375,6.935451984405518,0.5034965040522578
242,3.953877381980419,0.7265625,6.933879123145328,0.5034965040522578
243,3.953695759177208,0.7265625,6.93584390786978,0.5034965040522578
244,3.951933078467846,0.728515625,6.933965844152135,0.5034965040522578
245,3.9506114721298218,0.7265625,6.935106725403757,0.5023310028867566
246,3.9500336945056915,0.7265625,6.936801649195886,0.5023310028867566
247,3.949236862361431,0.7265625,6.934832168347908,0.5023310028867566
248,3.9498551040887833,0.7265625,6.931169001928298,0.5034965040522578
249,3.9479094743728638,0.7255859375,6.928865984047487,0.5034965040522578
250,3.9476049095392227,0.724609375,6.936273283613867,0.5023310028867566
251,3.9465010911226273,0.7255859375,6.938181671507153,0.5011655017212554
252,3.9461503326892853,0.7275390625,6.93181578318278,0.5023310028867566
253,3.9445462375879288,0.7265625,6.9316946776596815,0.5023310028867566
254,3.9443108290433884,0.7275390625,6.933520413778878,0.5011655017212554
255,3.944861888885498,0.7265625,6.931034929546721,0.5023310028867566
256,3.9418222457170486,0.7265625,6.929163052485539,0.5023310028867566
257,3.9417936950922012,0.7255859375,6.930344121439473,0.5011655017212554
258,3.939993366599083,0.7265625,6.929984789628249,0.5023310028867566
259,3.941547140479088,0.7275390625,6.9323223109567635,0.5011655017212554
260,3.9398223012685776,0.7255859375,6.932884534200032,0.5023310028867566
261,3.938885286450386,0.7265625,6.931947073458514,0.5023310028867566
262,3.938948303461075,0.7294921875,6.9289425803231195,0.5034965040522578
263,3.938009425997734,0.7275390625,6.9334749741987745,0.5023310028867566
264,3.937694549560547,0.7255859375,6.933040756723542,0.5023310028867566
265,3.934859871864319,0.7265625,6.933498781599921,0.5023310028867566
266,3.933899775147438,0.7265625,6.93487922406141,0.5023310028867566
267,3.9339524507522583,0.7255859375,6.937569280326505,0.5011655017212554
268,3.933092847466469,0.7255859375,6.935812596674566,0.5011655017212554
269,3.9322747588157654,0.724609375,6.935536161169305,0.5011655017212554
270,3.931243509054184,0.7255859375,6.928670788700486,0.5023310028867566
271,3.9303938299417496,0.7255859375,6.9309176931848056,0.5023310028867566
272,3.930183783173561,0.7255859375,6.927707859964082,0.5023310028867566
273,3.928824707865715,0.7255859375,6.92861917691353,0.5023310028867566
274,3.9270599633455276,0.7255859375,6.925479128644183,0.5023310028867566
275,3.9264180958271027,0.7265625,6.922763380970988,0.5023310028867566
276,3.9257488399744034,0.7265625,6.921855168464856,0.5023310028867566
277,3.9260075837373734,0.7265625,6.919334651706936,0.5034965040522578
278,3.9235161393880844,0.7275390625,6.918948518090593,0.5023310028867566
279,3.923634350299835,0.7255859375,6.927772839864095,0.5011655017212554
280,3.922504425048828,0.724609375,6.922869760117608,0.5023310028867566
281,3.9210234209895134,0.7265625,6.921579173116973,0.5023310028867566
282,3.921478360891342,0.7275390625,6.9222527272773515,0.5023310028867566
283,3.9222764372825623,0.7265625,6.920778441262412,0.5023310028867566
284,3.91895292699337,0.7265625,6.919632995045268,0.5023310028867566
285,3.918467015028,0.7255859375,6.918401107921467,0.5023310028867566
286,3.91701041162014,0.724609375,6.925074857431692,0.5011655017212554
287,3.915579542517662,0.7255859375,6.923926281206535,0.5023310028867566
288,3.9148706644773483,0.724609375,6.921928728099192,0.5023310028867566
289,3.913615182042122,0.724609375,6.924096617665324,0.5011655017212554
290,3.9130115807056427,0.724609375,6.925081333080372,0.5011655017212554
291,3.9129250794649124,0.7255859375,6.924518890869924,0.5011655017212554
292,3.9121090918779373,0.7265625,6.925523804617929,0.5011655017212554
293,3.9101355373859406,0.7255859375,6.924177776683461,0.5011655017212554
294,3.9091809391975403,0.7236328125,6.918202855926015,0.5023310028867566
295,3.9084929823875427,0.7236328125,6.916322086796616,0.5023310028867566
296,3.905887082219124,0.7216796875,6.9176764199228,0.5023310028867566
297,3.9058676064014435,0.72265625,6.922331414300523,0.5011655017212554
298,3.9045013785362244,0.7236328125,6.918969239944067,0.5023310028867566
299,3.9039682745933533,0.72265625,6.91947014570792,0.5023310028867566
300,3.90255044400692,0.72265625,6.921374754472212,0.5011655017212554
301,3.900651514530182,0.7236328125,6.921103181816759,0.5011655017212554
302,3.9004560708999634,0.72265625,6.913841292018935,0.5023310028867566
303,3.8993780314922333,0.72265625,6.914663712739388,0.5023310028867566
304,3.8981108367443085,0.7236328125,6.915338490670655,0.5011655017212554
305,3.8971564769744873,0.72265625,6.915551643549423,0.5011655017212554
306,3.8955534249544144,0.7255859375,6.916973439685671,0.5023310028867566
307,3.891415983438492,0.7236328125,6.9178523650536174,0.5023310028867566
308,3.887968987226486,0.7236328125,6.922611154320634,0.5023310028867566
309,3.884639158844948,0.7236328125,6.923686196476152,0.5023310028867566
310,3.8812449127435684,0.7236328125,6.920451502144198,0.5034965040522578
311,3.87604258954525,0.724609375,6.926688691119214,0.5023310028867566
312,3.8707782179117203,0.724609375,6.930059763101431,0.5034965040522578
313,3.8688679933547974,0.724609375,6.929404722227083,0.5023310028867566
314,3.866830348968506,0.728515625,6.939715380990978,0.5011655017212554
315,3.8643457889556885,0.7275390625,6.932846320536864,0.5011655017212554
316,3.862545594573021,0.7255859375,6.927738358646562,0.5011655017212554
317,3.860337108373642,0.7265625,6.930242360610784,0.5011655017212554
318,3.858077570796013,0.7265625,6.929337088044707,0.5011655017212554
319,3.8553387820720673,0.7255859375,6.929872497256263,0.5011655017212554
320,3.8549823611974716,0.7275390625,6.932076268540674,0.5011655017212554
321,3.8531489223241806,0.7275390625,6.925197100028013,0.5023310028867566
322,3.8520624339580536,0.7255859375,6.92491991981204,0.5023310028867566
323,3.8502272218465805,0.7265625,6.926489802229376,0.5023310028867566
324,3.8490501046180725,0.7275390625,6.92778280564955,0.5023310028867566
325,3.848616346716881,0.728515625,6.923129384056393,0.5023310028867566
326,3.844926193356514,0.7255859375,6.9200795247004585,0.5034965040522578
327,3.8399005830287933,0.7255859375,6.922308314930309,0.5023310028867566
328,3.8340635001659393,0.7255859375,6.916946630099992,0.5023310028867566
329,3.8303579539060593,0.7265625,6.920343356810528,0.5023310028867566
330,3.823246791958809,0.7275390625,6.9219236173829835,0.5023310028867566
331,3.819455862045288,0.7255859375,6.915705099528208,0.5034965040522578
332,3.81467168033123,0.7255859375,6.917055537928512,0.5023310028867566
333,3.812279835343361,0.7265625,6.914744880649593,0.5023310028867566
334,3.808927059173584,0.728515625,6.90724963519401,0.5023310028867566
335,3.806604102253914,0.728515625,6.913042468624515,0.5023310028867566
336,3.8081375658512115,0.728515625,6.9040003478666,0.5034965040522578
337,3.805190771818161,0.7275390625,6.907512410259469,0.5023310028867566
338,3.8046747148036957,0.728515625,6.908157933286298,0.5023310028867566
339,3.802760750055313,0.7294921875,6.908189134442167,0.5011655017212554
340,3.801772862672806,0.728515625,6.908918028389102,0.5023310028867566
341,3.8019570112228394,0.7294921875,6.909405188126997,0.5011655017212554
342,3.8002765625715256,0.73046875,6.906352485532249,0.5011655017212554
343,3.800723612308502,0.73046875,6.902206081888337,0.5023310028867566
344,3.7976550459861755,0.728515625,6.9001539114749795,0.5011655017212554
345,3.797295480966568,0.7294921875,6.899749432410394,0.5011655017212554
346,3.7973992228507996,0.728515625,6.902163016490447,0.5000000005557542
347,3.7961350232362747,0.728515625,6.90113606597438,0.5000000005557542
348,3.7954676151275635,0.7294921875,6.905046151790308,0.5000000005557542
349,3.7936760038137436,0.7314453125,6.908423120325262,0.5011655017212554
350,3.793026089668274,0.73046875,6.899189140968945,0.5011655017212554
351,3.7921729385852814,0.728515625,6.897799688619333,0.5011655017212554
352,3.791047900915146,0.7294921875,6.897823235927484,0.5023310028867566
353,3.790819838643074,0.7294921875,6.901248101587896,0.5011655017212554
354,3.7895209193229675,0.7314453125,6.905727962236027,0.5011655017212554
355,3.7892547100782394,0.732421875,6.903549285479636,0.5011655017212554
356,3.7879385948181152,0.732421875,6.899638740610687,0.5011655017212554
357,3.7886799722909927,0.7294921875,6.8977737382297475,0.5011655017212554
358,3.7866606563329697,0.73046875,6.894372453222742,0.5011655017212554
359,3.7860139459371567,0.7333984375,6.8973095444810415,0.5011655017212554
360,3.7848179191350937,0.73046875,6.892153560976326,0.5023310028867566
361,3.784046560525894,0.732421875,6.887286960939705,0.5011655017212554
362,3.7826379984617233,0.7314453125,6.889904161155362,0.5023310028867566
363,3.782285124063492,0.73046875,6.894963036606084,0.5023310028867566
364,3.7821334898471832,0.732421875,6.896250296861697,0.5011655017212554
365,3.7805257737636566,0.7314453125,6.893534967115709,0.5023310028867566
366,3.7802820652723312,0.732421875,6.896708568492969,0.5023310028867566
367,3.7788804173469543,0.732421875,6.89494518244461,0.5023310028867566
368,3.7782188430428505,0.7314453125,6.888121142531887,0.5023310028867566
369,3.777635082602501,0.7314453125,6.889576399520839,0.5023310028867566
370,3.7764275074005127,0.732421875,6.890652869964813,0.5023310028867566
371,3.775669366121292,0.73046875,6.884350742215599,0.5034965040522578
372,3.7751912623643875,0.73046875,6.881911670133507,0.5023310028867566
373,3.774791270494461,0.732421875,6.885468737506645,0.5023310028867566
374,3.7735064327716827,0.7314453125,6.885723627530611,0.5023310028867566
375,3.7732947170734406,0.732421875,6.887192225956417,0.5023310028867566
376,3.772961676120758,0.73046875,6.885063728252491,0.5023310028867566
377,3.7716795951128006,0.732421875,6.8894483993103455,0.5034965040522578
378,3.771148294210434,0.732421875,6.8876326745484535,0.5034965040522578
379,3.7707799077033997,0.7333984375,6.885604105907165,0.5034965040522578
380,3.7699603736400604,0.732421875,6.885521718672106,0.5034965040522578
381,3.7690770477056503,0.732421875,6.8849299448631305,0.5034965040522578
382,3.7693254351615906,0.732421875,6.881203703669123,0.5034965040522578
383,3.767844334244728,0.734375,6.887333738776076,0.5034965040522578
384,3.767075926065445,0.732421875,6.887492717840733,0.5034965040522578
385,3.767502099275589,0.7333984375,6.882337252298991,0.5034965040522578
386,3.7654587775468826,0.734375,6.882008890449862,0.504662005217759
387,3.7663281857967377,0.7353515625,6.875613488239564,0.5034965040522578
388,3.7649636417627335,0.732421875,6.880155805663351,0.5034965040522578
389,3.764470398426056,0.7333984375,6.882212253161521,0.5034965040522578
390,3.7639488875865936,0.734375,6.886974321378695,0.5034965040522578
391,3.7624465376138687,0.734375,6.884117486593607,0.5034965040522578
392,3.761701002717018,0.734375,6.884607145002672,0.5034965040522578
393,3.762843355536461,0.7333984375,6.88224229279098,0.5034965040522578
394,3.7605140060186386,0.736328125,6.884469827016194,0.5034965040522578
395,3.759220615029335,0.7353515625,6.883830599573664,0.5034965040522578
396,3.759372740983963,0.7333984375,6.881860530737675,0.5034965040522578
397,3.757910430431366,0.7333984375,6.885655031893359,0.5034965040522578
398,3.757686346769333,0.734375,6.880521824309876,0.5034965040522578
399,3.757448226213455,0.7333984375,6.87715597419472,0.5034965040522578
400,3.7554033175110817,0.7333984375,6.881005083764349,0.5034965040522578
401,3.755486160516739,0.736328125,6.884764582405001,0.5034965040522578
402,3.7561199218034744,0.734375,6.880326235488856,0.5034965040522578
403,3.7546530663967133,0.736328125,6.883184585260067,0.5034965040522578
404,3.754448711872101,0.734375,6.881380679168346,0.5034965040522578
405,3.7534370720386505,0.734375,6.880938525522228,0.5034965040522578
406,3.7527382373809814,0.734375,6.880845527826767,0.5034965040522578
407,3.7536239475011826,0.734375,6.8787973632901425,0.5034965040522578
408,3.7516327053308487,0.7353515625,6.880660836235348,0.5034965040522578
409,3.7516126483678818,0.7353515625,6.884421038460898,0.5034965040522578
410,3.7505479604005814,0.736328125,6.884642569890945,0.5034965040522578
411,3.7502191066741943,0.7373046875,6.876326054126233,0.5034965040522578
412,3.75011670589447,0.73828125,6.883819057669117,0.5034965040522578
413,3.750879466533661,0.736328125,6.880324946138964,0.5034965040522578
414,3.7504400461912155,0.7373046875,6.881511280308793,0.5034965040522578
415,3.7472391426563263,0.736328125,6.885321277004856,0.5034965040522578
416,3.746863216161728,0.73828125,6.885684491315366,0.5034965040522578
417,3.747335821390152,0.740234375,6.884374251732459,0.5034965040522578
418,3.748854234814644,0.7353515625,6.881159282230831,0.5034965040522578
419,3.7457175552845,0.7353515625,6.880425420952288,0.5034965040522578
420,3.744961515069008,0.7392578125,6.8745602750000145,0.5034965040522578
421,3.7452980279922485,0.740234375,6.87395614566225,0.5034965040522578
422,3.7449833005666733,0.7392578125,6.8771278897087615,0.5034965040522578
423,3.7446919083595276,0.7392578125,6.874860158889166,0.5023310028867566
424,3.742625370621681,0.740234375,6.876877203410044,0.5034965040522578
425,3.742552801966667,0.7392578125,6.884726641061422,0.5034965040522578
426,3.7419857531785965,0.73828125,6.8846231940742975,0.5023310028867566
427,3.741634637117386,0.7392578125,6.875338010854654,0.5023310028867566
428,3.74147367477417,0.7412109375,6.87899055347576,0.5023310028867566
429,3.7407503724098206,0.740234375,6.87706782156493,0.5023310028867566
430,3.740237794816494,0.740234375,6.880245999022797,0.5023310028867566
431,3.7417341470718384,0.7392578125,6.88840519075905,0.5023310028867566
432,3.7398303002119064,0.73828125,6.87763651934537,0.5023310028867566
433,3.7389106303453445,0.7412109375,6.881642481663844,0.5023310028867566
434,3.7382970303297043,0.740234375,6.881253853822366,0.5023310028867566
435,3.7381568551063538,0.740234375,6.879625745030828,0.5023310028867566
436,3.7372816056013107,0.740234375,6.879940492012006,0.5023310028867566
437,3.7372195571660995,0.740234375,6.877138490165586,0.5023310028867566
438,3.7365178763866425,0.7412109375,6.87646816493748,0.5023310028867566
439,3.7357942909002304,0.7412109375,6.874775753154621,0.5023310028867566
440,3.73590849339962,0.740234375,6.877472608517378,0.5023310028867566
441,3.7350055426359177,0.740234375,6.8801267152621755,0.5023310028867566
442,3.734504282474518,0.7412109375,6.882552639309899,0.5023310028867566
443,3.7339883744716644,0.7412109375,6.885845541120409,0.5023310028867566
444,3.733774960041046,0.7421875,6.880145236328765,0.5023310028867566
445,3.733533278107643,0.7421875,6.876063284618316,0.5023310028867566
446,3.733209639787674,0.7421875,6.876692624080987,0.5023310028867566
447,3.7329899966716766,0.7412109375,6.881228602571643,0.5023310028867566
448,3.7335508316755295,0.7412109375,6.877961150971882,0.5023310028867566
449,3.7317974269390106,0.7421875,6.87890205405531,0.5023310028867566
450,3.731633350253105,0.7421875,6.877257710570222,0.5023310028867566
451,3.7321135997772217,0.740234375,6.882268089792389,0.5023310028867566
452,3.7307733595371246,0.7412109375,6.878143164939258,0.5023310028867566
453,3.7293748259544373,0.7421875,6.870958546102742,0.5023310028867566
454,3.7297909930348396,0.7421875,6.871705934440062,0.5023310028867566
455,3.7294356375932693,0.7412109375,6.877113621273796,0.5023310028867566
456,3.7297199219465256,0.7412109375,6.871907457605109,0.5023310028867566
457,3.728672116994858,0.7421875,6.866517093631771,0.5011655017212554
458,3.7279416918754578,0.7412109375,6.87114292091423,0.5011655017212554
459,3.7287438586354256,0.7392578125,6.8789711109686005,0.5011655017212554
460,3.7260026335716248,0.7431640625,6.873045377798014,0.5011655017212554
461,3.7256836146116257,0.7412109375,6.8738488461865686,0.5011655017212554
462,3.7251859307289124,0.7412109375,6.867738189119281,0.5011655017212554
463,3.7251666635274887,0.7421875,6.865117337598112,0.5011655017212554
464,3.7238681316375732,0.7421875,6.865712674903425,0.5011655017212554
465,3.724355384707451,0.7412109375,6.869635621984522,0.5011655017212554
466,3.724709078669548,0.7412109375,6.868220195903644,0.5011655017212554
467,3.7236386090517044,0.7412109375,6.8659851623303965,0.5023310028867566
468,3.7222778350114822,0.7412109375,6.870778111588983,0.5023310028867566
469,3.721375524997711,0.7412109375,6.871967537975533,0.5023310028867566
470,3.722003072500229,0.740234375,6.868852483086931,0.5023310028867566
471,3.72127041220665,0.740234375,6.868989479847444,0.5023310028867566
472,3.7198732048273087,0.7412109375,6.875448505917351,0.5023310028867566
473,3.720061808824539,0.7392578125,6.878559194800459,0.5023310028867566
474,3.7198235392570496,0.7412109375,6.874393430901018,0.5023310028867566
475,3.719922885298729,0.740234375,6.868670142336048,0.5023310028867566
476,3.7179664969444275,0.7421875,6.867616676784062,0.5023310028867566
477,3.7179028689861298,0.7421875,6.876207876316595,0.5023310028867566
478,3.7172532081604004,0.7421875,6.878297906933409,0.5023310028867566
479,3.7164582908153534,0.7421875,6.872673799385836,0.5023310028867566
480,3.717002272605896,0.7421875,6.869327997549986,0.5023310028867566
481,3.715436577796936,0.7421875,6.8691429569448905,0.5023310028867566
482,3.71554271876812,0.7421875,6.8691666120693675,0.5023310028867566
483,3.715583637356758,0.7421875,6.877744095586674,0.5023310028867566
484,3.7142390608787537,0.7421875,6.870044035789294,0.5023310028867566
485,3.7141110450029373,0.7421875,6.8649281955265495,0.5023310028867566
486,3.712958201766014,0.7421875,6.869676352102996,0.5023310028867566
487,3.712804540991783,0.7421875,6.870965828706613,0.5023310028867566
488,3.712154909968376,0.7431640625,6.869285496798429,0.5023310028867566
489,3.712098315358162,0.744140625,6.873464024150288,0.5023310028867566
490,3.711633488535881,0.7421875,6.868535693153079,0.5023310028867566
491,3.7116115242242813,0.7431640625,6.873154237831667,0.5023310028867566
492,3.710165500640869,0.7421875,6.862392831237722,0.5023310028867566
493,3.7119188606739044,0.7421875,6.856414169142574,0.5023310028867566
494,3.7095745652914047,0.7412109375,6.861365455013889,0.5023310028867566
495,3.7086815237998962,0.7431640625,6.859014217670147,0.5023310028867566
496,3.7108960300683975,0.7421875,6.869134952971986,0.5023310028867566
497,3.7075833082199097,0.7412109375,6.868440733645068,0.5023310028867566
498,3.7066716998815536,0.7421875,6.862463502061395,0.5023310028867566
499,3.7064156532287598,0.7421875,6.858647407629551,0.5023310028867566
500,3.7052953019738197,0.7431640625,6.860575621500438,0.5023310028867566
501,3.7053891718387604,0.740234375,6.860153967406088,0.5023310028867566
502,3.704721301794052,0.7431640625,6.860030278737173,0.5023310028867566
503,3.7041928321123123,0.7421875,6.8594864131687405,0.5023310028867566
504,3.703855872154236,0.7431640625,6.861538975944608,0.5023310028867566
505,3.703240752220154,0.7421875,6.861583865327991,0.5023310028867566
506,3.7027770578861237,0.7431640625,6.864173514581783,0.5023310028867566
507,3.703125849366188,0.744140625,6.854955942202837,0.5023310028867566
508,3.7020214200019836,0.744140625,6.8565780221721235,0.5023310028867566
509,3.701327085494995,0.744140625,6.854526397509453,0.5023310028867566
510,3.7013030350208282,0.74609375,6.865990598718603,0.5023310028867566
511,3.6995783299207687,0.7451171875,6.857396859389085,0.5011655017212554
512,3.6993945837020874,0.744140625,6.853699136169363,0.5011655017212554
513,3.699299782514572,0.7431640625,6.854542626645459,0.5011655017212554
514,3.6982170045375824,0.7431640625,6.856431144100803,0.5011655017212554
515,3.698073625564575,0.744140625,6.862923632134924,0.5023310028867566
516,3.698373720049858,0.7431640625,6.863386410933274,0.5023310028867566
517,3.696558967232704,0.7451171875,6.853557721162454,0.5023310028867566
518,3.6961367428302765,0.7431640625,6.854416570463381,0.5023310028867566
519,3.695749670267105,0.744140625,6.854486805575711,0.5023310028867566
520,3.6951651722192764,0.7451171875,6.856049550996794,0.5023310028867566
521,3.694738194346428,0.74609375,6.856903035046059,0.5023310028867566
522,3.6942525655031204,0.7451171875,6.8559520494687805,0.5023310028867566
523,3.694307416677475,0.7451171875,6.855711802458152,0.5023310028867566
524,3.693725675344467,0.7451171875,6.857237608004839,0.5023310028867566
525,3.6936778724193573,0.744140625,6.854571644798581,0.5023310028867566
526,3.6928960531949997,0.74609375,6.855493875650259,0.5023310028867566
527,3.6923594921827316,0.744140625,6.852153400163273,0.5023310028867566
528,3.69198477268219,0.7431640625,6.846979386878736,0.5023310028867566
529,3.6907609701156616,0.7421875,6.849278586727756,0.5023310028867566
530,3.6910745352506638,0.7421875,6.857726917400226,0.5023310028867566
531,3.6896992325782776,0.7431640625,6.862060987032377,0.5023310028867566
532,3.689003750681877,0.7421875,6.862092767284189,0.5023310028867566
533,3.690039783716202,0.7421875,6.863263934920162,0.5023310028867566
534,3.688112750649452,0.7421875,6.8563933294691966,0.5023310028867566
535,3.6874689161777496,0.7421875,6.8559857292886655,0.5023310028867566
536,3.687202848494053,0.7421875,6.8523343615320735,0.5023310028867566
537,3.6870264559984207,0.7431640625,6.855294725555918,0.5023310028867566
538,3.6867031529545784,0.744140625,6.850298230186764,0.5023310028867566
539,3.686185695230961,0.7431640625,6.851685390605793,0.5023310028867566
540,3.685778647661209,0.744140625,6.849708925038229,0.5023310028867566
541,3.6852913200855255,0.744140625,6.849359899134069,0.5023310028867566
542,3.685185231268406,0.7431640625,6.848097035379121,0.5023310028867566
543,3.684816136956215,0.7421875,6.844244250050791,0.5034965040522578
544,3.6842604875564575,0.7421875,6.853011864882249,0.5023310028867566
545,3.683571368455887,0.7451171875,6.851146547944396,0.5023310028867566
546,3.6842018514871597,0.7431640625,6.851466462328718,0.5023310028867566
547,3.6834544390439987,0.744140625,6.85781552797153,0.5023310028867566
548,3.6824649274349213,0.7431640625,6.852032111241267,0.5023310028867566
549,3.682012900710106,0.7451171875,6.8514703759502416,0.5023310028867566
550,3.6819821298122406,0.744140625,6.853631765414507,0.5023310028867566
551,3.6813862547278404,0.7451171875,6.850126090861145,0.5023310028867566
552,3.6816196739673615,0.744140625,6.854203435368749,0.5023310028867566
553,3.679965063929558,0.744140625,6.851729686443623,0.5023310028867566
554,3.6810970306396484,0.744140625,6.852778665947191,0.5034965040522578
555,3.680433601140976,0.7451171875,6.845450771438492,0.5034965040522578
556,3.6793122440576553,0.7451171875,6.845284795427656,0.5034965040522578
557,3.6795080453157425,0.744140625,6.838449310311627,0.5034965040522578
558,3.678960382938385,0.7451171875,6.850868069486462,0.5034965040522578
559,3.678214505314827,0.748046875,6.845910051207998,0.5034965040522578
560,3.6789057552814484,0.74609375,6.842500100880514,0.5023310028867566
561,3.67782361805439,0.748046875,6.840876933855888,0.5034965040522578
562,3.6774304807186127,0.7490234375,6.8433014918596315,0.5034965040522578
563,3.6768868416547775,0.74609375,6.83959355609956,0.5034965040522578
564,3.6777622178196907,0.7451171875,6.835177649429072,0.5034965040522578
565,3.6766791343688965,0.7470703125,6.833819170376082,0.5034965040522578
566,3.676359236240387,0.7451171875,6.837463516733307,0.5034965040522578
567,3.6757857501506805,0.748046875,6.838379034073481,0.5034965040522578
568,3.675602078437805,0.7470703125,6.835328777909001,0.5034965040522578
569,3.674411952495575,0.7451171875,6.839199220661794,0.5034965040522578
570,3.674733594059944,0.7490234375,6.842210308377282,0.5034965040522578
571,3.67440328001976,0.7470703125,6.841255864896975,0.5034965040522578
572,3.6734733283519745,0.74609375,6.83694438778715,0.5034965040522578
573,3.672720432281494,0.7431640625,6.834991822987448,0.5034965040522578
574,3.672641932964325,0.7451171875,6.838404259759507,0.5034965040522578
575,3.6722481548786163,0.7470703125,6.835182075456028,0.5034965040522578
576,3.672008141875267,0.744140625,6.833393523743102,0.5034965040522578
577,3.6717634350061417,0.7421875,6.842237651487053,0.5034965040522578
578,3.671610042452812,0.7421875,6.8303577827684805,0.504662005217759
579,3.6710964292287827,0.744140625,6.82855073666517,0.504662005217759
580,3.670570820569992,0.7431640625,6.839850968136376,0.504662005217759
581,3.6701284050941467,0.7451171875,6.842880689180815,0.5034965040522578
582,3.6691689640283585,0.74609375,6.834095932664849,0.5034965040522578
583,3.6697172597050667,0.7451171875,6.828085274685235,0.504662005217759
584,3.6690036803483963,0.74609375,6.832650481404125,0.504662005217759
585,3.6683004945516586,0.74609375,6.838601179056234,0.5034965040522578
586,3.6679537892341614,0.74609375,6.840042755598232,0.5034965040522578
587,3.6693970561027527,0.7470703125,6.837715102242423,0.5034965040522578
588,3.668833300471306,0.744140625,6.838341416178883,0.504662005217759
589,3.6675802767276764,0.7451171875,6.828886390010238,0.504662005217759
590,3.6672376096248627,0.744140625,6.835277552927013,0.504662005217759
591,3.6675416827201843,0.7431640625,6.827531075422025,0.504662005217759
592,3.666641019284725,0.7431640625,6.832103290202179,0.504662005217759
593,3.665661931037903,0.744140625,6.823512860945055,0.504662005217759
594,3.665490761399269,0.7451171875,6.831228288459333,0.504662005217759
595,3.6654519587755203,0.7451171875,6.837045651771527,0.504662005217759
596,3.6647686511278152,0.7470703125,6.834467518857587,0.504662005217759
597,3.664420112967491,0.7451171875,6.832839195544903,0.504662005217759
598,3.6641285568475723,0.744140625,6.836288080904589,0.504662005217759
599,3.663358300924301,0.74609375,6.835491782857543,0.504662005217759
600,3.663613110780716,0.7451171875,6.833823271842547,0.504662005217759
601,3.663232371211052,0.7451171875,6.828860999820949,0.504662005217759
602,3.663623198866844,0.744140625,6.825556387156595,0.504662005217759
603,3.6626110076904297,0.7451171875,6.828491242059739,0.504662005217759
604,3.6617881432175636,0.7451171875,6.830690781831185,0.504662005217759
605,3.6620514541864395,0.7451171875,6.827936657103069,0.504662005217759
606,3.6615258157253265,0.7451171875,6.823970531250214,0.504662005217759
607,3.6609037965536118,0.74609375,6.821944556869827,0.504662005217759
608,3.6613893285393715,0.744140625,6.8279455047109465,0.5034965040522578
609,3.660945162177086,0.74609375,6.81654772502837,0.5034965040522578
610,3.6617748588323593,0.7451171875,6.818542651641063,0.5034965040522578
611,3.6595692932605743,0.7470703125,6.820614168971846,0.5034965040522578
612,3.6597721725702286,0.74609375,6.822831449530897,0.5034965040522578
613,3.6593145579099655,0.7451171875,6.822129544122514,0.5034965040522578
614,3.658206656575203,0.744140625,6.823957762240252,0.5034965040522578
615,3.6580851674079895,0.74609375,6.8280936454559535,0.5034965040522578
616,3.6573087573051453,0.74609375,6.8149748548761115,0.5034965040522578
617,3.6566939651966095,0.748046875,6.8191018615847145,0.5034965040522578
618,3.656319633126259,0.7470703125,6.822092884348267,0.5034965040522578
619,3.655293971300125,0.74609375,6.8208005678403625,0.5034965040522578
620,3.655460000038147,0.7470703125,6.813738786257231,0.5034965040522578
621,3.654958054423332,0.748046875,6.813557647047065,0.5023310028867566
622,3.654614493250847,0.7470703125,6.821190163805769,0.5023310028867566
623,3.6553462967276573,0.748046875,6.8210430578752,0.5023310028867566
624,3.6545240730047226,0.75,6.810293155394512,0.5023310028867566
625,3.65425705909729,0.7490234375,6.8097290859355795,0.5023310028867566
626,3.653374433517456,0.748046875,6.801834826702838,0.5034965040522578
627,3.653299495577812,0.748046875,6.805115450790156,0.5034965040522578
628,3.652118667960167,0.7490234375,6.804329905476603,0.5034965040522578
629,3.652052655816078,0.748046875,6.8037061224450595,0.5034965040522578
630,3.651369035243988,0.748046875,6.802886847293738,0.5023310028867566
631,3.650798112154007,0.7490234375,6.802116984253996,0.5034965040522578
632,3.650621071457863,0.748046875,6.80563151864183,0.5034965040522578
633,3.649098664522171,0.7490234375,6.806715453977073,0.5034965040522578
634,3.650393784046173,0.7490234375,6.807918088419454,0.5034965040522578
635,3.6492548286914825,0.7490234375,6.804177186427972,0.5034965040522578
636,3.6494096219539642,0.7490234375,6.803662923666147,0.5034965040522578
637,3.6490232050418854,0.75,6.807078903927391,0.5034965040522578
638,3.647968351840973,0.75,6.804936155572638,0.5034965040522578
639,3.647920548915863,0.75,6.800303568095316,0.5034965040522578
640,3.648359850049019,0.748046875,6.796751752599969,0.5034965040522578
641,3.6469644010066986,0.7490234375,6.7964012483894685,0.5034965040522578
642,3.647522881627083,0.751953125,6.799165413374111,0.5034965040522578
643,3.6473233923316,0.7490234375,6.80314639787296,0.5034965040522578
644,3.6464061066508293,0.748046875,6.79049159207822,0.5034965040522578
645,3.646423824131489,0.75,6.792475614792261,0.5034965040522578
646,3.646724209189415,0.751953125,6.795339474311242,0.5034965040522578
647,3.6455628126859665,0.7509765625,6.796314761910961,0.5034965040522578
648,3.64505635201931,0.7509765625,6.789797224920669,0.5034965040522578
649,3.644634708762169,0.7509765625,6.788381100812436,0.5034965040522578
650,3.6446730494499207,0.75,6.796955438760611,0.5034965040522578
651,3.644518703222275,0.7509765625,6.805864607537543,0.5034965040522578
652,3.6431874483823776,0.7529296875,6.798228804048125,0.5034965040522578
653,3.643229454755783,0.7529296875,6.7956415389801235,0.5034965040522578
654,3.6435162872076035,0.7529296875,6.790508190235058,0.5034965040522578
655,3.6423762813210487,0.751953125,6.793854873497169,0.5034965040522578
656,3.6421736776828766,0.751953125,6.791664743756915,0.5034965040522578
657,3.6415270268917084,0.7509765625,6.790578899961529,0.5034965040522578
658,3.641353100538254,0.7529296875,6.792062150292741,0.5034965040522578
659,3.641350045800209,0.751953125,6.792001633099465,0.5034965040522578
660,3.640745960175991,0.75390625,6.790107186857637,0.5034965040522578
661,3.6402167230844498,0.7529296875,6.790397006037074,0.5034965040522578
662,3.639738067984581,0.75390625,6.7864220681446135,0.5034965040522578
663,3.6395512521266937,0.751953125,6.771863432753058,0.5023310028867566
664,3.6393821090459824,0.75,6.773731310606559,0.5034965040522578
665,3.6390997022390366,0.751953125,6.78431724446081,0.5034965040522578
666,3.6381926387548447,0.7529296875,6.778378596672645,0.5034965040522578
667,3.6391882449388504,0.751953125,6.775275202620001,0.5034965040522578
668,3.6384994089603424,0.751953125,6.7822692121937,0.5034965040522578
669,3.637824147939682,0.75390625,6.787078630674135,0.5034965040522578
670,3.6360453069210052,0.7529296875,6.776766016766741,0.5034965040522578
671,3.636836960911751,0.751953125,6.779634574632267,0.5034965040522578
672,3.635870948433876,0.75390625,6.780052317328108,0.5034965040522578
673,3.635499343276024,0.751953125,6.779516574663994,0.5034965040522578
674,3.6346774846315384,0.7548828125,6.780319515085998,0.5023310028867566
675,3.6351736932992935,0.7529296875,6.779653146828249,0.5023310028867566
676,3.6344189420342445,0.751953125,6.776573872510648,0.5023310028867566
677,3.634480908513069,0.7548828125,6.777538232870035,0.5023310028867566
678,3.6339558362960815,0.75390625,6.778015965904111,0.5023310028867566
679,3.6330237090587616,0.7548828125,6.772242168168644,0.5023310028867566
680,3.632562220096588,0.75390625,6.7832226697659435,0.5023310028867566
681,3.6323961168527603,0.7529296875,6.775084767864023,0.5034965040522578
682,3.6321939677000046,0.75390625,6.764100262613008,0.5023310028867566
683,3.6318278461694717,0.75390625,6.767386680994278,0.5023310028867566
684,3.6317305117845535,0.7529296875,6.769626355115628,0.5023310028867566
685,3.631151497364044,0.751953125,6.765050643529648,0.5023310028867566
686,3.6305058151483536,0.751953125,6.758435509421608,0.5023310028867566
687,3.63033989071846,0.751953125,6.760142886555278,0.5023310028867566
688,3.629468783736229,0.75390625,6.76313126837457,0.5023310028867566
689,3.6287416368722916,0.75390625,6.769527470871007,0.5023310028867566
690,3.628364697098732,0.7529296875,6.770655209645803,0.5023310028867566
691,3.627708062529564,0.75390625,6.769150463851182,0.5023310028867566
692,3.62750281393528,0.75390625,6.759475106681699,0.5034965040522578
693,3.6268594339489937,0.7529296875,6.765104979624003,0.5023310028867566
694,3.626231148838997,0.75390625,6.761225239102379,0.5023310028867566
695,3.6261547058820724,0.7529296875,6.759196404810552,0.5023310028867566
696,3.625561073422432,0.75390625,6.7561748066704315,0.5023310028867566
697,3.6254284977912903,0.7548828125,6.755088733904289,0.5023310028867566
698,3.624892085790634,0.7548828125,6.761315189041458,0.5034965040522578
699,3.62323085218668,0.7548828125,6.763602180080814,0.5034965040522578
700,3.622642770409584,0.7548828125,6.7611147507087335,0.5023310028867566
701,3.6225220561027527,0.7548828125,6.762642237967823,0.5023310028867566
702,3.622326672077179,0.75390625,6.763659875153939,0.5034965040522578
703,3.6218722611665726,0.7548828125,6.7496923411087,0.5023310028867566
704,3.621559962630272,0.7548828125,6.748679274445647,0.5023310028867566
705,3.6203425377607346,0.7548828125,6.755294427449331,0.5023310028867566
706,3.6203198581933975,0.7548828125,6.759274959564209,0.5023310028867566
707,3.6200893819332123,0.7548828125,6.748695326851798,0.5034965040522578
708,3.618998631834984,0.7548828125,6.752086245930278,0.5034965040522578
709,3.6188324093818665,0.7529296875,6.755868074777243,0.5034965040522578
710,3.6190012246370316,0.751953125,6.7554416989946695,0.5023310028867566
711,3.618282899260521,0.7529296875,6.747451586601062,0.5023310028867566
712,3.6174351274967194,0.7548828125,6.753692078979421,0.5023310028867566
713,3.616493433713913,0.75390625,6.754437122033749,0.5023310028867566
714,3.61684513092041,0.7529296875,6.756351812180384,0.5034965040522578
715,3.615668371319771,0.7529296875,6.751532304537046,0.5023310028867566
716,3.6161317378282547,0.7548828125,6.748319076769279,0.5023310028867566
717,3.6145931035280228,0.751953125,6.75691039967926,0.5023310028867566
718,3.6140067875385284,0.7529296875,6.75382808983187,0.504662005217759
719,3.61263869702816,0.75390625,6.750789079910669,0.504662005217759
720,3.6121125891804695,0.75390625,6.748644397531078,0.504662005217759
721,3.612243130803108,0.7548828125,6.738293096457884,0.504662005217759
722,3.610711917281151,0.75390625,6.7500788448573825,0.5058275063832601
723,3.6094698756933212,0.7548828125,6.749093133530694,0.5058275063832601
724,3.6092431396245956,0.75390625,6.748872636915086,0.5069930075487613
725,3.6079080253839493,0.75390625,6.742042548172957,0.5069930075487613
726,3.608681730926037,0.7548828125,6.73601221649241,0.5069930075487613
727,3.6070466190576553,0.755859375,6.737557695740031,0.5069930075487613
728,3.6056666374206543,0.75390625,6.737349395707493,0.5069930075487613
729,3.6048949360847473,0.755859375,6.740941932429244,0.5081585087142624
730,3.60504150390625,0.75390625,6.738660752356469,0.5081585087142624
731,3.604712337255478,0.7548828125,6.735692711143227,0.5081585087142624
732,3.6039249151945114,0.75390625,6.737474112521796,0.5081585087142624
733,3.6041095852851868,0.7529296875,6.737303302560375,0.5081585087142624
734,3.6032761484384537,0.7509765625,6.736727064306086,0.5081585087142624
735,3.6015851348638535,0.75390625,6.736440008336848,0.5081585087142624
736,3.6010112315416336,0.75390625,6.725495768593741,0.5093240098797636
737,3.601758375763893,0.7548828125,6.722109474502243,0.5093240098797636
738,3.6004217341542244,0.7529296875,6.726923720264213,0.5093240098797636
739,3.6001879423856735,0.75390625,6.728351563006848,0.5093240098797636
740,3.598317012190819,0.755859375,6.731457314569077,0.5081585087142624
741,3.597825765609741,0.755859375,6.732055237243226,0.5081585087142624
742,3.5982247442007065,0.755859375,6.725329505813705,0.5081585087142624
743,3.596440702676773,0.755859375,6.7163843386101,0.5081585087142624
744,3.5970640182495117,0.7529296875,6.710897224488514,0.5093240098797636
745,3.596202403306961,0.7529296875,6.717946115907256,0.5081585087142624
746,3.5954276770353317,0.7568359375,6.725405199544413,0.5081585087142624
747,3.594938263297081,0.755859375,6.726856492893957,0.5081585087142624
748,3.5944076478481293,0.7568359375,6.725225799845093,0.5081585087142624
749,3.593712568283081,0.7548828125,6.725390512070733,0.5081585087142624
750,3.593467488884926,0.7568359375,6.721907801283545,0.5081585087142624
751,3.593900665640831,0.755859375,6.71971264530173,0.5081585087142624
752,3.5929009467363358,0.7568359375,6.721902721689576,0.5081585087142624
753,3.5932355001568794,0.7548828125,6.722096942243598,0.5081585087142624
754,3.592153161764145,0.7548828125,6.717164753200291,0.5081585087142624
755,3.5915925055742264,0.755859375,6.717102580970818,0.5081585087142624
756,3.5925216525793076,0.7529296875,6.72302139722384,0.5104895110452647
757,3.589991733431816,0.7568359375,6.7175072067545285,0.5081585087142624
758,3.5882104635238647,0.7568359375,6.720470717459014,0.5081585087142624
759,3.5878367722034454,0.75390625,6.724728444239476,0.5093240098797636
760,3.5868756026029587,0.7529296875,6.71689686964164,0.5116550122107659
761,3.5861237794160843,0.7529296875,6.714624270414695,0.5104895110452647
762,3.58506491035223,0.7529296875,6.7190484400395745,0.5093240098797636
763,3.583429992198944,0.75390625,6.708687746719325,0.5104895110452647
764,3.5835209488868713,0.7548828125,6.699131372091654,0.5104895110452647
