epoch,loss,single_accuracy,val_loss,val_single_accuracy
0,5.624557793140411,0.5146484375,6.209807744948736,0.5128205135152056
1,5.259017527103424,0.5556640625,6.247750101667462,0.5139860146807068
2,4.90392330288887,0.59765625,6.216148997242356,0.5163170170117092
3,4.720625475049019,0.6103515625,6.185831777977221,0.5186480193427114
4,4.53534759581089,0.625,6.194002377125489,0.522144522839215
5,4.354010984301567,0.6435546875,6.1638048667729874,0.522144522839215
6,4.300203025341034,0.6513671875,6.13971160119508,0.5256410263357185
7,4.040885090827942,0.6826171875,6.138468066573421,0.5268065275012196
8,3.833319753408432,0.693359375,6.074740657717475,0.5268065275012196
9,3.590861991047859,0.7158203125,6.022056507897544,0.529137529832222
10,3.3661839962005615,0.7275390625,5.975235516096884,0.5303030309977231
11,3.108441412448883,0.74609375,5.954647298737283,0.5314685321632243
12,2.9658121839165688,0.7626953125,5.961310547270697,0.5326340333287255
13,2.8889527395367622,0.7880859375,5.95993917082851,0.5349650356597278
14,2.8034718558192253,0.798828125,6.025894714124275,0.5361305368252289
15,2.7283393144607544,0.80078125,6.0175941590662605,0.5337995344942267
16,2.674781195819378,0.80859375,6.008204556845285,0.5372960379907301
17,2.63038320094347,0.81640625,6.033445232675904,0.5349650356597278
18,2.580375738441944,0.8232421875,6.023042221447249,0.5314685321632243
19,2.5486406832933426,0.830078125,6.01643198964757,0.5303030309977231
20,2.529340013861656,0.830078125,6.002040848031744,0.5256410263357185
21,2.4496311247348785,0.8310546875,6.0450911949842405,0.5303030309977231
22,2.436497837305069,0.8369140625,6.052686969717066,0.5314685321632243
23,2.402775414288044,0.8447265625,6.025679374908234,0.5349650356597278
24,2.385195307433605,0.8466796875,6.043359608639093,0.5326340333287255
25,2.364752374589443,0.8466796875,5.9994738852227485,0.5314685321632243
26,2.3334956243634224,0.84765625,5.9784248781093074,0.5326340333287255
27,2.3490003272891045,0.8466796875,5.958054479741272,0.5337995344942267
28,2.318256162106991,0.8486328125,5.996052001739716,0.5349650356597278
29,2.313267420977354,0.8486328125,5.981130367670303,0.5337995344942267
30,2.2692397981882095,0.8515625,5.980380182221775,0.5361305368252289
31,2.2673176750540733,0.8525390625,5.991804975451845,0.5372960379907301
32,2.234254978597164,0.85546875,5.995828078343318,0.5361305368252289
33,2.2224870547652245,0.8544921875,6.015328438409837,0.5349650356597278
34,2.19331905990839,0.859375,6.016159527785295,0.5326340333287255
35,2.189474008977413,0.8583984375,6.014512775661228,0.5337995344942267
36,2.174579828977585,0.8603515625,6.033938690221115,0.5326340333287255
37,2.1449223458766937,0.8623046875,6.032501575274345,0.5314685321632243
38,2.1383806504309177,0.861328125,6.015629828393043,0.5314685321632243
39,2.1382459551095963,0.8623046875,6.014589648702484,0.5303030309977231
40,2.137610137462616,0.86328125,6.049040807710661,0.5314685321632243
41,2.089042231440544,0.865234375,6.07459083303705,0.5303030309977231
42,2.0925786159932613,0.8662109375,6.050139061498753,0.5303030309977231
43,2.075049538165331,0.8662109375,6.044424592753946,0.5337995344942267
44,2.050850860774517,0.8671875,6.0851447876794635,0.5361305368252289
45,2.0609146989881992,0.8681640625,6.055205697502012,0.5361305368252289
46,2.0075120329856873,0.8671875,6.06646526999129,0.5337995344942267
47,2.0316474810242653,0.8671875,6.016012346272146,0.5349650356597278
48,1.9997136928141117,0.8701171875,6.003760184441413,0.5372960379907301
49,1.9795243740081787,0.8701171875,5.955092739114117,0.5361305368252289
50,1.95335453748703,0.873046875,5.94134230936046,0.5396270403217325
51,1.9598470032215118,0.875,5.91741903345068,0.5396270403217325
52,1.9609600454568863,0.875,5.909557260277666,0.5361305368252289
53,1.932923786342144,0.8759765625,5.910877043272787,0.5407925414872337
54,1.9462183378636837,0.8759765625,5.899847144013518,0.5384615391562313
55,1.9452252611517906,0.8759765625,5.900046548643313,0.5361305368252289
56,1.9333628937602043,0.875,5.915800555880531,0.5372960379907301
57,1.9139319732785225,0.87890625,5.929119342412704,0.5349650356597278
58,1.915103867650032,0.876953125,5.950907626074233,0.5337995344942267
59,1.9113297387957573,0.87890625,5.961119411708592,0.5361305368252289
60,1.9175171554088593,0.8779296875,5.951101493168544,0.5396270403217325
61,1.9119875133037567,0.87890625,6.0082612426686675,0.5372960379907301
62,1.92579485476017,0.876953125,6.0054253564847935,0.5372960379907301
63,1.9114793166518211,0.87890625,6.000287941841535,0.5349650356597278
64,1.9262312799692154,0.87890625,6.013645843470291,0.5361305368252289
65,1.9260447323322296,0.8779296875,6.004500818141413,0.5337995344942267
66,1.911428444131161,0.8779296875,5.997251376127585,0.5326340333287255
67,1.9109380841255188,0.8779296875,5.9786316887204185,0.5337995344942267
68,1.9243858754634857,0.87890625,5.973994779697943,0.5361305368252289
69,1.9251490235328674,0.87890625,5.9655492277967905,0.5314685321632243
70,1.9256177097558975,0.8779296875,5.975069252761094,0.5372960379907301
71,1.9251458272337914,0.8779296875,5.988885427132631,0.5349650356597278
72,1.911291353404522,0.87890625,6.003878939123976,0.5337995344942267
73,1.8999098166823387,0.87890625,5.97917424159728,0.5337995344942267
74,1.8864669725298882,0.8779296875,5.994851628105679,0.5326340333287255
75,1.8831276819109917,0.8779296875,5.995188461872804,0.5314685321632243
76,1.8829934373497963,0.8798828125,6.001362574961913,0.529137529832222
77,1.8701126910746098,0.880859375,5.991658657580823,0.5303030309977231
78,1.8790179342031479,0.880859375,6.008122150714581,0.5326340333287255
79,1.8660104870796204,0.880859375,6.008365812279406,0.5303030309977231
80,1.8647454157471657,0.880859375,6.010824329091674,0.5303030309977231
81,1.877110868692398,0.8818359375,6.005617132831564,0.5337995344942267
82,1.8789175972342491,0.8798828125,6.016566645571124,0.5314685321632243
83,1.8918117322027683,0.8818359375,6.00993778655579,0.5303030309977231
84,1.8770630583167076,0.8818359375,6.020000608928831,0.5314685321632243
85,1.8791222870349884,0.880859375,6.04956717368884,0.5314685321632243
86,1.877245083451271,0.8818359375,6.043970661563473,0.5349650356597278
87,1.8772664740681648,0.8828125,6.042642943508975,0.5314685321632243
88,1.8754544481635094,0.8828125,6.0297874570726515,0.5314685321632243
89,1.8767594508826733,0.8828125,6.041676185625694,0.5314685321632243
90,1.848411038517952,0.8828125,6.0427373539317735,0.529137529832222
91,1.8625248242169619,0.8818359375,6.046576327655143,0.5279720286667208
92,1.8619405776262283,0.8828125,6.046275401170993,0.5279720286667208
93,1.848214790225029,0.8828125,6.0404928269641935,0.5326340333287255
94,1.8638606145977974,0.8818359375,6.036572282964533,0.5326340333287255
95,1.8636151030659676,0.8828125,6.025000666682815,0.529137529832222
96,1.8499297071248293,0.8828125,6.026513698773506,0.5279720286667208
97,1.8485725484788418,0.8818359375,6.029100554806369,0.5314685321632243
98,1.8469069935381413,0.8828125,6.038598670826092,0.5314685321632243
99,1.862657230347395,0.8828125,6.054927619187148,0.5314685321632243
100,1.848022360354662,0.8828125,6.043931794333291,0.5268065275012196
101,1.8475841470062733,0.8828125,6.054315026823457,0.5279720286667208
102,1.8514312952756882,0.8818359375,6.055814430708096,0.5303030309977231
103,1.8487615771591663,0.8818359375,6.0276051812516505,0.5279720286667208
104,1.8471992909908295,0.8828125,6.02527100778682,0.529137529832222
105,1.8614213094115257,0.8828125,6.036590170471262,0.5303030309977231
106,1.8633570820093155,0.8828125,6.036030046867602,0.5314685321632243
107,1.862815335392952,0.8828125,6.039757296199843,0.5337995344942267
108,1.8491435907781124,0.8828125,6.025892140982035,0.5337995344942267
109,1.8476101383566856,0.8828125,6.028477502035928,0.5314685321632243
110,1.8480387590825558,0.8828125,6.025181140099372,0.5326340333287255
111,1.8375517129898071,0.8818359375,6.009903116381808,0.5361305368252289
112,1.8608439303934574,0.8828125,5.984417946466477,0.5384615391562313
113,1.8206011094152927,0.8828125,5.978037372891442,0.5349650356597278
114,1.8181958347558975,0.8837890625,5.981986058063996,0.5349650356597278
115,1.8316657729446888,0.8837890625,6.014368370696381,0.5337995344942267
116,1.830302320420742,0.884765625,6.045201997379045,0.5337995344942267
117,1.844818688929081,0.8837890625,6.04770484226289,0.5326340333287255
118,1.831045001745224,0.884765625,6.046357977362502,0.5326340333287255
119,1.8320347480475903,0.8828125,6.020413611040804,0.5326340333287255
120,1.8188479989767075,0.884765625,5.987515346153633,0.5326340333287255
121,1.8157491013407707,0.884765625,5.992165294282642,0.5337995344942267
122,1.817193460650742,0.884765625,5.997614275881182,0.5337995344942267
123,1.8300205320119858,0.884765625,5.993279006931331,0.5337995344942267
124,1.8169848434627056,0.884765625,5.995911400357048,0.5349650356597278
125,1.8302217572927475,0.884765625,6.012232874934768,0.5326340333287255
126,1.8168126083910465,0.884765625,6.013473704144671,0.5326340333287255
127,1.8188691101968288,0.884765625,6.010636619754605,0.5337995344942267
128,1.8172975480556488,0.884765625,6.011255649975686,0.5326340333287255
129,1.817441537976265,0.884765625,5.984277531817243,0.5337995344942267
130,1.8306306861341,0.884765625,5.9884909049614325,0.5337995344942267
131,1.8311954624950886,0.884765625,5.99772646154835,0.5337995344942267
132,1.8304333239793777,0.8837890625,6.011835576215268,0.5326340333287255
133,1.817043412476778,0.884765625,6.005753331528955,0.5326340333287255
134,1.830156510695815,0.884765625,6.008921329791729,0.5349650356597278
135,1.8159738071262836,0.884765625,6.022969086964925,0.5372960379907301
136,1.8290743380784988,0.8857421875,6.019182613123824,0.5349650356597278
137,1.8286961764097214,0.8857421875,6.0170524548261595,0.5372960379907301
138,1.816346749663353,0.8857421875,6.0212267484420385,0.5372960379907301
139,1.80223248898983,0.8857421875,6.05529668225553,0.5372960379907301
140,1.7894842729438096,0.8857421875,6.039635094173582,0.5349650356597278
141,1.7871750518679619,0.8857421875,6.05443685760587,0.5314685321632243
142,1.7851725295186043,0.88671875,6.063360996735402,0.5337995344942267
143,1.7846153266727924,0.88671875,6.048915994195116,0.5314685321632243
144,1.8007276877760887,0.88671875,6.051401865232241,0.5326340333287255
145,1.7988487891852856,0.88671875,6.06189054653639,0.5349650356597278
146,1.8000552169978619,0.88671875,6.0767300390141274,0.5349650356597278
147,1.7854733858257532,0.88671875,6.035815956987145,0.5361305368252289
148,1.79875666834414,0.88671875,5.987760184805988,0.5372960379907301
149,1.799201425164938,0.88671875,5.992263128151705,0.5384615391562313
150,1.7990212105214596,0.88671875,5.991110457129134,0.5384615391562313
151,1.813080094754696,0.88671875,6.02233586389146,0.5372960379907301
152,1.799054779112339,0.88671875,6.014468047446583,0.5372960379907301
153,1.7886150069534779,0.88671875,6.0213407269724595,0.5361305368252289
154,1.7898079417645931,0.8857421875,6.055333728834744,0.5349650356597278
155,1.7700965106487274,0.8876953125,6.0859529933173615,0.5349650356597278
156,1.784784384071827,0.8876953125,6.071534744787328,0.5349650356597278
157,1.7972056418657303,0.8876953125,6.113086284735264,0.5337995344942267
158,1.7876440361142159,0.8876953125,6.153007499543659,0.5326340333287255
159,1.7699747625738382,0.8876953125,6.180535083050494,0.5337995344942267
160,1.7842048108577728,0.8876953125,6.140654330487018,0.5337995344942267
161,1.7849415764212608,0.8876953125,6.114560958666679,0.5337995344942267
162,1.7698028087615967,0.8876953125,6.033183615802329,0.5349650356597278
163,1.7833352982997894,0.8876953125,6.029051142694789,0.5349650356597278
164,1.7852200344204903,0.8876953125,6.0290123254824906,0.5349650356597278
165,1.7830857373774052,0.8876953125,6.02866353410663,0.5349650356597278
166,1.7852060087025166,0.8876953125,6.063058447448801,0.5337995344942267
167,1.783183385618031,0.8876953125,6.100240697393884,0.5349650356597278
168,1.7715039886534214,0.8876953125,6.130603032234387,0.5337995344942267
169,1.7722936943173409,0.8876953125,6.117145171532264,0.5349650356597278
170,1.784867100417614,0.8876953125,6.142855486391864,0.5361305368252289
171,1.782975673675537,0.8876953125,6.127452313483178,0.5349650356597278
172,1.7972911596298218,0.8876953125,6.14420924375663,0.5349650356597278
173,1.797195691615343,0.8876953125,6.142197526696123,0.5337995344942267
174,1.7971639446914196,0.8876953125,6.1717090184316215,0.5326340333287255
175,1.7977032586932182,0.8876953125,6.160682621535721,0.5326340333287255
176,1.7971543595194817,0.8876953125,6.135654018197582,0.5326340333287255
177,1.7970967143774033,0.8876953125,6.109027699157075,0.5326340333287255
178,1.797100156545639,0.8876953125,6.132302624362332,0.5337995344942267
179,1.797476015985012,0.8876953125,6.110930323878646,0.5314685321632243
180,1.7972935661673546,0.8876953125,6.114034153642632,0.5326340333287255
181,1.79716881737113,0.8876953125,6.069559558566078,0.5337995344942267
182,1.7971449047327042,0.8876953125,6.130008089514601,0.5326340333287255
183,1.7721188738942146,0.8876953125,6.154726919872222,0.5326340333287255
184,1.7695418186485767,0.8876953125,6.146826271688465,0.5303030309977231
185,1.7692324817180634,0.8876953125,6.146567355780612,0.5303030309977231
186,1.769163778051734,0.8876953125,6.148925144355614,0.5314685321632243
187,1.7689685001969337,0.8876953125,6.157374454267098,0.529137529832222
188,1.783217892050743,0.8876953125,6.1714444104886,0.5314685321632243
189,1.7972683096304536,0.8876953125,6.151169697999398,0.5314685321632243
190,1.7972683236002922,0.8876953125,6.147083033492793,0.5314685321632243
191,1.7977111637592316,0.8876953125,6.133135494374451,0.5314685321632243
192,1.7975923866033554,0.8876953125,6.1049557599154385,0.5326340333287255
193,1.7972683422267437,0.8876953125,6.077902568248046,0.5361305368252289
194,1.797286730259657,0.8876953125,6.1041952846767185,0.5361305368252289
195,1.7972683254629374,0.8876953125,6.118219711285927,0.5349650356597278
196,1.7972880005836487,0.8876953125,6.1194526015461745,0.5349650356597278
197,1.7837250903248787,0.8876953125,6.119938455261551,0.5337995344942267
198,1.7841813117265701,0.8876953125,6.064943831561607,0.5337995344942267
199,1.7841738872230053,0.8876953125,6.095220972608019,0.5326340333287255
200,1.797308161854744,0.8876953125,6.112093849893494,0.5326340333287255
201,1.7829703837633133,0.8876953125,6.119785847919526,0.5337995344942267
202,1.7894180119037628,0.8876953125,6.1150095134904054,0.5349650356597278
203,1.7845058515667915,0.8876953125,6.129407169101955,0.5349650356597278
204,1.7835125848650932,0.8876953125,6.108701508639854,0.5349650356597278
205,1.7829556353390217,0.8876953125,6.11111751358548,0.5349650356597278
206,1.7843201458454132,0.8876953125,6.137234331010939,0.5396270403217325
207,1.7701573111116886,0.88671875,6.201616932462145,0.5361305368252289
208,1.771667243912816,0.8876953125,6.160213139785197,0.5349650356597278
209,1.7839682884514332,0.8876953125,6.168633040848312,0.5326340333287255
210,1.7834162525832653,0.8876953125,6.144819718140822,0.5337995344942267
211,1.7828994365409017,0.8876953125,6.1596657479559624,0.5349650356597278
212,1.7831106185913086,0.8876953125,6.159985680680175,0.5326340333287255
213,1.784320030361414,0.8876953125,6.073758863346838,0.529137529832222
214,1.7836962267756462,0.8876953125,6.0963678287737295,0.5303030309977231
215,1.7978549860417843,0.8876953125,6.098195178247554,0.5314685321632243
216,1.797165971249342,0.8876953125,6.084382845249487,0.5303030309977231
217,1.798735462129116,0.88671875,6.086700094329728,0.5337995344942267
218,1.7832190729677677,0.8876953125,6.124567121892542,0.5337995344942267
219,1.7833071816712618,0.8876953125,6.122930254413809,0.5326340333287255
220,1.797407791018486,0.8876953125,6.098628239753919,0.5326340333287255
221,1.7975764349102974,0.8876953125,6.108226476571499,0.5361305368252289
222,1.7973894849419594,0.8876953125,6.14378026148656,0.5326340333287255
223,1.7974989004433155,0.8876953125,6.174631003177527,0.5326340333287255
224,1.7890990674495697,0.8876953125,6.152655173570682,0.5337995335216567
225,1.783423263579607,0.8876953125,6.140919657576056,0.5326340323561555
226,1.7701641134917736,0.8876953125,6.1664598749512,0.5326340323561555
227,1.7836340740323067,0.8876953125,6.173247020561378,0.5349650346871578
228,1.7679488826543093,0.888671875,6.164769808451335,0.536130535852659
229,1.7673480026423931,0.888671875,6.163557884020683,0.5349650346871578
230,1.7690077908337116,0.888671875,6.11218787795736,0.5349650346871578
231,1.7679936587810516,0.888671875,6.114619514047405,0.5349650346871578
232,1.781578466296196,0.888671875,6.152468063336708,0.5337995335216567
233,1.7818209528923035,0.888671875,6.131339714521572,0.5326340323561555
234,1.7677380293607712,0.888671875,6.155847503866627,0.5326340323561555
235,1.7674582712352276,0.888671875,6.165360146191293,0.529137529832222
236,1.7690149396657944,0.8876953125,6.177465820090198,0.5314685321632243
237,1.7676849253475666,0.888671875,6.162429048186971,0.5337995335216567
238,1.7673247903585434,0.888671875,6.180535523207872,0.5349650346871578
239,1.7675779312849045,0.888671875,6.173184883900178,0.5314685311906543
240,1.7813884355127811,0.888671875,6.165212251089669,0.5326340323561555
241,1.781526517122984,0.888671875,6.147235092305359,0.5326340323561555
242,1.7813563980162144,0.888671875,6.17841598092815,0.5314685311906543
243,1.7813834585249424,0.888671875,6.13830034327118,0.5326340323561555
244,1.781556349247694,0.888671875,6.1794687351146775,0.5303030300251532
245,1.7818020544946194,0.888671875,6.176845321566352,0.529137528859652
246,1.7813563905656338,0.888671875,6.162259283043566,0.529137528859652
247,1.7815094403922558,0.888671875,6.149571564369824,0.5303030300251532
248,1.7816842012107372,0.888671875,6.153694821960165,0.5303030300251532
249,1.7815161645412445,0.888671875,6.1704256251141745,0.5268065265286497
250,1.7816556543111801,0.888671875,6.182066835167802,0.5268065265286497
251,1.7814177256077528,0.888671875,6.155469557622096,0.5268065265286497
252,1.7814822494983673,0.888671875,6.169736679895219,0.5256410253631485
253,1.7813564166426659,0.888671875,6.183038104664195,0.5268065265286497
254,1.7815308533608913,0.888671875,6.174607890469211,0.529137528859652
255,1.7697074972093105,0.888671875,6.164754359594314,0.5279720276941509
256,1.7683661878108978,0.888671875,6.175446253556472,0.5279720276941509
257,1.7816593870520592,0.888671875,6.222991752179908,0.5279720286667208
258,1.768962550908327,0.888671875,6.172977225208061,0.5314685321632243
259,1.766117423772812,0.8896484375,6.151881221846823,0.5337995335216567
260,1.7668994963169098,0.8896484375,6.140642432343988,0.5326340323561555
261,1.754129771143198,0.888671875,6.129968555379303,0.5303030309977231
262,1.7659696266055107,0.8896484375,6.141100428876899,0.5314685321632243
263,1.738964387215674,0.8896484375,6.121924921627089,0.5314685321632243
264,1.7508344948291779,0.890625,6.1070873954079365,0.5326340333287255
265,1.7501509487628937,0.890625,6.186868207438009,0.5279720286667208
266,1.750306025147438,0.890625,6.1889543166527385,0.5303030309977231
267,1.7500698454678059,0.890625,6.173566913827038,0.5314685321632243
268,1.7500473484396935,0.890625,6.162475844918987,0.5314685321632243
269,1.7505155056715012,0.890625,6.138116235221738,0.5337995344942267
270,1.7501101419329643,0.890625,6.116646373188579,0.5314685321632243
271,1.7502649798989296,0.890625,6.108576331105265,0.5314685321632243
272,1.7503087744116783,0.890625,6.118256225452557,0.5326340333287255
273,1.7500626724213362,0.890625,6.128758059237109,0.5326340333287255
274,1.7387771010398865,0.890625,6.145984281748881,0.5303030309977231
275,1.735420860350132,0.8916015625,6.179637139771646,0.5361305368252289
276,1.7059545572847128,0.8916015625,6.180483360112686,0.5337995344942267
277,1.7037842497229576,0.8935546875,6.20337298199847,0.5326340333287255
278,1.7192683853209019,0.892578125,6.189365363621212,0.5337995344942267
279,1.704840987920761,0.892578125,6.1750441119943185,0.5337995344942267
280,1.7033955603837967,0.8935546875,6.174733997780682,0.5337995344942267
281,1.7036134339869022,0.8935546875,6.173844001787804,0.5314685321632243
282,1.690547663718462,0.8935546875,6.168936294831318,0.5337995344942267
283,1.689327646046877,0.8935546875,6.153621380145733,0.5361305368252289
284,1.691889826208353,0.8935546875,6.156522593020282,0.5361305368252289
285,1.6913674660027027,0.8935546875,6.175046164950569,0.5372960370181602
286,1.6900478191673756,0.8935546875,6.166779294714227,0.5384615381836614
287,1.6900545433163643,0.892578125,6.171135077665458,0.5396270393491625
288,1.704067438840866,0.8935546875,6.170243092072316,0.5326340333287255
289,1.703684339299798,0.8935546875,6.158094605087956,0.5326340333287255
290,1.7038024310022593,0.8935546875,6.159050187864504,0.5384615391562313
291,1.689306203275919,0.8935546875,6.157238222224451,0.5384615381836614
292,1.6767346076667309,0.8935546875,6.167616700792646,0.536130535852659
293,1.6774536818265915,0.8935546875,6.160214807603743,0.5326340323561555
294,1.6891399063169956,0.8935546875,6.168960599076776,0.5349650346871578
295,1.7038016505539417,0.8935546875,6.155515198385243,0.5337995335216567
296,1.704273246228695,0.892578125,6.128682937933292,0.5337995335216567
297,1.7034263871610165,0.8935546875,6.144521367577684,0.5337995335216567
298,1.7037053667008877,0.8935546875,6.19731960318861,0.5372960370181602
299,1.7034748420119286,0.8935546875,6.189852179902973,0.5349650346871578
300,1.7033411096781492,0.8935546875,6.18904743439112,0.5349650346871578
301,1.7033557016402483,0.8935546875,6.18882674326152,0.5349650346871578
302,1.7036407310515642,0.8935546875,6.176252684115252,0.5349650346871578
303,1.7033411525189877,0.8935546875,6.1754373203624375,0.5372960370181602
304,1.7034430727362633,0.8935546875,6.168017412954833,0.5372960370181602
305,1.7039539963006973,0.8935546875,6.188606998025676,0.5349650346871578
306,1.7034114748239517,0.8935546875,6.168775033839655,0.5326340323561555
307,1.7037277203053236,0.8935546875,6.1773328136452985,0.536130535852659
308,1.7033428475260735,0.8935546875,6.199925026971421,0.5349650346871578
309,1.7034580558538437,0.8935546875,6.229336116141651,0.5349650346871578
310,1.7034697979688644,0.8935546875,6.259859730869462,0.5372960370181602
311,1.703341105952859,0.8935546875,6.259258744877813,0.5384615381836614
312,1.6927323080599308,0.8935546875,6.249324729670455,0.5372960370181602
313,1.703429963439703,0.8935546875,6.236669635995007,0.5372960370181602
314,1.6902313604950905,0.8935546875,6.234470324082808,0.5372960370181602
315,1.7033411376178265,0.8935546875,6.23325514404368,0.536130535852659
316,1.7034876570105553,0.8935546875,6.24657603132697,0.5349650346871578
317,1.7033410891890526,0.8935546875,6.234691012989391,0.5349650346871578
318,1.6913228817284107,0.8935546875,6.233397987339046,0.5337995335216567
319,1.6906540617346764,0.8935546875,6.248115920798206,0.5326340323561555
320,1.7033411413431168,0.8935546875,6.2364766892297565,0.5349650346871578
321,1.7033411283046007,0.8935546875,6.235466925970046,0.5349650346871578
322,1.7033734694123268,0.8935546875,6.240319126413697,0.536130535852659
323,1.6919964142143726,0.8935546875,6.238409929342203,0.5326340323561555
324,1.690025134012103,0.8935546875,6.22513391365816,0.536130535852659
325,1.6614147312939167,0.8935546875,6.237616760191662,0.5372960379907301
326,1.6737181209027767,0.8955078125,6.219702379408972,0.5396270403217325
327,1.661901332437992,0.8955078125,6.20697349823994,0.5361305368252289
328,1.6585607007145882,0.8955078125,6.239336198304361,0.5349650356597278
329,1.6569100767374039,0.896484375,6.209868716749,0.5361305368252289
330,1.65699852257967,0.896484375,6.202144373824824,0.5419580416801648
331,1.6573363691568375,0.896484375,6.1718826905275,0.5419580416801648
332,1.6575146820396185,0.896484375,6.199492900799482,0.5407925405146636
333,1.6430049532609479,0.896484375,6.157503076366611,0.5407925414872337
334,1.642602488398552,0.896484375,6.167962435520057,0.5361305368252289
335,1.6579118147492409,0.896484375,6.144888878424407,0.5372960371570987
336,1.6571055613458157,0.896484375,6.112331793858455,0.5396270394881011
337,1.6571702659130096,0.896484375,6.121776898146232,0.5396270394881011
338,1.6452755630016327,0.896484375,6.12246180303169,0.5396270394881011
339,1.6296055689454079,0.896484375,6.114593290226721,0.5396270394881011
340,1.6427085101604462,0.896484375,6.110474536468932,0.5396270394881011
341,1.6569957546889782,0.896484375,6.113846821106953,0.5396270394881011
342,1.6571204960346222,0.896484375,6.088048848238858,0.5442890441501057
343,1.6439756006002426,0.8955078125,6.085138332037936,0.5419580418191033
344,1.6439970433712006,0.896484375,6.084109725929919,0.5419580426527348
345,1.6430071517825127,0.896484375,6.11656941622843,0.5442890440111672
346,1.6424914337694645,0.896484375,6.130673902018087,0.5419580416801648
347,1.642498604953289,0.896484375,6.130491739108568,0.543123542845666
348,1.6424918863922358,0.896484375,6.091147946866798,0.5442890440111672
349,1.656659185886383,0.896484375,6.104786980124342,0.543123542845666
350,1.6571319997310638,0.896484375,6.089085823450333,0.543123542845666
351,1.6566349416971207,0.896484375,6.118360792284523,0.543123542845666
352,1.6430084928870201,0.896484375,6.13058818470348,0.543123542845666
353,1.6280116215348244,0.8974609375,6.145446820692583,0.5419580416801648
354,1.6411217600107193,0.8974609375,6.1482494938901535,0.5419580416801648
355,1.6279378170147538,0.8974609375,6.132668269541991,0.5419580416801648
356,1.641066212207079,0.8974609375,6.130956065126788,0.5419580416801648
357,1.6410915069282055,0.8974609375,6.1299947691964105,0.5407925405146636
358,1.6412640362977982,0.8974609375,6.100906093081672,0.5419580416801648
359,1.6279249005019665,0.8974609375,6.091237836228662,0.5407925405146636
360,1.6268643140792847,0.8974609375,6.132856966454388,0.5384615381836614
361,1.6414058841764927,0.8974609375,6.11855799446017,0.5372960379907301
362,1.641089559532702,0.8974609375,6.116879931140891,0.5407925414872337
363,1.6414093375205994,0.8974609375,6.114180969469475,0.5407925414872337
364,1.641066201031208,0.8974609375,6.098403727813756,0.5384615381836614
365,1.6410661675035954,0.8974609375,6.097970914729547,0.5396270393491625
366,1.6410661824047565,0.8974609375,6.097708615389737,0.5396270393491625
367,1.6410661824047565,0.8974609375,6.088339146478471,0.5396270393491625
368,1.6410661842674017,0.8974609375,6.0845307264572535,0.5396270393491625
369,1.641066176816821,0.8974609375,6.083551405748843,0.5396270393491625
370,1.615771859884262,0.8974609375,6.096315816843704,0.5407925405146636
371,1.6140543185174465,0.8974609375,6.098725959137603,0.5407925405146636
372,1.614092618227005,0.8974609375,6.136873111302481,0.5407925405146636
373,1.6293577905744314,0.8974609375,6.162524439516045,0.543123542845666
374,1.6414185427129269,0.8974609375,6.178437942113632,0.543123542845666
375,1.6412377543747425,0.8974609375,6.203074740363168,0.543123542845666
376,1.6414334364235401,0.8974609375,6.190567343385069,0.5407925405146636
377,1.641325045377016,0.8974609375,6.131061767920469,0.5419580416801648
378,1.641832746565342,0.8974609375,6.141984378263389,0.5407925406536023
379,1.6412377953529358,0.8974609375,6.130334644606619,0.5419580418191033
380,1.6413205601274967,0.8974609375,6.1282513636253375,0.5372960371570987
381,1.6412387834861875,0.8974609375,6.122387107991394,0.5372960371570987
382,1.6412546336650848,0.8974609375,6.115050697660113,0.5361305359915975
383,1.629310104995966,0.8974609375,6.116611768037845,0.5372960379907301
384,1.625530194491148,0.8984375,6.116089794741366,0.5372960379907301
385,1.625607369467616,0.8984375,6.1550746186352,0.5396270403217325
386,1.6256423629820347,0.8984375,6.120825187309639,0.5419580426527348
387,1.6255253851413727,0.8984375,6.0945238783642965,0.5431235438182359
388,1.6254989616572857,0.8984375,6.088661845191654,0.5407925414872337
389,1.6254974268376827,0.8984375,6.089203517753761,0.5419580426527348
390,1.6255849301815033,0.8984375,6.054455778815529,0.5431235438182359
391,1.6258943937718868,0.8984375,6.062803992580423,0.5442890449837371
392,1.6119943223893642,0.8984375,6.046062521723322,0.5454545461492383
393,1.6134443059563637,0.8984375,6.083145847409478,0.5431235438182359
394,1.6099685803055763,0.8994140625,6.070148716995488,0.5454545451766684
395,1.6100048758089542,0.8994140625,6.072173710469599,0.5454545451766684
396,1.6099287271499634,0.8994140625,6.096092294701886,0.5454545451766684
397,1.6100603938102722,0.8994140625,6.07193649398697,0.5466200463421695
398,1.6099287085235119,0.8994140625,6.0821453430157995,0.5466200463421695
399,1.6101780906319618,0.8994140625,6.045285868477988,0.5466200463421695
400,1.5972506254911423,0.8994140625,6.037759391855804,0.5477855475076706
401,1.5963658690452576,0.8984375,6.082039007218012,0.5454545461492383
402,1.6099861711263657,0.8994140625,6.101707558531861,0.5454545461492383
403,1.609928734600544,0.8994140625,6.116163590571263,0.5454545461492383
404,1.6099287327378988,0.8994140625,6.116311499566743,0.5454545461492383
405,1.6099644303321838,0.8994140625,6.102706470689573,0.5454545461492383
406,1.6099287122488022,0.8994140625,6.112642685572307,0.5442890449837371
407,1.6102252937853336,0.8994140625,6.101489692301183,0.5454545451766684
408,1.6103262286633253,0.8994140625,6.092920524534923,0.5442890449837371
409,1.6101216226816177,0.8994140625,6.115708908556781,0.5442890440111672
410,1.6099949777126312,0.8994140625,6.147900528007454,0.5442890440111672
411,1.5979059599339962,0.8994140625,6.147544365662795,0.5442890440111672
412,1.5963007099926472,0.8994140625,6.126775694338036,0.5407925414872337
413,1.5944553539156914,0.900390625,6.120966488942678,0.5396270403217325
414,1.5805035457015038,0.900390625,6.129963928725058,0.543123542845666
415,1.5943850502371788,0.900390625,6.123364470777534,0.5442890440111672
416,1.5799906710162759,0.900390625,6.120195867854121,0.5442890440111672
417,1.5810954421758652,0.900390625,6.146326119527394,0.5419580416801648
418,1.5800492437556386,0.900390625,6.190889685859769,0.5419580416801648
419,1.594188379123807,0.900390625,6.167971184759429,0.5419580416801648
420,1.594188403338194,0.900390625,6.176724902955525,0.5407925414872337
421,1.5941949933767319,0.900390625,6.161204740995571,0.5442890440111672
422,1.5941883586347103,0.900390625,6.160634837228379,0.5442890440111672
423,1.5942302346229553,0.900390625,6.164478860534988,0.5454545451766684
424,1.5941883884370327,0.900390625,6.180101113441663,0.5454545451766684
425,1.594229344278574,0.900390625,6.170291435468447,0.5442890440111672
426,1.5804487280547619,0.900390625,6.129744369666893,0.5419580416801648
427,1.5800323653966188,0.900390625,6.127943425745397,0.5419580416801648
428,1.5942021906375885,0.900390625,6.1672248645818035,0.5454545451766684
429,1.5807617753744125,0.900390625,6.149366696675618,0.5477855475076706
430,1.594188380986452,0.900390625,6.1333568968695085,0.5466200463421695
431,1.594358041882515,0.900390625,6.113861772008153,0.5477855475076706
432,1.5941883847117424,0.900390625,6.104338351385299,0.5477855475076706
433,1.5941883884370327,0.900390625,6.112413327454965,0.5477855475076706
434,1.5941883847117424,0.900390625,6.114290376921078,0.5477855475076706
435,1.5815451741218567,0.900390625,6.114148487855783,0.5477855475076706
436,1.5820565707981586,0.900390625,6.087503430448768,0.5454545451766684
437,1.594360001385212,0.900390625,6.086767141079847,0.5442890440111672
438,1.5943600200116634,0.900390625,6.088995445580472,0.5442890440111672
439,1.5944500416517258,0.900390625,6.099609848502633,0.5454545451766684
440,1.5944728776812553,0.900390625,6.119728457955492,0.543123542845666
441,1.5945405289530754,0.900390625,6.119387735575785,0.543123542845666
442,1.5947268530726433,0.900390625,6.11635532468071,0.5454545451766684
443,1.5944044440984726,0.900390625,6.082302298579183,0.550116549838673
444,1.5943599715828896,0.900390625,6.087540088555752,0.5454545451766684
445,1.5943762585520744,0.900390625,6.074221812205993,0.5466200463421695
446,1.5686689764261246,0.900390625,6.072625263587578,0.5466200463421695
447,1.5657485568480984,0.9013671875,6.065154254575432,0.5477855475076706
448,1.5940168127417564,0.900390625,6.06249527886753,0.5489510486731718
449,1.5944023001939058,0.900390625,6.042075153831002,0.550116549838673
450,1.5814590193331242,0.900390625,6.028157418146556,0.5489510486731718
451,1.5806853920221329,0.900390625,6.0264743635982345,0.550116549838673
452,1.5940534509718418,0.900390625,6.02264372229854,0.5489510486731718
453,1.5685996487736702,0.900390625,6.046074201454927,0.5489510486731718
454,1.578276477754116,0.9013671875,6.0180355707804365,0.5489510486731718
455,1.578374132514,0.9013671875,6.041494003820531,0.5489510486731718
456,1.5784220211207867,0.9013671875,6.028334060748974,0.5477855475076706
457,1.5783346593379974,0.9013671875,6.04029961899444,0.5477855484802406
458,1.5656183268874884,0.9013671875,6.013599751434682,0.5466200473147395
459,1.5625361911952496,0.90234375,6.01336334023998,0.5466200473147395
460,1.5626237113028765,0.90234375,6.023847386553571,0.5431235438182359
461,1.548943117260933,0.90234375,6.002780734242259,0.5431235438182359
462,1.5470167882740498,0.9033203125,5.977518548498621,0.5442890449837371
463,1.5478320345282555,0.90234375,5.977441616547414,0.5454545461492383
464,1.5334033332765102,0.9033203125,5.993213713585914,0.5454545461492383
465,1.5470647551119328,0.9033203125,6.006610202344703,0.5431235438182359
466,1.5328442081809044,0.9033203125,6.011196275413175,0.5442890449837371
467,1.5347222778946161,0.9033203125,6.049541281097697,0.5442890440111672
468,1.5339085347950459,0.9033203125,6.061735007590626,0.5442890440111672
469,1.5329203512519598,0.9033203125,6.083528353061987,0.5454545461492383
470,1.5314393602311611,0.904296875,6.089156484270429,0.5431235438182359
471,1.5217287801206112,0.9033203125,6.104254970461616,0.5361305368252289
472,1.5172980707138777,0.904296875,6.116557476959584,0.5396270403217325
473,1.5164285600185394,0.9052734375,6.128842371604938,0.5407925405146636
474,1.5163213554769754,0.9052734375,6.13221929567955,0.5419580416801648
475,1.515829935669899,0.9052734375,6.132405226602977,0.5407925405146636
476,1.5165590271353722,0.9052734375,6.142369751607899,0.5407925405146636
477,1.5168776158243418,0.904296875,6.109363695958278,0.5396270393491625
478,1.515921731479466,0.9052734375,6.09831061730018,0.5384615391562313
479,1.5158696435391903,0.9052734375,6.067921542899036,0.5407925405146636
480,1.5158299207687378,0.9052734375,6.066125598542896,0.5396270393491625
481,1.516194000840187,0.9052734375,6.084653196357069,0.5419580416801648
482,1.5158404149115086,0.9052734375,6.08315786059364,0.5407925405146636
483,1.515958972275257,0.9052734375,6.060785791534922,0.5407925405146636
484,1.5158299673348665,0.9052734375,6.053380800571753,0.5372960370181602
485,1.5159501768648624,0.9052734375,6.027707333331342,0.5396270393491625
486,1.515834804624319,0.9052734375,6.039649116409408,0.5407925405146636
487,1.515959307551384,0.9052734375,6.038681875019918,0.5419580416801648
488,1.5158910229802132,0.9052734375,6.013826199066945,0.5466200463421695
489,1.5158834531903267,0.9052734375,6.013349477505629,0.5477855475076706
490,1.5158299058675766,0.9052734375,6.029179774242126,0.5454545451766684
491,1.5158299338072538,0.9052734375,6.038190737193003,0.5466200463421695
492,1.515890789218247,0.9052734375,6.054746122071237,0.5419580416801648
493,1.5158299412578344,0.9052734375,6.056209321900125,0.543123542845666
494,1.5159413423389196,0.9052734375,6.0408046117751475,0.5419580416801648
495,1.5158954001963139,0.9052734375,6.0631124356409885,0.5442890440111672
496,1.516657404601574,0.904296875,6.053428070806401,0.5442890440111672
497,1.5160509832203388,0.9052734375,6.066777291553559,0.543123542845666
498,1.5158567875623703,0.9052734375,6.07696804188904,0.5442890440111672
499,1.5158299580216408,0.9052734375,6.076241601041425,0.5442890440111672
500,1.5158506073057652,0.9052734375,6.078649280788182,0.543123542845666
501,1.5043731853365898,0.904296875,6.084109132940119,0.5384615391562313
502,1.500261202454567,0.90625,6.086182725457323,0.5396270403217325
503,1.500498902052641,0.90625,6.070529328637468,0.5396270403217325
504,1.500261191278696,0.90625,6.053993539654569,0.5396270393491625
505,1.5002612099051476,0.90625,6.061891941479592,0.5396270393491625
506,1.5002727210521698,0.90625,6.107848317473085,0.5396270393491625
507,1.5002855584025383,0.90625,6.126663009047786,0.5361305368252289
508,1.5017824731767178,0.9052734375,6.091129341881314,0.5361305368252289
509,1.500576350837946,0.90625,6.060590188264291,0.5407925405146636
510,1.5015537589788437,0.9052734375,6.073713540475129,0.5419580416801648
511,1.5002612173557281,0.90625,6.0744729986835475,0.5419580416801648
512,1.5002611931413412,0.90625,6.074221100840536,0.5419580416801648
513,1.5002612099051476,0.90625,6.073602734190045,0.5407925405146636
514,1.5002612117677927,0.90625,6.073283452254075,0.5396270403217325
515,1.5002612136304379,0.90625,6.07310332451667,0.5396270403217325
516,1.5002612033858895,0.90625,6.072808484653215,0.5396270403217325
517,1.5002612136304379,0.90625,6.0725775732027065,0.5384615391562313
518,1.5002612192183733,0.90625,6.072360515594482,0.5384615391562313
519,1.5002612099051476,0.90625,6.072269863182014,0.5384615391562313
520,1.5002611950039864,0.90625,6.072176567602269,0.5384615391562313
521,1.500261228531599,0.90625,6.072164277652482,0.5384615391562313
522,1.5002612099051476,0.90625,6.071988551488845,0.5396270403217325
523,1.5007481658831239,0.90625,6.093065739789487,0.5396270403217325
524,1.5003916136920452,0.90625,6.13014684023557,0.5361305368252289
525,1.4863891154527664,0.90625,6.129823526858172,0.5349650356597278
526,1.4846924562007189,0.9072265625,6.15436670330021,0.5349650356597278
527,1.4847900811582804,0.9072265625,6.15785827281036,0.5349650356597278
528,1.4846924729645252,0.9072265625,6.147728138036661,0.5337995344942267
529,1.4848023392260075,0.9072265625,6.1370739758987245,0.5349650356597278
530,1.4846944957971573,0.9072265625,6.137190763211195,0.5349650356597278
531,1.4767694855108857,0.9072265625,6.148958949220209,0.5349650356597278
532,1.4846924804151058,0.9072265625,6.111575834678881,0.5337995344942267
533,1.4852363839745522,0.9072265625,6.139047879439134,0.5337995335216567
534,1.4848640486598015,0.9072265625,6.170473319389325,0.536130535852659
535,1.4707384146749973,0.9072265625,6.1179063681400185,0.536130535852659
536,1.484692469239235,0.9072265625,6.093135648674065,0.536130535852659
537,1.4847030155360699,0.9072265625,6.077168933717243,0.5337995335216567
538,1.484692469239235,0.9072265625,6.090336643454634,0.5337995335216567
539,1.4851433591502206,0.9072265625,6.07171176085661,0.5372960370181602
540,1.4846924543380737,0.9072265625,6.072449395706603,0.536130535852659
541,1.4846924729645252,0.9072265625,6.071942254935667,0.536130535852659
542,1.4847176298499107,0.9072265625,6.085069894790649,0.5326340323561555
543,1.471578961238265,0.9072265625,6.103553724733544,0.5349650346871578
544,1.4846924394369125,0.9072265625,6.132926351262695,0.5349650346871578
545,1.4711078125983477,0.9072265625,6.105637009049351,0.5349650346871578
546,1.4846924506127834,0.9072265625,6.072701903767797,0.5314685311906543
547,1.4848739579319954,0.9072265625,6.076482318220161,0.5326340323561555
548,1.472037241794169,0.90625,6.080950066204116,0.5372960370181602
549,1.484944717027247,0.9072265625,6.105468408211128,0.536130535852659
550,1.4704926628619432,0.9072265625,6.106086525327954,0.536130535852659
551,1.4846924617886543,0.9072265625,6.103420883347661,0.5372960370181602
552,1.484801709651947,0.9072265625,6.074655548953788,0.5407925405146636
553,1.4846924655139446,0.9072265625,6.07254425295583,0.5396270393491625
554,1.4846924850717187,0.9072265625,6.071459589026746,0.5396270393491625
555,1.4848780892789364,0.9072265625,6.072446744758766,0.5419580416801648
556,1.4713276699185371,0.9072265625,6.118678371945183,0.5372960370181602
557,1.484885584563017,0.9072265625,6.121731767009744,0.5337995344942267
558,1.473915334790945,0.90625,6.114147874303075,0.5349650346871578
559,1.4853712245821953,0.9072265625,6.099249107298595,0.5407925405146636
560,1.4860268533229828,0.90625,6.118837180393281,0.5407925405146636
561,1.4849704876542091,0.9072265625,6.106662682442121,0.5419580416801648
562,1.4848640821874142,0.9072265625,6.095665683835259,0.5396270393491625
563,1.4848640747368336,0.9072265625,6.095399386399276,0.5407925405146636
564,1.4849792644381523,0.9072265625,6.1119447026775156,0.5372960370181602
565,1.4850021749734879,0.9072265625,6.091171803174319,0.5407925405146636
566,1.4848640710115433,0.9072265625,6.0891203285653,0.5419580416801648
567,1.484864043071866,0.9072265625,6.089546160264448,0.543123542845666
568,1.4848640412092209,0.9072265625,6.089378286908556,0.543123542845666
569,1.4741307087242603,0.9072265625,6.071866238867487,0.5407925405146636
570,1.4706213660538197,0.9072265625,6.097136791491564,0.5407925405146636
571,1.4752694331109524,0.9072265625,6.082896348757622,0.5396270393491625
572,1.4846924506127834,0.9072265625,6.052405705263009,0.5407925405146636
573,1.4848640592353837,0.9072265625,6.050808104601773,0.5419580416801648
574,1.4848640710115433,0.9072265625,6.0501582244615175,0.5419580416801648
575,1.470553733408451,0.9072265625,6.0509354284593275,0.5396270393491625
576,1.470492534339428,0.9072265625,6.093153024331118,0.5407925405146636
577,1.4848640859127045,0.9072265625,6.095318556387664,0.5396270393491625
578,1.4849609956145287,0.9072265625,6.089594123524663,0.5419580416801648
579,1.485776148736477,0.90625,6.102884232581078,0.5407925405146636
580,1.484926168806851,0.9072265625,6.092199328896049,0.5396270393491625
581,1.4848640970885754,0.9072265625,6.094325888684858,0.5384615381836614
582,1.4849225133657455,0.9072265625,6.106367825350284,0.5407925405146636
583,1.4850668907165527,0.9072265625,6.08977946145829,0.5407925405146636
584,1.4850080013275146,0.9072265625,6.047485392132561,0.5407925405146636
585,1.4848640523850918,0.9072265625,6.062022895523996,0.5396270393491625
586,1.4848702618437306,0.9072265625,6.074987119728035,0.5419580416801648
587,1.4850533762946725,0.9072265625,6.063115336678245,0.5407925405146636
588,1.4849301502108574,0.9072265625,6.096227005089357,0.5396270393491625
589,1.484902823343873,0.9072265625,6.0588154142553154,0.5419580416801648
590,1.4848640970885754,0.9072265625,6.057557284415185,0.5419580416801648
591,1.484864056110382,0.9072265625,6.057710560885343,0.5419580416801648
592,1.4848902188241482,0.9072265625,6.0354158650467165,0.5396270393491625
593,1.4851365275681019,0.9072265625,6.0681919634759005,0.5384615381836614
594,1.4849294684827328,0.9072265625,6.085967985344378,0.5372960370181602
595,1.4851613231003284,0.9072265625,6.097339580664824,0.536130535852659
596,1.4850825437860982,0.9072265625,6.115914654898477,0.5372960370181602
597,1.484967740252614,0.9072265625,6.115255499775315,0.5349650346871578
598,1.4849049039185047,0.9072265625,6.113353913758463,0.5326340323561555
599,1.4848640691488981,0.9072265625,6.0865937607549565,0.5314685311906543
600,1.4848640905693173,0.9072265625,6.085314113777001,0.5314685311906543
601,1.484864056110382,0.9072265625,6.085641520840305,0.5314685311906543
602,1.4850447587668896,0.9072265625,6.113920421867104,0.5326340323561555
603,1.484864056110382,0.9072265625,6.115423657677391,0.5326340323561555
604,1.4848640523850918,0.9072265625,6.115750787975071,0.5326340323561555
605,1.4848640616983175,0.9072265625,6.115981943401701,0.5326340323561555
606,1.4848640523850918,0.9072265625,6.1161873901918495,0.5326340323561555
607,1.4848640691488981,0.9072265625,6.116215248485823,0.5326340323561555
608,1.484864080324769,0.9072265625,6.116246815883752,0.5326340323561555
609,1.4849492236971855,0.9072265625,6.114717962024929,0.5326340323561555
610,1.4849258847534657,0.9072265625,6.0569964733435,0.5384615381836614
611,1.486418666318059,0.90625,6.0416893030935785,0.5384615381836614
612,1.4849539175629616,0.9072265625,6.061367619565595,0.5349650346871578
613,1.488348240032792,0.90625,6.059917762285068,0.536130535852659
614,1.4849436432123184,0.9072265625,6.071681447240301,0.5372960370181602
615,1.4849477149546146,0.9072265625,6.106495937823138,0.5326340323561555
616,1.4848640784621239,0.9072265625,6.104352566467854,0.5303030300251532
617,1.4848640747368336,0.9072265625,6.12509407030119,0.5303030300251532
618,1.4848764389753342,0.9072265625,6.115412090208147,0.5326340323561555
619,1.484864067286253,0.9072265625,6.098993034073801,0.536130535852659
620,1.4848831444978714,0.9072265625,6.090226706369218,0.5349650346871578
621,1.48492999561131,0.9072265625,6.109244093750462,0.5349650346871578
622,1.4849038012325764,0.9072265625,6.123052758214635,0.5349650346871578
623,1.4848640710115433,0.9072265625,6.1074796212025175,0.5326340323561555
624,1.4849457144737244,0.9072265625,6.106131341351774,0.536130535852659
625,1.4848859421908855,0.9072265625,6.095572298779076,0.5372960370181602
626,1.484864056110382,0.9072265625,6.060959661479319,0.5372960370181602
627,1.4848640710115433,0.9072265625,6.060435934778138,0.5384615381836614
628,1.484925091266632,0.9072265625,6.06495586308566,0.5384615381836614
629,1.4848640859127045,0.9072265625,6.086067838824435,0.536130535852659
630,1.4848735742270947,0.9072265625,6.085198852565739,0.5349650346871578
631,1.48491720110178,0.9072265625,6.011463353683898,0.5419580416801648
632,1.4724570969119668,0.9072265625,5.9920728879097185,0.5442890440111672
633,1.4691520929336548,0.908203125,5.989847279373027,0.5442890440111672
634,1.4691237257793546,0.908203125,5.9877793405439474,0.543123542845666
635,1.4691237434744835,0.908203125,5.989724225931234,0.543123542845666
636,1.4691788591444492,0.908203125,5.987100810159892,0.5407925405146636
637,1.4691237658262253,0.908203125,5.987419967606907,0.5407925405146636
638,1.469123736023903,0.908203125,5.988972638870453,0.5407925405146636
639,1.4691237471997738,0.908203125,6.002485136329989,0.5407925405146636
640,1.4691237481310964,0.908203125,6.00300776819527,0.5407925405146636
641,1.4568891748785973,0.908203125,6.01627476343186,0.5407925405146636
642,1.4539214987307787,0.9091796875,6.0025842790003425,0.5384615381836614
643,1.4535550363361835,0.9091796875,6.005202235597553,0.5384615381836614
644,1.4535549953579903,0.9091796875,6.006876736532003,0.5407925405146636
645,1.4535549916327,0.9091796875,6.0080008895802886,0.5419580416801648
646,1.4535550009459257,0.9091796875,6.0104090511659924,0.5407925405146636
647,1.453613355755806,0.9091796875,6.009011022972338,0.5396270393491625
648,1.4535550074651837,0.9091796875,5.996566138901077,0.5442890440111672
649,1.4535550065338612,0.9091796875,5.983612466247488,0.5442890440111672
650,1.4535549953579903,0.9091796875,5.983133043164695,0.543123542845666
651,1.4536226689815521,0.9091796875,5.981006290529158,0.543123542845666
652,1.4535740576684475,0.9091796875,5.964620139493253,0.5396270393491625
653,1.4537388868629932,0.9091796875,5.963875137008987,0.5384615381836614
654,1.453659021295607,0.9091796875,5.94508486527663,0.5384615381836614
655,1.4535550028085709,0.9091796875,5.945509995613898,0.5372960370181602
656,1.4535550214350224,0.9091796875,5.94495521002994,0.5372960370181602
657,1.4536656271666288,0.9091796875,5.96122792439583,0.5372960370181602
658,1.4535550251603127,0.9091796875,5.949008167484702,0.5384615381836614
659,1.4535550465807319,0.9091796875,5.947614683137907,0.5407925405146636
660,1.4536448940634727,0.9091796875,5.955219396622309,0.543123542845666
661,1.4535550102591515,0.9091796875,5.957026491631995,0.543123542845666
662,1.4535549990832806,0.9091796875,5.95743086510327,0.5419580416801648
663,1.453664869070053,0.9091796875,5.95887683321546,0.5419580416801648
664,1.4542230032384396,0.9091796875,5.957381828681572,0.543123542845666
665,1.4535549767315388,0.9091796875,5.973791441439471,0.5419580416801648
666,1.4537752382457256,0.9091796875,5.9732524637297875,0.5454545451766684
667,1.4535919055342674,0.9091796875,5.968985149632523,0.5477855475076706
668,1.4535549953579903,0.9091796875,5.955407597246148,0.5466200463421695
669,1.4536360315978527,0.9091796875,5.9655490327270435,0.5466200463421695
670,1.4535549972206354,0.9091796875,5.936965456097832,0.5466200463421695
671,1.4535550372675061,0.9091796875,5.937204407089518,0.5466200463421695
672,1.4536359086632729,0.9091796875,5.940397992278591,0.5489510486731718
673,1.453555004671216,0.9091796875,5.966170841163689,0.550116549838673
674,1.453728536143899,0.9091796875,5.938967167358577,0.5477855475076706
675,1.4535550028085709,0.9091796875,5.926958134124329,0.5466200463421695
676,1.4535550102591515,0.9091796875,5.92686226373508,0.5466200463421695
677,1.4535550251603127,0.9091796875,5.935325464168629,0.5466200463421695
678,1.4535550028085709,0.9091796875,5.935357348346488,0.5466200463421695
679,1.4535549916327,0.9091796875,5.935291290283203,0.5466200463421695
680,1.4429359026253223,0.9091796875,5.920952761923517,0.5489510486731718
681,1.4379862789064646,0.91015625,5.917713682134669,0.5489510486731718
682,1.4379862435162067,0.91015625,5.91859467935451,0.5489510486731718
683,1.4380375258624554,0.91015625,5.929261463783282,0.5477855475076706
684,1.4379862416535616,0.91015625,5.936791363295975,0.5477855475076706
685,1.4379862509667873,0.91015625,5.937165225302423,0.5477855475076706
686,1.4380022771656513,0.91015625,5.918467482764682,0.5477855475076706
687,1.4386746007949114,0.9091796875,5.936973517313426,0.5477855475076706
688,1.4379862491041422,0.91015625,5.9251803884973056,0.5489510486731718
689,1.437986247241497,0.91015625,5.9260272468442405,0.5477855475076706
690,1.4379862546920776,0.91015625,5.928244402358582,0.5466200463421695
691,1.4379862652676598,0.91015625,5.941597999670567,0.5477855475076706
692,1.438003933057189,0.91015625,5.942009809689644,0.5454545451766684
693,1.437986258417368,0.91015625,5.935404087835814,0.5442890440111672
694,1.4379862826317549,0.91015625,5.9354966781634,0.5442890440111672
695,1.4379862397909164,0.91015625,5.935957651316147,0.5442890440111672
696,1.4380146451294422,0.91015625,5.979966212541629,0.543123542845666
697,1.4380543269217014,0.91015625,6.005606977533905,0.5419580416801648
698,1.4381572231650352,0.91015625,5.989557163976567,0.5466200463421695
699,1.438033003360033,0.91015625,5.960004220753561,0.5466200463421695
700,1.4379862695932388,0.91015625,5.937873300138887,0.5454545451766684
701,1.4388878755271435,0.9091796875,5.931267524932648,0.5454545451766684
702,1.4383677653968334,0.91015625,5.936062327075949,0.5466200463421695
703,1.4383315183222294,0.91015625,5.950415203343461,0.5442890440111672
704,1.4379862854257226,0.91015625,5.959456369871304,0.543123542845666
705,1.4379862733185291,0.91015625,5.97135149237715,0.543123542845666
706,1.437986258417368,0.91015625,5.971083258137559,0.5442890440111672
707,1.438051462173462,0.91015625,5.9451220363448,0.5454545451766684
708,1.438045546412468,0.91015625,5.922021791929409,0.5442890449837371
709,1.4380690976977348,0.91015625,5.927014507613816,0.5396270403217325
710,1.4389152936637402,0.9091796875,5.9376508983976635,0.5384615391562313
711,1.4381240606307983,0.91015625,5.951139308911659,0.5454545451766684
712,1.4384788125753403,0.91015625,5.973651731486643,0.543123542845666
713,1.438248047605157,0.91015625,6.005548722816236,0.5407925405146636
714,1.4382720831781626,0.91015625,5.995258708655973,0.543123542845666
715,1.4379862826317549,0.91015625,5.992048655356561,0.5454545451766684
716,1.4380868189036846,0.91015625,6.006992047761148,0.5407925405146636
717,1.4380770847201347,0.91015625,6.009938276175297,0.5407925405146636
718,1.4379862695932388,0.91015625,6.023353438833099,0.543123542845666
719,1.4379862919449806,0.91015625,6.019643041637394,0.543123542845666
720,1.4379862733185291,0.91015625,6.017367256271256,0.5442890440111672
721,1.437993947416544,0.91015625,6.04700372713707,0.5372960370181602
722,1.4393103579059243,0.9091796875,6.046620190560401,0.5372960370181602
723,1.437986260280013,0.91015625,6.017449667959502,0.5407925405146636
724,1.4379862733185291,0.91015625,5.991584061464786,0.5407925405146636
725,1.4379862807691097,0.91015625,5.989092883530197,0.5419580416801648
726,1.4379862695932388,0.91015625,5.988259648387527,0.5419580416801648
727,1.4379862658679485,0.91015625,5.986948422340802,0.543123542845666
728,1.4379862783061759,0.91015625,5.986276143636459,0.543123542845666
729,1.4379862397909164,0.91015625,5.9859672998770685,0.543123542845666
730,1.4379862444475293,0.91015625,5.985352832954247,0.543123542845666
731,1.4380119852721691,0.91015625,5.989988992819975,0.5407925405146636
732,1.4379862695932388,0.91015625,6.002863242631748,0.5419580416801648
733,1.4380087181925774,0.91015625,6.030178843678295,0.5442890440111672
734,1.437986271455884,0.91015625,6.057587126196125,0.5419580416801648
735,1.4379862919449806,0.91015625,6.056691955019544,0.5407925405146636
736,1.4379862397909164,0.91015625,6.055830018503682,0.543123542845666
737,1.4379862565547228,0.91015625,6.055004949058408,0.5419580416801648
738,1.4379862491041422,0.91015625,6.043388652912665,0.5419580416801648
739,1.4379862882196903,0.91015625,6.04217779052841,0.5419580416801648
740,1.4379862807691097,0.91015625,6.041295581764275,0.5419580416801648
741,1.437986258417368,0.91015625,6.030415160394771,0.5419580416801648
742,1.4379862835630774,0.91015625,6.018612876082912,0.5419580416801648
743,1.4379862807691097,0.91015625,6.016775972081787,0.5419580416801648
744,1.4379862640053034,0.91015625,6.015597650221178,0.5419580416801648
745,1.4379862826317549,0.91015625,6.014375139227558,0.5419580416801648
746,1.4379862733185291,0.91015625,6.0141645539334885,0.5419580416801648
747,1.4379862742498517,0.91015625,6.013496964683622,0.5419580416801648
748,1.4379862733185291,0.91015625,6.013519672802834,0.5419580416801648
749,1.4379862621426582,0.91015625,6.013092688469342,0.5419580416801648
750,1.4379862733185291,0.91015625,6.01287367849639,0.5419580416801648
751,1.4379862621426582,0.91015625,6.012633656010483,0.5419580416801648
752,1.4379862621426582,0.91015625,6.0122317306367385,0.5419580416801648
753,1.437986260280013,0.91015625,6.0121506310843085,0.5419580416801648
754,1.4379862621426582,0.91015625,6.011991277441278,0.5419580416801648
755,1.4379862658679485,0.91015625,6.011990041443796,0.5419580416801648
756,1.4379862546920776,0.91015625,6.01188937989704,0.5419580416801648
757,1.437986258417368,0.91015625,6.0119944363485125,0.5419580416801648
758,1.4261194728314877,0.91015625,6.049612145323853,0.5454545451766684
759,1.43804329354316,0.91015625,5.977170222289079,0.5477855475076706
760,1.438419516529371,0.91015625,5.996973368949268,0.5477855475076706
761,1.4378146547824144,0.91015625,6.031720925044347,0.5454545451766684
762,1.4378146883100271,0.91015625,6.041628327403036,0.5466200463421695
763,1.4378146678209305,0.91015625,6.052364990705654,0.5466200463421695
764,1.4378146473318338,0.91015625,6.0522176941513735,0.5466200463421695
765,1.437814675271511,0.91015625,6.04172312185203,0.5466200463421695
766,1.4378146771341562,0.91015625,6.041471007264855,0.5466200463421695
767,1.4378146566450596,0.91015625,6.041023754573368,0.5466200463421695
768,1.4378225319087505,0.91015625,6.038101821512609,0.5477855475076706
769,1.4533834047615528,0.9091796875,6.033761751957429,0.5477855475076706
770,1.4533834103494883,0.9091796875,6.033026496291439,0.5477855475076706
771,1.453519593924284,0.9091796875,6.017328584666575,0.5489510486731718
772,1.4397506080567837,0.9091796875,6.03643585196186,0.5442890440111672
773,1.4395683631300926,0.9091796875,6.083822912269539,0.543123542845666
774,1.4378146789968014,0.91015625,6.110940561983691,0.5466200463421695
775,1.4378146938979626,0.91015625,6.113214000955328,0.5466200463421695
776,1.4378146827220917,0.91015625,6.113528126047486,0.5477855475076706
777,1.4379669837653637,0.91015625,6.072009518985704,0.5489510486731718
778,1.4393750354647636,0.9091796875,6.050616082055863,0.550116550811243
779,1.4378146783965127,0.91015625,6.082408890579686,0.5431235438182359
780,1.4378560110926628,0.91015625,6.054503547561752,0.5431235438182359
781,1.437814686447382,0.91015625,6.052754720052083,0.5454545461492383
782,1.4378146827220917,0.91015625,6.0533019145885545,0.5454545461492383
783,1.424738086760044,0.91015625,6.034627617655934,0.5454545451766684
784,1.422074344009161,0.9111328125,6.015652738806807,0.5466200463421695
785,1.4220743775367737,0.9111328125,6.005546259157585,0.5466200463421695
786,1.4221320798824308,0.9111328125,5.99017708340447,0.5466200463421695
787,1.422332689166069,0.9111328125,5.986239863442374,0.5466200463421695
788,1.422079243697226,0.9111328125,6.014833722636972,0.5442890440111672
789,1.4226292297244072,0.9111328125,6.020834514311144,0.5454545451766684
790,1.4220743458718061,0.9111328125,6.02499216475409,0.5442890440111672
791,1.4224056769162416,0.9111328125,6.031156810013564,0.5454545451766684
792,1.4223940633237362,0.9111328125,6.076475146767143,0.5442890440111672
793,1.422081207856536,0.9111328125,6.052857686867525,0.543123542845666
794,1.4220743421465158,0.9111328125,6.050799304233009,0.543123542845666
795,1.4220743589103222,0.9111328125,6.051405287566997,0.5407925405146636
796,1.4081233479082584,0.9111328125,5.958424559284201,0.5454545451766684
797,1.4063340239226818,0.912109375,5.955499507330514,0.5466200463421695
798,1.406334027647972,0.912109375,5.967216174363534,0.5466200463421695
799,1.4063340295106173,0.912109375,5.967474884086555,0.5477855475076706
800,1.4063340034335852,0.912109375,5.967883046134647,0.5477855475076706
801,1.406334021128714,0.912109375,5.968797406394443,0.5477855475076706
802,1.4063340425491333,0.912109375,5.969395829803182,0.5477855475076706
803,1.4063340425491333,0.912109375,5.969315907338283,0.5477855475076706
804,1.4063340239226818,0.912109375,5.970538908507162,0.5477855475076706
805,1.4063340239226818,0.912109375,5.980426275368893,0.5477855475076706
806,1.40633400157094,0.912109375,5.980566371570934,0.5477855475076706
807,1.4063340164721012,0.912109375,5.980668095164088,0.5477855475076706
808,1.4063340350985527,0.912109375,5.981083852149945,0.5477855475076706
809,1.4064628798514605,0.912109375,6.000388846252903,0.5466200463421695
810,1.4078333210200071,0.9111328125,5.988482352459069,0.5477855475076706
811,1.4063446503132582,0.912109375,5.960804233462104,0.550116549838673
812,1.4068726897239685,0.912109375,5.9774189278796,0.5489510486731718
813,1.4063340183347464,0.912109375,5.9852424006917815,0.5466200463421695
814,1.4063340313732624,0.912109375,6.004652394003523,0.5466200463421695
815,1.4063340239226818,0.912109375,5.996407166505471,0.5466200463421695
816,1.4063340248540044,0.912109375,6.004447937567473,0.5466200463421695
817,1.4063340052962303,0.912109375,5.994759306763157,0.5466200463421695
818,1.406334014609456,0.912109375,6.0044162906966845,0.5466200463421695
819,1.406334038823843,0.912109375,6.004293963625715,0.5466200463421695
820,1.4063339959830046,0.912109375,6.004216366436654,0.5466200463421695
821,1.4063340174034238,0.912109375,6.004110775905334,0.5466200463421695
822,1.4063340201973915,0.912109375,6.004065732022266,0.5466200463421695
823,1.4063340239226818,0.912109375,6.004215613945381,0.5466200463421695
824,1.4063340295106173,0.912109375,6.004003270800575,0.5466200463421695
825,1.406334012746811,0.912109375,6.004065183492807,0.5466200463421695
826,1.406334012746811,0.912109375,6.0040505827167925,0.5466200463421695
827,1.4063340369611979,0.912109375,6.004095138091863,0.5466200463421695
828,1.4063340369611979,0.912109375,6.003987641323419,0.5466200463421695
829,1.3946531107649207,0.912109375,5.971692081375833,0.5489510486731718
830,1.3905937112867832,0.9130859375,5.95514108028723,0.5489510486731718
831,1.3905936889350414,0.9130859375,5.955284493230717,0.5489510486731718
832,1.3905936945229769,0.9130859375,5.956084740467561,0.5489510486731718
833,1.390614803880453,0.9130859375,5.918753774571808,0.5454545451766684
834,1.3906935472041368,0.9130859375,5.953402136311387,0.5454545451766684
835,1.3906069546937943,0.9130859375,5.9686686259049635,0.5489510486731718
836,1.3907553534954786,0.9130859375,5.943004811004603,0.5466200463421695
837,1.4064393118023872,0.912109375,5.940969099253763,0.5524475521696753
838,1.4126920718699694,0.9111328125,5.909666910038128,0.550116549838673
839,1.4069290217012167,0.912109375,5.9156538645426435,0.5489510486731718
840,1.3951468206942081,0.9111328125,5.935507393661357,0.550116549838673
841,1.3905937150120735,0.9130859375,5.9310098355744545,0.5524475521696753
842,1.3905937001109123,0.9130859375,5.92027535360732,0.5524475521696753
843,1.3905936684459448,0.9130859375,5.9330518945947395,0.5524475521696753
844,1.3907025652006269,0.9130859375,5.943693381089431,0.550116549838673
845,1.3914461452513933,0.912109375,5.941287942699619,0.5512820510041742
846,1.3913438109266059,0.912109375,5.911905490990841,0.5524475521696753
847,1.3905936945229769,0.9130859375,5.895494334903352,0.5524475521696753
848,1.3906166376546025,0.9130859375,5.900634461071664,0.550116549838673
849,1.3927291091531515,0.912109375,5.931112491723263,0.550116549838673
850,1.3905936777591705,0.9130859375,5.913559425127256,0.550116549838673
851,1.3905936665832996,0.9130859375,5.915495076657453,0.550116549838673
852,1.39060228317976,0.9130859375,5.942394170449886,0.550116549838673
853,1.3905937112867832,0.9130859375,5.959307099277878,0.5489510486731718
854,1.3906405959278345,0.9130859375,5.948055992037544,0.5489510486731718
855,1.390593696385622,0.9130859375,5.974652295901781,0.5489510486731718
856,1.3905937038362026,0.9130859375,5.973114710587722,0.5489510486731718
857,1.3906115889549255,0.9130859375,5.946821568451283,0.5477855475076706
858,1.3905936861410737,0.9130859375,5.970338922558409,0.5466200463421695
859,1.390593707561493,0.9130859375,5.96015879046389,0.5466200463421695
860,1.3905937261879444,0.9130859375,5.9485911078108495,0.5466200463421695
861,1.3905937168747187,0.9130859375,5.946804341180619,0.5466200463421695
862,1.390641026198864,0.9130859375,5.951247388666326,0.5466200463421695
863,1.390593689866364,0.9130859375,5.953508623830088,0.5466200463421695
864,1.3776772432029247,0.9130859375,5.955299058438459,0.5466200463421695
865,1.3761534802615643,0.9130859375,5.967848249804446,0.5466200463421695
866,1.3752314047887921,0.9140625,5.98520334839543,0.5442890440111672
867,1.3753582322970033,0.9140625,5.994852418388242,0.5466200463421695
868,1.3756810128688812,0.9140625,5.971707704183939,0.5466200463421695
869,1.375024989247322,0.9140625,5.953012448646527,0.5466200463421695
870,1.3750249557197094,0.9140625,5.953468379440841,0.5466200463421695
871,1.3750498136505485,0.9140625,5.9405132573801325,0.5477855475076706
872,1.3750249603763223,0.9140625,5.955132382177251,0.5489510486731718
873,1.3750249482691288,0.9140625,5.96664861532358,0.5489510486731718
874,1.3750249911099672,0.9140625,5.967663687148017,0.5489510486731718
875,1.3750249575823545,0.9140625,5.968969116122016,0.550116549838673
876,1.3750249715521932,0.9140625,5.97178668575687,0.550116549838673
877,1.3750249594449997,0.9140625,5.982999239212427,0.5489510486731718
878,1.3750249668955803,0.9140625,5.983559786300837,0.5489510486731718
879,1.362009882926941,0.9140625,5.986901596709565,0.550116549838673
880,1.3748904131352901,0.9140625,6.007794860359672,0.5512820510041742
881,1.374853365123272,0.9140625,6.046508869091114,0.5524475521696753
882,1.3748860247433186,0.9140625,6.020587601583877,0.5477855475076706
883,1.3748533725738525,0.9140625,6.033726983970696,0.5477855475076706
884,1.3748777816072106,0.9140625,6.029377879518451,0.5477855475076706
885,1.3748602159321308,0.9140625,6.069753587940634,0.5489510486731718
886,1.374866560101509,0.9140625,6.104127071398399,0.5477855475076706
887,1.3609892651438713,0.9140625,6.156174735311584,0.5454545451766684
888,1.375024956651032,0.9140625,6.180839207344677,0.543123542845666
889,1.3750249482691288,0.9140625,6.166582352075821,0.543123542845666
890,1.3750249668955803,0.9140625,6.165272757167861,0.5442890440111672
891,1.3750249482691288,0.9140625,6.164546579747767,0.5454545451766684
892,1.375024938955903,0.9140625,6.152430804459365,0.5454545451766684
893,1.375024951994419,0.9140625,6.15110711451177,0.5466200463421695
894,1.3750249557197094,0.9140625,6.138689493521666,0.5466200463421695
895,1.3750249743461609,0.9140625,6.138070268786593,0.5466200463421695
896,1.3750249408185482,0.9140625,6.13808522191081,0.5466200463421695
897,1.3750249268487096,0.9140625,6.138429954057529,0.5466200463421695
898,1.3750249529257417,0.9140625,6.126905796966908,0.5466200463421695
899,1.3750249296426773,0.9140625,6.124435934987101,0.5466200463421695
900,1.3750249594449997,0.9140625,6.111907867840676,0.5466200463421695
901,1.3750249780714512,0.9140625,6.1107369047222715,0.5466200463421695
902,1.3750249743461609,0.9140625,6.109900420084422,0.5466200463421695
903,1.3751531671732664,0.9140625,6.109500253117168,0.5512820510041742
904,1.375024937093258,0.9140625,6.105245675240363,0.5512820510041742
905,1.3750249482691288,0.9140625,6.100142780161682,0.5489510486731718
906,1.3750249352306128,0.9140625,6.099200612737304,0.5489510486731718
907,1.37502499576658,0.9140625,6.098846485564759,0.5489510486731718
908,1.3750249715521932,0.9140625,6.098534443439582,0.5489510486731718
909,1.3750249445438385,0.9140625,6.098782845588275,0.5489510486731718
910,1.3750249482691288,0.9140625,6.098988307383788,0.5489510486731718
911,1.375024989247322,0.9140625,6.099119962234319,0.5489510486731718
912,1.3750249594449997,0.9140625,6.1000326463392565,0.5489510486731718
913,1.3750249687582254,0.9140625,6.100437852330419,0.5489510486731718
914,1.37502496317029,0.9140625,6.101380192038619,0.5489510486731718
915,1.3750249613076448,0.9140625,6.101940695778195,0.5489510486731718
916,1.3750249817967415,0.9140625,6.103125266539744,0.5489510486731718
917,1.3750249668955803,0.9140625,6.1142271026309,0.5489510486731718
918,1.3750249408185482,0.9140625,6.11426426202823,0.5489510486731718
919,1.37502496317029,0.9140625,6.124488661061356,0.5489510486731718
920,1.3750249929726124,0.9140625,6.1246917820199105,0.5477855475076706
921,1.3750249594449997,0.9140625,6.124546619006248,0.5477855475076706
922,1.3750249668955803,0.9140625,6.124333376651044,0.5477855475076706
923,1.3750249687582254,0.9140625,6.1244448748501865,0.5477855475076706
924,1.3750249352306128,0.9140625,6.124728472916396,0.5477855475076706
925,1.3750288058072329,0.9140625,6.000550317875433,0.550116549838673
926,1.3750249855220318,0.9140625,5.976066463755005,0.5489510486731718
927,1.3750439323484898,0.9140625,6.027946854526902,0.5466200463421695
928,1.3752134554088116,0.9140625,6.073860082870874,0.5442890440111672
929,1.3751132600009441,0.9140625,6.099849291892596,0.5454545451766684
930,1.3753235526382923,0.9140625,6.1203517947163615,0.5442890440111672
931,1.3755244240164757,0.9140625,6.102626443187118,0.543123542845666
932,1.3750249780714512,0.9140625,6.1009315221737594,0.543123542845666
933,1.3626480419188738,0.9140625,6.056235639087526,0.5396270393491625
934,1.3748869132250547,0.9140625,6.101285819962864,0.5396270393491625
935,1.3606725791469216,0.9140625,6.102250046941228,0.5442890440111672
936,1.3748908638954163,0.9140625,6.13218701636041,0.5396270393491625
937,1.3752467669546604,0.9140625,6.150647624667152,0.5396270393491625
938,1.374853365123272,0.9140625,6.1054961397931296,0.5407925405146636
939,1.374853366985917,0.9140625,6.114674479255587,0.5407925405146636
940,1.374853378161788,0.9140625,6.1138494998425035,0.5407925405146636
941,1.3748533576726913,0.9140625,6.103528537394562,0.5419580416801648
942,1.3748533576726913,0.9140625,6.101859170517999,0.5419580416801648
943,1.3749173730611801,0.9140625,6.1292246160529436,0.543123542845666
944,1.3748534033074975,0.9140625,6.125946432838351,0.5396270393491625
945,1.3748533874750137,0.9140625,6.12700081649638,0.5384615381836614
946,1.3749070726335049,0.9140625,6.138202204293027,0.5407925405146636
947,1.3751828782260418,0.9140625,6.119321613045005,0.5372960370181602
948,1.3748533800244331,0.9140625,6.12215537847061,0.5372960370181602
949,1.3748533464968204,0.9140625,6.122839401929807,0.5372960370181602
950,1.3748533762991428,0.9140625,6.122796194258825,0.5372960370181602
951,1.3748533558100462,0.9140625,6.125116785089452,0.5384615381836614
952,1.374853365123272,0.9140625,6.1454114580487875,0.5384615381836614
953,1.3748612124472857,0.9140625,6.112800339163044,0.5407925405146636
954,1.3748533502221107,0.9140625,6.082228886219728,0.543123542845666
955,1.3625199953094125,0.9140625,6.071094938647219,0.543123542845666
956,1.3592846440151334,0.9150390625,6.103664492671585,0.5419580416801648
957,1.35928463190794,0.9150390625,6.0923399013794945,0.5419580416801648
958,1.3592846654355526,0.9150390625,6.091096701321902,0.5419580416801648
959,1.3592846477404237,0.9150390625,6.079473289298567,0.5419580416801648
960,1.3592846095561981,0.9150390625,6.078503745974916,0.543123542845666
961,1.3592846244573593,0.9150390625,6.078146881712622,0.543123542845666
962,1.3592846356332302,0.9150390625,6.078034646027572,0.543123542845666
963,1.3592846573846833,0.9150390625,6.078097735807335,0.543123542845666
964,1.3592846393585205,0.9150390625,6.077969088143124,0.543123542845666
965,1.359284646809101,0.9150390625,6.078158941024389,0.543123542845666
966,1.359284633770585,0.9150390625,6.078272893990114,0.543123542845666
967,1.3592846505343914,0.9150390625,6.078795229082619,0.543123542845666
968,1.3593557178974152,0.9150390625,6.099057121988221,0.5407925405146636
969,1.359414603561163,0.9150390625,6.141254802961727,0.5407925405146636
970,1.3594976589083672,0.9150390625,6.0948110432613705,0.5419580416801648
971,1.359326634556055,0.9150390625,6.042741634906867,0.543123542845666
972,1.3592846430838108,0.9150390625,6.04031235799367,0.5442890440111672
973,1.3592846188694239,0.9150390625,6.040370175888488,0.5454545451766684
974,1.3592845909297466,0.9150390625,6.0405361018814405,0.5454545451766684
975,1.3593259993940592,0.9150390625,6.0553062084393625,0.5442890440111672
976,1.3592846505343914,0.9150390625,6.053518429224863,0.5419580416801648
977,1.359284607693553,0.9150390625,6.041333916026118,0.5419580416801648
978,1.3592846291139722,0.9150390625,6.0426792803899945,0.5419580416801648
979,1.3592846347019076,0.9150390625,6.0536277594266235,0.5419580416801648
980,1.3592846350329415,0.9150390625,6.053455338333592,0.5419580416801648
981,1.3592999009415507,0.9150390625,6.053014090566924,0.5419580416801648
982,1.3592846393585205,0.9150390625,6.045416472952961,0.5419580416801648
983,1.3592846430838108,0.9150390625,6.045221974521806,0.543123542845666
984,1.3592846393585205,0.9150390625,6.058896599393902,0.543123542845666
985,1.3593238666653633,0.9150390625,6.070556468341178,0.543123542845666
986,1.359284633770585,0.9150390625,6.047645688334823,0.5419580416801648
987,1.3592846356332302,0.9150390625,6.03834521798265,0.5419580416801648
988,1.3593695843592286,0.9150390625,6.047639288268723,0.5419580416801648
989,1.3593721743673086,0.9150390625,6.068753800469956,0.5454545451766684
990,1.3609281852841377,0.9140625,6.099136802700016,0.5442890440111672
991,1.3594670267775655,0.9150390625,6.10942886481474,0.543123542845666
992,1.3597545819357038,0.9150390625,6.1292100330610655,0.543123542845666
993,1.3592846281826496,0.9150390625,6.121019584037763,0.5442890440111672
994,1.3592846132814884,0.9150390625,6.1243890987965335,0.5454545451766684
995,1.359284620732069,0.9150390625,6.122856586963147,0.5454545451766684
996,1.3593695797026157,0.9150390625,6.113539191670629,0.543123542845666
997,1.3593115862458944,0.9150390625,6.135774539067195,0.5442890440111672
998,1.3472997322678566,0.9150390625,6.1153847921144715,0.5466200463421695
999,1.3458854453638196,0.9150390625,6.126825913404807,0.5442890440111672
