epoch,loss,single_accuracy,val_loss,val_single_accuracy
0,5.03702138364315,0.4423828125,2.8096828666322438,0.5815850822797745
1,4.433454602956772,0.4619140625,2.8938711862186173,0.5850815856373394
2,4.035537853837013,0.4833984375,2.927128833490652,0.5815850821408358
3,3.72454871237278,0.501953125,2.919183794435088,0.5874125879683417
4,3.500606745481491,0.517578125,2.8816345527177645,0.5909090914648452
5,3.097969487309456,0.529296875,2.838561394831517,0.5944055949613487
6,2.8139241114258766,0.556640625,2.8247707907136506,0.5955710952932184
7,2.484092839062214,0.5791015625,2.7784006984639555,0.5909090906312138
8,2.3553526028990746,0.5927734375,2.7697429373547746,0.5897435894657126
9,2.2010672092437744,0.607421875,2.7181442095127415,0.5990675987897219
10,2.1398919373750687,0.6162109375,2.7418048559646784,0.592074591796715
11,1.9895499870181084,0.6298828125,2.7606235611966716,0.5885780891338428
12,1.9184350371360779,0.6455078125,2.7711819257491674,0.5874125879683417
13,1.8408865854144096,0.66015625,2.7722438104224927,0.589743590299344
14,1.7331048585474491,0.658203125,2.8202550405666824,0.589743590299344
15,1.6903871446847916,0.671875,2.8337793666999658,0.5874125879683417
16,1.6382468864321709,0.6767578125,2.853194615224025,0.589743590299344
17,1.6122634410858154,0.6806640625,2.9059799762316794,0.5839160844718382
18,1.5470728538930416,0.6865234375,2.883506971639353,0.5862470868028405
19,1.489446323364973,0.689453125,2.8578390758354346,0.5850815856373394
20,1.4600608870387077,0.689453125,2.931595637803867,0.5839160844718382
21,1.4183257520198822,0.705078125,2.958473340614692,0.5839160844718382
22,1.390490312129259,0.7021484375,2.958935983809002,0.57575757631333
23,1.3230801075696945,0.7021484375,2.9350520369611974,0.5745920751478288
24,1.3086652345955372,0.7041015625,2.9562252646003846,0.5699300704858242
25,1.3214179053902626,0.7119140625,2.9883061483467652,0.5710955716513254
26,1.3219500556588173,0.71875,2.988909704701884,0.57575757631333
27,1.287220560014248,0.7294921875,3.0578362058092665,0.5745920751478288
28,1.2694220319390297,0.734375,3.1063635982833544,0.568764569320323
29,1.2281323447823524,0.7314453125,3.142930218667695,0.5664335669893207
30,1.2122371420264244,0.7392578125,3.152104178786556,0.568764569320323
31,1.2191066667437553,0.7470703125,3.1738162068498164,0.5652680658238195
32,1.1790994331240654,0.7529296875,3.1658537426750697,0.5652680658238195
33,1.1868106164038181,0.75390625,3.1448280433396913,0.5641025646583183
34,1.1431812271475792,0.755859375,3.160326835436699,0.5594405599963137
35,1.148194469511509,0.7626953125,3.1920180843148755,0.5617715623273161
36,1.1438565365970135,0.7626953125,3.2439360485210287,0.5571095576653113
37,1.1262427307665348,0.767578125,3.267019225167228,0.5571095576653113
38,1.1252167522907257,0.7685546875,3.252834540147048,0.5582750588308125
39,1.0949203930795193,0.767578125,3.228456196529326,0.5641025646583183
40,1.0646897852420807,0.765625,3.1878689986008863,0.5617715623273161
41,1.0707731414586306,0.7744140625,3.1484670805764363,0.5629370634928172
42,1.0324705801904202,0.7763671875,3.1580440253366677,0.5617715623273161
43,1.0048691481351852,0.7763671875,3.2126686595258733,0.5594405599963137
44,1.0146233476698399,0.7734375,3.2489459720247,0.5629370634928172
45,1.006129078567028,0.7802734375,3.2103700637817383,0.5641025646583183
46,0.9761694986373186,0.78125,3.2034185638516655,0.5629370634928172
47,0.9801881648600101,0.7802734375,3.2350098681060864,0.5617715623273161
48,0.9550218284130096,0.7802734375,3.2514599186557156,0.5594405599963137
49,0.9776812195777893,0.7841796875,3.226829866151432,0.5559440564998102
50,0.9676360376179218,0.7900390625,3.214177656284857,0.5547785553343091
51,0.9697846844792366,0.7861328125,3.197045096150645,0.5547785553343091
52,0.9610065128654242,0.7880859375,3.2032865844406446,0.5547785553343091
53,0.948232963681221,0.7890625,3.1850613930842258,0.5559440564998102
54,0.9338472634553909,0.7841796875,3.1732695997456015,0.5559440555272402
55,0.9505311883985996,0.7880859375,3.196891856916023,0.5536130531962379
56,0.9293947704136372,0.7919921875,3.205510302579208,0.5547785551953704
57,0.9223917853087187,0.794921875,3.2313001817200844,0.5559440563608716
58,0.9332508854568005,0.79296875,3.236003186875012,0.5547785551953704
59,0.900471642613411,0.794921875,3.2163066427746574,0.5571095575263728
60,0.8814555145800114,0.798828125,3.180352500824384,0.5594405598573752
61,0.89864881336689,0.7939453125,3.186756978779684,0.5594405598573752
62,0.8943819012492895,0.798828125,3.171713925463892,0.5606060610228764
63,0.8957524374127388,0.80078125,3.1709649443348527,0.5594405598573752
64,0.8892445396631956,0.7998046875,3.132041919203627,0.5594405590237438
65,0.8666934445500374,0.802734375,3.1180377367771035,0.5582750578582426
66,0.8646203745156527,0.8017578125,3.0762942837668468,0.5594405590237438
67,0.8598725683987141,0.806640625,3.0547631237056705,0.5641025636857484
68,0.8289940524846315,0.8017578125,3.052574391965266,0.5664335660167508
69,0.8384085223078728,0.8046875,3.0622798935238853,0.5641025636857484
70,0.8241280987858772,0.8046875,3.092697931614233,0.5664335660167508
71,0.8087085913866758,0.8076171875,3.066633425392471,0.5641025636857484
72,0.8043437767773867,0.8115234375,3.0708555369388253,0.561771561354746
73,0.7781750429421663,0.810546875,3.103274629110501,0.5664335660167508
74,0.7863768860697746,0.810546875,3.072442189796821,0.568764568347753
75,0.7909058183431625,0.8134765625,3.034674406885267,0.568764568347753
76,0.7663446702063084,0.8115234375,3.0307150854097378,0.568764568347753
77,0.7537266481667757,0.8115234375,3.0175400638913774,0.568764568347753
78,0.7809546627104282,0.822265625,3.034277515255766,0.5710955706787554
79,0.7679002992808819,0.8193359375,2.9817056797601125,0.568764568347753
80,0.7430645795539021,0.8193359375,2.9951950450599334,0.5710955706787554
81,0.765198240056634,0.8232421875,2.9689681899575366,0.5757575753407601
82,0.7536968234926462,0.82421875,2.979324582017663,0.5734265730097577
83,0.7474772790446877,0.8232421875,3.019055353733765,0.5757575753407601
84,0.7599033256992698,0.826171875,3.009949544370869,0.5769230765062612
85,0.7434336319565773,0.822265625,3.025533132064037,0.5769230765062612
86,0.7777329236268997,0.8271484375,3.01908504685044,0.5745920741752589
87,0.7278951480984688,0.828125,3.043499410291374,0.5745920741752589
88,0.7499195877462626,0.826171875,3.0011494243061625,0.5757575761743915
89,0.7270722016692162,0.83203125,2.951794727143152,0.5757575761743915
90,0.7570054680109024,0.833984375,2.9652908001190577,0.5757575761743915
91,0.732744574546814,0.8310546875,3.0185204255275235,0.5745920750088903
92,0.7415269874036312,0.837890625,3.0165058793999378,0.5745920750088903
93,0.7384204342961311,0.837890625,3.042264071099964,0.5769230773398927
94,0.7233597915619612,0.83984375,3.0259288988469084,0.5745920750088903
95,0.7034093346446753,0.841796875,3.0069304999215896,0.5815850820018973
96,0.7393896654248238,0.841796875,3.0103037874181786,0.5780885785053937
97,0.7068582009524107,0.8349609375,3.001570658528166,0.5815850820018973
98,0.7292963415384293,0.83984375,2.9684679841661787,0.5839160843328997
99,0.6918668523430824,0.83984375,2.971281234756772,0.5839160843328997
100,0.7156509011983871,0.84375,3.0145169938360894,0.5792540796708949
101,0.7088058730587363,0.8408203125,3.086549296245708,0.5769230773398927
102,0.723002664744854,0.841796875,3.1107909698864242,0.5780885775328238
103,0.6941338898614049,0.8466796875,3.051839493649267,0.5780885775328238
104,0.6968444958329201,0.841796875,2.9978303970434728,0.5804195808363961
105,0.6947518475353718,0.841796875,2.9968997106685507,0.5815850820018973
106,0.6911797896027565,0.8515625,2.998124600012541,0.5780885785053937
107,0.6924357209354639,0.8515625,3.027062253240661,0.5780885785053937
108,0.687731558457017,0.8486328125,3.0214813344684237,0.5780885785053937
109,0.7127874046564102,0.8505859375,3.002377983295556,0.5780885785053937
110,0.7019191756844521,0.84765625,2.9603334267934165,0.5792540796708949
111,0.6854988839477301,0.8515625,3.022559479677872,0.5769230773398927
112,0.6842885240912437,0.8525390625,3.0572655145382828,0.5769230773398927
113,0.6927702119573951,0.853515625,3.0042263116592016,0.5804195808363961
114,0.6711621042340994,0.857421875,2.858644789471215,0.5862470866639019
115,0.6756254285573959,0.8583984375,2.821491773867663,0.5874125878294031
116,0.6646950477734208,0.8564453125,2.8222570358178554,0.5885780889949043
117,0.6657543228939176,0.8583984375,2.830733612700776,0.5874125878294031
118,0.6577824559062719,0.85546875,2.86542507707378,0.5920745924914078
119,0.650766302831471,0.8583984375,2.913768503215763,0.5897435901604055
120,0.6504656178876758,0.8603515625,2.8819085295661626,0.5944055948224101
121,0.6601708931848407,0.8583984375,2.8650310447999647,0.5955710959879112
122,0.6473759356886148,0.865234375,2.798531259134377,0.5920745924914078
123,0.647796381264925,0.8642578125,2.7551266877523393,0.6025641029809182
124,0.6471015438437462,0.86328125,2.747308585193607,0.601398601815417
125,0.6462402502074838,0.8642578125,2.747777614004406,0.600233100649916
126,0.640855198726058,0.86328125,2.740927412237599,0.6037296041464194
127,0.6327145844697952,0.8662109375,2.6875519255102374,0.6118881123049276
128,0.6406112927943468,0.865234375,2.553242631725498,0.6177156181324334
129,0.637838227674365,0.865234375,2.5465043563664933,0.6258741262909415
130,0.6335719767957926,0.8662109375,2.5883135403786506,0.6188811192979345
131,0.628479209728539,0.8681640625,2.5788915835338315,0.6188811192979345
132,0.637854665517807,0.8671875,2.571076961108299,0.6212121216289369
133,0.6238751010969281,0.869140625,2.4989260554591537,0.6235431239599393
134,0.6353474007919431,0.8671875,2.5295278348011294,0.6223776227944381
135,0.6453490927815437,0.8681640625,2.5837832303036063,0.6177156181324334
136,0.6210976792499423,0.8681640625,2.675472102243028,0.6165501169669323
137,0.630252169445157,0.8681640625,2.705987539324727,0.6142191146359299
138,0.6302164429798722,0.8671875,2.6793047781590813,0.6095571099739252
139,0.6269812360405922,0.8701171875,2.775802811542591,0.601398601815417
140,0.6282624024897814,0.875,2.7507385824110124,0.600233100649916
141,0.6263896552845836,0.8759765625,2.6613729486376534,0.6165501169669323
142,0.6250160224735737,0.8720703125,2.6861583213983993,0.6165501169669323
143,0.6265744371339679,0.8740234375,2.6638065698819284,0.6177156181324334
144,0.6300496123731136,0.8740234375,2.623432338376701,0.6188811192979345
145,0.6237230710685253,0.8720703125,2.63015377993906,0.6212121216289369
146,0.6262647192925215,0.873046875,2.6706166428563756,0.6118881123049276
147,0.6224612724035978,0.8759765625,2.734615337598574,0.6060606064774218
148,0.6221752688288689,0.8759765625,2.8273498559053682,0.6037296041464194
149,0.612974438816309,0.8740234375,2.8104094227988683,0.601398601815417
150,0.6267229076474905,0.8740234375,2.827017359244518,0.6037296041464194
151,0.6069376869127154,0.876953125,2.7736868416512763,0.6060606064774218
152,0.6067344453185797,0.8759765625,2.7597913708720174,0.607226107642923
153,0.6079004649072886,0.8759765625,2.822016525657583,0.6048951053119206
154,0.6061332039535046,0.8779296875,2.8185826070380933,0.6048951053119206
155,0.6041468139737844,0.873046875,2.8164208299352294,0.6060606064774218
156,0.6072372971102595,0.8779296875,2.7966769414070325,0.607226107642923
157,0.6059850296005607,0.8779296875,2.693518250972241,0.6188811192979345
158,0.6010768348351121,0.876953125,2.6335232007753597,0.6223776227944381
159,0.6031628400087357,0.87890625,2.6154674083202867,0.6212121216289369
160,0.6029456062242389,0.876953125,2.6063711776600016,0.6223776227944381
161,0.603761734906584,0.8828125,2.5837605288534453,0.6235431239599393
162,0.6018381929025054,0.8857421875,2.5769992252607725,0.6235431239599393
163,0.6135151283815503,0.87890625,2.6131168506640097,0.6212121216289369
164,0.6010720524936914,0.876953125,2.623602130196311,0.6223776227944381
165,0.6002044696360826,0.880859375,2.6184662010841993,0.6235431239599393
166,0.5971193201839924,0.8759765625,2.643051010745389,0.6235431239599393
167,0.600528247654438,0.8857421875,2.639497783078458,0.6200466204634357
168,0.600670401006937,0.884765625,2.5991446304988193,0.6258741262909415
169,0.5982158007100224,0.8828125,2.558568444841114,0.6282051286219439
170,0.59593849722296,0.8798828125,2.5764094982947503,0.6258741262909415
171,0.5981836402788758,0.8828125,2.5913196804918055,0.6258741262909415
172,0.5999333709478378,0.884765625,2.6698051265903286,0.6223776227944381
173,0.5962699446827173,0.8798828125,2.8016454228710184,0.6142191146359299
174,0.5925835566595197,0.888671875,2.7948979503347045,0.6153846158014311
175,0.5961962649598718,0.8916015625,2.7519388693473834,0.6200466204634357
176,0.5964299095794559,0.884765625,2.677954252505358,0.6200466204634357
177,0.5910721067339182,0.8876953125,2.6864058587934587,0.6200466204634357
178,0.5910636521875858,0.888671875,2.7047140865059167,0.6200466204634357
179,0.5942073278129101,0.884765625,2.6725707520971764,0.6200466204634357
180,0.5916842175647616,0.884765625,2.6593055741770284,0.6188811192979345
181,0.591080853715539,0.888671875,2.6738154949286046,0.6212121216289369
182,0.5927457734942436,0.884765625,2.700928142576507,0.6200466204634357
183,0.5869130911305547,0.8876953125,2.6901312313435515,0.6212121216289369
184,0.590754515491426,0.8876953125,2.6196745942522597,0.6270396274564427
185,0.5879871640354395,0.890625,2.648626229146144,0.6258741262909415
186,0.5896268412470818,0.890625,2.6158584170130306,0.6293706297874451
187,0.5870456006377935,0.8916015625,2.6432741110697213,0.6293706297874451
188,0.587040682323277,0.8916015625,2.6605664160979656,0.6270396274564427
189,0.5875070448964834,0.890625,2.618913220358895,0.6293706297874451
190,0.5860373177565634,0.890625,2.583729468859159,0.6351981356149509
191,0.5880105076357722,0.88671875,2.640717973798027,0.6317016321184474
192,0.5856571635231376,0.8896484375,2.630901191062305,0.6305361309529462
193,0.5862540146335959,0.8935546875,2.6251153595797665,0.6293706297874451
194,0.5848422832787037,0.892578125,2.653880786784601,0.6305361309529462
195,0.5858143623918295,0.888671875,2.5792296077265884,0.6386946391114544
196,0.5864090900868177,0.8896484375,2.5150990919633345,0.6445221449389602
197,0.5822844076901674,0.8935546875,2.545738027368114,0.6421911426079578
198,0.5861324872821569,0.890625,2.4566671692685924,0.6491841496009649
199,0.5830921703018248,0.8916015625,2.48057842032337,0.650349650766466
200,0.5822363416664302,0.8896484375,2.4871921194738995,0.650349650766466
201,0.5792173705995083,0.8974609375,2.500054532275611,0.650349650766466
202,0.5861327135935426,0.888671875,2.528516085275681,0.6480186484354638
203,0.5802415446378291,0.890625,2.5334079793561033,0.6480186484354638
204,0.5780169852077961,0.8896484375,2.5199911477682475,0.650349650766466
205,0.5822003344073892,0.890625,2.5104387267764077,0.6515151519319672
206,0.5821714261546731,0.8916015625,2.5147250182145124,0.650349650766466
207,0.5785695174708962,0.8935546875,2.4584524592597448,0.650349650766466
208,0.5803329115733504,0.896484375,2.515343115324185,0.6538461542629695
209,0.5778965139761567,0.8896484375,2.5102453754220533,0.6538461542629695
210,0.5783953666687012,0.8955078125,2.457523192559089,0.6526806530974684
211,0.5789099046960473,0.890625,2.495383013100613,0.6526806530974684
212,0.577799066901207,0.8935546875,2.514364249222762,0.6515151519319672
213,0.5774882156401873,0.89453125,2.5234005695734267,0.6526806530974684
214,0.5770803708583117,0.8955078125,2.509459426075151,0.6515151519319672
215,0.5749986162409186,0.896484375,2.5184278076901023,0.6526806530974684
216,0.5752234207466245,0.8955078125,2.5229708453714155,0.6515151519319672
217,0.5748001108877361,0.8974609375,2.5044940301588365,0.6538461542629695
218,0.5728014456108212,0.900390625,2.5016811799891903,0.6526806530974684
219,0.5731247151270509,0.8974609375,2.508173319009634,0.6526806530974684
220,0.5733015472069383,0.900390625,2.5573568988791155,0.6491841496009649
221,0.574533611536026,0.896484375,2.621354435985183,0.643356643773459
222,0.5716749159619212,0.8955078125,2.6563596447586737,0.6317016321184474
223,0.5745781334117055,0.8984375,2.6667780303732775,0.6305361309529462
224,0.5728482361882925,0.900390625,2.6354120116689543,0.6351981356149509
225,0.5716261863708496,0.900390625,2.612274636199702,0.6386946391114544
226,0.5725616067647934,0.9013671875,2.5889237299387826,0.650349650766466
227,0.5706638894043863,0.900390625,2.5156350185821106,0.6515151519319672
228,0.5692245215177536,0.90234375,2.5651271398806625,0.6526806530974684
229,0.569109539501369,0.9013671875,2.5318543772041657,0.6515151519319672
230,0.5664689056575298,0.8974609375,2.5315299734369026,0.6515151519319672
231,0.5697306343354285,0.8955078125,2.559874836937253,0.6526806530974684
232,0.5666319690644741,0.9033203125,2.525632729341378,0.6515151519319672
233,0.5679351263679564,0.90234375,2.517618584466147,0.6550116554284707
234,0.5693323090672493,0.9013671875,2.5125391483306885,0.6538461542629695
235,0.5680379876866937,0.8984375,2.506488200945732,0.6538461542629695
236,0.565477809868753,0.9013671875,2.4302702333543684,0.6550116554284707
237,0.5670817289501429,0.904296875,2.49929029902656,0.6550116554284707
238,0.5658167973160744,0.9033203125,2.485687912760915,0.6561771565939719
239,0.5654999548569322,0.9013671875,2.473707961035775,0.6550116554284707
240,0.5661681303754449,0.9013671875,2.5025331073707635,0.6526806530974684
241,0.5628269491717219,0.90234375,2.5355158624671277,0.6526806530974684
242,0.5649621319025755,0.904296875,2.4965741178650402,0.6538461542629695
243,0.5639741970226169,0.904296875,2.4265612750064522,0.6573426569258416
244,0.576049817726016,0.9052734375,2.3682617824394385,0.6561771557603405
245,0.5642556194216013,0.900390625,2.4231714257549295,0.6561771557603405
246,0.5648892680183053,0.90625,2.5041671099362675,0.6561771565939719
247,0.5633108005858958,0.90625,2.5162129529984125,0.6573426577594731
248,0.5605501299723983,0.9052734375,2.5015771611309274,0.6561771565939719
249,0.5598068898543715,0.904296875,2.5124039133111915,0.6596736600904753
250,0.5580406319350004,0.9072265625,2.522046826102517,0.6573426577594731
251,0.5598029689863324,0.90625,2.5651922937317604,0.6561771565939719
252,0.5582388802431524,0.9072265625,2.56654853587384,0.6561771565939719
253,0.5577734569087625,0.904296875,2.579996726451776,0.6526806530974684
254,0.5584735414013267,0.90234375,2.615384131878406,0.6386946391114544
255,0.5584164969623089,0.90234375,2.716228039948257,0.6293706297874451
256,0.5597625561058521,0.9072265625,2.8208974719325424,0.6212121216289369
257,0.5627473639324307,0.9052734375,2.862527050338425,0.6200466204634357
258,0.5599253391847014,0.90625,2.7927238413226076,0.6247086251254405
259,0.5552323600277305,0.904296875,2.7267919325884127,0.6305361309529462
260,0.5558524588122964,0.90625,2.6959845608486717,0.6351981356149509
261,0.5566280670464039,0.908203125,2.693217725464792,0.6386946391114544
262,0.5439017862081528,0.90625,2.6469620196691483,0.6410256414424568
263,0.556813795119524,0.9072265625,2.626971414317062,0.6421911426079578
264,0.5559762855991721,0.908203125,2.656126411922606,0.643356643773459
265,0.5532562234438956,0.9072265625,2.6967777450045785,0.643356643773459
266,0.5555151125881821,0.908203125,2.644280839355398,0.6410256414424568
267,0.5503611932508647,0.9052734375,2.565616138609417,0.6491841496009649
268,0.5577161200344563,0.908203125,2.5587174358901446,0.650349650766466
269,0.5561342965811491,0.91015625,2.564291439412079,0.6491841496009649
270,0.5496168187819421,0.908203125,2.566522898373904,0.6526806530974684
271,0.5528841055929661,0.9072265625,2.53987872350466,0.6573426577594731
272,0.5531326020136476,0.908203125,2.5436049380224626,0.6561771565939719
273,0.5391607098281384,0.90625,2.5336020304050755,0.6620046624214777
274,0.5397781264036894,0.9111328125,2.423750394429916,0.6596736600904753
275,0.5487622157670557,0.912109375,2.4259214673564706,0.6608391612559765
276,0.5511947348713875,0.9072265625,2.5181287930006193,0.6608391612559765
277,0.5475442530587316,0.908203125,2.5328690099827336,0.6608391612559765
278,0.537465289235115,0.9091796875,2.546073222215915,0.6596736600904753
279,0.5365721127018332,0.9072265625,2.468711253368493,0.6596736600904753
280,0.5391838168725371,0.90625,2.4578015092925316,0.6573426577594731
281,0.5383345223963261,0.90625,2.462838888168335,0.6561771557603405
282,0.5326059297658503,0.912109375,2.40972993979643,0.6596736600904753
283,0.5404879692941904,0.9130859375,2.429051587075898,0.6596736600904753
284,0.5387118719518185,0.9111328125,2.4564430608060253,0.6620046624214777
285,0.5346325407736003,0.91015625,2.5315529716598406,0.6585081589249742
286,0.5388371460139751,0.90625,2.489933589677433,0.6585081589249742
287,0.5354417143389583,0.912109375,2.5974561106630696,0.6608391612559765
288,0.548924314789474,0.9140625,2.6269171404671834,0.6573426577594731
289,0.5327084921300411,0.9091796875,2.6281992938968686,0.6596736600904753
290,0.5316189364530146,0.912109375,2.639705714090165,0.6585081589249742
291,0.5289824870415032,0.91015625,2.631157237610895,0.6561771565939719
292,0.5318777565844357,0.91015625,2.497968505868267,0.6526806530974684
293,0.5311284642666578,0.9130859375,2.4471533815343895,0.6561771565939719
294,0.532125411555171,0.9130859375,2.435170230887709,0.659673660229414
295,0.5281508727930486,0.9111328125,2.3738977464484723,0.6643356648914186
296,0.5436636134982109,0.9072265625,2.3558203056975677,0.6631701637259174
297,0.5453147077932954,0.9111328125,2.3493024780477954,0.6620046625604162
298,0.5278504439629614,0.912109375,2.3000890864081036,0.6655011660569198
299,0.5289210136979818,0.9140625,2.338832816321811,0.6620046625604162
300,0.5249030748382211,0.9150390625,2.4249354420286235,0.6643356648914186
301,0.528189143165946,0.91015625,2.423334928103538,0.660839161394915
302,0.5195002718828619,0.916015625,2.4383252261679766,0.6620046625604162
303,0.5153858680278063,0.9189453125,2.4233465906067604,0.6620046625604162
304,0.5254568681120872,0.9140625,2.3578141046848606,0.6631701637259174
305,0.5135530605912209,0.9130859375,2.3940821449795524,0.6620046625604162
306,0.5173750787507743,0.9072265625,2.367541031959729,0.6631701637259174
307,0.5286993687041104,0.9140625,2.3349206414256063,0.6620046625604162
308,0.5008808369748294,0.9111328125,2.3804661155024887,0.660839161394915
309,0.5125624411739409,0.912109375,2.4083584055200324,0.660839161394915
310,0.5148406154476106,0.9169921875,2.29678331499611,0.6689976695534232
311,0.512253591325134,0.919921875,2.282843794300284,0.6713286718844256
312,0.5076580392196774,0.9208984375,2.33468147146674,0.6713286718844256
313,0.4973054639995098,0.916015625,2.273485050334797,0.6713286710507942
314,0.5089372238144279,0.9111328125,2.2649906498568875,0.6736596733817966
315,0.5094866142608225,0.9150390625,2.3203648042567684,0.6701631707189244
316,0.5119907576590776,0.912109375,2.398396543689541,0.6655011660569198
317,0.4982104580849409,0.9169921875,2.4478156366548336,0.659673660229414
318,0.49714850075542927,0.9169921875,2.4839960239428183,0.6585081590639128
319,0.49673686921596527,0.9150390625,2.507875029023711,0.6550116555674093
320,0.49374480033293366,0.9130859375,2.4641019086459854,0.6573426578984116
321,0.49316325690597296,0.9169921875,2.505754246300473,0.6550116555674093
322,0.4924382483586669,0.9169921875,2.516670070883833,0.659673660229414
323,0.49365892447531223,0.916015625,2.516063782440755,0.6585081590639128
324,0.5062640346586704,0.9091796875,2.50504678168219,0.6620046625604162
325,0.49028308875858784,0.916015625,2.4396244923829475,0.6678321683879221
326,0.4949277229607105,0.91796875,2.3632521479279847,0.6701631707189244
327,0.4892230723053217,0.919921875,2.329499743201516,0.6701631707189244
328,0.4906595633365214,0.9150390625,2.4043158334451955,0.666666667222421
329,0.48925325833261013,0.91796875,2.4393218330570035,0.6655011660569198
330,0.4897664999589324,0.9189453125,2.5072855360302335,0.6643356648914186
331,0.5015221694484353,0.919921875,2.5472322299485994,0.6585081590639128
332,0.4890253026969731,0.921875,2.583617805045246,0.6550116555674093
333,0.4916006871499121,0.919921875,2.5589706091891915,0.6561771567329104
334,0.4900234378874302,0.9150390625,2.5497489970325034,0.6620046625604162
335,0.49125066585838795,0.9150390625,2.5666111088021375,0.6526806532364069
336,0.4876961875706911,0.9208984375,2.5703274764658968,0.660839161394915
337,0.48759224778041244,0.9169921875,2.5418550545796927,0.660839161394915
338,0.4898446728475392,0.9169921875,2.5368314756380093,0.6620046625604162
339,0.47884809598326683,0.919921875,2.47344046928388,0.6689976695534232
340,0.4864764641970396,0.9228515625,2.4601737002392747,0.6689976695534232
341,0.49002941604703665,0.9189453125,2.477477215386771,0.6689976695534232
342,0.48497597966343164,0.9208984375,2.460414536349423,0.6678321683879221
343,0.4860840835608542,0.9228515625,2.4493100726521098,0.6678321683879221
344,0.483999858610332,0.9169921875,2.466914219178242,0.6689976695534232
345,0.4856693581677973,0.919921875,2.4723762976817594,0.6678321683879221
346,0.4844280728138983,0.9169921875,2.4618440785885967,0.6701631707189244
347,0.4851123094558716,0.919921875,2.408336051416286,0.6759906765464303
348,0.4833780084736645,0.91796875,2.4070111482571335,0.6771561777119314
349,0.4833304416388273,0.9208984375,2.383768840269609,0.6713286718844256
350,0.4837334491312504,0.921875,2.422441552013228,0.6724941730499268
351,0.4814499286003411,0.9208984375,2.533571282188931,0.6713286718844256
352,0.48408844135701656,0.923828125,2.5332514311605956,0.6724941730499268
353,0.4826290803030133,0.9228515625,2.5022760843619323,0.6701631707189244
354,0.4836170691996813,0.923828125,2.4676882642688174,0.6701631707189244
355,0.4795914660207927,0.923828125,2.475764619720566,0.6713286718844256
356,0.4807759327813983,0.9208984375,2.4716628553706173,0.6713286718844256
357,0.47894312534481287,0.923828125,2.46468980718048,0.6713286718844256
358,0.4817326918710023,0.9169921875,2.4853233418542464,0.6759906765464303
359,0.4789628083817661,0.9228515625,2.4845631100358943,0.6771561777119314
360,0.4809518554247916,0.9267578125,2.422761857092797,0.6759906765464303
361,0.4794481648132205,0.9208984375,2.46979018635961,0.6759906765464303
362,0.4757111119106412,0.927734375,2.4014518950091097,0.6771561777119314
363,0.47708621341735125,0.923828125,2.366290773822989,0.6794871800429337
364,0.4767418662086129,0.92578125,2.3173410936946914,0.6853146850368081
365,0.47729629604145885,0.927734375,2.3585930493050244,0.684149183871307
366,0.4789718370884657,0.9287109375,2.350420426099728,0.6806526812084349
367,0.4785591051913798,0.9248046875,2.350304004473564,0.6818181815403047
368,0.46359156258404255,0.92578125,2.368069594834512,0.6806526812084349
369,0.47493863850831985,0.91796875,2.406085252761841,0.6783216788774326
370,0.4741112180054188,0.92578125,2.4794295678883445,0.6736596742154279
371,0.4758561961352825,0.9228515625,2.452435963081591,0.6759906765464303
372,0.47459624288603663,0.9296875,2.491560628086259,0.6771561777119314
373,0.47257527080364525,0.9267578125,2.4793008707620046,0.6759906765464303
374,0.47507241321727633,0.931640625,2.4864839840602206,0.6713286718844256
375,0.47476181108504534,0.9296875,2.4843327376670215,0.6724941730499268
376,0.475418109446764,0.9287109375,2.5216950664431343,0.6736596742154279
377,0.47193478513509035,0.9287109375,2.523575643837313,0.6713286718844256
378,0.47262916155159473,0.931640625,2.5244097954187636,0.6713286718844256
379,0.4706999263726175,0.927734375,2.451094393407826,0.6771561777119314
380,0.4715416356921196,0.92578125,2.3970046110086507,0.6853146850368081
381,0.47283422062173486,0.9296875,2.4165125904661235,0.6864801862023093
382,0.47057037707418203,0.9267578125,2.474162640271487,0.6794871792093023
383,0.46871996857225895,0.931640625,2.5112799381042694,0.6748251753809291
384,0.4723118678666651,0.9228515625,2.5288657619680834,0.6759906765464303
385,0.4698560731485486,0.9287109375,2.539216675680556,0.6759906765464303
386,0.4689112026244402,0.93359375,2.472406451796596,0.6759906757127988
387,0.4679312901571393,0.9306640625,2.4559507853501326,0.6806526803748035
388,0.4730382994748652,0.9287109375,2.4306721792910206,0.6818181815403047
389,0.46817617025226355,0.9296875,2.4578746787873738,0.6806526803748035
390,0.47072079544886947,0.927734375,2.386023768178233,0.6864801862023093
391,0.4674730079714209,0.9306640625,2.4279810754291384,0.6876456873678105
392,0.4666083911433816,0.931640625,2.408655687923476,0.6876456873678105
393,0.46839428413659334,0.93359375,2.4352092726247294,0.6864801862023093
394,0.46523846313357353,0.931640625,2.432938396236002,0.6864801862023093
395,0.4680534740909934,0.931640625,2.4491431657528824,0.6864801862023093
396,0.4566359738819301,0.9287109375,2.4798214491152817,0.6829836827058059
397,0.46599877811968327,0.9287109375,2.544583949175748,0.6794871800429337
398,0.46410684660077095,0.9306640625,2.5338501941351903,0.6864801862023093
399,0.44424057146534324,0.9306640625,2.4920789706401334,0.6888111885333117
400,0.45503636030480266,0.9287109375,2.5042419150159074,0.6888111885333117
401,0.4564999700523913,0.9248046875,2.5036530589168167,0.6876456873678105
402,0.45741027081385255,0.93359375,2.5244992768569983,0.684149183871307
403,0.44131269631907344,0.9296875,2.4892260494765703,0.6864801862023093
404,0.44987857015803456,0.9326171875,2.4617497976565414,0.6888111885333117
405,0.44881910365074873,0.9375,2.505300616884565,0.6853146850368081
406,0.45250166370533407,0.9287109375,2.548764107110617,0.6829836827058059
407,0.45008077868260443,0.9287109375,2.517404935298822,0.6853146850368081
408,0.44928399892523885,0.927734375,2.5208319206059953,0.6853146850368081
409,0.46623872173950076,0.9306640625,2.5371794839561126,0.6853146850368081
410,0.4475949127227068,0.9306640625,2.5021325208090404,0.6946386943608175
411,0.4493005299009383,0.93359375,2.5361518620888948,0.6934731931953163
412,0.4489888232201338,0.935546875,2.5252963185032486,0.6934731931953163
413,0.4494403093121946,0.93359375,2.451457060856141,0.691142190864314
414,0.44803242245689034,0.92578125,2.492332615218796,0.6888111885333117
415,0.4466008320450783,0.9296875,2.5026137406453666,0.6853146850368081
416,0.448118171421811,0.935546875,2.4671109939788605,0.6864801862023093
417,0.4450903423130512,0.9365234375,2.470831040735845,0.6853146850368081
418,0.44225514214485884,0.9365234375,2.5225551962018846,0.6876456873678105
419,0.44501551566645503,0.935546875,2.5266501925764104,0.684149183871307
420,0.4424129626713693,0.9326171875,2.5291220891725765,0.6864801862023093
421,0.4597412212751806,0.927734375,2.5679597887959513,0.6864801862023093
422,0.4420625059865415,0.9375,2.5812041081470767,0.684149183871307
423,0.4461978506296873,0.9326171875,2.5452138932990582,0.6853146850368081
424,0.4427654668688774,0.9365234375,2.5324191357983854,0.6818181815403047
425,0.44172661658376455,0.9375,2.5573843153484495,0.684149183871307
426,0.4410531767643988,0.9365234375,2.5896839656474153,0.6783216780438012
427,0.4459657301194966,0.9345703125,2.6184066197811027,0.6748251745472977
428,0.44189279177226126,0.9375,2.605619326615945,0.6794871792093023
429,0.44288064120337367,0.939453125,2.616693721228824,0.6829836827058059
430,0.4421602599322796,0.93359375,2.606520043664323,0.6759906757127988
431,0.4420326966792345,0.935546875,2.6159373174458396,0.6818181815403047
432,0.4415114978328347,0.9326171875,2.616781285314849,0.6818181815403047
433,0.4442848563194275,0.9345703125,2.620698069636916,0.6794871792093023
434,0.4389055361971259,0.9375,2.6162693811741184,0.6818181815403047
435,0.4381427522748709,0.9375,2.6173532953907004,0.6829836827058059
436,0.44348609540611506,0.93359375,2.635980514379648,0.6794871792093023
437,0.440352164208889,0.93359375,2.6238871015313068,0.6736596733817966
438,0.44376044208183885,0.9296875,2.6145052131795103,0.6771561768783
439,0.4384891497902572,0.9345703125,2.611571647626259,0.6829836827058059
440,0.43810005858540535,0.9384765625,2.6365692554376063,0.6853146850368081
441,0.4384330539032817,0.939453125,2.638275066455761,0.6923076920298151
442,0.43830532021820545,0.9375,2.6326501447281916,0.684149183871307
443,0.43659348133951426,0.943359375,2.6297845784878677,0.691142190864314
444,0.43724999530240893,0.939453125,2.644816983829845,0.691142190864314
445,0.45432929042726755,0.9423828125,2.6190953604824894,0.6876456873678105
446,0.43735350598581135,0.9375,2.633658533051853,0.6853146850368081
447,0.4402276473119855,0.9326171875,2.632494032799781,0.6934731931953163
448,0.45292419008910656,0.94140625,2.6630282607667652,0.7004662001883233
449,0.437306079082191,0.9375,2.6663096067788716,0.6958041955263187
450,0.44083812506869435,0.9365234375,2.6868622692037016,0.6958041955263187
451,0.43606944335624576,0.9404296875,2.6780798279599987,0.6993006990228222
452,0.43592512840405107,0.9423828125,2.6554399009073255,0.6993006990228222
453,0.437925323843956,0.9423828125,2.6669529129019427,0.6969696966918199
454,0.4357568481937051,0.9404296875,2.6671252689717253,0.6958041955263187
455,0.42467766907066107,0.9365234375,2.6832178455966336,0.684149183871307
456,0.43318528425879776,0.943359375,2.6865368689690436,0.6806526803748035
457,0.43354847468435764,0.9384765625,2.6842039520646033,0.6853146850368081
458,0.4319110927172005,0.9375,2.688175591555509,0.684149183871307
459,0.4326365874148905,0.9423828125,2.7272712156211303,0.6806526803748035
460,0.4330410622060299,0.94140625,2.6992968017960486,0.6818181815403047
461,0.43290390679612756,0.94140625,2.6804486866041777,0.6899766896988129
462,0.4319991145748645,0.9404296875,2.7098812979140203,0.6864801862023093
463,0.4314127299003303,0.939453125,2.7263143195972575,0.6829836827058059
464,0.4316049616318196,0.9423828125,2.7071552248823614,0.6818181815403047
465,0.431127964053303,0.939453125,2.723016303736013,0.691142190864314
466,0.4321441580541432,0.939453125,2.7220029125124703,0.6864801862023093
467,0.4314308154862374,0.943359375,2.7196262066180887,0.6829836827058059
468,0.4305742057040334,0.9462890625,2.705275896268013,0.684149183871307
469,0.4322499146219343,0.9365234375,2.724263613596385,0.6888111885333117
470,0.4296776340343058,0.9443359375,2.7375248128717597,0.691142190864314
471,0.4313123326282948,0.943359375,2.7319979584300436,0.6969696966918199
472,0.4297805456444621,0.9423828125,2.7164328848565376,0.6969696966918199
473,0.43287398014217615,0.943359375,2.754476837900691,0.698135198829891
474,0.42973900167271495,0.9404296875,2.730954221356443,0.698135197857321
475,0.4310394115746021,0.9443359375,2.7468783966589085,0.6969696976643898
476,0.4297825146932155,0.9404296875,2.759861492610478,0.6958041964988886
477,0.4304559191223234,0.943359375,2.7632187429841584,0.6969696976643898
478,0.43044979544356465,0.943359375,2.760891912700413,0.6958041964988886
479,0.42992693767882884,0.9404296875,2.794099426491833,0.6888111895058816
480,0.42568685952574015,0.9453125,2.773041182186776,0.6876456873678105
481,0.4281380686443299,0.9423828125,2.785835385600448,0.6853146850368081
482,0.4300862867385149,0.9423828125,2.759932357948143,0.6864801862023093
483,0.4258784740231931,0.9443359375,2.807393069033856,0.6888111885333117
484,0.4248146992176771,0.9443359375,2.7901591782247546,0.6899766896988129
485,0.44107530917972326,0.943359375,2.786867304559632,0.6946386943608175
486,0.42746415780857205,0.9404296875,2.7978181922352396,0.6958041955263187
487,0.42520586075261235,0.94921875,2.807524254272034,0.691142190864314
488,0.4257861999794841,0.9453125,2.79119819083136,0.691142190864314
489,0.42752828961238265,0.939453125,2.765401487861758,0.691142190864314
490,0.42715189093723893,0.9443359375,2.809133901462688,0.6934731931953163
491,0.4313811040483415,0.943359375,2.825327216884195,0.691142190864314
492,0.425000051734969,0.9443359375,2.825941638790922,0.6899766896988129
493,0.42452128510922194,0.9482421875,2.824763330268415,0.6888111885333117
494,0.4251227490603924,0.947265625,2.8302402796445194,0.6934731931953163
495,0.42386208986863494,0.9462890625,2.8304628358854282,0.6923076920298151
496,0.425982870394364,0.947265625,2.8481139119688446,0.6934731931953163
497,0.4246452087536454,0.94921875,2.8587247708460666,0.6934731931953163
498,0.4251322781201452,0.94140625,2.8454982745341764,0.691142191836884
499,0.42334802099503577,0.9482421875,2.840227434963057,0.691142190864314
500,0.42670709174126387,0.94140625,2.8345886254921937,0.6923076920298151
501,0.4237989750690758,0.947265625,2.843337440268421,0.6888111895058816
502,0.4212159130256623,0.947265625,2.8317957091164754,0.691142190864314
503,0.4236734276637435,0.9443359375,2.7942516509191697,0.6969696966918199
504,0.42488896008580923,0.9482421875,2.805444948601,0.6993006990228222
505,0.4210795145481825,0.9443359375,2.8067085159408465,0.6934731931953163
506,0.4197802506387234,0.947265625,2.8401001461180218,0.6946386943608175
507,0.4255141884787008,0.9423828125,2.8076574807956223,0.698135198829891
508,0.4209632964339107,0.94921875,2.78961545437366,0.7004662011608933
509,0.4204825689084828,0.94921875,2.8415744438038004,0.6934731941678863
510,0.4207344416063279,0.947265625,2.8322432280142547,0.6934731941678863
511,0.41783057269640267,0.951171875,2.864912324852043,0.6923076930023851
512,0.42010984662920237,0.9462890625,2.833426373266118,0.6923076930023851
513,0.41996729257516563,0.9462890625,2.817152127797231,0.6958041964988886
514,0.41935608675703406,0.9482421875,2.8081252169220043,0.6993006999953921
515,0.42008666321635246,0.947265625,2.789358130979649,0.6993006999953921
516,0.42008914053440094,0.9521484375,2.7723103553265123,0.6993006999953921
517,0.4205926930299029,0.947265625,2.768846333443702,0.7086247093194015
518,0.41970791993662715,0.9462890625,2.790376030759656,0.6993006999953921
519,0.4203819155227393,0.943359375,2.8174214702108245,0.6946386953333875
520,0.4232158401282504,0.9453125,2.827749768615047,0.698135198829891
521,0.41779492469504476,0.9482421875,2.818535075598941,0.6958041964988886
522,0.4181057410314679,0.94921875,2.809639633952321,0.6993006999953921
523,0.41946292389184237,0.947265625,2.8303532655978256,0.6934731941678863
524,0.41716285748407245,0.953125,2.8092020913993285,0.7004662011608933
525,0.4191837359685451,0.9462890625,2.788029383946132,0.7039627046573967
526,0.41772099141962826,0.9423828125,2.7786082857416505,0.7004662011608933
527,0.41815596679225564,0.9404296875,2.80646553850952,0.6969696976643898
528,0.4192128237336874,0.9482421875,2.7810474642506846,0.7039627046573967
529,0.4179171060677618,0.94921875,2.7768781393557997,0.7051282058228979
530,0.41799689270555973,0.94921875,2.7681600905798533,0.7051282058228979
531,0.4165516186039895,0.94921875,2.7786436272667836,0.7051282058228979
532,0.4146822653710842,0.9541015625,2.774342238208353,0.7074592081539003
533,0.41509843221865594,0.951171875,2.759875945277981,0.7109557116504038
534,0.4182265345007181,0.94921875,2.789372968229103,0.7074592081539003
535,0.4151218947954476,0.9501953125,2.798242989397827,0.7051282058228979
536,0.4149432289414108,0.951171875,2.8253898490003215,0.7039627046573967
537,0.41531679779291153,0.951171875,2.8093390845474384,0.6993006999953921
538,0.4151050369255245,0.9521484375,2.833493707063315,0.6993006999953921
539,0.41403105296194553,0.951171875,2.854622222048975,0.7016317023263945
540,0.4159546373412013,0.951171875,2.8090716275301846,0.7039627046573967
541,0.4171330963727087,0.9521484375,2.813083695087122,0.7039627046573967
542,0.41290915152058005,0.9501953125,2.850491861085514,0.7016317023263945
543,0.4163088290952146,0.9462890625,2.836339981683762,0.7027972034918957
544,0.4132318152114749,0.9541015625,2.8481610465994525,0.7004662011608933
545,0.41412395029328763,0.953125,2.8281989897881354,0.7027972034918957
546,0.4148410954512656,0.9521484375,2.84418248935735,0.7027972034918957
547,0.4124692273326218,0.94921875,2.919848532665582,0.6888111895058816
548,0.4127021115273237,0.9521484375,2.947736850151649,0.6923076930023851
549,0.4127913669217378,0.9501953125,2.9407071233629347,0.691142191836884
550,0.41346359881572425,0.9501953125,2.942045506341752,0.6864801871748794
551,0.409347674343735,0.9521484375,2.966732936583477,0.6899766906713828
552,0.41141782654449344,0.94921875,2.9725822090824723,0.691142191836884
553,0.41573236556723714,0.94921875,2.9467266956409373,0.6958041964988886
554,0.409924044390209,0.9541015625,2.952903459122131,0.6946386953333875
555,0.41067091724835336,0.951171875,2.959064032370116,0.6923076930023851
556,0.4117338147480041,0.9521484375,2.9609862629906,0.6864801871748794
557,0.41250359546393156,0.9462890625,2.9642070417915467,0.6876456883403804
558,0.41033388767391443,0.94921875,2.9452273656716157,0.6946386953333875
559,0.41106416238471866,0.9541015625,2.973721376387945,0.6993006999953921
560,0.4098391532897949,0.953125,2.9444832184931613,0.6923076930023851
561,0.4114302562084049,0.951171875,2.9803560952762345,0.6969696976643898
562,0.4109785873442888,0.94921875,2.99375995333656,0.6946386953333875
563,0.4085506987757981,0.955078125,2.977706332862516,0.6958041964988886
564,0.41180548816919327,0.951171875,2.960674452614951,0.6946386953333875
565,0.40935088181868196,0.9521484375,2.8825891090161875,0.7004662011608933
566,0.40945824049413204,0.951171875,2.883135235948718,0.7004662011608933
567,0.40834432770498097,0.9560546875,2.858648255154803,0.7016317023263945
568,0.4107492296025157,0.9501953125,2.8355502971124538,0.7062937069883991
569,0.4104124940931797,0.951171875,2.850273549973548,0.7027972034918957
570,0.41224238940048963,0.9541015625,2.8221356610318162,0.7039627046573967
571,0.4094299532007426,0.9560546875,2.8593328788286043,0.7027972034918957
572,0.40960951219312847,0.953125,2.921246252415619,0.6993006999953921
573,0.40800473699346185,0.951171875,2.868513527727905,0.7016317023263945
574,0.4072666917927563,0.9521484375,2.883525686664181,0.698135198829891
575,0.4067089562304318,0.955078125,2.8368298184899463,0.7074592081539003
576,0.4058842808008194,0.9609375,2.820960652022373,0.7074592081539003
577,0.4097194350324571,0.94921875,2.8351904956888765,0.7074592081539003
578,0.4053522748872638,0.955078125,2.8431431955390876,0.7062937069883991
579,0.40481633495073766,0.958984375,2.860115993550885,0.7039627046573967
580,0.40573188988491893,0.9521484375,2.843727815401304,0.7086247093194015
581,0.40664745727553964,0.9541015625,2.8138808828967434,0.7039627046573967
582,0.40946988319046795,0.953125,2.8264105392224863,0.7039627046573967
583,0.4044512698892504,0.95703125,2.815356456038557,0.7004662011608933
584,0.40530500863678753,0.9560546875,2.8418089632109886,0.7027972034918957
585,0.40491928334813565,0.9560546875,2.850446464020611,0.7027972034918957
586,0.4049938640091568,0.955078125,2.924458043558614,0.7004662011608933
587,0.40534722735174,0.9580078125,2.9498910631611075,0.6993006999953921
588,0.40467036166228354,0.9580078125,2.8389683553388902,0.7016317023263945
589,0.4067807914689183,0.953125,2.8431640260425204,0.7004662011608933
590,0.408636158099398,0.953125,2.8638349001779977,0.7027972034918957
591,0.40716403629630804,0.953125,2.953857907048472,0.7016317023263945
592,0.41963702347129583,0.9541015625,2.9302971101863124,0.6993006999953921
593,0.40549523546360433,0.9541015625,2.9317882939096376,0.6993006999953921
594,0.4095908389426768,0.9560546875,3.0559183500863454,0.6993006999953921
595,0.404799539828673,0.955078125,3.0602399674884646,0.6981351979962596
596,0.4045527037233114,0.95703125,3.0252371567946215,0.6969696968307584
597,0.4038088333327323,0.9521484375,3.0439346442411552,0.6969696976643898
598,0.4059130701934919,0.9521484375,3.057675328288045,0.698135198829891
599,0.40419782139360905,0.9560546875,3.0679894816347493,0.6958041956652572
600,0.40346808009780943,0.95703125,3.0987283844492097,0.6923076921687538
601,0.4023435083217919,0.9541015625,3.0941752831696907,0.6911421910032526
602,0.4039728157222271,0.9541015625,3.0779830748106773,0.6923076921687538
603,0.4033648946788162,0.9599609375,3.0717406122834534,0.6946386944997561
604,0.40328249079175293,0.955078125,3.0873838426905635,0.6899766898377514
605,0.4030809924006462,0.9541015625,3.0563237994978754,0.6946386944997561
606,0.39106537390034646,0.9580078125,3.055122064265894,0.6958041956652572
607,0.40336086484603584,0.9560546875,3.0624598478659606,0.6958041956652572
608,0.4020808038767427,0.9580078125,2.9754744631982906,0.6946386953333875
609,0.4004215699387714,0.9560546875,2.9305276601186723,0.7027972034918957
610,0.40177354868501425,0.955078125,3.018923282623291,0.6958041964988886
611,0.40151851950213313,0.95703125,3.0376887021364865,0.6946386944997561
612,0.400074431207031,0.95703125,3.0181206845459125,0.6946386944997561
613,0.40101838670670986,0.95703125,2.9669412505098713,0.6993006999953921
614,0.4008814204717055,0.95703125,2.984237986011105,0.698135198829891
615,0.4044057931751013,0.953125,2.9822031895875374,0.6958041964988886
616,0.4034139229916036,0.9541015625,2.968173314919283,0.698135198829891
617,0.4010577283333987,0.9541015625,3.0080526058490458,0.6946386953333875
618,0.3993258245754987,0.9560546875,2.947241536387197,0.7016317023263945
619,0.401486431946978,0.95703125,2.906169252795773,0.7004662003272619
620,0.39951649913564324,0.958984375,2.875936799949699,0.7016317014927631
621,0.38870572159066796,0.9580078125,2.925895170731978,0.7027972034918957
622,0.38882320327684283,0.95703125,2.899077517725093,0.7016317014927631
623,0.39991401392035186,0.958984375,2.9051297211146854,0.7016317014927631
624,0.3993665687739849,0.9560546875,2.90995767816797,0.7027972034918957
625,0.39921943296212703,0.9580078125,2.9062363076043294,0.7027972034918957
626,0.3983638205099851,0.9619140625,2.9233970072441724,0.7027972034918957
627,0.39812127500772476,0.9580078125,2.868825389788701,0.7039627038237654
628,0.40012999600730836,0.9560546875,2.904112209806909,0.7039627046573967
629,0.3975558499805629,0.958984375,2.982258215928689,0.7004662011608933
630,0.40157945454120636,0.9541015625,3.0285626752671106,0.6993006999953921
631,0.3981818469474092,0.95703125,2.898088569685574,0.7051282058228979
632,0.39678496588021517,0.958984375,2.8830838264563146,0.7051282058228979
633,0.3976880854461342,0.9580078125,2.9230112029122304,0.7051282058228979
634,0.39699181308969855,0.9619140625,3.0030156398986603,0.7016317023263945
635,0.3967583382036537,0.958984375,3.022104796274003,0.6969696976643898
636,0.3970232270658016,0.9580078125,3.0473987239224094,0.6958041964988886
637,0.39727593236602843,0.955078125,3.074492756859128,0.693473193334255
638,0.4003274058923125,0.9560546875,3.0516654450298746,0.6969696976643898
639,0.3965891017578542,0.9609375,3.0897713418884987,0.6969696968307584
640,0.3961160803446546,0.958984375,3.1193773785393275,0.6993006991617607
641,0.3976546621415764,0.955078125,3.103091600057962,0.6958041956652572
642,0.3965240838006139,0.95703125,3.061038956497655,0.6946386944997561
643,0.3954863613471389,0.9609375,3.0264872154155813,0.7004662011608933
644,0.3986965389922261,0.9599609375,3.0272153713208536,0.698135198829891
645,0.3970027065370232,0.9580078125,3.0732399389182494,0.6993006991617607
646,0.3959242033306509,0.9619140625,3.024272950379165,0.6993006999953921
647,0.39565772865898907,0.958984375,3.0065168456319884,0.698135198829891
648,0.39440196310169995,0.9580078125,3.0741883913675943,0.6946386944997561
649,0.39305982855148613,0.962890625,3.1363985221702735,0.7004662003272619
650,0.39516158006154,0.958984375,3.114803522061079,0.6981351979962596
651,0.39305828465148807,0.9619140625,3.135491737952599,0.6969696968307584
652,0.394318392383866,0.958984375,3.112143764406929,0.6958041956652572
653,0.38194366334937513,0.958984375,3.100140292605598,0.6969696968307584
654,0.3936547023477033,0.9580078125,3.098584840903471,0.6923076921687538
655,0.3946115467697382,0.955078125,3.1195443437927532,0.6946386944997561
656,0.3960976495873183,0.9599609375,3.06012696486253,0.6981351979962596
657,0.3830938176251948,0.958984375,3.026829860149286,0.6946386944997561
658,0.3937132996506989,0.9609375,3.030092703434693,0.698135198829891
659,0.3971660053357482,0.958984375,3.027716810053045,0.698135198829891
660,0.39452507230453193,0.9609375,3.0264713619694565,0.6969696976643898
661,0.3936390515882522,0.9580078125,3.0315880366972277,0.6946386953333875
662,0.39252407662570477,0.9599609375,3.0035024403414248,0.6958041956652572
663,0.3928696885704994,0.9619140625,2.954003209000701,0.7004662003272619
664,0.39245358449989,0.9609375,2.9786202154515227,0.6958041956652572
665,0.39280039397999644,0.9609375,3.008026801900708,0.6958041964988886
666,0.3918647392420098,0.96484375,2.9991733127540643,0.6958041964988886
667,0.3934984015650116,0.9609375,3.01879804339998,0.6946386953333875
668,0.39229597442317754,0.9609375,2.9951344367229575,0.6958041956652572
669,0.39137732167728245,0.9638671875,3.0298044670433986,0.693473193334255
670,0.39170979033224285,0.9619140625,3.033736157250571,0.6958041956652572
671,0.3912713131867349,0.958984375,3.0359966938312235,0.693473193334255
672,0.39618524388060905,0.9609375,3.032519789564582,0.693473193334255
673,0.3925431132374797,0.958984375,3.03654703560409,0.6958041964988886
674,0.3930532825179398,0.9580078125,3.0219644894410957,0.693473193334255
675,0.3909503575414419,0.9599609375,3.033292747044063,0.6923076921687538
676,0.392346135689877,0.9638671875,3.017400738798377,0.6946386944997561
677,0.3899305146187544,0.9599609375,3.014067381411999,0.6969696968307584
678,0.3911719049792737,0.958984375,3.032306940961273,0.6958041956652572
679,0.391252632252872,0.9580078125,3.1279197411659436,0.6923076921687538
680,0.3918392733903602,0.9580078125,3.08541041432005,0.6958041956652572
681,0.39134034665767103,0.9609375,3.080298510464755,0.6946386944997561
682,0.3913956645410508,0.95703125,3.0600685739850664,0.6969696968307584
683,0.3898126606363803,0.9599609375,3.0350294291000544,0.6993006999953921
684,0.3910477856406942,0.9638671875,2.9843831040086726,0.6958041956652572
685,0.377767447324004,0.962890625,2.93665245724169,0.7004662003272619
686,0.3900034176185727,0.9619140625,2.8871587685771756,0.7039627047963354
687,0.39175248984247446,0.9599609375,2.899644896005973,0.7027972036308342
688,0.39015306951478124,0.9619140625,2.9009962120811976,0.701631702465333
689,0.38831064256373793,0.958984375,2.9100617466273007,0.6993007001343307
690,0.3817519973963499,0.958984375,2.9160035480430353,0.6969696978033284
691,0.38906050147488713,0.9638671875,2.8977570917222883,0.7004662012998318
692,0.3767009329749271,0.962890625,2.896154432307868,0.6993007001343307
693,0.3904663062421605,0.962890625,2.899664580405175,0.6993007001343307
694,0.389647452509962,0.958984375,2.9240729264168195,0.7004662003272619
695,0.3897349904291332,0.9609375,2.9302994996517686,0.6981351989688296
696,0.3879546937532723,0.962890625,2.9832693652395323,0.6946386944997561
697,0.3874107448209543,0.9580078125,2.9938209223580525,0.693473193334255
698,0.3893046442535706,0.9599609375,3.046675114920645,0.6934731943068249
699,0.3887887024320662,0.962890625,3.063116563783659,0.6958041966378272
700,0.3882707020966336,0.9609375,3.090957657162682,0.694638695472326
701,0.386150466511026,0.962890625,2.9882001648971808,0.693473193334255
702,0.38498508417978883,0.9638671875,2.944118147129779,0.6923076921687538
703,0.3906464693136513,0.9619140625,2.986345817436983,0.6958041956652572
704,0.3857918162830174,0.9599609375,3.032839527496925,0.6969696968307584
705,0.3882252140901983,0.9619140625,3.0981866096283173,0.6969696978033284
706,0.3754036963218823,0.9638671875,3.02211885518961,0.6969696968307584
707,0.38858465253724717,0.9619140625,3.0806079663874666,0.6934731943068249
708,0.38895596854854375,0.9609375,3.0560418648041767,0.694638695472326
709,0.3876484906068072,0.9609375,3.073963266430479,0.6934731943068249
710,0.38788642548024654,0.9638671875,3.0549469794426765,0.6923076931413237
711,0.3865479794330895,0.962890625,3.0502520043811043,0.6934731943068249
712,0.3855861702468246,0.9619140625,3.063424452479347,0.693473193334255
713,0.3869757044594735,0.9619140625,3.130444397737374,0.6958041966378272
714,0.38728162192273885,0.9599609375,3.172202762746033,0.694638695472326
715,0.3860385788138956,0.9609375,3.1751285666352387,0.6969696968307584
716,0.3867982344236225,0.962890625,3.1486677823366818,0.6969696968307584
717,0.38712999562267214,0.9609375,3.192181122608674,0.6969696968307584
718,0.37263249355601147,0.96484375,3.1953852215569056,0.693473193334255
719,0.3759041347075254,0.9638671875,3.196451319403304,0.6841491840102456
720,0.3736052953172475,0.962890625,3.221888024212319,0.6888111886722502
721,0.3627025345922448,0.9658203125,3.208347224966907,0.687645687506749
722,0.37194389081560075,0.9638671875,3.2343443379257666,0.6853146851757468
723,0.37420702050440013,0.9638671875,3.259139678972862,0.6841491840102456
724,0.38503618934191763,0.9638671875,3.2459819578068516,0.6853146851757468
725,0.3878520817961544,0.9609375,3.2883376519441048,0.6841491840102456
726,0.3842627255944535,0.9658203125,3.230916538994351,0.6841491840102456
727,0.3884912794455886,0.9638671875,3.1499999508713232,0.6911421919758225
728,0.3851043441100046,0.962890625,3.196813366629861,0.6923076921687538
729,0.3858142455574125,0.966796875,3.096404013933835,0.6934731943068249
730,0.3748777077998966,0.9638671875,3.0722131576293554,0.6911421919758225
731,0.3724067509465385,0.96484375,3.0903627789103902,0.6911421910032526
732,0.3838434578210581,0.9638671875,3.1407638968843403,0.6923076931413237
733,0.3853998736012727,0.9638671875,3.1483906060109885,0.6934731943068249
734,0.3853062582202256,0.96484375,3.0342670818030975,0.6864801864801865
735,0.3846826129592955,0.96484375,3.037887884464575,0.6876456876456877
736,0.38331824011402205,0.962890625,3.0155711585269387,0.6864801864801865
737,0.3828937705256976,0.9658203125,2.995782349215243,0.6888111888111889
738,0.3830563781084493,0.9638671875,3.0004462150982767,0.6876456876456877
739,0.38317655585706234,0.962890625,3.040127259034377,0.6888111888111889
740,0.3837782623595558,0.9638671875,3.0051636759773555,0.6876456876456877
741,0.3747526463121176,0.9638671875,3.05079585605568,0.6888111888111889
742,0.3711874857544899,0.962890625,3.08280694067895,0.6899766908103214
743,0.37047153257299215,0.962890625,3.1202101185049487,0.6899766898377514
744,0.38276683728327043,0.966796875,3.1401653378715606,0.6911421911421911
745,0.38480776571668684,0.9619140625,3.105934112777799,0.6888111896448202
746,0.368954733829014,0.962890625,3.1148291064864826,0.6864801864801865
747,0.3693724814802408,0.9609375,3.0712574748170405,0.6841491841491841
748,0.3709097386163194,0.962890625,3.111394961952885,0.6876456876456877
749,0.36993333196733147,0.9658203125,3.1422123475508257,0.6876456884793191
750,0.3710279518272728,0.962890625,3.1311838707445943,0.6853146861483167
751,0.3831562695559114,0.96484375,3.1223151514302323,0.6853146853146853
752,0.3816085427533835,0.962890625,3.0830973172799134,0.6888111888111889
753,0.3809105765540153,0.96484375,3.092520795224152,0.6853146853146853
754,0.384229680756107,0.962890625,3.1071807562888085,0.6853146861483167
755,0.38230038178153336,0.962890625,3.144899261303437,0.6853146853146853
756,0.36951109184883535,0.9638671875,3.139778463156907,0.6841491841491841
757,0.3824133526068181,0.9638671875,3.1050229922874824,0.6841491841491841
758,0.36840359936468303,0.9677734375,3.0778790409470496,0.6841491841491841
759,0.3672504909336567,0.96484375,3.1277327948794778,0.682983682983683
760,0.38496453763218597,0.962890625,3.1050341248790145,0.6853146853146853
761,0.3697054515942,0.9638671875,3.0829434350376084,0.6841491841491841
762,0.36928391992114484,0.9619140625,3.0908827712207962,0.6841491841491841
763,0.3678472350584343,0.9638671875,3.152028122981945,0.6841491841491841
764,0.380465698777698,0.96484375,3.175846399960818,0.682983682983683
765,0.38165674649644643,0.962890625,3.145261521661754,0.6841491849828155
766,0.3675697953440249,0.962890625,3.197321698104307,0.6841491841491841
767,0.3835228877142072,0.9619140625,3.16073452175914,0.6841491849828155
768,0.36617630353430286,0.962890625,3.1815581780213575,0.6864801864801865
769,0.3718715199502185,0.9609375,3.1414288168464783,0.6818181818181818
770,0.36736806808039546,0.958984375,3.0647926008228934,0.6818181818181818
771,0.36900319322012365,0.9609375,3.081654199631342,0.6818181818181818
772,0.3686819043941796,0.96484375,3.1134393240188385,0.6806526807221499
773,0.36671818722970784,0.962890625,3.180970414257272,0.6818181818181818
774,0.36812470835866407,0.9638671875,3.1993770938375334,0.6818181818181818
775,0.3687900732620619,0.9638671875,3.16856695444156,0.6806526806526807
776,0.36722492321860045,0.962890625,3.198862539582597,0.6806526806526807
777,0.3685968890786171,0.9658203125,3.1465876110783824,0.6818181818181818
778,0.36601314321160316,0.9619140625,3.1965469399810114,0.6783216783216783
779,0.36708214366808534,0.9599609375,3.212294698595167,0.6783216783216783
780,0.36640231870114803,0.962890625,3.2419957525524503,0.6771561771561772
781,0.36671812657732517,0.96484375,3.260764973424809,0.6783216791553097
782,0.3544944876921363,0.9658203125,3.2738969220425975,0.6794871794871795
783,0.36601831344887614,0.96484375,3.225510212091299,0.6771561771561772
784,0.3652144008083269,0.9658203125,3.237150655759798,0.6783216783216783
785,0.36798520424054004,0.9638671875,3.0984204557392148,0.6794871794871795
786,0.3670693194726482,0.96484375,3.1335291598504518,0.6806526814863121
787,0.3662514908355661,0.9638671875,3.096245572005674,0.6771561771561772
788,0.3655363353318535,0.9638671875,3.111751601968334,0.675990675990676
789,0.3666537436656654,0.9658203125,3.1316284324739363,0.6794871803208109
790,0.3664114496205002,0.9609375,3.1414707515623186,0.6783216791553097
791,0.36544141988269985,0.9658203125,3.162710628587327,0.6783216791553097
792,0.36481642920989543,0.96484375,3.2091891796160965,0.6783216783216783
793,0.3652268502628431,0.96484375,3.187572394495522,0.6748251748251748
794,0.377145797610865,0.962890625,3.1963905854658647,0.6771561771561772
795,0.36659243365284055,0.96484375,3.1960176287831126,0.6771561771561772
796,0.36403344909194857,0.962890625,3.127503579313105,0.6783216783216783
797,0.3635241133160889,0.962890625,3.0809842978879844,0.6818181818181818
798,0.36455186834791675,0.9658203125,3.1119738503213807,0.675990675990676
799,0.3670988795347512,0.96484375,3.1001201081664966,0.6783216783216783
800,0.364812636282295,0.9638671875,3.13246326290922,0.675990675990676
801,0.3639738906058483,0.9658203125,3.1628892721829716,0.675990675990676
802,0.3637239264789969,0.9658203125,3.159277816752454,0.6783216783216783
803,0.3654922758578323,0.9638671875,3.1311245606495786,0.6759906760601453
804,0.3632941220421344,0.966796875,3.1568250878429636,0.675990675990676
805,0.36344851180911064,0.9658203125,3.2142976605808817,0.6771561771561772
806,0.3624575234716758,0.96484375,3.229843343054498,0.6748251748251748
807,0.3636689675040543,0.96484375,3.2408058626668437,0.675990675990676
808,0.36474986048415303,0.96484375,3.2522498716563333,0.6748251748251748
809,0.3651144162286073,0.9619140625,3.2163378578243833,0.6771561771561772
810,0.36346628016326576,0.9638671875,3.2177568893610458,0.6724941724941725
811,0.36263795604463667,0.9677734375,3.2767820252683055,0.6724941724941725
812,0.36569421272724867,0.966796875,3.2568033525160143,0.6713286713286714
813,0.3621197163593024,0.96484375,3.2577503661175706,0.6724941724941725
814,0.36579397681634873,0.962890625,3.226294222411576,0.6713286713286714
815,0.36127550252422225,0.96484375,3.1949046841868154,0.6748251748251748
816,0.36349757268908434,0.96484375,3.1725713053505458,0.6724941724941725
817,0.36192728765308857,0.9638671875,3.1655697786446773,0.6759906760601453
818,0.36193816585000604,0.9677734375,3.157073979333286,0.6771561772256465
819,0.36239311896497384,0.96484375,3.1536317677486747,0.6771561772256465
820,0.3630214618751779,0.9619140625,3.1787972789266448,0.6759906760601453
821,0.3631391590461135,0.966796875,3.204024346558364,0.6771561771561772
822,0.36083885142579675,0.9638671875,3.211739443398856,0.6736596736596736
823,0.36074680206365883,0.966796875,3.1975806290175255,0.6759906760601453
824,0.3608016944490373,0.966796875,3.1891004272274204,0.6759906760601453
825,0.36224606935866177,0.9658203125,3.179203042339334,0.6771561772256465
826,0.3601501660887152,0.96484375,3.2401048364617053,0.6748251748251748
827,0.3627582102053566,0.96484375,3.2380214376605196,0.6736596736596736
828,0.3604506862757262,0.96484375,3.1871771306702583,0.6771561772256465
829,0.36129089511814527,0.96875,3.1493876105421905,0.6759906760601453
830,0.3619113229215145,0.962890625,3.1902019899763983,0.6748251748946441
831,0.3613913902081549,0.96484375,3.1350864027485703,0.6771561771561772
832,0.3614914702484384,0.966796875,3.1313957956843166,0.6783216783216783
833,0.36350947624305263,0.9677734375,3.1333129619940734,0.6806526806526807
834,0.3623338848701678,0.96484375,3.1120617420245438,0.6794871794871795
835,0.36022478714585304,0.9677734375,3.164054717217292,0.6783216783216783
836,0.3614341360516846,0.9658203125,3.2187053073536265,0.6748251748251748
837,0.3617712368723005,0.9658203125,3.2601270047656863,0.6748251748251748
838,0.36266030475962907,0.9658203125,3.2326137738905865,0.6724941724941725
839,0.3506081433442887,0.96484375,3.242660998186587,0.6748251748251748
840,0.3613701179274358,0.9658203125,3.266299339996907,0.6724941724941725
841,0.36164728956646286,0.9638671875,3.2540419729717405,0.6736596736596736
842,0.3603110407711938,0.966796875,3.2132633779988145,0.6748251748946441
843,0.36042470447864616,0.9697265625,3.181998671907367,0.6806526807221499
844,0.3597731663612649,0.966796875,3.1652487619217737,0.6783216783911477
845,0.36019350844435394,0.9638671875,3.1523988396971374,0.6783216783911477
846,0.3595745029160753,0.96875,3.1471207903259564,0.6806526807221499
847,0.3495054931845516,0.966796875,3.158392613862222,0.6783216783216783
848,0.3596205924404785,0.9658203125,3.179621761773294,0.6783216783216783
849,0.3613694428349845,0.9638671875,3.2159683187524757,0.6748251748946441
850,0.3594597057244755,0.96484375,3.1895429410023013,0.6736596737291429
851,0.3589507199358195,0.96484375,3.1881810073808077,0.6748251748251748
852,0.36033893292187713,0.96484375,3.2266387519858655,0.6736596736596736
853,0.36050411395262927,0.96484375,3.1776968365782623,0.6794871794871795
854,0.36000834609149024,0.9619140625,3.211993789339399,0.6759906760601453
855,0.3595663525047712,0.96484375,3.2028980655270023,0.6759906760601453
856,0.35897893412038684,0.96484375,3.192801526932172,0.6818181818876511
857,0.3588288911996642,0.9638671875,3.1971621985757825,0.6818181818876511
858,0.3585742655850481,0.9658203125,3.2247367102505167,0.6806526807221499
859,0.3594470254611224,0.96484375,3.1738238313814975,0.6853146853841546
860,0.360175348847406,0.966796875,3.1615340019161606,0.6864801865496558
861,0.3591284215799533,0.9697265625,3.2392102160375993,0.6771561772256465
862,0.3623476395732723,0.9658203125,3.2055193266390645,0.6783216783911477
863,0.36034161574207246,0.96484375,3.2522183620568477,0.6771561771561772
864,0.3596331761800684,0.96484375,3.263142260082396,0.6783216783216783
865,0.35964656560099684,0.9638671875,3.264235949460721,0.675990675990676
866,0.35785882160416804,0.96875,3.203114925286709,0.6818181818876511
867,0.3581442959839478,0.9658203125,3.1357282960053645,0.6818181818876511
868,0.35807368691894226,0.9658203125,3.160783661551131,0.6841491842186534
869,0.35984644367272267,0.96484375,3.1806997419237257,0.6829836830531523
870,0.35807650187052786,0.966796875,3.1848151442054267,0.6783216783911477
871,0.35920593558694236,0.9658203125,3.2695831999634253,0.6736596736596736
872,0.3586643419403117,0.96484375,3.2242103189855187,0.6771561772256465
873,0.3592662514420226,0.96484375,3.2197561789225864,0.6771561772256465
874,0.3588003683835268,0.9638671875,3.205970846411787,0.6818181818876511
875,0.357824544335017,0.966796875,3.178989735794512,0.6853146853841546
876,0.3592123024864122,0.9658203125,3.1970620235918843,0.6853146853841546
877,0.3579263284627814,0.966796875,3.189167968876712,0.6783216783911477
878,0.3582411866809707,0.9638671875,3.1876219680537154,0.6829836830531523
879,0.3574041813844815,0.9658203125,3.1850937440956666,0.6818181818876511
880,0.3571034069173038,0.9677734375,3.220851859290561,0.6783216783216783
881,0.3583691604435444,0.96875,3.1818200027470267,0.6841491842186534
882,0.3572682711528614,0.9677734375,3.1761803721492385,0.6829836830531523
883,0.35704804783745203,0.9677734375,3.1854950111784857,0.6853146853841546
884,0.3571114178339485,0.9658203125,3.2021402645777988,0.6841491842186534
885,0.3567951409058878,0.96484375,3.2001092311663504,0.6818181818876511
886,0.3570548864954617,0.96875,3.186873563797602,0.6853146853841546
887,0.3590117588173598,0.966796875,3.1830584102577264,0.6841491842186534
888,0.3578635472658789,0.966796875,3.149221053490272,0.6841491842186534
889,0.35909823968540877,0.9658203125,3.182606258870283,0.6829836830531523
890,0.35912439884850755,0.9638671875,3.1329973617911615,0.6841491842881228
891,0.35718072424060665,0.9619140625,3.1514972003745587,0.6864801865496558
892,0.3570396038121544,0.96484375,3.185859483438772,0.6806526807221499
893,0.3581014680676162,0.96484375,3.1852294592868478,0.6818181818876511
894,0.3580273259431124,0.966796875,3.2005218348025166,0.6794871795566487
895,0.35585963702760637,0.9658203125,3.2127217757396207,0.6794871794871795
896,0.3557504053314915,0.96875,3.246976664294174,0.6783216783216783
897,0.35982926705037244,0.96484375,3.2173158122109364,0.6783216783911477
898,0.35721037187613547,0.96484375,3.2096890941922203,0.6818181818181818
899,0.3567350694502238,0.96875,3.2637885453261974,0.6794871794871795
900,0.35768176815327024,0.966796875,3.2940612956360504,0.6771561771561772
901,0.35698227368993685,0.96875,3.279433231531601,0.6806526806526807
902,0.3564694818051066,0.966796875,3.2161971236164475,0.6794871795566487
903,0.3568999860817712,0.96484375,3.2450935287631197,0.6771561772256465
904,0.3565957383470959,0.96875,3.1852863840845638,0.6794871795566487
905,0.3565551808133023,0.9658203125,3.1806790178472344,0.6829836830531523
906,0.3571312465064693,0.96484375,3.2006584608749353,0.6794871795566487
907,0.3561040067288559,0.966796875,3.2088318960372106,0.6818181818876511
908,0.35637287667486817,0.9658203125,3.1835817062493525,0.6818181818876511
909,0.35649762803222984,0.9677734375,3.1796023676167557,0.6841491842186534
910,0.3570714724592108,0.96484375,3.1836021613407803,0.6829836830531523
911,0.3558169650568743,0.9677734375,3.2070272646861753,0.6818181818876511
912,0.35579124142532237,0.96484375,3.1842409586295104,0.6841491842186534
913,0.3566058572905604,0.9677734375,3.225743921486648,0.6806526807221499
914,0.35696217918302864,0.9658203125,3.2298634055055384,0.6806526807221499
915,0.35752503138792235,0.966796875,3.2600516022502126,0.6771561772256465
916,0.35681334070977755,0.96484375,3.268621040946676,0.6783216783911477
917,0.35498058050870895,0.9677734375,3.245421277059542,0.6794871795566487
918,0.3559774626628496,0.966796875,3.237487477578205,0.6806526807221499
919,0.35722847463330254,0.966796875,3.1830352750413624,0.6829836830531523
920,0.3560803700238466,0.96875,3.1814663193442603,0.6829836830531523
921,0.3559927238384262,0.966796875,3.1931778056360347,0.6864801864801865
922,0.35544529113030876,0.96484375,3.130076747118454,0.6888111888806581
923,0.3552503532919218,0.966796875,3.1610667508243124,0.6864801865496558
924,0.3550665330258198,0.9677734375,3.2022669187514654,0.6864801865496558
925,0.3544077127589844,0.9677734375,3.2068594616331976,0.6876456877151569
926,0.35553178866393864,0.9677734375,3.154757232099146,0.6853146853841546
927,0.35577294998802245,0.9677734375,3.1521382345742,0.6864801865496558
928,0.3558300277800299,0.966796875,3.1547993585502074,0.6829836831226216
929,0.35488265368621796,0.9658203125,3.203591159451536,0.6818181818876511
930,0.35574661252758233,0.9697265625,3.208688908245736,0.6818181819571204
931,0.35633557935943827,0.96875,3.2820449086613865,0.6806526806526807
932,0.3568681584929436,0.9677734375,3.2814782285468005,0.6794871794871795
933,0.35521482144122274,0.9677734375,3.2813219307185886,0.6806526806526807
934,0.35576184109959286,0.9638671875,3.2627477762582417,0.6771561771561772
935,0.3566324594721664,0.9677734375,3.2287736027946563,0.6806526807221499
936,0.35530828001719783,0.96484375,3.1984045005344846,0.6806526807221499
937,0.3558037129987497,0.9658203125,3.262311660048567,0.6783216783911477
938,0.35517008090391755,0.9677734375,3.192470593885942,0.6806526807221499
939,0.353923884104006,0.966796875,3.1488754647872943,0.6888111888806581
940,0.35560929576604394,0.9638671875,3.1859383466360454,0.6876456877151569
941,0.3550350763835013,0.966796875,3.1920223411146575,0.6853146853146853
942,0.3566848207847215,0.966796875,3.1917007708605074,0.6841491841491841
943,0.3556558916461654,0.9638671875,3.1339711767810208,0.6923076923771616
944,0.35479281313018873,0.9658203125,3.1386497918264573,0.6876456877151569
945,0.3558982374961488,0.96484375,3.207361839034341,0.6829836831226216
946,0.3559616997372359,0.966796875,3.2071196396589836,0.6853146853841546
947,0.35569924709852785,0.9638671875,3.2305437668220147,0.6841491842186534
948,0.3539771105715772,0.96875,3.201016361341054,0.6876456877151569
949,0.35432766276062466,0.966796875,3.161176006971817,0.6899766900461592
950,0.35607689432799816,0.9658203125,3.2362046430716704,0.6829836831226216
951,0.35441949008964,0.9658203125,3.24486567312743,0.6794871795566487
952,0.3540820480702678,0.966796875,3.2161268004170664,0.6794871795566487
953,0.3545432558748871,0.9658203125,3.249175408503392,0.6783216783911477
954,0.3536572869634256,0.966796875,3.302947672930631,0.6783216783216783
955,0.3542179766809568,0.96875,3.2088860609592538,0.6794871795566487
956,0.3538507648627274,0.966796875,3.2361353888656152,0.6783216783911477
957,0.3547865427972283,0.9658203125,3.2269509227681548,0.6759906760601453
958,0.35344361956231296,0.9658203125,3.300574082038897,0.6759906760601453
959,0.35471357903950373,0.966796875,3.256011825619322,0.6806526807221499
960,0.35408157025131004,0.9677734375,3.235507574114766,0.6794871795566487
961,0.3540128564054612,0.966796875,3.2147422778856503,0.6818181818181818
962,0.35403567214962095,0.96875,3.228109853250997,0.6783216783911477
963,0.3541539418802131,0.9677734375,3.230941664088856,0.6783216783911477
964,0.3542909340467304,0.9658203125,3.226397826677158,0.682983682983683
965,0.3539470338728279,0.96484375,3.2078599374055305,0.6841491842186534
966,0.354914904342877,0.970703125,3.209264381226404,0.6829836831226216
967,0.3549341000034474,0.9638671875,3.1869913564695347,0.6876456877151569
968,0.3550137672573328,0.9677734375,3.2075461202012354,0.6853146854536238
969,0.3541558824799722,0.9658203125,3.2173358593787347,0.6783216783911477
970,0.35461103383568116,0.9677734375,3.21885570001491,0.6829836831226216
971,0.3530571168521419,0.9658203125,3.2508554125165605,0.6794871795566487
972,0.3534245693590492,0.9658203125,3.267686818029497,0.6794871795566487
973,0.3536200694834406,0.96875,3.2912575904028123,0.6771561771561772
974,0.35378413888975047,0.9677734375,3.3440854793939834,0.6748251748251748
975,0.3543576408410445,0.9658203125,3.3231259214850293,0.675990675990676
976,0.35373366622661706,0.96875,3.3350988568125906,0.6771561771561772
977,0.35374115576269105,0.9658203125,3.290971913259902,0.6759906760601453
978,0.3533970304815517,0.962890625,3.2380427494471444,0.6794871795566487
979,0.3531742484192364,0.966796875,3.2360781317268494,0.6783216783911477
980,0.35386046825442463,0.9658203125,3.2424511448208824,0.6818181819571204
981,0.354159586597234,0.9677734375,3.2603693380778207,0.6783216784606169
982,0.3525101538107265,0.96875,3.24561054056341,0.6829836831226216
983,0.35294346212322125,0.9658203125,3.2423958250414797,0.6841491842881228
984,0.35333490575430915,0.9677734375,3.2437323309602717,0.6783216784606169
985,0.3550882202471257,0.9658203125,3.261242634210831,0.679487179626118
986,0.3537521470388816,0.962890625,3.2644998301992882,0.6794871795566487
987,0.3540338541752135,0.96484375,3.275897269482379,0.6841491842186534
988,0.3528024359018218,0.9658203125,3.2444248038294154,0.6841491842881228
989,0.3534861486987211,0.966796875,3.234047097203893,0.6876456877846262
990,0.3533099436244811,0.9658203125,3.218008500990612,0.6841491842881228
991,0.3538313523022225,0.962890625,3.215462217242012,0.6841491842881228
992,0.3539095878431908,0.9677734375,3.2323005674602268,0.6794871795566487
993,0.3541013949934495,0.966796875,3.265155061975226,0.6806526807221499
994,0.3535325391567312,0.966796875,3.2431086460193552,0.6806526807221499
995,0.3538167476654053,0.9658203125,3.244442664104186,0.6783216783911477
996,0.3530620621459093,0.962890625,3.254676765495247,0.6794871795566487
997,0.3531097033410333,0.966796875,3.2874530350967444,0.6794871795566487
998,0.3535955835650162,0.966796875,3.2856156926055053,0.6818181818876511
999,0.3533916453598067,0.962890625,3.2936798912106138,0.6794871795566487
