epoch,loss,single_accuracy,val_loss,val_single_accuracy
0,14.228424859561509,0.027460174717368963,2.2845679304816504,0.06759906768590421
1,2.408216630934689,0.055948098663926,2.095071626154137,0.055944056030892544
2,2.2069107969152717,0.06269270298047276,2.021513353972446,0.06993007010374314
3,2.0888806781200318,0.06770298047276464,1.987625354931349,0.06526806544173848
4,1.9962044573271263,0.07412641315519013,1.9540500690887024,0.06060606069289721
5,1.9226365664022431,0.07932939362795478,1.929269860396574,0.06293706302389954
6,1.8656194782208073,0.08494989722507708,1.9111215562531443,0.05128205136888789
7,1.817967146175616,0.08674845837615622,1.8979725707105268,0.05128205136888789
8,1.7695581318785696,0.09358941418293937,1.8821518318358557,0.05827505844873148
9,1.7416526048548542,0.09689748201438848,1.8594777078339548,0.06293706297179757
10,1.7141620283381667,0.10062307297019528,1.8496007377451116,0.05827505830979292
11,1.687315364535764,0.10222893114080164,1.8440811161672597,0.05827505830979292
12,1.6667427304837343,0.10733556012332991,1.8383001044635727,0.05594405611772915
13,1.648116393300024,0.11045092497430627,1.833026571429415,0.05827505844873148
14,1.6290149112889603,0.11738823227132579,1.8258973046060487,0.055944056030892544
15,1.6167924964048144,0.1163283658787256,1.8303354684011641,0.04895104903788555
16,1.5973880458833747,0.12294450154162384,1.8269890021610926,0.05128205136888789
17,1.589598624213749,0.12233427543679343,1.8215376483254777,0.04895104903788555
18,1.5746010932745937,0.12496788283658787,1.823203450594193,0.053613053699890216
19,1.567171727153037,0.1277941932168551,1.8178075743721915,0.053613053699890216
20,1.5566615048807424,0.1328365878725591,1.81915118116321,0.05128205136888789
21,1.5459608617568923,0.1337679856115108,1.8263170535747821,0.046620046706883224
22,1.5412819429634776,0.13569501541623843,1.8257828453481892,0.05128205136888789
23,1.5323676455302695,0.13823227132579652,1.8273167560150574,0.046620046620046623
24,1.5261145661080606,0.14086587872559095,1.8229311860246813,0.04428904428904429
25,1.5171521445094989,0.1443024152106886,1.8422833689442881,0.046620046620046623
26,1.5093493537569584,0.14703237410071943,1.827867547393123,0.04895104895104895
27,1.5049408965831181,0.1477068345323741,1.8340680251866233,0.046620046620046623
28,1.4980780970523437,0.14693602261048305,1.8343061481044565,0.04428904428904429
29,1.4860797629204463,0.15313463514902365,1.843819981410509,0.046620046620046623
30,1.4821926153208467,0.15557553956834533,1.8480642047517506,0.04428904428904429
31,1.4777728663441578,0.15586459403905448,1.846892543605991,0.044289044375880895
32,1.4718694852287943,0.15711716341212745,1.8469762607610032,0.046620046706883224
33,1.464567756113756,0.15959018499486124,1.8604421910150346,0.04195804195804196
34,1.458138402294892,0.16215955806783144,1.8749796819019984,0.04195804195804196
35,1.4552596704565364,0.1630267214799589,1.8766358487811678,0.04428904428904429
36,1.4490643025424719,0.16556397738951695,1.880154791133943,0.04428904428904429
37,1.4426804076485864,0.16832605344295992,1.8848835177077001,0.046620046620046623
38,1.4388571918807074,0.1681654676258993,1.8906522689165768,0.046620046620046623
39,1.431932862223971,0.17176258992805754,1.9006968706082075,0.04895104895104895
40,1.431079755584113,0.17095966084275438,1.9005976340153834,0.05128205128205128
41,1.4273300985638186,0.17465313463514903,1.9110159729466294,0.046620046620046623
42,1.4161145574387397,0.17690133607399794,1.9287585887041958,0.044289044375880895
43,1.4153299853588548,0.17972764645426517,1.9237419088959415,0.04428904428904429
44,1.4121023661553675,0.18004881808838644,1.9311925161690702,0.046620046620046623
45,1.4064977100427203,0.18242548818088386,1.9228419951903515,0.04428904428904429
46,1.4004513445517999,0.1826824254881809,1.936146450487328,0.04428904428904429
47,1.3937097198549058,0.18788540596094552,1.9403968568726297,0.04195804195804196
48,1.3906205153783815,0.1878532887975334,1.965900856853921,0.039627039627039624
49,1.3858202072233727,0.19350590955806782,1.9454171210180073,0.04428904428904429
50,1.383153500316812,0.19074383350462487,1.9718877699547437,0.04895104903788555
51,1.3749021117758284,0.2000256937307297,1.9662873667159002,0.04428904428904429
52,1.3682744561829523,0.19867677286742036,1.9866451527966764,0.046620046620046623
53,1.3682692778686336,0.19761690647482014,1.963146684053061,0.046620046620046623
54,1.3622410857297655,0.19986510791366907,1.9945030845962204,0.04895104895104895
55,1.3611693497429405,0.20159943473792394,1.9822915342304257,0.05128205128205128
56,1.3544384629483825,0.20394398766700925,1.993141736461844,0.05128205128205128
57,1.3512815799399491,0.20718782117163412,1.984209972939569,0.046620046620046623
58,1.3473127184766904,0.2111382322713258,1.988716824905022,0.04428904428904429
59,1.3451250333335147,0.2079586330935252,2.0122616377188054,0.046620046620046623
60,1.340171275011437,0.21364337101747174,1.9901407595836755,0.04895104895104895
61,1.3362283464080873,0.21287255909558067,2.0231852409167166,0.04895104895104895
62,1.3309110830033548,0.21602004110996917,2.0058233548989106,0.04895104895104895
63,1.3281263653322948,0.21746531346351491,2.0201453676312675,0.04895104895104895
64,1.3251468014251537,0.2153455806783145,2.0251711081791592,0.04195804195804196
65,1.3228901308585046,0.21608427543679343,2.0408122461714666,0.046620046620046623
66,1.3215187916652762,0.21691932168550873,2.0495624050393806,0.046620046620046623
67,1.3167714941538373,0.22070914696813979,2.0463664198255205,0.04895104895104895
68,1.3085174394535994,0.22282887975334018,2.059918331099557,0.04895104895104895
69,1.311117412129997,0.22337487153134636,2.0660042207002083,0.04895104895104895
70,1.3054878744780098,0.22793550873586846,2.059544531615464,0.04895104895104895
71,1.304944906425868,0.22311793422404932,2.057839293024201,0.046620046620046623
72,1.2997931265267415,0.22517343268242548,2.0681514928946685,0.04195804195804196
73,1.2954338096763713,0.22543036998972252,2.0717572429519153,0.046620046620046623
74,1.2955759401066576,0.23053699897225077,2.0837348766260213,0.039627039627039624
75,1.29170681767449,0.23137204522096608,2.070422411798597,0.04195804195804196
76,1.2859509309173733,0.23076181911613566,2.0867250524200758,0.046620046620046623
77,1.2877707128534581,0.23053699897225077,2.106239096823828,0.04195804195804196
78,1.2812142431552216,0.2322070914696814,2.1220729148193396,0.04428904428904429
79,1.2838568736445868,0.23503340184994861,2.1073238141053205,0.04428904428904429
80,1.2792812487204297,0.23683196300102774,2.096749949288535,0.04428904428904429
81,1.2785200881565952,0.23390930113052416,2.0931173796420333,0.039627039627039624
82,1.2687896566670331,0.2418101233299075,2.1202915798534048,0.04428904428904429
83,1.2699872074612366,0.24036485097636176,2.116710426368358,0.04428904428904429
84,1.2708686933855604,0.23676772867420348,2.1194699007870157,0.039627039627039624
85,1.2658319854295266,0.23978674203494346,2.1271062930980764,0.039627039627039624
86,1.2634731734521834,0.24023638232271327,2.1197337973645793,0.039627039627039624
87,1.2639077253111342,0.2414568345323741,2.1351236805215583,0.039627039627039624
88,1.2603450903299533,0.24515030832476875,2.124322114013014,0.037296037296037296
89,1.2546441211362291,0.24810508735868447,2.1318907840546473,0.037296037296037296
90,1.2555399037828672,0.24280575539568344,2.139422973552784,0.039627039627039624
91,1.2524680849337013,0.2463707605344296,2.166064811197472,0.037296037296037296
92,1.2496997497187121,0.24527877697841727,2.16351526461559,0.039627039627039624
93,1.2532120811975995,0.24775179856115107,2.1481343799537713,0.037296037296037296
94,1.2461441799401012,0.24646711202466598,2.168998894157943,0.039627039627039624
95,1.245708440705169,0.25019270298047275,2.171016435245256,0.039627039627039624
96,1.2447921902645773,0.25083504624871533,2.143745349559473,0.037296037296037296
97,1.2434368716114472,0.25199126413155193,2.1464848301627417,0.039627039627039624
98,1.2395492734546407,0.24910071942446044,2.165887157122294,0.039627039627039624
99,1.236901835510689,0.2524730215827338,2.1826817097363773,0.03496503496503497
100,1.2361974678818761,0.25019270298047275,2.1823164541404565,0.03496503496503497
101,1.2337655451412926,0.2534365364850976,2.2012268593817046,0.039627039627039624
102,1.2301952779476837,0.256808838643371,2.217221967268101,0.039627039627039624
103,1.2311203318044068,0.2533723021582734,2.2189176755073743,0.039627039627039624
104,1.2293559285866638,0.2543358170606372,2.1806297680158995,0.039627039627039624
105,1.2257653887078304,0.25452852004111,2.222586207178645,0.037296037296037296
106,1.2272899682573277,0.25478545734840696,2.1974429681306673,0.04195804195804196
107,1.2259283405168695,0.2542073484069887,2.214958010853587,0.037296037296037296
108,1.2214811190671813,0.2570336587872559,2.226060579984616,0.037296037296037296
109,1.2226555971055457,0.2538861767728674,2.217891821494469,0.039627039627039624
110,1.2227563470265113,0.2572905960945529,2.2226033702596917,0.04195804195804196
111,1.2133976363817198,0.25998843782117165,2.2355805279769543,0.04195804195804196
112,1.2176315149202377,0.2566803699897225,2.212155390730549,0.039627039627039624
113,1.2130187160554673,0.2595066803699897,2.238807317260262,0.039627039627039624
114,1.2169443711960057,0.25985996916752313,2.205217693791245,0.04195804195804196
115,1.2097848034468608,0.26467754367934226,2.2377065467389867,0.039627039627039624
116,1.2144621964716347,0.2568730729701953,2.213808643790114,0.04195804195804196
117,1.2084536954898384,0.26220452209660844,2.236142260489208,0.04195804195804196
118,1.2074297999184032,0.26268627954779034,2.2335936764737108,0.04428904428904429
119,1.2053033676446403,0.26275051387461457,2.2366085555447843,0.04428904428904429
120,1.2076541261952314,0.2592497430626927,2.2363502840339997,0.039627039627039624
121,1.2040912138349842,0.26175488180883866,2.2246336817463517,0.04195804195804196
122,1.2040063652448272,0.26220452209660844,2.247418877405998,0.04195804195804196
123,1.200566575987856,0.26047019527235354,2.2633883536278785,0.04195804195804196
124,1.2005867903548668,0.26326438848920863,2.25454914542067,0.039627039627039624
125,1.1969030775734724,0.26506294964028776,2.277573049485267,0.04195804195804196
126,1.1982702201218913,0.26284686536485097,2.280706672957449,0.039627039627039624
127,1.1944481080507081,0.2665082219938335,2.276590656567287,0.04195804195804196
128,1.1961470850937659,0.2656731757451182,2.2736360179238666,0.039627039627039624
129,1.1931520122173267,0.26551258992805754,2.251670264975452,0.046620046620046623
130,1.1941452959336087,0.2662834018499486,2.2523698170424065,0.04195804195804196
131,1.1906441171392261,0.2669899794450154,2.287027430978966,0.04195804195804196
132,1.189498069475023,0.2642600205549846,2.248280964809142,0.04195804195804196
133,1.187742804941881,0.2658979958890031,2.246529500523369,0.037296037296037296
134,1.1886138804524922,0.2680498458376156,2.264780190163281,0.04195804195804196
135,1.1861424986407054,0.2687885405960945,2.2672593457437618,0.04195804195804196
136,1.1852575584648815,0.2659301130524152,2.2736803368254974,0.04195804195804196
137,1.1849859928423185,0.26898124357656733,2.2918531619585476,0.039627039627039624
138,1.178229668953926,0.26952723535457346,2.301061953698005,0.037296037296037296
139,1.1851130461153734,0.27187178828365877,2.272470552048761,0.04428904428904429
140,1.179666355604503,0.2704907502569373,2.292046407719592,0.037296037296037296
141,1.178821141342465,0.2728031860226105,2.3201951747174028,0.037296037296037296
142,1.182198721544103,0.2693345323741007,2.2648400646267515,0.039627039627039624
143,1.1720192863664303,0.27074768756423434,2.2837888180236994,0.039627039627039624
144,1.1767154162001143,0.27135791366906475,2.297039275124912,0.039627039627039624
145,1.1758461494117454,0.2748265673175745,2.274721670539785,0.04195804195804196
146,1.1745621517285292,0.2686921891058582,2.2768393054708733,0.04195804195804196
147,1.1721729509999548,0.27453751284686534,2.3249789776501957,0.037296037296037296
148,1.1740914245058551,0.2736382322713258,2.2771882227250746,0.04195804195804196
149,1.1748402802329148,0.2710367420349435,2.265904974826288,0.037296037296037296
150,1.1664416690769568,0.27941932168550876,2.2856299743785726,0.04195804195804196
151,1.1710133249321062,0.27020169578622816,2.289246833685673,0.037296037296037296
152,1.1687269744990663,0.2755331449126413,2.2748449626780336,0.03496503496503497
153,1.1654086944868238,0.27424845837615625,2.319677551587423,0.03496503496503497
154,1.1685241885322462,0.27312435765673176,2.295161862751265,0.037296037296037296
155,1.162214550489267,0.2769141829393628,2.29476081908166,0.039627039627039624
156,1.164266575767227,0.27582219938335045,2.2909121949633797,0.037296037296037296
157,1.1635388989242719,0.2742163412127441,2.3098226599482112,0.03496503496503497
158,1.1632757831943,0.2755973792394656,2.3051947713731886,0.037296037296037296
159,1.1615665045328523,0.2767857142857143,2.299866033045006,0.039627039627039624
160,1.1595121202463972,0.27649665981500515,2.2842088140252033,0.037296037296037296
161,1.1590966658258977,0.27929085303186024,2.317483982561907,0.037296037296037296
162,1.1610749973422576,0.2751477389516958,2.303372620424746,0.037296037296037296
163,1.1587406164695646,0.2750835046248715,2.3250447642275227,0.03496503496503497
164,1.1575506445315245,0.27411998972250773,2.32548142757727,0.037296037296037296
165,1.1552013734629318,0.27813463514902365,2.3368901228293395,0.03263403263403263
166,1.1559740600213486,0.2773638232271326,2.320602961353489,0.03496503496503497
167,1.1556071908598937,0.2778134635149024,2.3416884629042833,0.03496503496503497
168,1.1539714929991367,0.2778776978417266,2.29079784907939,0.037296037296037296
169,1.1550526700431494,0.27919450154162384,2.304121378974203,0.037296037296037296
170,1.1498499972112133,0.2755973792394656,2.312582370284554,0.04195804195804196
171,1.1536989874241899,0.27652877697841727,2.2810516921512454,0.03496503496503497
172,1.1475348879352503,0.2839157245632066,2.325503056143825,0.037296037296037296
173,1.1489184135523265,0.27864850976361766,2.312046286109444,0.03496503496503497
174,1.1478947491709521,0.2793872045220966,2.314053948664721,0.03496503496503497
