epoch,loss,single_accuracy,val_loss,val_single_accuracy
0,32.63411704735822,0.14256912442396313,8.118172747787076,0.00798175598631699
1,6.589526401686778,0.457301267281106,7.9931788210722035,0.0034207525655644243
2,5.83300210034243,0.5784490207373272,8.011722261304866,0.0068415051311288486
3,5.323821875356859,0.6376728110599078,8.013442799601886,0.005701254275940707
4,4.950345071230067,0.6737111175115207,8.026272908583742,0.00798175598631699
5,4.65985218720502,0.7040970622119815,8.066590476606972,0.0068415051311288486
6,4.431502103805542,0.7290106566820277,8.038398152202403,0.0068415051311288486
7,4.241643443085631,0.7504320276497696,8.067014491952268,0.005701254275940707
8,4.084577560424805,0.7665970622119815,8.049254389146308,0.0068415051311288486
9,3.9435594164281396,0.786434331797235,8.00536466487593,0.0068415051311288486
10,3.817059291123245,0.799035138248848,7.985525914173714,0.009122006841505131
11,3.7009350022962018,0.8141201036866359,7.937120175551933,0.0068415051311288486
12,3.5928962659176595,0.8269369239631337,7.8726382250117055,0.0068415051311288486
13,3.492452288552913,0.837485599078341,7.874643456297019,0.0068415051311288486
14,3.395285288859073,0.8485023041474654,7.805092298318478,0.00798175598631699
15,3.304536055859333,0.8567828341013825,7.6519488092159325,0.0068415051311288486
16,3.2159966104041597,0.8658194124423964,7.658298571813881,0.0068415051311288486
17,3.129588461141982,0.8771241359447005,7.522137093843049,0.0068415051311288486
18,3.0443801676622733,0.886448732718894,7.5598388430466,0.010262257696693273
19,2.963993675148432,0.8945132488479263,7.518473185318498,0.009122006841505131
20,2.8869018763441097,0.9001296082949308,7.408887064443347,0.009122006841505131
21,2.810257095345704,0.906718029953917,7.316664309702822,0.010262257696693273
22,2.735083058133103,0.9155025921658986,7.343424019003404,0.010262257696693273
23,2.6620888287021267,0.9174467165898618,7.272187181318364,0.00798175598631699
24,2.5904408176923126,0.9242871543778802,7.354832323546285,0.00798175598631699
25,2.521691649740193,0.9293994815668203,7.210574912372445,0.00798175598631699
26,2.4529604488803494,0.9332877304147466,7.115754318889762,0.010262257696693273
27,2.387599471527311,0.9372119815668203,7.0562195103687735,0.010262257696693273
28,2.321071861526384,0.9440884216589862,7.062732644880375,0.009122006841505131
29,2.256796512735604,0.9475446428571429,7.01555026760123,0.011402508551881414
30,2.1956159414783603,0.9493087557603687,6.945604200917748,0.0068415051311288486
31,2.1362543595001995,0.9537010368663594,6.9452846112789555,0.010262257696693273
32,2.075481225268632,0.9585973502304147,6.9429153814283175,0.009122006841505131
33,2.0183051137880246,0.9608294930875576,6.841098064979371,0.011402508551881414
34,1.9620484998149257,0.9643577188940092,6.793268686009649,0.009122006841505131
35,1.906784634985682,0.9654377880184332,6.676335298348995,0.011402508551881414
36,1.8527392192919683,0.9692540322580645,6.616672271741565,0.009122006841505131
37,1.8014985493251257,0.9695060483870968,6.723132577698206,0.00798175598631699
38,1.751951019610128,0.971378168202765,6.676363877043077,0.012542759407069556
39,1.7027734158225873,0.9737903225806451,6.70509058529322,0.010262257696693273
40,1.6546698327987426,0.9750504032258065,6.700992067700237,0.00798175598631699
41,1.6080820376422549,0.9780745967741935,6.550098383304331,0.009122006841505131
42,1.5634135161676714,0.978038594470046,6.604881398626173,0.009122006841505131
43,1.5204427481246983,0.9789386520737328,6.6152733522239,0.0068415051311288486
44,1.4774913243983747,0.9822508640552995,6.542603271445228,0.009122006841505131
45,1.4375220512464848,0.9816388248847926,6.5309803548397465,0.010262257696693273
46,1.3965751138700317,0.9841229838709677,6.555508299319746,0.012542759407069556
47,1.3586823574958309,0.9852390552995391,6.544748857600387,0.011402508551881414
48,1.322600951117854,0.9846270161290323,6.490126588053687,0.010262257696693273
49,1.285583164285405,0.9877952188940092,6.567338609641063,0.009122006841505131
50,1.251672106679134,0.9862831221198156,6.549826609503856,0.009122006841505131
51,1.2177718094966379,0.9870391705069125,6.538139528124471,0.011402508551881414
52,1.1858672505150194,0.987471198156682,6.673873398975473,0.009122006841505131
53,1.1550733691536337,0.989091301843318,6.504358211700022,0.00798175598631699
54,1.1243138804963106,0.9900633640552995,6.537311641493028,0.009122006841505131
55,1.0945770814671494,0.9900633640552995,6.595970387605604,0.010262257696693273
56,1.0672015075310035,0.9902793778801844,6.571242442288719,0.00798175598631699
57,1.0400576355270525,0.9912154377880185,6.601796397053666,0.0068415051311288486
58,1.0136674727712358,0.9914674539170507,6.568919425407592,0.009122006841505131
59,0.9877864425907487,0.9923675115207373,6.701591728758513,0.00798175598631699
60,0.9640800366478581,0.9922235023041475,6.6096527247499575,0.009122006841505131
61,0.9399244496899266,0.9923315092165899,6.76858731088236,0.009122006841505131
62,0.9171606913414968,0.992655529953917,6.827618978450345,0.00798175598631699
63,0.8948353664940952,0.9928715437788018,6.7834280583850335,0.0068415051311288486
64,0.8736914541864176,0.9929795506912442,7.082623885729974,0.013683010262257697
65,0.8527227561869379,0.9940956221198156,6.91093717714264,0.009122006841505131
66,0.833398611452173,0.9933755760368663,6.755917944413363,0.00798175598631699
67,0.8136681415792983,0.9947796658986175,6.988859516456978,0.011402508551881414
68,0.7947658984342478,0.9950316820276498,6.939207613128349,0.009122006841505131
69,0.7766246038922516,0.9945996543778802,6.857645742705638,0.009122006841505131
70,0.7586977577978565,0.9954997119815668,7.221795634505686,0.009122006841505131
71,0.7420571100327277,0.9945636520737328,7.142348108432992,0.012542759407069556
72,0.7255413806932862,0.995283698156682,7.449913978032946,0.012542759407069556
73,0.7095906391121825,0.9951756912442397,7.278342871736637,0.011402508551881414
74,0.6940879113113825,0.9957877304147466,7.48221612384409,0.012542759407069556
75,0.6793135960805251,0.9962197580645161,7.328301006195347,0.011402508551881414
76,0.6647454040116428,0.9957157258064516,7.422512442111425,0.010262257696693273
77,0.6513534276166819,0.9958597350230415,7.524442888040228,0.014823261117445839
78,0.6373102593531806,0.9965797811059908,7.407001617153259,0.011402508551881414
79,0.6240583553841587,0.9957517281105991,7.463254612147332,0.011402508551881414
80,0.6110680921835834,0.9972278225806451,7.408082152989734,0.010262257696693273
81,0.5983328091384079,0.9965437788018433,7.52233813861077,0.011402508551881414
82,0.5863282497852079,0.9961837557603687,7.61605099315926,0.013683010262257697
83,0.57478032436239,0.9965077764976958,7.972197890417606,0.013683010262257697
84,0.5633510459677964,0.9967957949308756,7.903321984964195,0.012542759407069556
85,0.5519555194586653,0.9968677995391705,7.983981146643887,0.012542759407069556
86,0.5411881418546773,0.9972998271889401,7.935889484401168,0.011402508551881414
87,0.5303590062851181,0.9969758064516129,8.249084913064571,0.009122006841505131
88,0.5205317551639222,0.997371831797235,8.181837503831225,0.012542759407069556
89,0.5096730049442036,0.9975158410138248,8.134775274835672,0.010262257696693273
90,0.5006352302528196,0.9974438364055299,8.477208884575212,0.013683010262257697
91,0.49059812745190984,0.9974078341013825,8.293419453002164,0.013683010262257697
92,0.4821677245028008,0.9974078341013825,8.457286696613446,0.011402508551881414
93,0.47267415886101083,0.997839861751152,8.133523979100017,0.013683010262257697
94,0.46454955081236526,0.997371831797235,8.215593327138416,0.013683010262257697
95,0.45567782635238313,0.9974078341013825,8.446297328039885,0.013683010262257697
96,0.4475214214918251,0.9976958525345622,8.373228745150593,0.013683010262257697
97,0.4392556489063298,0.9976598502304147,8.979684053288354,0.012542759407069556
98,0.43148593700701193,0.9976598502304147,8.266849312298381,0.013683010262257697
99,0.4233498313734608,0.9978758640552995,8.620074112303852,0.013683010262257697
100,0.4162398165409466,0.9979838709677419,9.012777987472552,0.013683010262257697
101,0.4088108120700731,0.9984879032258065,9.053931130786578,0.014823261117445839
102,0.40174243561408485,0.9979838709677419,8.735483259812185,0.013683010262257697
103,0.39449207883002024,0.998451900921659,8.791857731383095,0.014823261117445839
104,0.3882873513594201,0.9978038594470046,9.331228123559375,0.013683010262257697
105,0.38096058540355227,0.9985599078341014,9.707554760653453,0.01596351197263398
106,0.37488429200264717,0.9983438940092166,9.22297245338814,0.014823261117445839
107,0.3681646715248785,0.998523905529954,9.37292803217367,0.013683010262257697
108,0.3621127055399978,0.9987039170506913,9.184210739222737,0.013683010262257697
109,0.35617314237878067,0.998451900921659,9.752879858288825,0.013683010262257697
110,0.3501959581116927,0.998523905529954,9.276801720448475,0.014823261117445839
111,0.3445188002789625,0.9985599078341014,9.753279442390259,0.014823261117445839
112,0.3388434303795687,0.998523905529954,9.939662168887757,0.013683010262257697
113,0.3330060565663922,0.9989199308755761,9.858359636983144,0.013683010262257697
114,0.32813261943753413,0.9987399193548387,10.093868553570495,0.014823261117445839
115,0.3225690699804763,0.9984158986175116,9.7888554189197,0.013683010262257697
116,0.31776715039108205,0.9987039170506913,9.527313419459484,0.013683010262257697
117,0.31198371294456695,0.9985959101382489,9.987775833060287,0.013683010262257697
118,0.3078977527431629,0.9987759216589862,10.209675804103385,0.013683010262257697
119,0.3028542287476052,0.9988479262672811,10.300736101078742,0.013683010262257697
120,0.29832393816813896,0.9987759216589862,10.295767209956692,0.013683010262257697
121,0.2939479044093514,0.9990999423963134,9.956165539905717,0.013683010262257697
122,0.28875839346290183,0.9984879032258065,9.706978470596784,0.012542759407069556
123,0.2846677317047998,0.9992079493087558,10.446120425260188,0.01596351197263398
124,0.2799223138165364,0.998991935483871,10.629816696880345,0.014823261117445839
125,0.2765701687830384,0.9987399193548387,10.767035459303122,0.013683010262257697
126,0.2718203326661466,0.9989199308755761,10.57828597522244,0.012542759407069556
127,0.267613079072693,0.9993159562211982,10.818542357589392,0.013683010262257697
128,0.26385151357969383,0.9992079493087558,10.766013062802253,0.013683010262257697
129,0.26023454579614824,0.9989199308755761,10.8762548179148,0.014823261117445839
130,0.2559446184659883,0.9994239631336406,11.171833583131484,0.012542759407069556
131,0.2529982837938493,0.9988119239631337,11.04080790124978,0.013683010262257697
132,0.24858918624676868,0.9991719470046083,11.01312872104797,0.012542759407069556
133,0.24536265113524028,0.999459965437788,10.581587837114846,0.012542759407069556
134,0.24176018290256027,0.9993879608294931,11.308373235922176,0.013683010262257697
135,0.2383870915402465,0.9993879608294931,11.192710742711204,0.012542759407069556
136,0.23484565904750251,0.9996039746543779,10.478430303227807,0.013683010262257697
137,0.23183707865427167,0.9992079493087558,10.872587706371208,0.012542759407069556
138,0.22844035473699395,0.9995679723502304,10.867515445435197,0.013683010262257697
139,0.22543841408145043,0.9992439516129032,10.925860472388795,0.014823261117445839
140,0.22239096740835823,0.9992439516129032,10.515353850926886,0.011402508551881414
141,0.21937460373348905,0.999459965437788,11.085958630900018,0.011402508551881414
142,0.21610274464578672,0.9994959677419355,11.350601544266008,0.014823261117445839
143,0.212764252028707,0.9996039746543779,11.739500339381914,0.014823261117445839
144,0.21080456979675777,0.9994239631336406,11.218529891532802,0.013683010262257697
145,0.20772037988159514,0.9993519585253456,11.430203470428014,0.01596351197263398
146,0.2049309415270656,0.999459965437788,11.531465526045796,0.012542759407069556
147,0.2023988520288797,0.999459965437788,11.179869557188201,0.012542759407069556
148,0.19967458929334367,0.9990999423963134,11.433392053862933,0.012542759407069556
149,0.19715368115956883,0.9996759792626728,11.182641590470736,0.011402508551881414
150,0.19401237499054677,0.999531970046083,11.273009951601278,0.011402508551881414
151,0.19204863099046565,0.9996399769585254,11.491626691655123,0.012542759407069556
152,0.18948857499981805,0.9993519585253456,11.274066852191154,0.011402508551881414
153,0.18727127442024818,0.9993519585253456,11.437752595377349,0.011402508551881414
154,0.18487027414520765,0.9996759792626728,11.644051245164164,0.013683010262257697
155,0.18213749309563967,0.9994239631336406,11.434810591668333,0.012542759407069556
156,0.18056323276274763,0.999531970046083,11.749054580349199,0.012542759407069556
157,0.17854880122682465,0.9993879608294931,11.343432436239489,0.011402508551881414
158,0.17615417480331413,0.9996039746543779,11.320603006378139,0.013683010262257697
159,0.17382094064890513,0.9995679723502304,11.771318254068477,0.011402508551881414
160,0.17171280745262374,0.9994239631336406,11.001699336714184,0.013683010262257697
161,0.16986293737102764,0.999459965437788,11.92561640353404,0.011402508551881414
162,0.16799925538938715,0.999459965437788,11.75348045018543,0.012542759407069556
163,0.16576027296792528,0.9994959677419355,11.97372725453045,0.010262257696693273
164,0.16353010822276365,0.9996039746543779,12.301909779469263,0.011402508551881414
165,0.16185760752121975,0.9997839861751152,12.116491493912353,0.011402508551881414
166,0.15964710218016454,0.9993879608294931,12.293351057046088,0.011402508551881414
167,0.15812587223020017,0.999531970046083,11.881651568439967,0.011402508551881414
168,0.15626272449295642,0.9996399769585254,12.457830905370592,0.011402508551881414
169,0.15438398612397058,0.9997839861751152,11.939027962418212,0.012542759407069556
170,0.1526938753056636,0.9996399769585254,12.485357180152814,0.011402508551881414
171,0.1508988405358956,0.9997119815668203,12.004212909032981,0.012542759407069556
172,0.14946628372240725,0.9996399769585254,12.269583237755665,0.011402508551881414
173,0.14776258792058664,0.999459965437788,12.072897684886764,0.011402508551881414
174,0.14605066722713858,0.9994239631336406,12.585189554003517,0.011402508551881414
175,0.14471620197669702,0.9996399769585254,12.359807928992241,0.010262257696693273
176,0.1429530498550235,0.9996039746543779,12.283640747331296,0.010262257696693273
177,0.1413722808047923,0.9996759792626728,12.287645984810597,0.010262257696693273
178,0.13964549960216618,0.9997839861751152,12.315727560115105,0.010262257696693273
179,0.13834303638078102,0.9996399769585254,12.069750786915066,0.009122006841505131
180,0.13674546668331744,0.9996399769585254,12.12033831053748,0.010262257696693273
181,0.13575505351965328,0.9996399769585254,12.255419311392947,0.00798175598631699
182,0.13411009459314258,0.9997839861751152,12.594137991032008,0.010262257696693273
183,0.13266047418186191,0.9997119815668203,12.516384423798547,0.010262257696693273
184,0.13138590114457266,0.9998199884792627,11.992097260878595,0.010262257696693273
185,0.129802256599412,0.9996399769585254,12.399273027443968,0.009122006841505131
186,0.1287632373586503,0.9997119815668203,12.52688233039534,0.010262257696693273
187,0.1273916601139005,0.9994959677419355,12.529541422323055,0.010262257696693273
188,0.12600607866172417,0.9997119815668203,12.394973305775068,0.010262257696693273
189,0.1250246172676438,0.9997119815668203,12.458197587164397,0.011402508551881414
190,0.12384652646799241,0.9997479838709677,12.638372371242962,0.010262257696693273
191,0.1224666471477203,0.9995679723502304,13.00435682251081,0.010262257696693273
192,0.12095777002004435,0.9997839861751152,12.937238511636837,0.010262257696693273
193,0.11989869251160577,0.9998559907834101,12.709325408718062,0.012542759407069556
194,0.119042866893353,0.9996399769585254,12.226904245983372,0.010262257696693273
195,0.11728988450518402,0.9997479838709677,11.931742209257258,0.010262257696693273
196,0.11623376383004101,0.9996399769585254,12.600215135441674,0.011402508551881414
197,0.11515220553369566,0.9997479838709677,12.790361272840162,0.011402508551881414
198,0.1142064998879136,0.9997839861751152,12.269723252804276,0.009122006841505131
199,0.11348775576817276,0.9997479838709677,12.493697647086027,0.012542759407069556
200,0.11207896292484301,0.9997479838709677,12.058654602468353,0.010262257696693273
201,0.11102356435516463,0.9997839861751152,13.300126227984542,0.010262257696693273
202,0.1101437389232596,0.9996039746543779,12.859733906683926,0.010262257696693273
203,0.10867678113110055,0.9998199884792627,12.640074559193245,0.010262257696693273
204,0.10780052826975897,0.9997839861751152,13.01177907289094,0.012542759407069556
205,0.1069231883618414,0.9998919930875576,12.651942416226985,0.009122006841505131
206,0.10597708852197718,0.9999639976958525,12.413602961645703,0.010262257696693273
207,0.10502359334568274,0.9997839861751152,12.394950807978109,0.010262257696693273
208,0.10417861748950273,0.9997839861751152,12.2033040852476,0.009122006841505131
209,0.10297734202808499,0.9998559907834101,12.866687631117713,0.010262257696693273
210,0.10237692495644916,0.9998559907834101,13.61187050252847,0.010262257696693273
211,0.1013262913077383,0.9997479838709677,12.427803208102114,0.011402508551881414
212,0.10020004111569598,0.9997839861751152,12.469731465712648,0.010262257696693273
213,0.09973716162454148,0.9998919930875576,13.252517087973374,0.00798175598631699
214,0.09845528298396669,0.9998559907834101,12.826596746151097,0.009122006841505131
215,0.09784785349110854,0.9998919930875576,13.64120785594666,0.009122006841505131
216,0.09701107394310736,0.9997479838709677,13.451021775144536,0.010262257696693273
217,0.09633317294483361,0.9997119815668203,13.059084788967294,0.009122006841505131
218,0.09506383970860512,0.9998919930875576,13.3747033257305,0.011402508551881414
219,0.0946122864905041,0.9998559907834101,13.455665104473466,0.00798175598631699
220,0.09361441972480941,0.9997479838709677,14.040505626726313,0.009122006841505131
221,0.09301447003118453,0.9996759792626728,12.662143738810801,0.010262257696693273
222,0.09217223890709438,0.9999279953917051,13.01917748576287,0.009122006841505131
223,0.09129696444088962,0.9998919930875576,12.992078746330234,0.010262257696693273
224,0.090486943704604,0.9995679723502304,12.38178071899588,0.009122006841505131
225,0.08971185032879153,0.9998559907834101,12.837473432177692,0.009122006841505131
226,0.08889812092009228,0.9998199884792627,12.946487774734758,0.011402508551881414
227,0.08895652588405367,0.9996759792626728,12.505522782337707,0.009122006841505131
228,0.0874318770961278,0.9998559907834101,14.205760051070488,0.009122006841505131
229,0.08713121296760673,0.9997119815668203,13.517349711845512,0.010262257696693273
230,0.0862329283789281,0.9998559907834101,13.194105585461468,0.0068415051311288486
231,0.08561001458819012,0.9999639976958525,13.257475700726395,0.00798175598631699
232,0.08509523939976495,0.9996759792626728,12.834125293701241,0.00798175598631699
233,0.08421463788860405,0.9997839861751152,12.38465657120012,0.0068415051311288486
234,0.08401327027428535,0.9998199884792627,12.722681767584389,0.00798175598631699
235,0.0830584470234159,0.9997479838709677,12.880602843133454,0.00798175598631699
236,0.08248951526418809,0.9998559907834101,13.132090357581458,0.00798175598631699
237,0.08176116322592107,0.9997479838709677,12.724392583188065,0.00798175598631699
238,0.08120704516081766,0.9997119815668203,12.596339388883235,0.0068415051311288486
239,0.0808783931837928,0.9997479838709677,12.940892524023285,0.00798175598631699
240,0.08008004019405984,0.9998199884792627,11.592016316873861,0.00798175598631699
241,0.0795215310245615,0.9997839861751152,13.14386389872639,0.00798175598631699
242,0.07904352149861749,0.9998559907834101,12.880282279159216,0.009122006841505131
243,0.07846343546487769,0.9996759792626728,13.030682955255802,0.009122006841505131
244,0.07781048773139852,0.9998199884792627,13.175268622325518,0.00798175598631699
245,0.07717765411061625,0.9998559907834101,12.608719719176689,0.00798175598631699
246,0.07654313475305584,0.9998199884792627,12.861330183501119,0.009122006841505131
247,0.07650148568134155,0.9997119815668203,12.430831256722914,0.009122006841505131
248,0.07572472787329129,0.9997119815668203,13.024384681284088,0.00798175598631699
249,0.07503697549074476,0.9998919930875576,13.305126841554891,0.0068415051311288486
250,0.0749851121537147,0.9996759792626728,13.276632123009781,0.00798175598631699
251,0.074055468534819,0.9997119815668203,12.662738387913633,0.00798175598631699
252,0.07364479641211198,0.9998919930875576,12.988604346593945,0.00798175598631699
253,0.07301840529463807,0.9998559907834101,13.189992329413698,0.00798175598631699
254,0.07252744983555534,0.9997839861751152,12.159144479845105,0.009122006841505131
255,0.0717578649452205,0.9998199884792627,12.788741614147087,0.00798175598631699
256,0.07138829611344821,0.9997839861751152,13.746654413716959,0.00798175598631699
257,0.07089958897864763,0.9996759792626728,13.06143096262672,0.00798175598631699
258,0.0706635796838367,0.9997839861751152,12.492032204413768,0.00798175598631699
259,0.06996884052791903,0.9998559907834101,12.275527877981606,0.009122006841505131
260,0.06945310733903388,0.9998919930875576,12.278717319397181,0.0068415051311288486
261,0.06901095913989204,0.9998199884792627,12.454618152761949,0.0068415051311288486
262,0.06855709579545781,0.9998559907834101,13.439153773482877,0.00798175598631699
263,0.06852607396409809,0.9996759792626728,12.583477914129451,0.00798175598631699
264,0.06769473380344804,0.9997839861751152,13.22364372810181,0.005701254275940707
265,0.06704714585284484,0.9999639976958525,13.517196947791557,0.0068415051311288486
266,0.06702920762727613,0.9998559907834101,13.267466790863699,0.0068415051311288486
267,0.06657269059719029,0.9998919930875576,13.09376477162134,0.0068415051311288486
268,0.06596657371122716,0.9997119815668203,13.51301097978616,0.00798175598631699
269,0.06537666697106603,0.9998199884792627,13.139340355023826,0.009122006841505131
270,0.06512909967984472,0.9997479838709677,13.20809725671157,0.0068415051311288486
271,0.06524820182008952,0.9996399769585254,12.95512277805411,0.0068415051311288486
272,0.06427495415893293,0.9998559907834101,13.120705943830744,0.0068415051311288486
273,0.06405103183458752,0.9997479838709677,13.18690897638197,0.00798175598631699
274,0.06359886096507174,0.9998199884792627,12.469532146693092,0.00798175598631699
275,0.06328932282596414,0.9998199884792627,12.251574076975492,0.0068415051311288486
276,0.06296026291248435,0.9999279953917051,13.851068054120924,0.0068415051311288486
277,0.06264023939448018,0.9998199884792627,12.699192962733479,0.005701254275940707
278,0.06219690861309179,0.9997119815668203,13.64996664880211,0.0068415051311288486
279,0.06184241697535537,0.9998199884792627,13.45608622943526,0.00798175598631699
280,0.06128837393965864,0.9998559907834101,13.983614542057468,0.009122006841505131
281,0.06103216673886996,0.9997479838709677,13.620444939373021,0.00798175598631699
282,0.06053591003718739,0.9998199884792627,13.322593276829648,0.009122006841505131
283,0.059846616208484645,0.9997839861751152,13.25476376197493,0.0068415051311288486
284,0.059904051034749925,0.9998199884792627,13.69719480625444,0.00798175598631699
285,0.059362085192777594,0.9996759792626728,12.989232452592665,0.00798175598631699
286,0.059099602817733715,0.9998919930875576,14.04506226847354,0.0068415051311288486
287,0.05912080994262124,0.9996039746543779,13.359467903319896,0.00798175598631699
288,0.05808896582556485,0.9997839861751152,12.884508566818324,0.009122006841505131
289,0.0581824676678752,0.9997119815668203,12.260830751982356,0.00798175598631699
290,0.057892152061042146,0.9997479838709677,12.70257922969631,0.0068415051311288486
291,0.05738619775919046,0.9998919930875576,13.446312902183054,0.00798175598631699
292,0.05702678605158758,0.9998919930875576,12.930418223312534,0.009122006841505131
293,0.05684563068647264,0.9998199884792627,13.537808291044856,0.00798175598631699
294,0.05643843691195211,0.9998559907834101,13.954506727281698,0.0068415051311288486
295,0.056227920928858394,0.9997479838709677,14.3282661427114,0.00798175598631699
296,0.055779700463611956,0.9998559907834101,13.516435603595243,0.0068415051311288486
297,0.055581711927935276,0.9999279953917051,13.434622445971012,0.009122006841505131
298,0.05515035516518052,0.9999279953917051,13.445011449920411,0.00798175598631699
299,0.054904402169283086,0.9997479838709677,12.843018388258827,0.005701254275940707
300,0.05496747661296124,0.9997839861751152,13.782306406897584,0.0068415051311288486
301,0.0541317680086683,0.9998199884792627,12.39568126269594,0.00798175598631699
302,0.053958857028577736,0.9998559907834101,13.239128129104389,0.005701254275940707
303,0.05379806520752094,0.9997479838709677,12.983440283902558,0.0068415051311288486
304,0.05370226244909972,0.9998199884792627,13.122488142555088,0.0068415051311288486
305,0.05331294125263592,0.9998199884792627,13.602145502749435,0.0068415051311288486
306,0.05284665307794024,0.9997839861751152,13.12605888188361,0.0068415051311288486
307,0.05255932527409721,0.9997119815668203,13.505693354111848,0.005701254275940707
308,0.0520805859689339,0.9998919930875576,13.049999072858926,0.0068415051311288486
309,0.051578686379479925,0.9998919930875576,13.953686453189654,0.005701254275940707
310,0.05170251411055365,0.9999279953917051,13.100517526319932,0.009122006841505131
311,0.05128301976222871,0.9999279953917051,12.06069570691447,0.0068415051311288486
312,0.05124035896518813,0.9998559907834101,13.259413330965467,0.005701254275940707
313,0.050536826347357115,0.9998919930875576,13.362431202130551,0.0068415051311288486
314,0.05072198391887724,0.9998559907834101,11.84912544781153,0.0068415051311288486
315,0.05018013832481226,0.9998559907834101,13.637211042771725,0.0068415051311288486
316,0.049878899076704605,0.9997839861751152,13.07101570377328,0.009122006841505131
317,0.04984422818615964,0.9999279953917051,12.777996285067724,0.0068415051311288486
318,0.049519273207827647,0.9997479838709677,13.054141672062629,0.0068415051311288486
319,0.0493026566412729,0.9997839861751152,13.559733727910771,0.0068415051311288486
320,0.04886884421693839,0.9998199884792627,13.503944786271864,0.0068415051311288486
321,0.048975558539483405,0.9997119815668203,13.197186949587467,0.009122006841505131
322,0.04841239746951837,0.9998919930875576,12.927887308692714,0.0068415051311288486
323,0.048132403551982846,0.9998559907834101,12.443590218555968,0.0068415051311288486
324,0.04818309198052103,0.9997839861751152,12.822730256866837,0.0068415051311288486
325,0.04773652573300671,0.9998559907834101,11.74774356524512,0.0068415051311288486
326,0.04755955430666148,0.9998559907834101,12.06162539257019,0.0068415051311288486
327,0.047303744081047275,0.9999279953917051,13.141943361767341,0.0068415051311288486
328,0.04701862143447048,0.9999279953917051,12.367695074396774,0.00798175598631699
329,0.046892462092267204,0.9998919930875576,14.520816599629487,0.0068415051311288486
330,0.046793757281201775,0.9998199884792627,14.097422555207935,0.0068415051311288486
331,0.04622162686240289,0.9997479838709677,12.892663956775905,0.005701254275940707
332,0.046292744027579436,0.9998559907834101,13.190488818569902,0.0068415051311288486
333,0.04596784430199779,0.9998919930875576,12.835589231623755,0.005701254275940707
334,0.04576204524886224,0.9997839861751152,13.076236625897572,0.0068415051311288486
335,0.04572772189185092,0.9997119815668203,13.430232614584632,0.0068415051311288486
336,0.0454908339692975,0.9996759792626728,13.87713665565308,0.0068415051311288486
337,0.045067770827201106,0.9998559907834101,12.368817372903857,0.00798175598631699
338,0.04469240000171046,0.9997839861751152,13.677117456460081,0.0068415051311288486
339,0.04469979823081999,0.9997839861751152,13.189548391300841,0.0068415051311288486
340,0.044490492323301906,0.9998199884792627,14.52630928413626,0.0068415051311288486
341,0.04402088734411424,0.9998559907834101,13.01012898578883,0.0068415051311288486
342,0.044168453363160935,0.9998919930875576,12.586742639269769,0.0068415051311288486
343,0.04393860635085864,0.9998559907834101,13.108937198243092,0.00798175598631699
344,0.04344627694634523,0.9998199884792627,13.7129713491268,0.0068415051311288486
345,0.04363317646017547,0.9997479838709677,13.456389803435131,0.00798175598631699
346,0.04319606272477983,0.9997839861751152,12.529055098443374,0.0068415051311288486
347,0.04295852327127061,0.9998919930875576,13.627814653933795,0.0068415051311288486
348,0.04303357883223465,0.9997119815668203,14.140282688554091,0.005701254275940707
349,0.04245389185090494,0.9997839861751152,14.3181291175677,0.0068415051311288486
350,0.04254319655284079,0.9998199884792627,13.685201046812086,0.0068415051311288486
351,0.042311235069198545,0.9998559907834101,13.442047480166705,0.0068415051311288486
352,0.042196275005417484,0.9998919930875576,13.152983544761806,0.0068415051311288486
353,0.0417980462793381,0.9999639976958525,12.811402492675434,0.0068415051311288486
354,0.041923161819233876,0.9995679723502304,12.768642027538478,0.0068415051311288486
355,0.04150915187933753,0.9997839861751152,14.100240429015905,0.004561003420752566
356,0.041752423129735455,0.9997119815668203,13.480283542533014,0.005701254275940707
357,0.04153896440764726,0.9996759792626728,13.820534564750089,0.0068415051311288486
358,0.041099450924360806,0.9997479838709677,13.099274866937096,0.0068415051311288486
359,0.04081715963574873,0.9998919930875576,12.559528346480366,0.0068415051311288486
360,0.04057413224594384,0.9998919930875576,13.77313197297952,0.0068415051311288486
361,0.04063072006651608,0.9998199884792627,12.441241079480509,0.0068415051311288486
362,0.04033617143978446,0.9998919930875576,14.031960755960428,0.005701254275940707
363,0.039994828454497776,0.9998199884792627,13.206175637761707,0.0068415051311288486
364,0.03960715028272796,0.9999639976958525,13.62202571272986,0.0068415051311288486
365,0.039402907465322774,0.9999279953917051,12.948624622862587,0.0068415051311288486
366,0.04003655468435606,0.9997479838709677,12.818940269226632,0.010262257696693273
367,0.039463338163179186,0.9997839861751152,11.715330807893551,0.0068415051311288486
368,0.03919123465083711,0.9997479838709677,12.993477950754023,0.00798175598631699
369,0.039150082639285495,0.9998199884792627,13.088436046239316,0.005701254275940707
370,0.0387034063669531,0.9998199884792627,13.782165272885608,0.0068415051311288486
371,0.03891484748383271,0.9998919930875576,14.07464512397653,0.00798175598631699
372,0.03856357825653894,0.9998919930875576,13.416431206254078,0.005701254275940707
373,0.0386399087852322,0.9997119815668203,13.983835370401971,0.005701254275940707
374,0.03820657693192981,0.9999279953917051,13.10942481616204,0.005701254275940707
375,0.03825792160383018,0.9998919930875576,13.547580627650193,0.0068415051311288486
376,0.0380857218623436,0.9996039746543779,14.385726643804814,0.0068415051311288486
377,0.03779750512183262,0.9998199884792627,12.390562307603547,0.00798175598631699
378,0.03779219448017085,0.9998199884792627,13.804432524242857,0.005701254275940707
379,0.037811583302880765,0.9998199884792627,13.886368978798322,0.0068415051311288486
380,0.037266901792949794,0.9998919930875576,13.964949620898256,0.005701254275940707
381,0.03722644604158841,0.9998919930875576,13.457633602442463,0.0068415051311288486
382,0.03700185275297561,0.9997839861751152,12.737035147820258,0.0068415051311288486
383,0.037047873092343184,0.9998919930875576,13.438761619776658,0.0068415051311288486
384,0.03666114674941186,0.9998559907834101,12.759564916247516,0.0068415051311288486
385,0.03640519680824423,0.9999639976958525,13.300442486831509,0.005701254275940707
386,0.03628964710997821,0.9998919930875576,12.044539915930859,0.0068415051311288486
387,0.036191412303510896,0.9998919930875576,13.99112391281563,0.0068415051311288486
388,0.03625039967455073,0.9998559907834101,12.951716029385748,0.00798175598631699
389,0.035914436274547185,0.9997839861751152,12.613430380957157,0.005701254275940707
390,0.03568025238914973,0.9998919930875576,13.723578473725096,0.0068415051311288486
391,0.03573515011246578,0.9998919930875576,12.515799214657791,0.0068415051311288486
392,0.035594402087105584,0.9998559907834101,13.0711791365829,0.005701254275940707
393,0.03552657361507141,0.9998199884792627,12.389843734123552,0.005701254275940707
394,0.03563140136992327,0.9997839861751152,12.685169724537275,0.0068415051311288486
395,0.03463427761938715,0.9999279953917051,14.142665334547123,0.0068415051311288486
396,0.035094768040671874,0.9998199884792627,13.17724765638397,0.0068415051311288486
397,0.03499001323799109,0.9997839861751152,12.912471536355795,0.005701254275940707
398,0.035036264682695065,0.9996399769585254,13.626814569279704,0.005701254275940707
399,0.03510605004800629,0.9996759792626728,13.275848105940607,0.0068415051311288486
400,0.034546806296754266,0.9996759792626728,13.645793236239879,0.004561003420752566
401,0.03452340379992526,0.9998919930875576,13.625516816446963,0.0034207525655644243
402,0.034392280637153556,0.9998919930875576,12.247424854248116,0.005701254275940707
403,0.03414417518311382,0.9997479838709677,13.915679522767714,0.004561003420752566
404,0.03395752674440772,0.9997839861751152,12.941925509897578,0.0068415051311288486
405,0.03398365581468228,0.9998919930875576,13.664050225113245,0.005701254275940707
406,0.03358962335774014,0.9998559907834101,13.809908648309305,0.004561003420752566
407,0.03375999239372081,0.9997839861751152,13.465861766341067,0.004561003420752566
408,0.033663362329010314,0.9998199884792627,13.91123882476389,0.0034207525655644243
409,0.0334773576359183,0.9998559907834101,14.183040040384812,0.005701254275940707
410,0.03344054723561909,0.9998559907834101,12.918918616143708,0.0068415051311288486
411,0.03351310272336281,0.9997839861751152,13.203107452175093,0.0068415051311288486
412,0.033303140718404046,0.9998919930875576,12.112865452347759,0.00798175598631699
413,0.0330097690258982,0.9997839861751152,12.222575483463508,0.005701254275940707
414,0.03313126243341903,0.9997479838709677,13.291108124884124,0.0068415051311288486
415,0.032981781409152096,0.9998199884792627,11.887256194955267,0.0068415051311288486
416,0.032828016858977106,0.9997479838709677,13.838732867311588,0.005701254275940707
417,0.0325189996467826,0.9998559907834101,12.81714679604925,0.0068415051311288486
418,0.03232465013604147,0.9997839861751152,12.780472953344017,0.0068415051311288486
419,0.032294321839573197,0.9998559907834101,13.450726310094922,0.005701254275940707
420,0.032281936189237005,0.9996759792626728,14.090777055703384,0.0034207525655644243
421,0.03219774565852595,0.9998559907834101,13.721744311168502,0.00798175598631699
422,0.03182497129599619,0.9997839861751152,13.382557437248622,0.005701254275940707
423,0.031905228696969525,0.9997839861751152,13.047650491634007,0.0068415051311288486
424,0.03142556058423173,1.0,12.872477350920065,0.004561003420752566
425,0.0315791703803542,0.9998559907834101,13.391643910206845,0.005701254275940707
426,0.031381676484259866,0.9998199884792627,12.723984323586405,0.0068415051311288486
427,0.03136168471816498,0.9998919930875576,12.792484101846798,0.0068415051311288486
428,0.030955830507392434,0.9997839861751152,13.723425544382094,0.0068415051311288486
429,0.030993802391404656,0.9998919930875576,13.128763125994865,0.0068415051311288486
430,0.031264777295291424,0.9998199884792627,13.94780867782123,0.0068415051311288486
431,0.031058599653091573,0.9998199884792627,12.779150548519539,0.0068415051311288486
432,0.030734199961896316,0.9998919930875576,13.739038620734568,0.0068415051311288486
433,0.03075612880169384,0.9997479838709677,13.423434106354838,0.005701254275940707
434,0.03078468453379408,0.9998199884792627,13.669590359538828,0.00798175598631699
435,0.030850027580552386,0.9997119815668203,12.9341707958191,0.005701254275940707
436,0.030541551359478506,0.9997119815668203,14.157439052446946,0.005701254275940707
437,0.030156295948279892,0.9998199884792627,12.772908194442975,0.005701254275940707
438,0.03008363469748453,0.9997119815668203,12.846142739499308,0.004561003420752566
439,0.030163668409367586,0.9998199884792627,13.293168747574601,0.005701254275940707
440,0.029969827709762458,0.9998919930875576,13.559352530041197,0.005701254275940707
441,0.02988457808502808,0.9999639976958525,13.568044552645363,0.005701254275940707
442,0.029671237121597964,0.9998919930875576,13.322817513173364,0.0068415051311288486
443,0.02991091162996358,0.9997839861751152,13.566569188029899,0.00798175598631699
444,0.02966264334897841,0.9998559907834101,12.818911774264501,0.005701254275940707
445,0.0296593430851187,0.9997839861751152,13.62725733297037,0.0068415051311288486
446,0.0294846263864348,0.9998919930875576,12.824845657653112,0.0068415051311288486
447,0.029706691889615926,0.9998199884792627,12.476382055467456,0.005701254275940707
448,0.029498162293111398,0.9998199884792627,13.241647521337597,0.005701254275940707
449,0.029242863247711814,0.9998199884792627,12.21091933669087,0.005701254275940707
450,0.029356323148248382,0.9996039746543779,13.68081340985532,0.005701254275940707
451,0.028920810648201522,0.9997119815668203,12.721804469857819,0.0068415051311288486
452,0.02893452511559571,0.9998199884792627,13.688942601498612,0.005701254275940707
453,0.02892525109123387,0.9997119815668203,12.221709566757916,0.005701254275940707
454,0.028966335275034477,0.9998199884792627,13.292834876744479,0.0068415051311288486
455,0.02879874686783497,0.9998919930875576,14.397508873499106,0.005701254275940707
456,0.028759598075347836,0.9998199884792627,13.19722845779993,0.005701254275940707
457,0.02873398908649996,0.9997479838709677,12.621113903302287,0.0068415051311288486
458,0.02839392389295288,0.9997479838709677,12.690379810441994,0.005701254275940707
459,0.028560384829026488,0.9998919930875576,13.813310396983931,0.00798175598631699
460,0.028424730065197166,0.9998199884792627,13.682616242525107,0.005701254275940707
461,0.027945843666860586,0.9998199884792627,13.332879311138575,0.004561003420752566
462,0.02828922961336402,0.9998199884792627,12.649257694709805,0.004561003420752566
463,0.02803026606255825,0.9997119815668203,13.617433518613078,0.005701254275940707
464,0.027868241324917786,0.9999279953917051,12.705938251151734,0.0068415051311288486
465,0.027965843754773317,0.9996759792626728,14.200760150852878,0.005701254275940707
466,0.027586550245808292,0.9999639976958525,13.472002648165452,0.005701254275940707
467,0.027672815256782116,0.9997119815668203,13.191190464058923,0.005701254275940707
468,0.027649162835033807,0.9996759792626728,13.219422662271741,0.005701254275940707
469,0.027586139858730378,0.9999279953917051,13.352360254546527,0.0068415051311288486
470,0.02725972222327362,0.9999279953917051,14.034786610402158,0.005701254275940707
471,0.027307504298774876,0.9997479838709677,12.804939676717586,0.00798175598631699
472,0.027321483978512376,0.9998199884792627,13.838854323227293,0.0068415051311288486
473,0.02707628804915649,0.9998199884792627,13.872266211558639,0.005701254275940707
474,0.02707135856735267,0.9998559907834101,13.300120492889508,0.005701254275940707
475,0.02694196258306778,0.9999639976958525,13.50230896187481,0.005701254275940707
476,0.02714022379025199,0.9998559907834101,13.52543105122165,0.004561003420752566
477,0.02678682044371619,0.9997839861751152,13.475716826853214,0.00798175598631699
478,0.02685559201504915,0.9998199884792627,12.074766967016588,0.0068415051311288486
479,0.026642695279611696,0.9998199884792627,13.047110038853019,0.0068415051311288486
480,0.026790478936297827,0.9998199884792627,13.158955379386041,0.0068415051311288486
481,0.02653416603683464,0.9998559907834101,12.975997447423815,0.005701254275940707
482,0.026713145167184864,0.9996399769585254,12.672565524363327,0.00798175598631699
483,0.026418353340798808,0.9998199884792627,13.957800593316351,0.005701254275940707
484,0.026600217609773585,0.9997839861751152,12.970784690796037,0.0068415051311288486
485,0.026580708899668286,0.9997479838709677,13.145603204942484,0.0068415051311288486
486,0.02633640180397693,0.9997479838709677,14.048033826299513,0.005701254275940707
487,0.026217238239360296,0.9997839861751152,13.296090056442209,0.00798175598631699
488,0.02578970869737012,0.9998559907834101,14.188405538230557,0.004561003420752566
489,0.026312473135644113,0.9996039746543779,12.813541705959063,0.005701254275940707
490,0.026073747760860876,0.9997839861751152,13.374415724959857,0.005701254275940707
491,0.025921490064860764,0.9997839861751152,14.028240372408755,0.005701254275940707
492,0.025706716881816014,0.9998559907834101,14.42585217422607,0.005701254275940707
493,0.02560816888487147,0.9998199884792627,13.93518848049464,0.005701254275940707
494,0.025878824542538363,0.9997479838709677,12.604499548299826,0.005701254275940707
495,0.02596909392728097,0.9996759792626728,13.206928817548937,0.005701254275940707
496,0.025534297197988505,0.9998919930875576,13.609692862803199,0.0068415051311288486
497,0.025658108096586942,0.9996039746543779,13.206733759072106,0.005701254275940707
498,0.02572922178968993,0.9996759792626728,14.216244892220404,0.004561003420752566
499,0.025107036151575602,0.9999279953917051,13.344330584309663,0.004561003420752566
500,0.0251731463291678,0.9997479838709677,12.004551767895132,0.0068415051311288486
501,0.025474833466181283,0.9996039746543779,14.568199449145535,0.004561003420752566
502,0.02541587070008302,0.9997839861751152,12.909329037030176,0.005701254275940707
503,0.025041767087022555,0.9997839861751152,12.664031768198567,0.005701254275940707
504,0.025288618800620877,0.9997479838709677,13.685088388188536,0.005701254275940707
505,0.0251260507156566,0.9997839861751152,13.992626771959502,0.004561003420752566
506,0.02494507406147257,0.9997839861751152,13.35642954696951,0.005701254275940707
507,0.025125340751719915,0.9995679723502304,13.632487711368157,0.004561003420752566
508,0.02471569287354633,0.9997479838709677,13.747765065870643,0.004561003420752566
509,0.024609944525642604,0.9998559907834101,13.232914709310847,0.005701254275940707
510,0.024741676219734728,0.9997479838709677,14.306133562781792,0.004561003420752566
511,0.02466027946361611,0.9996399769585254,13.158947008365644,0.005701254275940707
512,0.024593773267922864,0.9997839861751152,13.209457493154597,0.00798175598631699
513,0.024401914233916914,0.9999279953917051,14.24568968569539,0.005701254275940707
514,0.02415026917899122,0.9998559907834101,12.530882642913436,0.0068415051311288486
515,0.023909886805383567,0.9998919930875576,13.855603990152462,0.005701254275940707
516,0.02392256736738204,1.0,13.534770566490112,0.005701254275940707
517,0.02439897258504195,0.9998199884792627,12.86672051928878,0.005701254275940707
518,0.024223171260362397,0.9998199884792627,14.061182666939503,0.005701254275940707
519,0.02401974569782958,0.9997839861751152,13.224657566544675,0.005701254275940707
520,0.023664283776475538,0.9999279953917051,14.457818580462153,0.005701254275940707
521,0.023828484667336336,0.9997839861751152,13.461026825681923,0.005701254275940707
522,0.023876697988107733,0.9998919930875576,12.8932891560797,0.005701254275940707
523,0.02406173689110625,0.9998559907834101,14.02539223113109,0.00798175598631699
524,0.023604096870543222,0.9997479838709677,12.836033045769826,0.005701254275940707
525,0.023610016082151693,0.9999279953917051,13.997836528373552,0.005701254275940707
526,0.023878031873792272,0.9996399769585254,12.390416795606624,0.0068415051311288486
527,0.023491616695604293,0.9998559907834101,13.703966633351934,0.005701254275940707
528,0.02357764807765797,0.9997839861751152,12.96754802890895,0.0068415051311288486
529,0.02366618741269348,0.9996399769585254,14.298773474133274,0.005701254275940707
530,0.023611576729861822,0.9996039746543779,13.767606285034319,0.005701254275940707
531,0.023378066877375276,0.9999279953917051,13.55776178605744,0.005701254275940707
532,0.023370970907505208,0.9997839861751152,13.60568331693434,0.005701254275940707
533,0.023258886720624664,0.9998559907834101,13.642564278779851,0.004561003420752566
534,0.02318732864073207,0.9996759792626728,13.901236772265374,0.0068415051311288486
535,0.02313508753008145,0.9998199884792627,13.23177919529183,0.0068415051311288486
536,0.023491310015801462,0.9997479838709677,12.590119829471462,0.0068415051311288486
537,0.02339417366783053,0.9997839861751152,12.593255957556694,0.0068415051311288486
538,0.0227019605806209,0.9998559907834101,12.607625247950972,0.0068415051311288486
539,0.023105742032146125,0.9995679723502304,12.928215560782595,0.005701254275940707
540,0.022930177186147958,0.9998919930875576,13.692372877758205,0.004561003420752566
541,0.022831151073086097,0.9998199884792627,13.672216164209416,0.005701254275940707
542,0.022832127996132396,0.9998919930875576,13.630831313921625,0.005701254275940707
543,0.023045471388726466,0.9998559907834101,13.724109085283095,0.0068415051311288486
544,0.02280313313900051,0.9997119815668203,12.090388921130886,0.0068415051311288486
545,0.0230215848144573,0.9997479838709677,12.083594608198142,0.0068415051311288486
546,0.022515594482868224,0.9997119815668203,13.582246210583259,0.005701254275940707
547,0.022435970780383882,0.9998559907834101,13.491687861652439,0.005701254275940707
548,0.022611492313444614,0.9996759792626728,13.317876172038549,0.005701254275940707
549,0.0222308500863028,0.9996759792626728,13.594832763976354,0.005701254275940707
550,0.02255798319208732,0.9997839861751152,13.897523458082837,0.005701254275940707
551,0.02238875681594495,0.9996039746543779,12.740843480370064,0.005701254275940707
552,0.022521792876658626,0.9998199884792627,12.488935772886027,0.005701254275940707
553,0.022029155650721166,0.9998559907834101,13.089503131679418,0.005701254275940707
554,0.0221100921317729,0.9997839861751152,13.323858692817296,0.0068415051311288486
555,0.02245618686646498,0.9996039746543779,13.992415369440511,0.0068415051311288486
556,0.021676102927821572,0.9999279953917051,14.096372534774728,0.00798175598631699
557,0.02265342180767367,0.9996399769585254,12.614832880287649,0.0068415051311288486
558,0.021981072740861075,0.9998199884792627,13.869278765322816,0.0068415051311288486
559,0.02203029882557656,0.9997479838709677,13.850906766806661,0.0068415051311288486
560,0.022134733073035692,0.9997119815668203,13.647929585238275,0.005701254275940707
561,0.02228070925577857,0.9997119815668203,13.995143546753626,0.00798175598631699
562,0.02180097965,0.9998559907834101,13.694817744203958,0.005701254275940707
563,0.021874736475196027,0.9997479838709677,13.470988753176334,0.00798175598631699
564,0.02180006411269925,0.9997839861751152,12.651613746564772,0.00798175598631699
565,0.022009374590994026,0.9998199884792627,13.131872139064045,0.0068415051311288486
566,0.022024420956965142,0.9997839861751152,12.836324377505782,0.0068415051311288486
567,0.02189409325955101,0.9996759792626728,13.524820949767578,0.0068415051311288486
568,0.021767339802214077,0.9996399769585254,14.132865832904045,0.0068415051311288486
569,0.021497019480759372,0.9999279953917051,13.783960348931794,0.00798175598631699
570,0.02147292621296397,0.9998919930875576,13.900649718846807,0.005701254275940707
571,0.021562446307923113,0.9996759792626728,13.55941590860469,0.005701254275940707
572,0.021245377919366284,0.9999279953917051,11.633641708400122,0.0068415051311288486
573,0.02128976889486824,0.9996399769585254,13.013506915441532,0.005701254275940707
574,0.021583109703515808,0.9998919930875576,14.665934922621759,0.0068415051311288486
575,0.0213396842355415,0.9999279953917051,13.975984623385944,0.005701254275940707
576,0.02140731325433139,0.9997479838709677,12.394919773871706,0.005701254275940707
577,0.020906827485506436,0.9998919930875576,13.143924822964989,0.009122006841505131
578,0.02121766770370133,0.9997479838709677,13.07129546418837,0.0068415051311288486
579,0.021212950580611758,0.9996039746543779,13.12889708841948,0.0068415051311288486
580,0.0210454749192373,0.9998199884792627,12.881443696799545,0.0068415051311288486
581,0.02130338093823826,0.9997479838709677,13.576137025108903,0.0068415051311288486
582,0.021122823782642866,0.9998199884792627,13.25678719027964,0.0068415051311288486
583,0.021014078395775935,0.9997119815668203,13.350723599354517,0.005701254275940707
584,0.020763387452931173,0.9997839861751152,12.425741470797984,0.005701254275940707
585,0.020829308039856397,0.9997479838709677,12.57939934703344,0.009122006841505131
586,0.02074294408122378,0.9998559907834101,13.163667355866906,0.00798175598631699
587,0.02062925385216826,0.9998919930875576,12.33461764954379,0.005701254275940707
588,0.020528665752351835,0.9998199884792627,12.073022494430282,0.005701254275940707
589,0.020776740580041836,0.9997119815668203,13.277550017684188,0.0068415051311288486
590,0.021061390385134705,0.9996759792626728,13.260412181388828,0.00798175598631699
591,0.02104162196478536,0.9996399769585254,13.08069443784255,0.005701254275940707
592,0.020691621340467908,0.9997479838709677,12.348988162207087,0.0068415051311288486
593,0.02083777948733299,0.9996039746543779,12.743658847656597,0.0068415051311288486
594,0.02039569154089909,0.9997839861751152,12.091637630962863,0.005701254275940707
595,0.02080934316194552,0.9996399769585254,12.221282943760384,0.005701254275940707
596,0.02083819556534977,0.9996399769585254,12.75322852031399,0.0068415051311288486
597,0.02083946792795087,0.9997839861751152,12.910413097220653,0.00798175598631699
598,0.020501729113818038,0.9997479838709677,14.507075102054678,0.0068415051311288486
599,0.02049788002199429,0.9998199884792627,13.642485438078268,0.00798175598631699
600,0.020890617648714697,0.9996399769585254,13.070627636621316,0.005701254275940707
601,0.020564052988753617,0.9996399769585254,12.274687400565588,0.005701254275940707
602,0.020272081876645715,0.9996399769585254,13.419125141548323,0.005701254275940707
603,0.020126095307724818,0.9998559907834101,12.497827516858091,0.00798175598631699
604,0.02001127204535881,0.9999279953917051,12.534388599808974,0.0068415051311288486
605,0.019864387269462307,0.9999279953917051,12.32871523740762,0.005701254275940707
606,0.02021963569477269,0.9998199884792627,13.253934003336264,0.0068415051311288486
607,0.02019364888938616,0.9998559907834101,11.276358870851002,0.005701254275940707
608,0.020005167303134768,0.9997839861751152,12.250878242701463,0.00798175598631699
609,0.019957571505023863,0.9998199884792627,11.800673159661288,0.005701254275940707
610,0.020073613383665614,0.9996759792626728,13.306154900293121,0.005701254275940707
611,0.019728062451229118,0.9998559907834101,13.04000151904986,0.0068415051311288486
612,0.019911529045672186,0.9997119815668203,12.32093122584518,0.0068415051311288486
613,0.02000363850923178,0.9997479838709677,12.575461769321489,0.005701254275940707
614,0.019617296493513518,0.9998559907834101,13.783789142099726,0.005701254275940707
615,0.019694538632502204,0.9998199884792627,13.341708284419374,0.0068415051311288486
616,0.01971432544754535,0.9996759792626728,12.390781250347978,0.005701254275940707
617,0.020132886936828014,0.9997119815668203,13.115260116594547,0.004561003420752566
618,0.019795579127624013,0.9996399769585254,13.767949109746223,0.00798175598631699
619,0.01982473799194883,0.9995679723502304,14.248520259574446,0.0068415051311288486
620,0.019489107941049858,0.9997479838709677,12.920214037530915,0.0068415051311288486
621,0.019715428154932737,0.9996399769585254,13.03679465486359,0.0068415051311288486
622,0.01963008664685735,0.9997479838709677,13.5654439480302,0.0068415051311288486
623,0.01993839528566132,0.9995679723502304,12.905285753709016,0.0068415051311288486
624,0.019599894658246072,0.9997119815668203,11.752306552134463,0.0068415051311288486
625,0.01935610488005635,0.9996759792626728,13.46753870203938,0.004561003420752566
626,0.019373190396117724,0.9997119815668203,13.71152295707433,0.00798175598631699
627,0.019321086254262706,0.9998199884792627,12.603096888029997,0.005701254275940707
628,0.01942948011621352,0.9996039746543779,12.418705491138837,0.00798175598631699
629,0.019228721166261332,0.9998919930875576,14.031522764991056,0.004561003420752566
630,0.019161140335904013,0.9997479838709677,14.365328927948102,0.00798175598631699
631,0.019196909878076773,0.9997119815668203,13.418752899735384,0.005701254275940707
632,0.019497345879776962,0.9997119815668203,14.93800710897761,0.0068415051311288486
633,0.019293079259998513,0.9996759792626728,13.263568803141299,0.00798175598631699
634,0.0192932657906056,0.9997119815668203,12.918282575183204,0.00798175598631699
635,0.018883432549197002,0.9997119815668203,13.56346812405907,0.005701254275940707
636,0.0188882733493494,0.9997479838709677,14.266345768997036,0.00798175598631699
637,0.018947719119935542,0.9998919930875576,12.923016949417654,0.009122006841505131
638,0.01901020652567324,0.9997479838709677,13.01707543967931,0.005701254275940707
639,0.019564544734832604,0.9996399769585254,13.126568192902829,0.00798175598631699
640,0.018659198695304482,0.9998919930875576,14.034489870886983,0.005701254275940707
641,0.019061538970209485,0.9996759792626728,13.03203537526669,0.004561003420752566
642,0.019442841397761475,0.9997479838709677,13.386861682617814,0.005701254275940707
643,0.018860524674783104,0.9997839861751152,13.537823015906792,0.0068415051311288486
644,0.019020452627628904,0.9997839861751152,12.758825898034543,0.009122006841505131
645,0.0189679351888494,0.9998199884792627,14.772747735748814,0.0068415051311288486
646,0.018727593668972566,0.9998559907834101,13.45784203519571,0.004561003420752566
647,0.018709649666628806,0.9998199884792627,12.527093316429426,0.0068415051311288486
648,0.018787060958689535,0.9996759792626728,12.531026846734528,0.0068415051311288486
649,0.01853802722925964,0.9997839861751152,13.57178179894233,0.005701254275940707
650,0.01885964224449775,0.999531970046083,12.261470044352446,0.0068415051311288486
651,0.018745935792403835,0.9996039746543779,12.542570799215353,0.00798175598631699
652,0.01848541806593606,0.9998919930875576,13.457074380654973,0.00798175598631699
653,0.018683959661300556,0.9996399769585254,13.286537055142793,0.0068415051311288486
654,0.018683145389235514,0.9996759792626728,12.96958474449584,0.0068415051311288486
655,0.01862932038214487,0.999531970046083,13.902806495179336,0.00798175598631699
656,0.018193856351644076,0.9997119815668203,13.641891652393232,0.0068415051311288486
657,0.018570213608684077,0.9996399769585254,13.359655436795277,0.0068415051311288486
658,0.01860716106790689,0.9997119815668203,13.388992626011847,0.00798175598631699
659,0.018504857808815032,0.9998199884792627,12.272371039830972,0.00798175598631699
660,0.018782154579694094,0.9996759792626728,13.943500567733086,0.0068415051311288486
661,0.018787214592579874,0.9996399769585254,12.25719938310821,0.00798175598631699
662,0.01835595730537643,0.9998199884792627,13.20665250645532,0.009122006841505131
663,0.017980366230680507,0.9998199884792627,12.43784720160942,0.005701254275940707
664,0.01822432835075644,0.9997839861751152,12.936210873733225,0.005701254275940707
665,0.018326700321711978,0.9998199884792627,12.659788484040524,0.005701254275940707
666,0.017939520362455587,0.9996039746543779,13.71495965242114,0.0068415051311288486
667,0.018048344471830926,0.9997839861751152,13.213184724240103,0.0068415051311288486
668,0.018524940479718456,0.9998559907834101,12.09618895518739,0.00798175598631699
669,0.018166651254013386,0.9998559907834101,13.698104251613639,0.005701254275940707
670,0.01803224260622661,0.9998559907834101,13.433800226470355,0.0068415051311288486
671,0.017874489336656536,0.9997839861751152,13.099550725660682,0.0068415051311288486
672,0.017863681187964803,0.9998919930875576,13.49677806297485,0.005701254275940707
673,0.017632929595350396,0.9998919930875576,13.657533298740365,0.0068415051311288486
674,0.017920734828621287,0.9996039746543779,13.791072610574545,0.0068415051311288486
675,0.018133355787427332,0.9996399769585254,13.472466427488772,0.00798175598631699
676,0.01812980479393412,0.9998199884792627,13.029382391421798,0.009122006841505131
677,0.018045453492054192,0.9995679723502304,13.178747155375465,0.0068415051311288486
678,0.018056147390641788,0.9996759792626728,13.806335456830746,0.0068415051311288486
679,0.01793326418160156,0.9996759792626728,13.607958724044748,0.005701254275940707
680,0.018088908662186928,0.9996759792626728,11.08036974707922,0.00798175598631699
681,0.0180499528251451,0.9996759792626728,12.10672728909326,0.005701254275940707
682,0.018012676827935715,0.9997479838709677,10.60592306543783,0.00798175598631699
683,0.017738657503513285,0.9997479838709677,13.018540573772574,0.004561003420752566
684,0.017847225900464756,0.9997839861751152,11.322340854353344,0.0068415051311288486
685,0.01766470991169459,0.9997839861751152,13.554090577085315,0.005701254275940707
686,0.01797860069414987,0.9996399769585254,13.052690398326078,0.00798175598631699
687,0.018179993630142256,0.9995679723502304,12.220111705558194,0.0068415051311288486
688,0.017837547478244602,0.9996399769585254,12.90294922553555,0.00798175598631699
689,0.01761532922528581,0.9997119815668203,13.05884667486802,0.0068415051311288486
690,0.01744497180508647,0.9997479838709677,13.513262671510876,0.009122006841505131
691,0.017679747262720688,0.9996759792626728,13.057273424337772,0.004561003420752566
692,0.017432769320579033,0.9996759792626728,12.961311493659373,0.00798175598631699
693,0.017597174602410486,0.9997119815668203,12.50060828871167,0.005701254275940707
694,0.017819768382227777,0.9996759792626728,12.207155535403244,0.0068415051311288486
695,0.017667460978494674,0.9996759792626728,12.66713705247729,0.0068415051311288486
696,0.017311375307065138,0.9998199884792627,13.514384922171129,0.005701254275940707
697,0.017274716139389072,0.9997119815668203,12.979613818491606,0.0068415051311288486
698,0.017465574372868796,0.9996759792626728,13.559385765101782,0.0068415051311288486
699,0.01725954208995134,0.9998199884792627,12.65139402848421,0.0068415051311288486
700,0.017497316530738282,0.9997119815668203,12.151466414213452,0.0068415051311288486
701,0.017484027716386977,0.9998199884792627,13.421740600429349,0.0068415051311288486
702,0.017340659193934932,0.9998559907834101,13.48531694314363,0.0068415051311288486
703,0.017342472659243692,0.9996399769585254,13.608874052389181,0.00798175598631699
704,0.017254571846690596,0.9998199884792627,13.190127967564791,0.0068415051311288486
705,0.0173102215443167,0.9997479838709677,13.350320468063094,0.00798175598631699
706,0.017532679565628553,0.9995679723502304,12.795429086195838,0.005701254275940707
707,0.01698304015567981,0.9998559907834101,12.930235225499151,0.00798175598631699
708,0.01722805392134437,0.9997119815668203,12.588381683540996,0.0068415051311288486
709,0.016773588929651518,0.9998919930875576,12.887067592538205,0.00798175598631699
710,0.01694259469822255,0.9997839861751152,13.122544903032049,0.0068415051311288486
711,0.017224102926951264,0.9997479838709677,13.104384094986433,0.00798175598631699
712,0.017217867406866243,0.9996039746543779,12.091493878424371,0.0068415051311288486
713,0.016809753781776824,0.9998199884792627,12.054849892141066,0.0068415051311288486
714,0.01705338971363166,0.9997119815668203,12.810063643765423,0.0068415051311288486
715,0.01714982309975245,0.9996759792626728,11.565967468470506,0.0068415051311288486
716,0.017178603583165714,0.9995679723502304,12.752953852324012,0.00798175598631699
717,0.01677403112761848,0.9997119815668203,13.150624570987922,0.0068415051311288486
718,0.01732639584278319,0.9996759792626728,13.024276521349986,0.00798175598631699
719,0.017042326110024607,0.999459965437788,12.79875134606182,0.004561003420752566
720,0.01682864810867999,0.9997839861751152,13.58726331173626,0.005701254275940707
721,0.016855643117963445,0.9997839861751152,12.19231286587166,0.005701254275940707
722,0.01709948024982887,0.9997839861751152,12.981558273428522,0.005701254275940707
723,0.016693380086206345,0.9997479838709677,13.498567163604424,0.005701254275940707
724,0.01706944774698964,0.999531970046083,11.90277975858821,0.009122006841505131
725,0.016728402508105138,0.9997839861751152,13.100855920850346,0.00798175598631699
726,0.01688219728334571,0.9997479838709677,12.683645689908836,0.00798175598631699
727,0.01659220409223355,0.9998919930875576,14.36632819050666,0.005701254275940707
728,0.016502386401085534,0.9998199884792627,11.823986997354261,0.0068415051311288486
729,0.01691558075347735,0.9996399769585254,13.228894514260025,0.005701254275940707
730,0.016845560817193874,0.9996759792626728,12.677485510587964,0.0068415051311288486
731,0.016446184678097612,0.9997839861751152,13.279986667524314,0.009122006841505131
732,0.016805923812108516,0.9997479838709677,13.307512085413308,0.00798175598631699
733,0.016677316419848924,0.9997479838709677,12.589015876961406,0.0068415051311288486
734,0.016805823855874587,0.9996399769585254,13.047298456407328,0.005701254275940707
735,0.016447387976906678,0.9998199884792627,13.126664480298519,0.0068415051311288486
736,0.016653325209128007,0.9996759792626728,12.198017070339642,0.005701254275940707
737,0.01680802642303403,0.9997119815668203,13.297108487093327,0.0068415051311288486
738,0.016766824092166628,0.999531970046083,13.310362459180565,0.0068415051311288486
739,0.01661540738903501,0.9996759792626728,13.783415744350872,0.004561003420752566
740,0.016383730750616794,0.9997839861751152,14.316422696260389,0.005701254275940707
741,0.016587609129052282,0.9997839861751152,12.471320950454833,0.0068415051311288486
742,0.016242730386194684,0.9998199884792627,12.75896528781208,0.0068415051311288486
743,0.0161250847486204,0.9998199884792627,12.372382094406076,0.0068415051311288486
744,0.016378623675898336,0.9997119815668203,11.783354586315264,0.0068415051311288486
745,0.01634259481189026,0.9998199884792627,12.660753328416883,0.0068415051311288486
746,0.016231596514943145,0.9997839861751152,12.354832853667412,0.005701254275940707
747,0.016545506224276557,0.9994959677419355,11.349410140799824,0.0068415051311288486
748,0.016306239697429854,0.9998199884792627,13.033167354057426,0.0068415051311288486
749,0.016285205423007914,0.9998559907834101,12.914922576130047,0.00798175598631699
750,0.016149774504919893,0.9998199884792627,12.647723822120657,0.0068415051311288486
751,0.016747442722183217,0.9996759792626728,12.757251257771369,0.0068415051311288486
752,0.016089882416230057,0.9998559907834101,12.210011753008331,0.005701254275940707
753,0.016445881079813714,0.9997839861751152,12.452094370582085,0.005701254275940707
754,0.01637950374998049,0.9995679723502304,12.456674016867696,0.005701254275940707
755,0.016494587992966037,0.9997119815668203,12.166514676136465,0.009122006841505131
756,0.01620948807581023,0.9997839861751152,13.083132039182134,0.00798175598631699
757,0.016041115065821992,0.9997839861751152,12.181127014290647,0.0068415051311288486
758,0.016150083407879837,0.9997119815668203,10.723455137646457,0.0068415051311288486
759,0.01629586774246415,0.9998559907834101,11.980759042154832,0.00798175598631699
760,0.016533499373303305,0.9996399769585254,13.18681567180116,0.005701254275940707
761,0.016335207503288984,0.9996399769585254,12.995658480862799,0.00798175598631699
762,0.01646555376063157,0.9997119815668203,11.910800279206262,0.0068415051311288486
763,0.01623348398391621,0.9995679723502304,13.638527697277178,0.005701254275940707
764,0.016051968896529777,0.9998199884792627,13.599716662816881,0.0068415051311288486
765,0.01584547788145081,0.9996759792626728,12.847717554838383,0.005701254275940707
766,0.01613403955680503,0.9997119815668203,11.176479907237002,0.009122006841505131
767,0.015737332410097536,0.9997479838709677,12.886787236212596,0.005701254275940707
768,0.015779618557954577,0.9998199884792627,12.203516607817386,0.0068415051311288486
769,0.016133621026019347,0.9996039746543779,13.123284041949525,0.0068415051311288486
770,0.015796251762400848,0.9997839861751152,13.495905536882146,0.0068415051311288486
771,0.01604784501948252,0.9997839861751152,12.56583410195641,0.005701254275940707
772,0.016187219728162075,0.9994959677419355,12.555452474030828,0.004561003420752566
773,0.015973501186388704,0.9996759792626728,12.931315610183141,0.005701254275940707
774,0.01543160271938152,0.9997479838709677,13.675533683976942,0.0068415051311288486
775,0.01618204413471134,0.999531970046083,12.811440890843947,0.0068415051311288486
776,0.015648400368091696,0.9998199884792627,13.846356774681379,0.0068415051311288486
777,0.01612816192853492,0.9996759792626728,12.689156963996496,0.00798175598631699
778,0.016027650592016048,0.9998559907834101,12.780619196092525,0.005701254275940707
779,0.01578814034835191,0.9997119815668203,12.513313529428897,0.0068415051311288486
780,0.015724957328341248,0.9997119815668203,11.968991366596287,0.009122006841505131
781,0.015985994758556516,0.9996039746543779,12.501195397589063,0.005701254275940707
782,0.01605344576598038,0.9996759792626728,12.99931036515274,0.004561003420752566
783,0.015234380887503722,0.9997839861751152,12.154927818098253,0.0068415051311288486
784,0.01580082668712543,0.9996759792626728,12.513609805699765,0.0068415051311288486
785,0.015524078763523547,0.9997839861751152,11.419229263862427,0.00798175598631699
786,0.015452958763607087,0.9997479838709677,12.587054650623143,0.0068415051311288486
787,0.016034678410103517,0.9997119815668203,13.104894558679282,0.00798175598631699
788,0.01602434503635572,0.9996399769585254,14.24070035092779,0.0068415051311288486
789,0.015506985138088876,0.9997479838709677,14.081769690954019,0.0068415051311288486
790,0.015504464075776152,0.9996039746543779,12.907094015906583,0.004561003420752566
791,0.01612185313868495,0.9996039746543779,12.60817531576994,0.00798175598631699
792,0.015917960719595992,0.999531970046083,13.140203547722393,0.0068415051311288486
793,0.015597250533594925,0.9996759792626728,12.850095721715668,0.0068415051311288486
794,0.015629724150926973,0.9997479838709677,11.475770831787736,0.00798175598631699
795,0.015641040791014922,0.9996759792626728,13.358629801933958,0.0068415051311288486
796,0.015745411708538982,0.9996039746543779,11.021504281456142,0.005701254275940707
797,0.015652906323444047,0.9997479838709677,13.429683382997762,0.0068415051311288486
798,0.015273811836396494,0.9997479838709677,12.208022931010856,0.0068415051311288486
799,0.01542346455877827,0.9997839861751152,13.613644279123305,0.0068415051311288486
800,0.015582601842363172,0.9997119815668203,12.699906602552842,0.0068415051311288486
801,0.015488732932350053,0.9997479838709677,13.016483513496077,0.005701254275940707
802,0.015193057643498556,0.9996759792626728,12.27794671031469,0.0068415051311288486
803,0.01570370196566535,0.9996039746543779,12.387956447449078,0.0068415051311288486
804,0.015345093813480183,0.9998919930875576,13.752051543754481,0.005701254275940707
805,0.015095323180427887,0.9998559907834101,12.804722397737928,0.004561003420752566
806,0.01539314847250688,0.9997839861751152,12.961591585739988,0.0068415051311288486
807,0.015417818673178211,0.9997839861751152,11.100881858181927,0.0068415051311288486
808,0.01547438448749929,0.9996399769585254,10.957955170112706,0.0068415051311288486
809,0.015389001052740808,0.9997119815668203,11.704200521706175,0.0068415051311288486
810,0.015242038625142267,0.9997479838709677,11.327230926522372,0.005701254275940707
811,0.01510283565534974,0.9998559907834101,11.056471730039764,0.0068415051311288486
812,0.015390585998528153,0.9996399769585254,13.911294611992831,0.005701254275940707
813,0.015303501262745824,0.9995679723502304,13.131586093315377,0.0068415051311288486
814,0.01517164689802011,0.9998919930875576,12.739964347065106,0.005701254275940707
815,0.015329645654778876,0.9996399769585254,13.13804435947466,0.0068415051311288486
816,0.015220976842369902,0.9996399769585254,13.632359188258173,0.0034207525655644243
817,0.015078806775420355,0.9996759792626728,12.982006363341311,0.005701254275940707
818,0.015301936252411746,0.9996759792626728,11.15484458636259,0.0068415051311288486
819,0.015273273989026035,0.9997479838709677,11.530866255374155,0.0068415051311288486
820,0.014969413091475788,0.9997119815668203,13.061606339744994,0.005701254275940707
821,0.015010823431308917,0.9997119815668203,12.247025568101941,0.00798175598631699
822,0.015123466875249614,0.9997839861751152,12.665938087037107,0.00798175598631699
823,0.015244103972435273,0.9997479838709677,12.369093687259756,0.004561003420752566
824,0.015318370913477262,0.9996039746543779,12.211730457901819,0.0068415051311288486
825,0.01546183158321658,0.9995679723502304,12.407633454117292,0.0068415051311288486
826,0.015309435186675891,0.9996399769585254,13.134212780977464,0.004561003420752566
827,0.01464836254999179,0.9996759792626728,12.703001833560121,0.005701254275940707
828,0.015328963658416189,0.999531970046083,12.756925641606852,0.0068415051311288486
829,0.014992491636116247,0.9996759792626728,11.557706773077205,0.0068415051311288486
830,0.015247126869548301,0.9996039746543779,12.454880042386028,0.0068415051311288486
831,0.0151074921180095,0.999531970046083,13.052669190218674,0.0068415051311288486
832,0.015114653153851422,0.9996399769585254,12.983504959767602,0.0068415051311288486
833,0.014634041220790917,0.9998199884792627,11.18798304854668,0.0068415051311288486
834,0.01524107697020684,0.9996399769585254,11.760057802754906,0.0068415051311288486
835,0.014547654431879796,0.9998199884792627,12.705299121895838,0.0068415051311288486
836,0.014826121684249644,0.9996039746543779,13.42503148908626,0.0068415051311288486
837,0.014932836991764845,0.9996759792626728,12.59268966096293,0.0068415051311288486
838,0.014634918260564041,0.9998559907834101,12.907062951352197,0.00798175598631699
839,0.014774458585864937,0.9998199884792627,12.835583234458584,0.00798175598631699
840,0.015141083719423427,0.9996759792626728,13.0907853690901,0.00798175598631699
841,0.014908107064132179,0.9996399769585254,12.926256705037272,0.0068415051311288486
842,0.01473550961142586,0.9997839861751152,13.60771079155847,0.0068415051311288486
843,0.014680631664766144,0.9998559907834101,12.735468766572403,0.0068415051311288486
844,0.01483129389575481,0.9997119815668203,12.15858909885315,0.00798175598631699
845,0.014629296421970365,0.9998199884792627,12.699875417293953,0.00798175598631699
846,0.014873614899539454,0.9997479838709677,12.940890692794609,0.0068415051311288486
847,0.014822327836592626,0.9995679723502304,13.021359368632021,0.004561003420752566
848,0.014879137299062196,0.9996399769585254,13.436236030291532,0.0068415051311288486
849,0.014612688161518578,0.9997479838709677,13.200957410283888,0.005701254275940707
850,0.014851017953819394,0.9997119815668203,12.791267092714559,0.005701254275940707
851,0.014816294121663279,0.9995679723502304,13.168275618906575,0.0068415051311288486
852,0.014892774835778272,0.9996399769585254,13.13316576945741,0.005701254275940707
853,0.014387743852277231,0.9997479838709677,13.934443224794917,0.0068415051311288486
854,0.015381429556860214,0.999459965437788,12.779772805243288,0.005701254275940707
855,0.014957884133445776,0.9996399769585254,12.621172851684292,0.005701254275940707
856,0.014785607197334827,0.9996039746543779,12.682323710268689,0.0068415051311288486
857,0.014450064362434473,0.9998199884792627,13.358030302902447,0.005701254275940707
858,0.014358831891438105,0.9997839861751152,11.513577819006473,0.0068415051311288486
859,0.014912153632822125,0.9997479838709677,12.844378137534129,0.005701254275940707
860,0.014903222028303393,0.9996039746543779,11.462232077543113,0.0068415051311288486
861,0.014604514441131035,0.9997839861751152,12.476412939508801,0.00798175598631699
862,0.014568674159214793,0.9997839861751152,12.798046750380756,0.00798175598631699
863,0.01468669853177488,0.9997479838709677,12.204269424403678,0.0068415051311288486
864,0.014658173799411768,0.9997119815668203,12.815022680615346,0.00798175598631699
865,0.014965914809981936,0.9996399769585254,12.781622322282606,0.009122006841505131
866,0.015058942274340698,0.9995679723502304,13.26357954801692,0.005701254275940707
867,0.014149520415297713,0.9997839861751152,11.109622345275183,0.0068415051311288486
868,0.014168003981735575,0.9998559907834101,12.343763814684738,0.0068415051311288486
869,0.014681546603359522,0.9996759792626728,12.853912288269948,0.009122006841505131
870,0.01469081562776376,0.9995679723502304,12.012571677378673,0.0068415051311288486
871,0.015001585548271506,0.9996039746543779,12.292722635693261,0.0068415051311288486
872,0.014711000267759584,0.9994959677419355,13.706903919798483,0.0068415051311288486
873,0.014317944231722075,0.9997839861751152,12.663424606062259,0.009122006841505131
874,0.014545162032414141,0.9997119815668203,13.145634667495502,0.00798175598631699
875,0.014032275418102879,0.9997479838709677,12.85883294108792,0.0068415051311288486
876,0.014594926144756068,0.9996039746543779,13.541042718267494,0.005701254275940707
877,0.014592347722414727,0.9996039746543779,13.561406137733938,0.0068415051311288486
878,0.014855372337495676,0.999531970046083,13.333051816359621,0.0068415051311288486
879,0.01397728000677401,0.9998199884792627,13.095225789799793,0.0068415051311288486
880,0.014446547124019828,0.9997119815668203,12.912584886583526,0.0068415051311288486
881,0.01466810074098374,0.9995679723502304,13.005937422966603,0.005701254275940707
882,0.014383673777348846,0.9997479838709677,12.692340311465813,0.0068415051311288486
883,0.014695902977327598,0.9997119815668203,13.779083815240806,0.0068415051311288486
884,0.014009981328183742,0.9998559907834101,14.126340053780185,0.0068415051311288486
885,0.01445244783149337,0.9996759792626728,10.764878068573799,0.00798175598631699
886,0.014763332311115507,0.9995679723502304,12.526540674668489,0.0068415051311288486
887,0.014229571034762717,0.9996039746543779,13.883604544462337,0.00798175598631699
888,0.014294778200699024,0.9996399769585254,13.371790867439017,0.005701254275940707
889,0.01455981656908989,0.9995679723502304,13.191113281684972,0.0068415051311288486
890,0.01441471392400391,0.9996759792626728,12.486236107933887,0.0068415051311288486
891,0.014154083756429533,0.9996759792626728,12.677774656593732,0.0068415051311288486
892,0.014188439847068853,0.9997119815668203,12.886414460472533,0.0068415051311288486
893,0.014296522439127006,0.9996399769585254,12.002832558435072,0.0068415051311288486
894,0.01415889640875195,0.9997119815668203,13.130462849833403,0.0068415051311288486
895,0.014201119261008392,0.9997839861751152,12.11078714046674,0.0068415051311288486
896,0.013992604108587388,0.9997479838709677,12.425167726410155,0.0068415051311288486
897,0.013484022573649472,0.9998919930875576,12.84632759898935,0.0068415051311288486
898,0.014018510200066088,0.9997119815668203,12.297386491312269,0.0068415051311288486
899,0.014458681967469954,0.999459965437788,12.220764738667922,0.005701254275940707
900,0.014351530785968502,0.9996039746543779,11.814138047099792,0.009122006841505131
901,0.014280790302147102,0.9996039746543779,12.709805312423097,0.00798175598631699
902,0.014122364800080039,0.9996759792626728,11.84334986566002,0.0068415051311288486
903,0.013825071664432639,0.9998559907834101,12.317700792745418,0.0068415051311288486
904,0.014340125820449284,0.9997119815668203,11.690523055151631,0.00798175598631699
905,0.014208520807686352,0.9995679723502304,11.906814543659902,0.0068415051311288486
906,0.014111750510259433,0.9998559907834101,13.005443529500928,0.0068415051311288486
907,0.013880312708871705,0.9997119815668203,13.065624235973118,0.005701254275940707
908,0.014131949675883153,0.9997479838709677,12.708589587543274,0.0068415051311288486
909,0.014165564079678828,0.9996759792626728,12.684622046884952,0.0068415051311288486
910,0.013920864182597343,0.9998919930875576,12.5535820870742,0.0068415051311288486
911,0.013806638372246572,0.9998919930875576,12.480042913212879,0.0068415051311288486
912,0.014146444595886678,0.9997119815668203,14.379571755908371,0.0068415051311288486
913,0.013969351430230426,0.9996759792626728,13.777580534174886,0.005701254275940707
914,0.014161962264728161,0.9995679723502304,12.74446564416657,0.0068415051311288486
915,0.013958753320530126,0.9997839861751152,13.037193794206992,0.0068415051311288486
916,0.013708581884009636,0.9997119815668203,11.627414307545365,0.0068415051311288486
917,0.013922599794489036,0.9997839861751152,12.243515865017098,0.0068415051311288486
918,0.014085005979538651,0.9997119815668203,12.593501547723159,0.005701254275940707
919,0.013689699629965467,0.9997479838709677,13.657158208953614,0.005701254275940707
920,0.013932625956249677,0.9997119815668203,13.097572514785192,0.0068415051311288486
921,0.014134375391364922,0.9994959677419355,12.633885321622564,0.005701254275940707
922,0.014124520043606445,0.999531970046083,13.40940831814008,0.0068415051311288486
923,0.014083116598564633,0.9996039746543779,12.789391425207784,0.009122006841505131
924,0.013764138623196545,0.9997119815668203,12.051077330533836,0.005701254275940707
925,0.013884125152937552,0.9996759792626728,12.576168549645313,0.0068415051311288486
926,0.013878081440238908,0.9997119815668203,13.64819518842882,0.0068415051311288486
927,0.013647023270825087,0.9996399769585254,11.720210964894486,0.00798175598631699
928,0.013838558627318264,0.9997839861751152,13.418120396178017,0.005701254275940707
929,0.01414338742867799,0.9995679723502304,12.150374865994078,0.009122006841505131
930,0.013543471397857786,0.9997839861751152,12.998724805860181,0.0068415051311288486
931,0.013660923526343387,0.9998559907834101,12.067279413325485,0.00798175598631699
932,0.013688930325330265,0.9997119815668203,12.302161332003203,0.005701254275940707
933,0.013814287856736216,0.9996039746543779,12.759147525513322,0.004561003420752566
934,0.014123348334658255,0.9997119815668203,12.460414392782317,0.0068415051311288486
935,0.013803997137133152,0.9996399769585254,13.005502958526089,0.0068415051311288486
936,0.01375678104610281,0.9996759792626728,13.325865281212696,0.00798175598631699
937,0.01352563900400966,0.9998919930875576,12.850011897331768,0.00798175598631699
938,0.01352454047040662,0.9997479838709677,12.26334105984243,0.00798175598631699
939,0.013941595852289195,0.9997839861751152,13.201797955120439,0.0068415051311288486
940,0.013747231393176976,0.9997119815668203,12.518482061449179,0.00798175598631699
941,0.013549749956204457,0.999531970046083,12.958691934087529,0.00798175598631699
942,0.013921735061478506,0.9996759792626728,11.779504546553678,0.0068415051311288486
943,0.014001127800256152,0.9997119815668203,12.460654667600938,0.011402508551881414
944,0.013719739497549111,0.9996039746543779,11.448215822809235,0.0068415051311288486
945,0.013337500871927371,0.9998199884792627,12.111420756462906,0.00798175598631699
946,0.013659222673813594,0.9997119815668203,13.84980469445954,0.0068415051311288486
947,0.013864123419116033,0.9995679723502304,13.21120983763187,0.0068415051311288486
948,0.013447642957250918,0.9996399769585254,12.66399955097055,0.005701254275940707
949,0.013782056679408397,0.9996039746543779,11.950350429748047,0.005701254275940707
950,0.013458122846923666,0.9996759792626728,12.859520070501173,0.005701254275940707
951,0.013964882305037866,0.999531970046083,12.568779136327137,0.005701254275940707
952,0.013586047847974136,0.9996039746543779,11.087616970492878,0.0068415051311288486
953,0.013450889399678614,0.9997479838709677,13.115453704868782,0.0068415051311288486
954,0.013827248517217861,0.9996039746543779,11.0491511770094,0.0068415051311288486
955,0.013279972190234792,0.9997839861751152,12.40843335633403,0.0068415051311288486
956,0.013933121585094022,0.9997119815668203,12.992598551029218,0.0068415051311288486
957,0.013456990850085076,0.9996039746543779,13.525608699976923,0.005701254275940707
958,0.013719683547379784,0.9996039746543779,12.72094358033166,0.005701254275940707
959,0.013564828324050123,0.9997119815668203,12.4979564999501,0.005701254275940707
960,0.013441110639253519,0.9997119815668203,13.817778999476504,0.0068415051311288486
961,0.013921087560531455,0.9995679723502304,13.043371586598447,0.005701254275940707
962,0.013760337045991338,0.9997479838709677,12.473593043084835,0.005701254275940707
963,0.013022545849569658,0.9999639976958525,13.608272781937533,0.005701254275940707
964,0.013425471889893717,0.9997119815668203,13.780073982551949,0.005701254275940707
965,0.013336299405720788,0.9997479838709677,12.533531381439591,0.005701254275940707
966,0.013454210002421646,0.9996759792626728,12.219165781340822,0.00798175598631699
967,0.013493229098583696,0.9996399769585254,12.542107242814764,0.005701254275940707
968,0.013952092789027686,0.9996759792626728,13.192181714448308,0.005701254275940707
969,0.013549443078978408,0.9995679723502304,12.608477583768838,0.005701254275940707
970,0.013820708881685947,0.9996399769585254,13.24621879769024,0.0068415051311288486
971,0.013425088041217371,0.9996759792626728,12.092794803284457,0.00798175598631699
972,0.013683843106666605,0.9994239631336406,11.189741696843807,0.0068415051311288486
973,0.013590237900425899,0.9996399769585254,12.842537821222738,0.005701254275940707
974,0.013372945519859477,0.9997119815668203,11.619383793464408,0.0068415051311288486
975,0.013839539880799945,0.9995679723502304,12.106633536492133,0.0068415051311288486
976,0.013335279830675659,0.9997119815668203,12.925154789279777,0.004561003420752566
977,0.013103660708937091,0.9997839861751152,11.664164552938708,0.005701254275940707
978,0.013513892816062072,0.9996399769585254,12.640579252993367,0.005701254275940707
979,0.013328078449682293,0.9996759792626728,12.83624967229271,0.005701254275940707
980,0.013307787718311433,0.9998199884792627,12.232047851980072,0.004561003420752566
981,0.013476078892083762,0.9996399769585254,11.266066861125463,0.00798175598631699
982,0.013257815193573726,0.9996399769585254,11.85925802863718,0.0068415051311288486
983,0.013264336262739474,0.9996759792626728,11.400343418665052,0.005701254275940707
984,0.013250681638185467,0.9997839861751152,12.886521864644205,0.0068415051311288486
985,0.013267554550899476,0.9996759792626728,11.875476204275133,0.005701254275940707
986,0.013221039758643248,0.9997479838709677,13.047987736753074,0.0068415051311288486
987,0.01313894595049562,0.9998559907834101,11.629622856322825,0.0068415051311288486
988,0.01336661675592996,0.9996039746543779,12.224794781466302,0.00798175598631699
989,0.013355518826433727,0.9996399769585254,11.391140683347034,0.00798175598631699
990,0.013738296861644439,0.9996759792626728,12.118792066280491,0.0068415051311288486
991,0.013284164811334303,0.9996039746543779,12.690426898247296,0.005701254275940707
992,0.013440548197671015,0.999531970046083,13.070834936274634,0.0068415051311288486
993,0.013514441380079853,0.9996039746543779,11.855700684246207,0.004561003420752566
994,0.01358369773914737,0.999459965437788,13.310326865488745,0.005701254275940707
995,0.01323760539928477,0.9996759792626728,11.957338926865546,0.0068415051311288486
996,0.01332171441351969,0.9997479838709677,11.836550044904685,0.005701254275940707
997,0.013513355790573056,0.9994959677419355,11.304843898238179,0.0068415051311288486
998,0.013217277393551878,0.9997119815668203,12.05884940757447,0.005701254275940707
999,0.013937865304524585,0.9992799539170507,11.54333262187997,0.004561003420752566
