epoch,loss,single_accuracy,val_loss,val_single_accuracy
0,5.848771333694458,0.486328125,3.811707535363508,0.6468531472004933
1,5.631705537438393,0.50390625,3.8137911794303387,0.6503496506969968
2,5.269981220364571,0.5126953125,3.7977957418731183,0.6538461541935002
3,5.1656859666109085,0.5302734375,3.709086570402473,0.6538461541935002
4,4.975698098540306,0.52734375,3.6816017505363288,0.6550116552895321
5,4.669117718935013,0.54296875,3.635307635234925,0.6515151517930287
6,4.656047165393829,0.5615234375,3.62972595335564,0.6550116552895321
7,4.245141342282295,0.5771484375,3.61499016109359,0.6515151517930287
8,4.3218691647052765,0.58984375,3.6134452108632433,0.6491841494620263
9,4.081671088933945,0.6162109375,3.562451342494164,0.6445221448000217
10,4.2471979558467865,0.5615234375,3.5719748191613627,0.6410256413035181
11,3.914802849292755,0.619140625,3.612461530388548,0.6386946389725158
12,3.906627595424652,0.599609375,3.60763341883992,0.639860140138017
13,3.772889420390129,0.62109375,3.582021639905957,0.6375291378070147
14,3.65997514128685,0.6337890625,3.5973896348462517,0.6375291378070147
15,3.830358326435089,0.62109375,3.6032567962066278,0.6351981354760123
16,3.733928769826889,0.6328125,3.6395434908794635,0.6340326343105112
17,3.768174394965172,0.640625,3.6409800594503228,0.63286713314501
18,3.5852860659360886,0.6396484375,3.646256038628189,0.6317016319795088
19,3.627581089735031,0.6376953125,3.6601777698427855,0.6340326343105112
20,3.536966621875763,0.6513671875,3.700317496533716,0.6270396273175042
21,3.4894906133413315,0.6611328125,3.706470616682843,0.6247086249865018
22,3.4673320949077606,0.6494140625,3.742290597508872,0.6223776226554996
23,3.523550696671009,0.6455078125,3.721979287650549,0.6235431238210006
24,3.4566276222467422,0.6572265625,3.7352962534970198,0.6270396273175042
25,3.3399876728653908,0.6728515625,3.74910451517829,0.6223776226554996
26,3.4109478145837784,0.6669921875,3.791546536852673,0.6212121214899984
27,3.4906011670827866,0.6396484375,3.7608628784912033,0.6247086249865018
28,3.5016894340515137,0.662109375,3.7607566828042756,0.6235431238210006
29,3.565724328160286,0.6455078125,3.777705362869865,0.6235431238210006
30,3.3522256910800934,0.66015625,3.7893545014657826,0.6247086249865018
31,3.179424077272415,0.6748046875,3.8184883040886173,0.6212121214899984
32,3.327030912041664,0.6767578125,3.8392138873728423,0.6212121214899984
33,3.1969519406557083,0.662109375,3.835784822494,0.6223776226554996
34,3.2216713055968285,0.6630859375,3.8356148584991137,0.6223776225860302
35,3.190405212342739,0.666015625,3.8377143432470886,0.6247086249170326
36,3.2770778760313988,0.67578125,3.8027503833322327,0.6270396272480349
37,3.5220965892076492,0.662109375,3.819155651746027,0.6235431237515314
38,3.21002459526062,0.671875,3.8245511352929062,0.6235431237515314
39,3.0914614647626877,0.681640625,3.8393936795041417,0.6188811190895267
40,2.9353378117084503,0.6904296875,3.8354525433544997,0.6188811190895267
41,2.9324110373854637,0.6806640625,3.863884292217297,0.6223776225860302
42,3.11032198369503,0.6767578125,3.8556866073690026,0.6188811190895267
43,2.971376419067383,0.6884765625,3.8690257984233067,0.6188811190895267
44,3.0263105779886246,0.6845703125,3.8475998952498527,0.6177156179240255
45,3.09853033721447,0.6845703125,3.875110825827662,0.6188811190895267
46,3.0864499509334564,0.7021484375,3.8571355710096986,0.6212121214205291
47,3.0524442717432976,0.673828125,3.8319964174545937,0.6247086249170326
48,2.7235114201903343,0.6962890625,3.847470547079102,0.6247086249170326
49,2.889111779630184,0.681640625,3.844064967520101,0.6223776225860302
50,2.880856804549694,0.6806640625,3.8242258620524394,0.6223776225860302
51,2.5893741697072983,0.7197265625,3.8092597890949196,0.6235431237515314
52,3.00237999856472,0.6787109375,3.823177953786922,0.6247086248475633
53,2.6910785511136055,0.6962890625,3.831499547539127,0.6270396271785657
54,2.770710624754429,0.7041015625,3.8491305751521967,0.6270396271785657
55,2.8881180435419083,0.6884765625,3.8195943161584696,0.6258741260130645
56,2.768856890499592,0.697265625,3.8319409089792513,0.6258741260130645
57,2.755912311375141,0.6943359375,3.8116259872566016,0.6258741260130645
58,2.6713593676686287,0.712890625,3.74588929482308,0.6270396272480349
59,2.482729807496071,0.7177734375,3.7560098736019403,0.6270396271785657
60,2.766419932246208,0.693359375,3.7503144863888727,0.6258741260130645
61,2.757069058716297,0.6982421875,3.796841512696865,0.6328671330060714
62,2.549264870584011,0.7060546875,3.829515737691994,0.6328671330060714
63,2.674399334937334,0.7099609375,3.821272585484566,0.6351981353370738
64,2.748133197426796,0.6962890625,3.774780445990515,0.6317016318405703
65,2.7324875444173813,0.693359375,3.7293406083598075,0.6340326341715726
66,2.6246377006173134,0.716796875,3.6806610070412114,0.628205128413536
67,2.541056990623474,0.6962890625,3.648815826467284,0.628205128413536
68,2.4608953297138214,0.71484375,3.665208203001664,0.6258741260825337
69,2.776803642511368,0.693359375,3.6427279756966726,0.6258741260825337
70,2.409297451376915,0.70703125,3.6315826331558343,0.6247086249170326
71,2.729918248951435,0.7158203125,3.613317191257795,0.6282051283440667
72,2.318982295691967,0.7060546875,3.6102292630430703,0.6328671330060714
73,2.5482031404972076,0.7138671875,3.586680741077571,0.6305361306750691
74,2.4875931590795517,0.7109375,3.614322820001028,0.6270396271785657
75,2.509610667824745,0.724609375,3.602597225743991,0.6282051283440667
76,2.552948109805584,0.7216796875,3.5793416965188403,0.6293706295095679
77,2.720611050724983,0.720703125,3.582097212273827,0.6317016318405703
78,2.5551610216498375,0.7177734375,3.577608718721322,0.6328671330060714
79,2.503469705581665,0.70703125,3.5525455509631576,0.6293706295095679
80,2.6181290596723557,0.72265625,3.5583158456970065,0.6293706295095679
81,2.338865339756012,0.73046875,3.56791220723037,0.6305361306750691
82,2.4394244998693466,0.720703125,3.553015418515686,0.6317016318405703
83,2.2841221392154694,0.73828125,3.5921036530772357,0.6375291376680761
84,2.44757878780365,0.736328125,3.585868875250776,0.6386946388335772
85,2.3228109925985336,0.7236328125,3.5840352116486964,0.6363636365025749
86,2.543097473680973,0.716796875,3.525257923073702,0.6363636365025749
87,2.456769749522209,0.7314453125,3.5504161055115135,0.6375291376680761
88,2.3173611164093018,0.7373046875,3.621737712529642,0.6410256411645796
89,2.4364472925662994,0.7255859375,3.5671657916627355,0.6398601399990784
90,2.2250164672732353,0.72265625,3.574299565162553,0.643356643495582
91,2.4115232080221176,0.7451171875,3.530734567857393,0.6410256411645796
92,2.2858909517526627,0.7412109375,3.4989000841506295,0.643356643495582
93,2.1779070645570755,0.751953125,3.4602578898548804,0.6421911423300808
94,2.3854216523468494,0.728515625,3.4705728288731237,0.644522144661083
95,2.214035838842392,0.748046875,3.466755826755629,0.644522144661083
96,2.17001473903656,0.736328125,3.4617482684422414,0.643356643495582
97,2.314053602516651,0.7255859375,3.4450599626922385,0.6421911423300808
98,2.020624652504921,0.7548828125,3.410087720797091,0.6386946388335772
99,2.1712516210973263,0.7353515625,3.3562653231193553,0.6351981353370738
100,2.1108107678592205,0.748046875,3.3834976118691875,0.6351981353370738
101,2.1094800867140293,0.7607421875,3.3520655453569823,0.6375291376680761
102,2.2810369953513145,0.7255859375,3.3644939653297543,0.6375291376680761
103,2.2327971160411835,0.736328125,3.404471824388508,0.6363636365025749
104,2.2438444644212723,0.75,3.4282939198333553,0.6421911423300808
105,2.247594438493252,0.759765625,3.385311469357539,0.6491841493230878
106,2.082837998867035,0.7587890625,3.371137598759575,0.6491841493230878
107,1.993194792419672,0.7490234375,3.357331135837765,0.6480186481575866
108,2.224813364446163,0.728515625,3.3318587679042544,0.643356643495582
109,2.0861550867557526,0.75390625,3.3210614169177126,0.6480186481575866
110,2.242463745176792,0.736328125,3.344718093525766,0.6468531469920854
111,2.0166691690683365,0.7431640625,3.3440541617989124,0.6480186481575866
112,2.264287479221821,0.7490234375,3.2894977315096727,0.6468531469920854
113,2.2293892055749893,0.7451171875,3.2713131691157677,0.6480186481575866
114,2.1103605180978775,0.7412109375,3.2563388466418206,0.6456876458265842
115,2.0713158175349236,0.7412109375,3.2787469555699813,0.6480186481575866
116,1.9490181393921375,0.76953125,3.274105165223211,0.6480186481575866
117,2.0192567855119705,0.75390625,3.2569110626550195,0.6491841493230878
118,2.0772974491119385,0.748046875,3.2017780701284644,0.6526806528195912
119,2.0636539235711098,0.76171875,3.1762545646009817,0.650349650488589
120,1.9467149525880814,0.7578125,3.2129098054690237,0.6538461539850924
121,1.9889714531600475,0.7646484375,3.2182533022294164,0.6538461539850924
122,2.0801485627889633,0.7626953125,3.258891870968895,0.6538461539850924
123,1.8596914075314999,0.7763671875,3.196406746391719,0.6538461539850924
124,1.9946004338562489,0.755859375,3.2214641875407217,0.6550116551505936
125,2.063515570014715,0.7412109375,3.1743386929251236,0.6585081586470971
126,1.8515381291508675,0.7626953125,3.226416978681143,0.6620046621436005
127,1.9260666891932487,0.7685546875,3.213740371445537,0.6678321679711064
128,2.003468856215477,0.7548828125,3.210916048901412,0.6689976691366075
129,1.9380643591284752,0.7607421875,3.2069160062949975,0.6713286714676099
130,1.9436142407357693,0.765625,3.2029542183994137,0.6713286714676099
131,1.9460450485348701,0.7646484375,3.1971427110612116,0.6701631703021087
132,1.8611286357045174,0.7705078125,3.1608196215612905,0.6689976691366075
133,2.0282212905585766,0.75390625,3.150531210113829,0.6655011656401041
134,2.083434257656336,0.7412109375,3.107159574053713,0.6643356644746029
135,1.8073741495609283,0.765625,3.082980379844323,0.6643356644746029
136,1.8257450461387634,0.7626953125,3.0714666399331914,0.6596736598125983
137,1.78538828343153,0.76171875,3.0685968231496625,0.6573426574815959
138,2.0111480839550495,0.7578125,3.0423535234566197,0.6550116551505936
139,2.039724539965391,0.7626953125,3.061680137029999,0.6561771563160947
140,1.9195184633135796,0.7822265625,3.0884674172284026,0.6596736598125983
141,1.688003782182932,0.7568359375,3.0739510797033636,0.6596736598125983
142,1.782818153500557,0.767578125,3.0970047297247083,0.6585081586470971
143,1.7406275197863579,0.7666015625,3.0944832053886495,0.6643356644746029
144,1.9737226963043213,0.76953125,3.0944374366891343,0.6655011656401041
145,1.5950477831065655,0.7900390625,3.062929594554962,0.6666666668056053
146,1.822424054145813,0.748046875,3.0518939334352115,0.6596736598125983
147,1.8979960307478905,0.7685546875,3.028762868377608,0.6608391609780994
148,1.620638683438301,0.7841796875,3.036500633014735,0.6620046621436005
149,1.9604227989912033,0.7685546875,3.00995522120529,0.6620046621436005
150,1.8787950053811073,0.7724609375,2.999502457504645,0.6596736598125983
151,1.8503360897302628,0.7822265625,3.006497011661078,0.6643356644746029
152,1.7371050249785185,0.7890625,3.0162418372885678,0.6631701633091017
153,1.7690655663609505,0.775390625,3.051943338382772,0.6701631703021087
154,1.6728034727275372,0.7802734375,3.0116440679330925,0.6655011656401041
155,1.8230465427041054,0.7822265625,2.9988268619459686,0.6689976691366075
156,1.7245132327079773,0.7802734375,2.9889928395740495,0.6724941726331111
157,1.8405932374298573,0.794921875,2.974856784011483,0.6678321679711064
158,1.798694185912609,0.7939453125,2.963547188515117,0.6748251749641134
159,1.729486409574747,0.787109375,2.9693867877247313,0.6759906761296146
160,1.7358362898230553,0.775390625,2.9678360023524935,0.6783216784606169
161,1.7394150011241436,0.7724609375,2.9324418210830445,0.679487179626118
162,1.628296870738268,0.7666015625,2.9467528279271575,0.6806526807916192
163,1.6128235310316086,0.7841796875,2.9448595069835095,0.6748251749641134
164,1.6797939352691174,0.7822265625,2.943841045961166,0.6818181819571204
165,1.7624515071511269,0.7841796875,2.9300256576432493,0.6829836831226216
166,1.6663385666906834,0.78515625,2.931843664080321,0.6829836831226216
167,1.6559726614505053,0.7763671875,2.927951879365183,0.6829836831226216
168,1.5403789728879929,0.791015625,2.931016772863887,0.6806526807916192
169,1.625342357903719,0.7939453125,2.9405673403197374,0.6829836831226216
170,1.5401101298630238,0.771484375,2.9016441740963983,0.6818181819571204
171,1.5877118073403835,0.78125,2.9243844320307244,0.6841491842881228
172,1.7513390444219112,0.7685546875,2.9170036860296635,0.6829836831226216
173,1.5904021747410297,0.798828125,2.9048575120337636,0.6818181819571204
174,1.5865486804395914,0.796875,2.9108901704750556,0.6853146854536238
175,1.6244353838264942,0.77734375,2.8992144232203354,0.6876456877846262
176,1.7322057746350765,0.7822265625,2.896065814077576,0.686480186619125
177,1.6909299418330193,0.7822265625,2.8853366112028245,0.6841491842881228
178,1.5808862913399935,0.775390625,2.8959417472352516,0.6841491842186534
179,1.4098970964550972,0.794921875,2.88380674555863,0.6853146854536238
180,1.5837688017636538,0.7783203125,2.8983080406393205,0.6899766901156286
181,1.4774409346282482,0.7939453125,2.8905036773853925,0.6923076924466309
182,1.510044526308775,0.7890625,2.8818726685149962,0.6911421912811297
183,1.4929332584142685,0.8115234375,2.882262441227625,0.6911421912811297
184,1.6776278465986252,0.7802734375,2.875000770909317,0.6876456877151569
185,1.5230063162744045,0.7919921875,2.8822715842188935,0.6899766901156286
186,1.5902753677219152,0.7724609375,2.882811983782442,0.6911421912811297
187,1.4654632024466991,0.791015625,2.8924733950888917,0.6969696971086355
188,1.464396871626377,0.791015625,2.8793963388667936,0.6969696971086355
189,1.6475124135613441,0.7763671875,2.873136198517187,0.6969696971086355
190,1.6281187571585178,0.7841796875,2.8720257654959784,0.6923076924466309
191,1.4757785852998495,0.798828125,2.8116105241844287,0.6899766900461592
192,1.568423230201006,0.7841796875,2.8462116467508123,0.6923076924466309
193,1.6691585332155228,0.7919921875,2.8469168718617697,0.6923076923771616
194,1.4417217634618282,0.7939453125,2.8137972168537564,0.6888111888806581
195,1.5500969178974628,0.796875,2.8543666820703963,0.6923076924466309
196,1.5712658874690533,0.78125,2.857463058527116,0.6958041959431344
197,1.4770785346627235,0.8046875,2.85358730368403,0.6969696971086355
198,1.4529702607542276,0.80078125,2.8647270710544013,0.693473193612132
199,1.5007272362709045,0.8076171875,2.8484392803778875,0.6923076924466309
200,1.4534208960831165,0.8017578125,2.8612689006821816,0.6946386947776332
201,1.4613657109439373,0.8115234375,2.847871300710109,0.6969696971086355
202,1.5547383017838001,0.7890625,2.8458049579378053,0.6958041959431344
203,1.4872784987092018,0.8095703125,2.857485110508951,0.693473193612132
204,1.5215545445680618,0.7958984375,2.8099126810238357,0.695804195873665
205,1.6070723347365856,0.7978515625,2.8082074457844652,0.695804195873665
206,1.5906185135245323,0.7861328125,2.8436044135710574,0.693473193612132
207,1.5126271396875381,0.802734375,2.828962416603015,0.6934731936816013
208,1.4887071698904037,0.7978515625,2.789775191573969,0.693473193612132
209,1.370775663293898,0.8076171875,2.8159107730001,0.6958041959431344
210,1.4961029924452305,0.798828125,2.829746919226049,0.6946386948471025
211,1.5746869184076786,0.8076171875,2.801100441625902,0.6946386948471025
212,1.5605454705655575,0.8017578125,2.784272184669277,0.6958041960126037
213,1.6011754050850868,0.7978515625,2.807112174503731,0.6969696971781049
214,1.400803528726101,0.8125,2.7918713071094805,0.6946386948471025
215,1.49317567050457,0.80078125,2.790084638014123,0.6958041960126037
216,1.3544116169214249,0.8095703125,2.7582236593871405,0.6958041960126037
217,1.4139156453311443,0.8037109375,2.7548537728808697,0.6969696971781049
218,1.4879158958792686,0.8056640625,2.789830709618705,0.6958041960126037
219,1.4405317977070808,0.8046875,2.7985793216140955,0.7004662006746083
220,1.445993471890688,0.7998046875,2.797299574470117,0.6993006995091071
221,1.3575505018234253,0.8115234375,2.794849997008597,0.7004662006746083
222,1.3937654606997967,0.80078125,2.767618069664026,0.7027972030056107
223,1.332320798188448,0.8193359375,2.7835413630018424,0.7027972030056107
224,1.5400839112699032,0.80078125,2.7660677786438894,0.700466200605139
225,1.516280923038721,0.798828125,2.7650637512197305,0.6981351982741367
226,1.4830654598772526,0.8154296875,2.742186025288694,0.700466200605139
227,1.3562612123787403,0.798828125,2.767579838998251,0.6993006994396379
228,1.4915844611823559,0.8154296875,2.792548455089539,0.7004662006746083
229,1.4885450936853886,0.798828125,2.7809324506974167,0.7004662006746083
230,1.4379105381667614,0.7958984375,2.774939477391593,0.7027972030056107
231,1.409703653305769,0.81640625,2.773285007455966,0.7039627041711118
232,1.3221549838781357,0.8095703125,2.7594676640206006,0.7016317018401095
233,1.4196383394300938,0.796875,2.769032837141366,0.7039627041711118
234,1.4075189866125584,0.806640625,2.7580208846461245,0.7004662006746083
235,1.410701747983694,0.8134765625,2.7566510146453385,0.6981351983436059
236,1.3734860736876726,0.806640625,2.753571762905254,0.700466200605139
237,1.3827705644071102,0.7978515625,2.7063033363514846,0.700466200605139
238,1.2996916398406029,0.8134765625,2.6850544350234777,0.700466200605139
239,1.416445542126894,0.7900390625,2.6883014488643977,0.7016317017706402
240,1.4151288457214832,0.7998046875,2.7349136799643365,0.6993006994396379
241,1.326450975611806,0.82421875,2.756990283501871,0.7039627041016425
242,1.37120945379138,0.791015625,2.782899657598673,0.7062937065021141
243,1.3087895549833775,0.80859375,2.753989791884011,0.7062937064326449
244,1.350917849689722,0.81640625,2.765203037236259,0.7062937065021141
245,1.23994155600667,0.806640625,2.7370172863726294,0.7051282052671437
246,1.426396083086729,0.814453125,2.7201846364737947,0.7051282052671437
247,1.2863461375236511,0.8154296875,2.7185731152450288,0.7051282052671437
248,1.3105550296604633,0.8310546875,2.7200279191205827,0.7051282052671437
249,1.5260998457670212,0.814453125,2.7192491240504184,0.7051282052671437
250,1.349174588918686,0.8125,2.7315406114696623,0.7051282052671437
251,1.2921584211289883,0.8134765625,2.7178645842558855,0.7074592075981461
252,1.3062893599271774,0.7978515625,2.7039745024346806,0.7062937064326449
253,1.3870410602539778,0.814453125,2.7193275364094127,0.7027972029361413
254,1.378981277346611,0.8115234375,2.704260738093258,0.7074592075981461
255,1.3542103674262762,0.80859375,2.7181231884898005,0.700466200605139
256,1.2679875530302525,0.818359375,2.692525216263213,0.7027972029361413
257,1.2296295277774334,0.8134765625,2.70372313657007,0.700466200605139
258,1.3706626258790493,0.8212890625,2.673683444902058,0.7016317017706402
259,1.3614992015063763,0.8125,2.6623052180785955,0.7016317017706402
260,1.2426701989024878,0.83203125,2.7000181852103946,0.7051282052671437
261,1.3528340021148324,0.8193359375,2.696063584103173,0.7074592075981461
262,1.3039685375988483,0.8173828125,2.709372245469988,0.7086247087636471
263,1.3634702488780022,0.8056640625,2.6930461062556934,0.7086247087636471
264,1.2588382977992296,0.8173828125,2.676235364433074,0.7097902099291483
265,1.3110716454684734,0.8154296875,2.6795113476944135,0.7086247087636471
266,1.1771197076886892,0.8251953125,2.67355355180991,0.7097902099291483
267,1.3581984899938107,0.8193359375,2.6760859965652855,0.7086247087636471
268,1.2509916797280312,0.818359375,2.675042428006798,0.7074592075981461
269,1.245630545541644,0.8212890625,2.6711769587510115,0.7086247087636471
270,1.210611129179597,0.8251953125,2.6702596276720643,0.7086247087636471
271,1.2498327381908894,0.8203125,2.6440350877203587,0.7016317017706402
272,1.2671568132936954,0.8232421875,2.645875574269773,0.700466200605139
273,1.2427287623286247,0.828125,2.646441518947795,0.700466200605139
274,1.092079944908619,0.80078125,2.6571863855654265,0.6993006994396379
275,1.247358774766326,0.8212890625,2.655054698353047,0.6946386947776332
276,1.271738225594163,0.826171875,2.6420971098201815,0.6969696971086355
277,1.1694597080349922,0.8271484375,2.6403357033337747,0.6981351982741367
278,1.1773817669600248,0.8173828125,2.6421199773192963,0.6993006994396379
279,1.2932984605431557,0.828125,2.642266439165408,0.6993006994396379
280,1.1964608132839203,0.8203125,2.6301000437119626,0.6958041959431344
281,1.2376522608101368,0.818359375,2.634319601949556,0.6981351982741367
282,1.3072926243767142,0.8330078125,2.630821460714707,0.6969696971086355
283,1.2446913663297892,0.8310546875,2.6460151870698083,0.7039627041016425
284,1.1625283621251583,0.83203125,2.672446107444091,0.7027972029361413
285,1.2229688689112663,0.806640625,2.644128425502694,0.7039627041016425
286,1.2724021784961224,0.8134765625,2.6406320744565317,0.7039627041016425
287,1.2467941511422396,0.82421875,2.6833344787914992,0.7109557110946495
288,1.1162532921880484,0.8427734375,2.6823201455123775,0.7097902099291483
289,1.2191953212022781,0.830078125,2.655912677568572,0.7097902099291483
290,1.2086646389216185,0.8330078125,2.636784761831477,0.7051282052671437
291,1.2460082434117794,0.81640625,2.6360592115106005,0.7062937064326449
292,1.1376774720847607,0.814453125,2.6360678843684964,0.7062937064326449
293,1.0644017150625587,0.828125,2.633451686750898,0.7074592075981461
294,1.2547219842672348,0.826171875,2.635551315643293,0.7086247087636471
295,1.1466407999396324,0.8173828125,2.629511208488391,0.7062937064326449
296,1.2241590768098831,0.8193359375,2.629097707448028,0.7051282052671437
297,1.1224033292382956,0.828125,2.6159079288477662,0.7051282052671437
298,1.2786289937794209,0.8115234375,2.5534858749810354,0.7051282052671437
299,1.222187539562583,0.830078125,2.554103877543014,0.7051282052671437
300,1.2146031763404608,0.818359375,2.5638550321261087,0.7039627041016425
301,1.2186942100524902,0.83203125,2.5208533130811923,0.6981351982046674
302,1.144872859120369,0.8271484375,2.5272484052848148,0.700466200605139
303,1.1432338487356901,0.83984375,2.6070569874176055,0.7051282052671437
304,1.1114318687468767,0.8251953125,2.6272894705370033,0.7062937064326449
305,1.1076783239841461,0.83203125,2.615699802314763,0.7086247087636471
306,1.0811592675745487,0.82421875,2.5734695753816403,0.7109557110946495
307,1.185933444648981,0.8251953125,2.526181828030895,0.7074592075981461
308,1.1857395116239786,0.82421875,2.5497401494246263,0.7097902099291483
309,1.1616783179342747,0.80859375,2.558201688986558,0.7086247087636471
310,1.1309955157339573,0.8291015625,2.5004067890571826,0.7074592075981461
311,1.1777000427246094,0.826171875,2.4947169560652513,0.7051282052671437
312,1.0500924438238144,0.8359375,2.5155665914773384,0.7086247087636471
313,1.1399081014096737,0.82421875,2.5520300831828084,0.7086247087636471
314,1.2095768563449383,0.822265625,2.5489019156544357,0.7109557110946495
315,1.113948579877615,0.8310546875,2.5392848095902196,0.7097902099291483
316,1.2561904285103083,0.8212890625,2.5377607673128724,0.7086247087636471
317,1.0475728316232562,0.8310546875,2.524144879518411,0.7086247087636471
318,1.1845103912055492,0.837890625,2.548630147651359,0.7051282052671437
319,1.104501816444099,0.8427734375,2.5484744299958635,0.7051282052671437
320,1.0431524282321334,0.833984375,2.535354234156631,0.7074592075981461
321,0.9005708917975426,0.8447265625,2.507762263496439,0.7062937064326449
322,1.056625995784998,0.8330078125,2.462360146266597,0.7051282051976744
323,1.0975823737680912,0.8193359375,2.4641184750900957,0.7051282051976744
324,1.1008042469620705,0.82421875,2.473697504276162,0.7051282051976744
325,1.0884728096425533,0.8359375,2.4592295310575087,0.7062937063631756
326,1.1722439788281918,0.826171875,2.4613507772103334,0.7004662005356698
327,1.1116586346179247,0.8310546875,2.403702882376862,0.6969696970391662
328,1.1629244722425938,0.8369140625,2.491474706844572,0.7004662005356698
329,1.121561173349619,0.8271484375,2.46725835166611,0.6993006993701686
330,1.1537775695323944,0.8408203125,2.4044360506645726,0.695804195873665
331,0.9596147574484348,0.849609375,2.4295450225298776,0.6969696970391662
332,1.02269328199327,0.83203125,2.467055534774607,0.7004662005356698
333,1.0395105350762606,0.841796875,2.4791723236545815,0.6981351982046674
334,1.1747270748019218,0.830078125,2.442913187481029,0.6981351982046674
335,1.0744776539504528,0.8330078125,2.448994883360007,0.694638694708164
336,1.0457711778581142,0.833984375,2.4492485821941794,0.6993006993701686
337,1.0463946033269167,0.83984375,2.480057671631411,0.7027972029361413
338,1.040351364761591,0.830078125,2.4440135628610222,0.7004662005356698
339,0.9965177308768034,0.8486328125,2.440004736185074,0.701631701701171
340,1.0829857271164656,0.8427734375,2.4391646585959097,0.6993006993701686
341,1.1722958907485008,0.828125,2.4511028609145216,0.701631701701171
342,1.1091958284378052,0.837890625,2.4241396141149503,0.701631701701171
343,1.0221064798533916,0.841796875,2.4545163233310747,0.7039627040321732
344,1.0272028129547834,0.8349609375,2.4866166132869143,0.7074592075286767
345,1.023352099582553,0.85546875,2.480841680909648,0.7109557110946495
346,1.2682397849857807,0.828125,2.471996919362695,0.7086247087636471
347,1.002218366600573,0.830078125,2.4402219557261966,0.7062937063631756
348,1.0599000006914139,0.83203125,2.4348358719290553,0.7062937063631756
349,1.0142817273736,0.849609375,2.42132507031892,0.7039627040321732
350,1.0687893219292164,0.8359375,2.4366845925857414,0.7051282051976744
351,0.9633457725867629,0.8330078125,2.4370522080184696,0.7086247086941779
352,1.0099212899804115,0.8427734375,2.4353610035422797,0.7027972028666721
353,0.8827109728008509,0.8330078125,2.449740215788632,0.7051282051976744
354,1.0975517947226763,0.8271484375,2.4370174322511766,0.7086247087636471
355,1.02414920181036,0.8359375,2.4430385450452636,0.7121212122601507
356,1.0499546993523836,0.8408203125,2.424308280983727,0.7132867134256519
357,0.9886348098516464,0.83984375,2.41900652643545,0.7121212121906814
358,1.0456924363970757,0.8330078125,2.4013867997206173,0.7121212121906814
359,1.0550085715949535,0.830078125,2.365844412839218,0.7097902098596791
360,1.1055737752467394,0.82421875,2.374656915282592,0.7109557110251803
361,0.9418655196204782,0.8408203125,2.3515346407681914,0.7097902098596791
362,1.2021686434745789,0.8349609375,2.3392128487636437,0.7039627040321732
363,0.9498908147215843,0.8388671875,2.3437818961613104,0.701631701701171
364,1.0011923974379897,0.833984375,2.3545711784860193,0.7086247086941779
365,0.9204359743744135,0.8408203125,2.3560569084190823,0.7086247086941779
366,1.1266711186617613,0.841796875,2.354966431196197,0.7051282051976744
367,1.0531896464526653,0.84375,2.3566172720391156,0.7109557110251803
368,1.069348108023405,0.8388671875,2.3829483193951053,0.7121212121906814
369,1.102663022466004,0.8369140625,2.3664957064362393,0.7109557110251803
370,1.0895515028387308,0.8330078125,2.362724341261081,0.7097902098596791
371,0.9653999824076891,0.8408203125,2.364529768348018,0.7086247086941779
372,1.0212053209543228,0.826171875,2.3499342840868276,0.7086247086941779
373,1.042026311159134,0.8486328125,2.3366741251834346,0.7027972028666721
374,0.8743983265012503,0.84765625,2.3555995646195536,0.7016317016317016
375,0.9534205943346024,0.8525390625,2.3378725865365184,0.7027972028666721
376,1.0290497709065676,0.8427734375,2.359627841965302,0.7097902098596791
377,1.0416477108374238,0.8447265625,2.3473892021915574,0.7086247086941779
378,0.9528541378676891,0.83984375,2.3330338563952413,0.6981351981351981
379,1.084077486768365,0.8427734375,2.347970315834859,0.7051282051976744
380,0.912665106356144,0.841796875,2.3578937395469293,0.7062937063631756
381,0.9808520134538412,0.841796875,2.333603524731034,0.7062937063631756
382,0.9467385429888964,0.8369140625,2.3461177198342233,0.7062937063631756
383,0.9400540143251419,0.8466796875,2.3627701270413564,0.7086247086941779
384,0.8997280728071928,0.8515625,2.341849150565954,0.7086247086941779
385,0.9628529045730829,0.8291015625,2.342366211342089,0.7086247086247086
386,0.9201209526509047,0.8486328125,2.3196133473119533,0.7016317016317016
387,0.8848628718405962,0.8349609375,2.3185345565591935,0.7016317016317016
388,1.0332472436130047,0.841796875,2.3283331326463004,0.7062937062937062
389,0.8894456038251519,0.853515625,2.3350616004361417,0.6993006993006993
390,1.046176821924746,0.833984375,2.3549123941323695,0.7004662012998318
391,0.9936830997467041,0.8525390625,2.354514347020285,0.6993007001343307
392,0.8651839345693588,0.8544921875,2.319543529848952,0.7027972027972028
393,0.9869195623323321,0.857421875,2.3324114396855546,0.7027972036308342
394,0.9175808988511562,0.8447265625,2.3158646177300763,0.7051282051282052
395,0.9567854683846235,0.8310546875,2.3134170377449,0.7062937062937062
396,0.9592644423246384,0.83984375,2.318910650787376,0.7039627047963354
397,0.9422674477100372,0.837890625,2.3144599873841782,0.7051282059618366
398,1.0163578307256103,0.84375,2.3238189462181573,0.7027972036308342
399,0.9135832898318768,0.861328125,2.305502988936462,0.7027972036308342
400,0.9967332314699888,0.83203125,2.3066812819673186,0.7004662012998318
401,1.0775147266685963,0.830078125,2.3241661980157686,0.7097902106238412
402,0.9516467116773129,0.841796875,2.3353119140668905,0.7121212121212122
403,0.9229619894176722,0.849609375,2.334776520138576,0.7132867132867133
404,0.9432464148849249,0.8486328125,2.3319382165625933,0.7121212121212122
405,1.0104878218844533,0.8486328125,2.2960618266136774,0.7121212121212122
406,1.071886871010065,0.857421875,2.3048177130850322,0.7121212121212122
407,0.9370211474597454,0.8544921875,2.293221542537907,0.7109557117893424
408,0.9801170602440834,0.8330078125,2.307361648493991,0.7144522152858458
409,0.9459032006561756,0.8583984375,2.3323437529844004,0.7167832167832168
410,0.9603780265897512,0.8447265625,2.317068773619223,0.7167832176168482
411,0.8551453799009323,0.8486328125,2.3189146467300006,0.7167832167832168
412,0.8373439591377974,0.8505859375,2.3207229205292146,0.7156177156177156
413,0.888755414634943,0.8359375,2.313034494509508,0.7156177156177156
414,0.913329585455358,0.837890625,2.317270719470122,0.7191142191142191
415,0.8877773741260171,0.865234375,2.3115288781953023,0.717948717948718
416,0.9069038219749928,0.8505859375,2.284228738440778,0.7167832176168482
417,0.9065046403557062,0.8486328125,2.270451386144389,0.7144522152858458
418,0.896074902266264,0.849609375,2.2721649958537173,0.7109557117893424
419,0.9768379330635071,0.83984375,2.2749177471741096,0.7144522152858458
420,0.8316299421712756,0.845703125,2.287467681166731,0.7132867141203447
421,0.9620408657938242,0.8583984375,2.2856979809163054,0.7144522152858458
422,0.824541331268847,0.845703125,2.284313777943591,0.7132867141203447
423,0.8324034735560417,0.8515625,2.2839437222980954,0.7144522152858458
424,0.8955180607736111,0.8642578125,2.302151533655631,0.7144522152858458
425,0.8341466477140784,0.841796875,2.2902771231733556,0.7167832176168482
426,0.8114565033465624,0.845703125,2.305727127757106,0.7191142199478505
427,0.8712065275758505,0.8447265625,2.328921127499956,0.7179487187823493
428,0.8371860766783357,0.859375,2.2998277065637227,0.715617716451347
429,0.8948971182107925,0.8525390625,2.2863514089917802,0.715617716451347
430,0.8761433716863394,0.8486328125,2.296485038556697,0.715617716451347
431,0.8975141774863005,0.8525390625,2.3118215089008247,0.717948717948718
432,0.795473288744688,0.849609375,2.3294183976236202,0.7202797203491895
433,0.8171437662094831,0.857421875,2.2806911707480193,0.7179487187823493
434,0.8149915095418692,0.8564453125,2.2805324855384295,0.7144522152858458
435,0.8029671804979444,0.8740234375,2.2753052992837413,0.7132867141203447
436,0.8624781891703606,0.845703125,2.281319720483882,0.7074592073202689
437,0.9188620010390878,0.8525390625,2.3052606249189043,0.7074592082928388
438,0.834807769395411,0.8564453125,2.2788818654341574,0.70862470945834
439,0.9539088681340218,0.8447265625,2.2644451004225057,0.7109557117893424
440,0.8261239118874073,0.8525390625,2.27456351670074,0.7109557117893424
441,0.8525417111814022,0.84765625,2.2738595927234018,0.715617716451347
442,0.8481440395116806,0.849609375,2.2858448703805885,0.715617716451347
443,0.8433913439512253,0.853515625,2.284548972800617,0.715617716451347
444,0.8634183444082737,0.849609375,2.2787987316127145,0.7202797211133517
445,0.8075501397252083,0.8525390625,2.2817540721043006,0.7226107226107226
446,0.8183757308870554,0.8466796875,2.277497512894077,0.7202797202797203
447,0.8632049337029457,0.8525390625,2.2628001988906683,0.7191142199478505
448,0.8116293624043465,0.8466796875,2.256370987161334,0.7156177154787771
449,0.8015765249729156,0.8515625,2.258726737368635,0.7121212119822735
450,0.807889873161912,0.8544921875,2.269798167935618,0.7097902096512713
451,0.881133621558547,0.849609375,2.2544139899435023,0.7062937061547677
452,0.8331117751076818,0.857421875,2.2495517124940743,0.7027972026582643
453,0.8286013267934322,0.85546875,2.2559698825671677,0.7097902106238412
454,0.8729469515383244,0.8525390625,2.2600581971776514,0.7167832176168482
455,0.9327708790078759,0.8447265625,2.2630612523683578,0.7132867131477747
456,0.8631132040172815,0.8603515625,2.2589658754411,0.7062937061547677
457,0.8548884466290474,0.8564453125,2.269366136311373,0.7086247084857701
458,0.7401005774736404,0.869140625,2.2692658239867027,0.7074592073202689
459,0.8373398650437593,0.8623046875,2.26776092723533,0.7062937061547677
460,0.9140516258776188,0.8603515625,2.2901019904163333,0.7051282049892665
461,0.8182732937857509,0.8583984375,2.2904419928163917,0.7039627038237654
462,1.025881551206112,0.84375,2.2933068737422393,0.7039627038237654
463,0.9454419203102589,0.8603515625,2.273903243330531,0.7121212119822735
464,0.8030893504619598,0.8525390625,2.298151360108302,0.7191142199478505
465,0.8333683051168919,0.841796875,2.2980150381029345,0.7167832176168482
466,0.8412076719105244,0.8603515625,2.2654802451183746,0.7167832166442782
467,0.905351871624589,0.8408203125,2.2659193043942216,0.7121212119822735
468,0.9220861196517944,0.8544921875,2.2743624736379076,0.7132867131477747
469,0.843807315453887,0.8603515625,2.2705592668695607,0.7132867131477747
470,0.8529413593932986,0.8583984375,2.2453074150985772,0.7074592073202689
471,0.7276020608842373,0.8408203125,2.2625005027075193,0.7062937061547677
472,0.8372484352439642,0.861328125,2.263418311353052,0.7109557108167723
473,0.8483510753139853,0.845703125,2.271924737380657,0.7121212119822735
474,0.7734909038990736,0.86328125,2.269443076529425,0.7109557108167723
475,0.8414746280759573,0.8447265625,2.274379437064235,0.7109557108167723
476,0.8073138799518347,0.859375,2.2710912715999676,0.7156177154787771
477,0.8651460893452168,0.8466796875,2.2948645845159783,0.7191142189752805
478,0.8856375478208065,0.8525390625,2.252236362520631,0.7132867131477747
479,0.9212386449798942,0.8583984375,2.267383594543506,0.7109557108167723
480,0.8233746755868196,0.853515625,2.2662030636986374,0.7097902096512713
481,0.9041390288621187,0.8447265625,2.2672358701279114,0.7074592073202689
482,0.8286376474425197,0.8505859375,2.2490581490082064,0.7156177154787771
483,0.8880143985152245,0.85546875,2.2613962580968727,0.7144522143132759
484,0.829158017411828,0.8623046875,2.2467103612311794,0.7179487178097794
485,0.8274645814672112,0.853515625,2.2479698705228612,0.7132867131477747
486,0.8573016375303268,0.861328125,2.269988584490645,0.7074592073202689
487,0.8307336829602718,0.8505859375,2.257222867998488,0.7074592073202689
488,0.8684498239308596,0.8525390625,2.255247542977611,0.7074592073202689
489,0.8143432699143887,0.8564453125,2.2579918959479786,0.7086247084857701
490,0.9045053217560053,0.8564453125,2.2569589298088233,0.7051282049892665
491,0.7436941945925355,0.8583984375,2.255617176110928,0.7086247084857701
492,0.803737516514957,0.8564453125,2.250978733831908,0.7121212119822735
493,0.616012723185122,0.8681640625,2.2510850683792487,0.7156177154787771
494,0.7536901952698827,0.861328125,2.2482133627215743,0.7156177154787771
495,0.8330943658947945,0.8408203125,2.2360898021495705,0.7109557108167723
496,0.8762316852807999,0.8662109375,2.24241919506402,0.7062937061547677
497,0.7524333009496331,0.8701171875,2.241597125927607,0.7074592073202689
498,0.8182862354442477,0.861328125,2.232060245283834,0.7039627038237654
499,0.7961398828774691,0.859375,2.274481673757513,0.7051282049892665
500,0.9269969929009676,0.8515625,2.2535535279131715,0.7039627038237654
501,0.7810402316972613,0.8818359375,2.262430538942208,0.7039627038237654
502,0.8052300615236163,0.8544921875,2.2442772877522006,0.7051282049892665
503,0.9042277336120605,0.8505859375,2.2430179130225194,0.7051282049892665
504,0.7688709124922752,0.857421875,2.23112026509983,0.7062937061547677
505,0.7781240465119481,0.8603515625,2.23203441090795,0.7167832166442782
506,0.8613327937200665,0.8564453125,2.2284911427742395,0.7156177154787771
507,0.7578562181442976,0.853515625,2.229400395652353,0.7097902096512713
508,0.7236540727317333,0.8603515625,2.233172178893656,0.7086247084857701
509,0.824102888815105,0.87109375,2.2431827555030655,0.7086247084857701
510,0.7858289303258061,0.841796875,2.238657470766481,0.7051282049892665
511,0.8297576159238815,0.85546875,2.2299876941111814,0.7074592073202689
512,0.7763765323907137,0.865234375,2.2437034342394564,0.7086247084857701
513,0.7227699067443609,0.8564453125,2.248645697996055,0.7051282049892665
514,0.8022074066102505,0.8623046875,2.2231515388944487,0.7062937061547677
515,0.8243458811193705,0.8505859375,2.2091767958827786,0.7051282049892665
516,0.7497074771672487,0.861328125,2.2222518962580007,0.7062937061547677
517,0.6858565406873822,0.861328125,2.222653554452883,0.7074592073202689
518,0.7482696594670415,0.865234375,2.2325641737256574,0.7086247084857701
519,0.6967057660222054,0.865234375,2.2214433188205,0.7074592073202689
520,0.7622853191569448,0.8486328125,2.2282038697829614,0.7062937061547677
521,0.8076833710074425,0.865234375,2.229559011531599,0.7086247084857701
522,0.8962026638910174,0.8515625,2.233558348842434,0.7074592073202689
523,0.6704927030950785,0.8623046875,2.228096479163581,0.7097902096512713
524,0.7124667493626475,0.857421875,2.226754888093277,0.7132867131477747
525,0.8222180958837271,0.85546875,2.2275565878633574,0.7109557108167723
526,0.8520216718316078,0.8544921875,2.2329927549495565,0.7062937061547677
527,0.8643983490765095,0.8544921875,2.262376553250915,0.7062937061547677
528,0.6751019842922688,0.8623046875,2.2381197164108704,0.7051282049892665
529,0.8253139248117805,0.853515625,2.2645501513859054,0.7039627038237654
530,0.8130861697718501,0.8623046875,2.2408628602683685,0.7039627038237654
531,0.7544717397540808,0.85546875,2.2096690081216237,0.7051282049892665
532,0.691087918356061,0.8515625,2.2293509244918823,0.7121212119822735
533,0.7485742513090372,0.8642578125,2.207980748378869,0.7074592073202689
534,0.6260271519422531,0.869140625,2.2350888535692977,0.7051282049892665
535,0.7385636968538165,0.8681640625,2.2174412531730456,0.7074592073202689
536,0.7550769364461303,0.8623046875,2.20546295870712,0.7062937061547677
537,0.761974262073636,0.861328125,2.2058581530631005,0.7074592073202689
538,0.707631304860115,0.875,2.2025636206695807,0.7086247084857701
539,0.711280127055943,0.87109375,2.222798728859508,0.7051282049892665
540,0.7232674290426075,0.869140625,2.221734238810195,0.7039627038237654
541,0.7460169866681099,0.85546875,2.2232090790510735,0.7062937061547677
542,0.8013687068596482,0.8603515625,2.197868074153687,0.7086247084857701
543,0.7433638200163841,0.8623046875,2.202069798271695,0.7074592073202689
544,0.7685040403157473,0.8564453125,2.203602661063899,0.7086247084857701
545,0.8232130948454142,0.8681640625,2.199276971789229,0.7074592073202689
546,0.7930113868787885,0.8564453125,2.2004448010093403,0.7074592073202689
547,0.7300474354997277,0.8681640625,2.227191808896187,0.7097902096512713
548,0.7471492541953921,0.857421875,2.2168766574148253,0.7062937061547677
549,0.7493421314284205,0.87109375,2.2399477134773504,0.7074592073202689
550,0.7156343925744295,0.8544921875,2.231087576953959,0.7027972026582643
551,0.7964632082730532,0.861328125,2.218209428109211,0.7039627038237654
552,0.7225073557347059,0.8583984375,2.228532077410282,0.7062937061547677
553,0.7567639863118529,0.859375,2.2289046713244387,0.7074592073202689
554,0.7022326420992613,0.8505859375,2.213349805706309,0.7039627038237654
555,0.6937860660254955,0.8583984375,2.2027600646574736,0.7039627038237654
556,0.8517581047490239,0.875,2.216093258007423,0.7051282049892665
557,0.7125925347208977,0.87109375,2.2181261695904055,0.7039627038237654
558,0.7243663696572185,0.8701171875,2.2520583149714346,0.7027972026582643
559,0.6682122610509396,0.8642578125,2.251094563440843,0.7039627038237654
560,0.6953082624822855,0.876953125,2.1921279815249233,0.7051282049892665
561,0.6990318857133389,0.86328125,2.235974045344444,0.7086247084857701
562,0.781248040497303,0.873046875,2.2120179767375228,0.7074592073202689
563,0.7418245347216725,0.8818359375,2.2088486712017814,0.7086247084857701
564,0.8196752239018679,0.8662109375,2.197926783061528,0.7086247084857701
565,0.7099411953240633,0.87109375,2.2021175739648458,0.7074592073202689
566,0.7282677665352821,0.8623046875,2.2031047680439095,0.7062937061547677
567,0.7568645477294922,0.857421875,2.2167673943203923,0.7027972026582643
568,0.7538987146690488,0.869140625,2.2245048551292688,0.7027972026582643
569,0.7850023191422224,0.8564453125,2.2160223591855632,0.7027972026582643
570,0.7797787468880415,0.8515625,2.212903362748784,0.7039627038237654
571,0.7496030367910862,0.8779296875,2.212173100673791,0.7039627038237654
572,0.6988196242600679,0.8720703125,2.227388074070146,0.6993006999953921
573,0.8101279307156801,0.8740234375,2.240198850631714,0.698135198829891
574,0.6970231011509895,0.8701171875,2.2616078609075303,0.7027972034918957
575,0.7411173637956381,0.8759765625,2.233157376587252,0.7039627038237654
576,0.711440172046423,0.8701171875,2.209047509240104,0.7074592073202689
577,0.6639460064470768,0.8671875,2.2109031830078516,0.7074592073202689
578,0.7891693003475666,0.865234375,2.233605951418132,0.7062937061547677
579,0.661544649861753,0.8720703125,2.230509228361792,0.7062937069883991
580,0.8759475676342845,0.86328125,2.216062193150287,0.7074592081539003
581,0.7643782300874591,0.8759765625,2.23385424463899,0.6993006999953921
582,0.8361161416396499,0.86328125,2.22466098539757,0.7074592081539003
583,0.714703812263906,0.865234375,2.2080662053226034,0.7062937061547677
584,0.6567140650004148,0.8681640625,2.206766258864414,0.7109557108167723
585,0.677027658559382,0.875,2.185415411328936,0.7156177154787771
586,0.7439770577475429,0.86328125,2.206171604720029,0.7109557108167723
587,0.7729429975152016,0.875,2.2087294088376987,0.7097902096512713
588,0.6938873417675495,0.857421875,2.2045731488919205,0.7097902096512713
589,0.7869452638551593,0.876953125,2.20121611165,0.7086247093194015
590,0.8000988801941276,0.859375,2.223455494934029,0.7086247093194015
591,0.6758660078048706,0.8642578125,2.2312590461788755,0.7039627038237654
592,0.7445236463099718,0.8740234375,2.223825836931909,0.7086247084857701
593,0.614721991121769,0.869140625,2.2244890197451577,0.7086247084857701
594,0.6910740425810218,0.8662109375,2.233029139764381,0.7039627038237654
595,0.6900218799710274,0.8662109375,2.241234088694299,0.7051282049892665
596,0.7102713417261839,0.87109375,2.2432299411935963,0.7051282049892665
597,0.8465608544647694,0.857421875,2.216635970802574,0.7074592081539003
598,0.6931785163469613,0.8701171875,2.2190981416991264,0.7062937061547677
599,0.772668806836009,0.857421875,2.2164212312453833,0.7051282049892665
600,0.6127353422343731,0.8818359375,2.227470880204981,0.7062937061547677
601,0.6839176323264837,0.8603515625,2.2163509557019303,0.7086247084857701
602,0.7262752624228597,0.869140625,2.222709074442759,0.7039627038237654
603,0.6603947058320045,0.87109375,2.206137040834049,0.7074592081539003
604,0.7246442856267095,0.86328125,2.218835576708778,0.7039627046573967
605,0.8266326682642102,0.8701171875,2.2266351832098614,0.698135198829891
606,0.750684411264956,0.869140625,2.2588946852650675,0.698135198829891
607,0.8218338079750538,0.8701171875,2.238484295653852,0.7027972034918957
608,0.7116775196045637,0.869140625,2.2377615878076265,0.7039627038237654
609,0.724600886926055,0.87109375,2.2328016291131507,0.7039627038237654
610,0.7261736234650016,0.8671875,2.227321207940162,0.7016317014927631
611,0.7763150725513697,0.869140625,2.1822228968004524,0.7039627046573967
612,0.7274803426116705,0.8681640625,2.1682852284335867,0.7062937069883991
613,0.7010373342782259,0.87109375,2.1536580368633316,0.7062937061547677
614,0.7257860405370593,0.87109375,2.1779626499522817,0.6946386953333875
615,0.7526661539450288,0.8681640625,2.174970174169207,0.6958041964988886
616,0.7007358893752098,0.876953125,2.1881509533017387,0.698135198829891
617,0.7764141047373414,0.869140625,2.1879525329127456,0.6969696976643898
618,0.6978544127196074,0.873046875,2.183144805592535,0.7062937069883991
619,0.7844749996438622,0.8916015625,2.188171966648324,0.7039627046573967
620,0.7865982465445995,0.873046875,2.1981412783647194,0.7039627046573967
621,0.7777466857805848,0.861328125,2.214276290162182,0.7039627038237654
622,0.6878872569650412,0.861328125,2.2179732581118605,0.7016317014927631
623,0.7067857133224607,0.87109375,2.215872067949433,0.7027972026582643
624,0.6584754027426243,0.861328125,2.219934572428812,0.7004662003272619
625,0.7148204119876027,0.8720703125,2.2076025840007896,0.6993006991617607
626,0.6753852292895317,0.8779296875,2.1920440408177586,0.7051282049892665
627,0.7034920202568173,0.8701171875,2.1650077426905954,0.7097902096512713
628,0.7352935848757625,0.873046875,2.1983438071671064,0.7016317023263945
629,0.6888142535462976,0.876953125,2.1980859002311193,0.7004662011608933
630,0.6167709892615676,0.865234375,2.205930108234877,0.7027972026582643
631,0.6808175435289741,0.8681640625,2.206179957289796,0.7016317014927631
632,0.7564897835254669,0.8671875,2.191225697944214,0.7062937069883991
633,0.7431520167738199,0.8642578125,2.18786872794856,0.7039627046573967
634,0.720918882638216,0.8818359375,2.228420788035804,0.698135198829891
635,0.6960800243541598,0.8857421875,2.258390556404363,0.6969696976643898
636,0.6851014122366905,0.8701171875,2.2312676109078327,0.698135198829891
637,0.6534510804340243,0.88671875,2.2419732750712575,0.698135198829891
638,0.6623945096507668,0.8681640625,2.226497623748157,0.698135198829891
639,0.6567770689725876,0.8740234375,2.209274874422656,0.7004662011608933
640,0.6052030688151717,0.8779296875,2.176942115619188,0.7074592081539003
641,0.7047571465373039,0.8720703125,2.2141192679082873,0.7039627046573967
642,0.754467960447073,0.875,2.1968624780783843,0.7039627046573967
643,0.7282261643558741,0.873046875,2.2075521434659446,0.7039627046573967
644,0.7014653505757451,0.8623046875,2.2648501643489847,0.6969696976643898
645,0.6895553488284349,0.8662109375,2.2534958985579876,0.698135198829891
646,0.6589298071339726,0.861328125,2.279298637574647,0.6969696976643898
647,0.6879331637173891,0.865234375,2.2591096268389332,0.698135198829891
648,0.6592092700302601,0.876953125,2.252645250522729,0.6969696976643898
649,0.7047674627974629,0.892578125,2.2924646011321417,0.6946386953333875
650,0.6528050173074007,0.87890625,2.2402769277145813,0.6969696976643898
651,0.6872405908070505,0.869140625,2.2294799659079882,0.698135198829891
652,0.6223919121548533,0.87890625,2.2331379079596423,0.7016317023263945
653,0.6672476083040237,0.8671875,2.213172616380634,0.7074592081539003
654,0.6215327177196741,0.873046875,2.2463566106516164,0.7074592081539003
655,0.7462538834661245,0.87109375,2.2291109033953616,0.7051282058228979
656,0.6074049985036254,0.884765625,2.2537908812502883,0.6946386953333875
657,0.7424033815041184,0.8759765625,2.281845784965373,0.6946386953333875
658,0.6547286352142692,0.8720703125,2.314816475748182,0.6946386953333875
659,0.6278352411463857,0.873046875,2.300222133145188,0.6958041964988886
660,0.7209995426237583,0.86328125,2.296270848154188,0.6934731941678863
661,0.5803662380203605,0.876953125,2.2642083984988552,0.7004662011608933
662,0.6381480041891336,0.8740234375,2.229060006864143,0.7062937069883991
663,0.7451702542603016,0.869140625,2.205242687727744,0.7086247093194015
664,0.7211947748437524,0.8720703125,2.2189727582575838,0.7039627046573967
665,0.6018011467531323,0.87890625,2.301595200747599,0.6958041964988886
666,0.6554871182888746,0.869140625,2.3280169408082405,0.6946386953333875
667,0.7713841339573264,0.8837890625,2.3518456223405604,0.6958041964988886
668,0.7243687706068158,0.8876953125,2.288631801560764,0.6923076930023851
669,0.7064726077951491,0.8837890625,2.282418561148477,0.6923076930023851
670,0.6412891643121839,0.880859375,2.2490035476106587,0.6958041964988886
671,0.7066840892657638,0.8759765625,2.2786426060683245,0.6958041964988886
672,0.6270742360502481,0.8798828125,2.298940905324229,0.6946386953333875
673,0.7211543610319495,0.8759765625,2.2994260137731377,0.6946386953333875
674,0.6881666257977486,0.8759765625,2.2859361099474356,0.6934731941678863
675,0.6527117984369397,0.875,2.2916779712641433,0.6934731941678863
676,0.6734945215284824,0.8779296875,2.302408977544113,0.6993006999953921
677,0.5934054646641016,0.8837890625,2.2837260961532593,0.6969696976643898
678,0.7111201947554946,0.8740234375,2.3413567331843166,0.7004662011608933
679,0.6143435826525092,0.8701171875,2.3055648542506435,0.6969696976643898
680,0.6927220886573195,0.8779296875,2.332010509806635,0.6958041964988886
681,0.5896944794803858,0.87890625,2.2861829584850852,0.6969696976643898
682,0.6570569789037108,0.869140625,2.2843455737565224,0.6958041964988886
683,0.6054745800793171,0.8876953125,2.2852249578996138,0.6969696976643898
684,0.6285798568278551,0.869140625,2.320670309044542,0.6958041964988886
685,0.6493195230141282,0.8798828125,2.282915583301535,0.6969696976643898
686,0.7242962252348661,0.8779296875,2.306401614820485,0.6946386953333875
687,0.6746529527008533,0.880859375,2.23371105677598,0.698135198829891
688,0.6878138687461615,0.8740234375,2.2416442026903023,0.6969696976643898
689,0.6570356823503971,0.8681640625,2.2989611453387564,0.7016317023263945
690,0.7592933643609285,0.8779296875,2.297751433921583,0.7016317023263945
691,0.692186776548624,0.880859375,2.3007166680200393,0.7016317023263945
692,0.7110168747603893,0.87109375,2.318993863525924,0.7027972034918957
693,0.6279898136854172,0.869140625,2.3146241055779804,0.6958041964988886
694,0.6121207163669169,0.884765625,2.321602935835476,0.6969696976643898
695,0.6184068713337183,0.8779296875,2.2866883700266305,0.6969696976643898
696,0.6032661264762282,0.8935546875,2.3173458159386695,0.6934731941678863
697,0.6792398300021887,0.8681640625,2.3090744941106767,0.6969696976643898
698,0.688395170494914,0.869140625,2.349956873135689,0.6946386953333875
699,0.7449206160381436,0.8681640625,2.3309275942804653,0.6958041964988886
700,0.6845215018838644,0.8798828125,2.3111358650358684,0.6923076930023851
701,0.628121281042695,0.876953125,2.3175252889975524,0.6934731941678863
702,0.601884582079947,0.875,2.307220227234847,0.6934731941678863
703,0.6050515696406364,0.8818359375,2.295171386989958,0.6923076930023851
704,0.6346430582925677,0.880859375,2.319519242484531,0.6946386953333875
705,0.6952936863526702,0.873046875,2.3159510655836626,0.6946386953333875
706,0.6859970465302467,0.87109375,2.328394331854262,0.6946386953333875
707,0.5686701061204076,0.884765625,2.3388230506078904,0.6946386953333875
708,0.667567415162921,0.8779296875,2.342754710248578,0.6946386953333875
709,0.6873129140585661,0.876953125,2.343260481085255,0.6923076930023851
710,0.5985158421099186,0.88671875,2.3511791757214597,0.6934731941678863
711,0.6210662880912423,0.8818359375,2.335803401497972,0.698135198829891
712,0.6472056489437819,0.8798828125,2.316902556619444,0.6958041964988886
713,0.6898290747776628,0.8701171875,2.314189269826129,0.6946386953333875
714,0.5817652773112059,0.8828125,2.305788335822401,0.6969696976643898
715,0.6640592757612467,0.8798828125,2.3250137297979325,0.7004662011608933
716,0.6612315271049738,0.876953125,2.299530293002273,0.6993006999953921
717,0.6661075130105019,0.86328125,2.320084519041724,0.6946386953333875
718,0.633832236751914,0.876953125,2.360313293261406,0.698135198829891
719,0.7197023099288344,0.87890625,2.3434265554645957,0.6958041964988886
720,0.5839645499363542,0.8828125,2.3467011796288837,0.6946386953333875
721,0.6292241886258125,0.892578125,2.3540055034877536,0.6946386953333875
722,0.6672319611534476,0.8798828125,2.345780973667865,0.6958041964988886
723,0.6883893199265003,0.875,2.3228387393595735,0.6958041964988886
724,0.591249605640769,0.8828125,2.325003136010159,0.6934731941678863
725,0.5764977131038904,0.88671875,2.329043992471584,0.6934731941678863
726,0.6292878789827228,0.8828125,2.321885486304899,0.6934731941678863
727,0.6415736153721809,0.873046875,2.344587636716438,0.6934731941678863
728,0.6967233614996076,0.875,2.396664113153667,0.691142191836884
729,0.6808630544692278,0.8818359375,2.395463867343111,0.6934731941678863
730,0.6525327479466796,0.8759765625,2.392612653456646,0.6923076930023851
731,0.5769032090902328,0.8720703125,2.333994875421057,0.6958041964988886
732,0.7377950521185994,0.880859375,2.312300941049358,0.6946386953333875
733,0.6281821383163333,0.884765625,2.305371676291619,0.6958041964988886
734,0.6815255684778094,0.8818359375,2.3207584172139915,0.6934731941678863
735,0.5771868294104934,0.87890625,2.333540816962858,0.698135198829891
736,0.6277890596538782,0.8818359375,2.3460849387384517,0.6993006999953921
737,0.7095118425786495,0.88671875,2.3634107179575032,0.7004662011608933
738,0.645770626142621,0.8818359375,2.345346191824177,0.6969696976643898
739,0.6390017103403807,0.88671875,2.3329714533888097,0.6946386953333875
740,0.6024416498839855,0.8828125,2.3138478119056543,0.6946386953333875
741,0.6098212823271751,0.8779296875,2.3361557235806694,0.6946386953333875
742,0.6202445263043046,0.890625,2.3503977741116966,0.6934731941678863
743,0.699643106199801,0.88671875,2.341828450734243,0.6923076930023851
744,0.7249404098838568,0.888671875,2.340719002388018,0.6934731941678863
745,0.5617386931553483,0.8857421875,2.3424657135854514,0.691142191836884
746,0.5772556532174349,0.8798828125,2.352229868615424,0.6934731941678863
747,0.6135897254571319,0.888671875,2.3541100742100003,0.698135198829891
748,0.6780994180589914,0.884765625,2.3528811425873726,0.6946386953333875
749,0.6289231982082129,0.896484375,2.3877413145034185,0.6993006999953921
750,0.6288686990737915,0.875,2.404770731648087,0.698135198829891
751,0.5627770889550447,0.8759765625,2.4188915916256137,0.698135198829891
752,0.7230810504406691,0.876953125,2.427526266146929,0.6946386953333875
753,0.6766103110276163,0.8818359375,2.4481034945774747,0.698135198829891
754,0.5903771370649338,0.8759765625,2.4397486150959433,0.6969696976643898
755,0.6053005019202828,0.892578125,2.4481239196581717,0.6958041964988886
756,0.777001516893506,0.875,2.365513828806666,0.6958041964988886
757,0.625528329052031,0.8759765625,2.4472730520999795,0.6946386953333875
758,0.739839824847877,0.880859375,2.43808182636341,0.6934731941678863
759,0.6036692811176181,0.87890625,2.453224761780603,0.6934731941678863
760,0.6509544374421239,0.8916015625,2.379200272348933,0.6923076930023851
761,0.6360431183129549,0.8896484375,2.3711882926923136,0.6958041964988886
762,0.6232324540615082,0.8828125,2.361069348586467,0.6969696976643898
763,0.7050426946952939,0.8779296875,2.359921367018373,0.6958041964988886
764,0.7536414228379726,0.8798828125,2.3578734003302655,0.6958041964988886
765,0.6156153362244368,0.884765625,2.3477850038132746,0.6969696976643898
766,0.5540431505069137,0.8818359375,2.326509806937549,0.6958041964988886
767,0.612050318159163,0.8779296875,2.3705846679794207,0.6969696976643898
768,0.642028234899044,0.8779296875,2.356148889292648,0.698135198829891
769,0.6346109518781304,0.87890625,2.346223146487505,0.6969696976643898
770,0.583117175847292,0.8720703125,2.3597620645047344,0.7004662011608933
771,0.574662484228611,0.8837890625,2.3457874840511863,0.6969696976643898
772,0.6565257511101663,0.884765625,2.3574464599013605,0.6946386953333875
773,0.5436478424817324,0.8818359375,2.389112521440555,0.6946386953333875
774,0.5996655826456845,0.8837890625,2.3881471179304143,0.6969696976643898
775,0.7095152260735631,0.8916015625,2.3623496118959015,0.6946386953333875
776,0.6571420757099986,0.8779296875,2.4273233024668306,0.6923076930023851
777,0.5882855923846364,0.8916015625,2.439496398249984,0.6946386953333875
778,0.6546528972685337,0.8759765625,2.4133861559532184,0.6888111895058816
779,0.6366189792752266,0.8955078125,2.3720700096139264,0.6923076930023851
780,0.6414627097547054,0.888671875,2.367751150975972,0.6899766906713828
781,0.5477990284562111,0.8896484375,2.397446911373894,0.691142191836884
782,0.6353023611009121,0.8798828125,2.391147709115124,0.6888111895058816
783,0.6766677275300026,0.8916015625,2.4055098236857595,0.6888111895058816
784,0.5861357944086194,0.873046875,2.391578848823245,0.6888111895058816
785,0.6973221115767956,0.875,2.416334572371903,0.6934731941678863
786,0.7435917966067791,0.8828125,2.44710740676293,0.6934731941678863
787,0.618406985886395,0.896484375,2.4483916392693152,0.6923076930023851
788,0.615978573448956,0.8876953125,2.422137821748818,0.6946386953333875
789,0.5730625875294209,0.900390625,2.4018009059079044,0.6958041964988886
790,0.6284976210445166,0.9052734375,2.414431992666427,0.6958041964988886
791,0.5764539316296577,0.892578125,2.4566647283958667,0.6934731941678863
792,0.5263430895283818,0.884765625,2.4301878661264626,0.6934731941678863
793,0.6779555976390839,0.8818359375,2.445606557917206,0.6899766906713828
794,0.5993864592164755,0.869140625,2.4222191858402775,0.691142191836884
795,0.6338316835463047,0.8837890625,2.4227119759246185,0.6923076930023851
796,0.6378574902191758,0.896484375,2.43324925627186,0.691142191836884
797,0.6127467192709446,0.888671875,2.4461681859476583,0.6899766906713828
798,0.5792897418141365,0.890625,2.4357122168952214,0.6888111895058816
799,0.5215888749808073,0.8876953125,2.410047078743959,0.6946386953333875
800,0.5102348644286394,0.880859375,2.3810756640000776,0.6958041964988886
801,0.620476245880127,0.892578125,2.440627283149666,0.6934731941678863
802,0.6813059486448765,0.8916015625,2.4182568857997726,0.6876456883403804
803,0.6633428307250142,0.87109375,2.4302745743509218,0.6864801871748794
804,0.5318170795217156,0.8857421875,2.4125975901152428,0.6923076930023851
805,0.5460063200443983,0.89453125,2.429817711556708,0.691142191836884
806,0.6225269986316562,0.8837890625,2.431559917254326,0.6923076930023851
807,0.5519998879171908,0.8857421875,2.446268855274974,0.6888111895058816
808,0.5227529807016253,0.888671875,2.4502587057215908,0.6899766906713828
809,0.5988587588071823,0.876953125,2.44357599411811,0.691142191836884
810,0.5841521443799138,0.8857421875,2.4452211901302383,0.6864801871748794
811,0.5629275059327483,0.880859375,2.4465036058759355,0.6888111895058816
812,0.5962570589035749,0.8916015625,2.464493138528926,0.6888111895058816
813,0.6707535218447447,0.8828125,2.4783416961456513,0.6888111895058816
814,0.6352449543774128,0.89453125,2.4786023348917214,0.6864801871748794
815,0.6104287374764681,0.8828125,2.5021659283093363,0.684149184843877
816,0.6122443694621325,0.88671875,2.4919319997578513,0.6853146860093782
817,0.5352776786312461,0.88671875,2.4295652390637876,0.6876456883403804
818,0.5559040522202849,0.8984375,2.427115314768189,0.6888111895058816
819,0.5227663600817323,0.892578125,2.4706570307413735,0.6876456883403804
820,0.5623286357149482,0.8779296875,2.471701924895351,0.6853146860093782
821,0.5962841855362058,0.884765625,2.455630843733852,0.6853146860093782
822,0.5652671903371811,0.8857421875,2.4334121567386013,0.684149184843877
823,0.6417505592107773,0.896484375,2.435293088148246,0.6876456883403804
824,0.548182550817728,0.8876953125,2.5000194297248113,0.6899766906713828
825,0.6169375451281667,0.8671875,2.4883477337710507,0.6899766906713828
826,0.6451368508860469,0.875,2.473846606719188,0.6923076930023851
827,0.5609152633696795,0.8828125,2.485291983975675,0.6923076930023851
828,0.5530864121392369,0.8994140625,2.498921097575368,0.6864801871748794
829,0.5918413987383246,0.8837890625,2.4978163725846296,0.6899766906713828
830,0.5796424495056272,0.88671875,2.4974389904306764,0.6853146860093782
831,0.5909596513956785,0.884765625,2.500734535964219,0.6829836836783758
832,0.5991928018629551,0.875,2.4774082496171785,0.6876456883403804
833,0.6264128601178527,0.8818359375,2.459693379613347,0.6864801871748794
834,0.5886975722387433,0.8984375,2.4682380986380412,0.6853146860093782
835,0.527203993871808,0.890625,2.4932798644601606,0.6864801871748794
836,0.6843803068622947,0.8876953125,2.466868890748991,0.6864801871748794
837,0.6084542982280254,0.87890625,2.47879612862647,0.6876456883403804
838,0.5783645706251264,0.89453125,2.480297248680275,0.6853146860093782
839,0.5454323282465339,0.8857421875,2.460938205807915,0.6853146860093782
840,0.6719809994101524,0.876953125,2.4728391943000134,0.6864801871748794
841,0.5773920631036162,0.890625,2.4097048574950035,0.6864801871748794
842,0.5355360498651862,0.8955078125,2.4336134481541203,0.6876456883403804
843,0.5359172653406858,0.8857421875,2.474711509851309,0.6853146860093782
844,0.5946377804502845,0.89453125,2.4797346314072333,0.6829836836783758
845,0.6561118001118302,0.8857421875,2.537181675295174,0.6818181825128746
846,0.6112643638625741,0.888671875,2.4870562208838116,0.6829836836783758
847,0.6386018209159374,0.89453125,2.489504649088933,0.684149184843877
848,0.5252475291490555,0.896484375,2.472495852094708,0.684149184843877
849,0.5668372679501772,0.8876953125,2.45977168872362,0.6864801871748794
850,0.5781379891559482,0.884765625,2.5189219771565257,0.6783216790163712
851,0.6474903933703899,0.8837890625,2.4607116242388747,0.6818181825128746
852,0.6153356218710542,0.8984375,2.5030002921889154,0.6783216790163712
853,0.5887555684894323,0.8837890625,2.495133906255513,0.67715617785087
854,0.624651163816452,0.88671875,2.492740157045129,0.6806526813473734
855,0.5334227308630943,0.896484375,2.506516391580755,0.67715617785087
856,0.5397126395255327,0.8974609375,2.527964888752757,0.6759906766853688
857,0.6599489189684391,0.8984375,2.523141371898162,0.6783216790163712
858,0.5163197284564376,0.89453125,2.457182535202631,0.6853146860093782
859,0.6223381627351046,0.8818359375,2.445173513639223,0.684149184843877
860,0.5739596406929195,0.8828125,2.4463320562055895,0.684149184843877
861,0.6513272542506456,0.8916015625,2.5042158790401645,0.6783216790163712
862,0.5785975940525532,0.8994140625,2.504547359226467,0.6794871801818723
863,0.5275750113651156,0.8876953125,2.4898786967173043,0.6783216790163712
864,0.5541678490117192,0.888671875,2.5420258350861378,0.6678321685268607
865,0.6591596608050168,0.8876953125,2.5172467248423116,0.6724941731888653
866,0.5729699302464724,0.8857421875,2.504165978976341,0.67715617785087
867,0.6469631642103195,0.8916015625,2.532632602122558,0.6736596743543665
868,0.5381509959697723,0.8984375,2.5212983590461713,0.6759906766853688
869,0.5575003838166595,0.8896484375,2.5321794445420203,0.6724941731888653
870,0.6270461343228817,0.8876953125,2.5343483372445985,0.6748251755198676
871,0.6146849463693798,0.88671875,2.5544128445756464,0.6713286720233641
872,0.5560229262337089,0.8916015625,2.539775527718462,0.6783216790163712
873,0.5779545027762651,0.8818359375,2.528363391791746,0.6713286720233641
874,0.5394405350089073,0.8935546875,2.5542831604297342,0.670163170857863
875,0.513023535721004,0.8955078125,2.5471026730704143,0.6666666673613595
876,0.6084037330001593,0.8857421875,2.520022551774423,0.670163170857863
877,0.6621837886050344,0.8828125,2.507721213471917,0.6748251755198676
878,0.6292427377775311,0.8876953125,2.5528896944228308,0.6736596743543665
879,0.58906015381217,0.896484375,2.544328911876901,0.670163170857863
880,0.5962210912257433,0.89453125,2.55863590173788,0.6724941731888653
881,0.5726233692839742,0.8857421875,2.5535094587952942,0.6713286720233641
882,0.6380143947899342,0.892578125,2.5106136826646357,0.6724941731888653
883,0.5775537248700857,0.9013671875,2.478702982544621,0.67715617785087
884,0.5346659794449806,0.8974609375,2.5370041618258248,0.6713286720233641
885,0.580619256477803,0.896484375,2.5391636450529655,0.6724941731888653
886,0.48284487426280975,0.904296875,2.5435614374689846,0.6713286720233641
887,0.5590830221772194,0.896484375,2.5462520500440977,0.670163170857863
888,0.558199436403811,0.8876953125,2.558012082582309,0.6724941731888653
889,0.4769370835274458,0.8935546875,2.5538503001064132,0.6794871801818723
890,0.5316579155623913,0.900390625,2.5697554108146186,0.6759906766853688
891,0.5699018323794007,0.8818359375,2.5594385548349305,0.6713286720233641
892,0.5289611425250769,0.900390625,2.571322562255504,0.6724941731888653
893,0.5266303289681673,0.892578125,2.5400818038931536,0.6748251755198676
894,0.5999495233409107,0.892578125,2.5611069091272243,0.6724941731888653
895,0.6008193865418434,0.8935546875,2.5415998738962453,0.6655011661958583
896,0.6523758051916957,0.8818359375,2.5600380736353237,0.6713286720233641
897,0.6307494835928082,0.8994140625,2.5601653785972327,0.6736596743543665
898,0.5754774864763021,0.8974609375,2.551204208449606,0.6689976696923619
899,0.556414470076561,0.8857421875,2.5402632437663755,0.6689976696923619
900,0.6131519665941596,0.9013671875,2.542512392386412,0.6643356650303571
901,0.5789183462038636,0.8916015625,2.551797117108787,0.6689976696923619
902,0.5698205954395235,0.8955078125,2.543748045856858,0.6655011661958583
903,0.5292538227513433,0.900390625,2.566948427186979,0.6678321685268607
904,0.5469484580680728,0.896484375,2.5890351036489703,0.670163170857863
905,0.5180991096422076,0.904296875,2.540279886939309,0.6689976696923619
906,0.53087542578578,0.8857421875,2.5431496068869994,0.6689976696923619
907,0.5542316259816289,0.892578125,2.567247434095903,0.6736596743543665
908,0.5559755535796285,0.90625,2.559676332073612,0.6713286720233641
909,0.5737906880676746,0.8955078125,2.5603861114084028,0.6736596743543665
910,0.5458568977192044,0.8837890625,2.5522814141564716,0.6736596743543665
911,0.6394893266260624,0.8974609375,2.5680697214353336,0.6713286720233641
912,0.5346861314028502,0.8828125,2.544629332068917,0.6713286720233641
913,0.5682159173302352,0.89453125,2.5527007307483878,0.670163170857863
914,0.5881197648122907,0.880859375,2.5640564148242655,0.670163170857863
915,0.6026451135985553,0.8857421875,2.5448389053344727,0.6748251755198676
916,0.5483823209069669,0.8994140625,2.5267220432663855,0.6794871801818723
917,0.5383171234279871,0.8876953125,2.5363793912189547,0.67715617785087
918,0.5643247393891215,0.8984375,2.563320766795765,0.6713286720233641
919,0.5580678232945502,0.900390625,2.5434440343807907,0.6713286720233641
920,0.5954566206783056,0.876953125,2.5426292130441377,0.6713286720233641
921,0.5995017932727933,0.888671875,2.5598340645814552,0.6736596743543665
922,0.5543787460774183,0.89453125,2.5515606942432467,0.6713286720233641
923,0.5637242430821061,0.892578125,2.544570871166416,0.6713286720233641
924,0.5498646032065153,0.884765625,2.5613083422600806,0.6689976696923619
925,0.5424105348065495,0.8896484375,2.54746360045213,0.670163170857863
926,0.6029232013970613,0.8994140625,2.576765562270905,0.670163170857863
927,0.504040545783937,0.9013671875,2.560453726695134,0.6724941731888653
928,0.5113114779815078,0.90625,2.5597891385182914,0.6748251755198676
929,0.500855103135109,0.8974609375,2.5791422514926583,0.670163170857863
930,0.5255307834595442,0.8935546875,2.565673028950369,0.6666666673613595
931,0.5617630402557552,0.8984375,2.5845780528230824,0.670163170857863
932,0.49030875880271196,0.9013671875,2.58657238422296,0.6736596743543665
933,0.6232882356271148,0.8984375,2.5846178020352806,0.6689976696923619
934,0.6114654871635139,0.900390625,2.582285406428339,0.6713286720233641
935,0.5282447808422148,0.90234375,2.5673082730708976,0.670163170857863
936,0.5213173804804683,0.900390625,2.5754810935689574,0.670163170857863
937,0.5395199293270707,0.8955078125,2.5780219464868934,0.670163170857863
938,0.6251470968127251,0.8828125,2.571381599475176,0.6678321685268607
939,0.5925164353102446,0.8837890625,2.5547685617611404,0.6713286720233641
940,0.5485065178945661,0.8984375,2.576325831713376,0.6689976696923619
941,0.5871180789545178,0.8994140625,2.586674802508943,0.6689976696923619
942,0.5812781546264887,0.8935546875,2.57370539645215,0.6759906766853688
943,0.5965736303478479,0.880859375,2.5851300179541528,0.670163170857863
944,0.5491718370467424,0.8955078125,2.5889826921316295,0.6678321685268607
945,0.6467148968949914,0.890625,2.5906770746191063,0.6689976696923619
946,0.5052148895338178,0.8994140625,2.5997700502266694,0.6666666673613595
947,0.5060595953837037,0.91015625,2.5987218704534856,0.670163170857863
948,0.5909111220389605,0.8955078125,2.6110161312254436,0.6713286720233641
949,0.513712091371417,0.8916015625,2.6034331077184434,0.6678321685268607
950,0.6039663683623075,0.900390625,2.636161656368585,0.663170163864856
951,0.6543849688023329,0.8984375,2.6184189052848548,0.670163170857863
952,0.5678398730233312,0.88671875,2.6044071620994513,0.6655011661958583
953,0.5659233648329973,0.8955078125,2.6076917087003624,0.6655011661958583
954,0.5669748643413186,0.9033203125,2.61343669446754,0.6736596743543665
955,0.5494669117033482,0.9013671875,2.6014609625845244,0.6689976696923619
956,0.5189758501946926,0.904296875,2.61469243234132,0.6666666673613595
957,0.5801849225535989,0.896484375,2.5970486483095967,0.6643356650303571
958,0.6153632905334234,0.88671875,2.6133617671219618,0.6655011661958583
959,0.5710007948800921,0.8994140625,2.6094126623549383,0.670163170857863
960,0.5445153871551156,0.904296875,2.6084809331071406,0.670163170857863
961,0.5596289322711527,0.884765625,2.609845708300184,0.670163170857863
962,0.5625614998862147,0.8984375,2.6100188552082835,0.6713286720233641
963,0.5738429641351104,0.90234375,2.6142114964954226,0.6666666673613595
964,0.5656912978738546,0.8935546875,2.6195095352359585,0.6678321685268607
965,0.5420666616410017,0.8916015625,2.6190056545195324,0.6678321685268607
966,0.4987955819815397,0.8935546875,2.6062135540799938,0.6678321685268607
967,0.6484029293060303,0.904296875,2.617995278818624,0.670163170857863
968,0.5510326074436307,0.8955078125,2.6475649724751364,0.6666666673613595
969,0.562141272239387,0.8935546875,2.615746351944539,0.6655011661958583
970,0.5646585589274764,0.90234375,2.657326897263249,0.6643356650303571
971,0.5569164650514722,0.888671875,2.6221307691160614,0.6643356650303571
972,0.4986174423247576,0.884765625,2.651479149198199,0.6643356650303571
973,0.5507589997723699,0.890625,2.6470391200138974,0.6678321685268607
974,0.49871411733329296,0.892578125,2.6432606523687188,0.670163170857863
975,0.5763657353818417,0.90625,2.642636839326445,0.6643356650303571
976,0.6080703418701887,0.8916015625,2.627815121537322,0.6643356650303571
977,0.5830904794856906,0.8955078125,2.6463084259789027,0.6678321685268607
978,0.5029415227472782,0.8876953125,2.633747128062037,0.6666666673613595
979,0.582511181011796,0.8994140625,2.637538819879919,0.6666666673613595
980,0.5317163225263357,0.892578125,2.62964741944711,0.6666666673613595
981,0.5470268186181784,0.89453125,2.625567692420977,0.6666666673613595
982,0.5370615851134062,0.9052734375,2.610492620156917,0.6678321685268607
983,0.5890970374457538,0.8837890625,2.615473394905215,0.6666666673613595
984,0.5400897059589624,0.88671875,2.617740254302125,0.6655011661958583
985,0.5399397928267717,0.904296875,2.652974961798786,0.663170163864856
986,0.5474702175706625,0.908203125,2.6474681878701234,0.6643356650303571
987,0.49132290855050087,0.9091796875,2.659633922132301,0.663170163864856
988,0.5561815896071494,0.892578125,2.6551809372046056,0.663170163864856
989,0.5048089935444295,0.9052734375,2.6206230911619457,0.6666666673613595
990,0.5377137828618288,0.908203125,2.6208672906968977,0.6678321685268607
991,0.4827312659472227,0.896484375,2.602291527327958,0.6689976696923619
992,0.509751942474395,0.8984375,2.615593033237057,0.6678321685268607
993,0.5280899051576853,0.9013671875,2.628643963998292,0.6666666673613595
994,0.45390872890129685,0.9111328125,2.629539700932714,0.6666666673613595
995,0.5630501816049218,0.9052734375,2.6401601165602533,0.6655011661958583
996,0.5459697945043445,0.9033203125,2.637445274210754,0.6655011661958583
997,0.5603170171380043,0.888671875,2.6935241944862134,0.663170163864856
998,0.5915065142326057,0.900390625,2.7473406080321556,0.663170163864856
999,0.46687186136841774,0.9013671875,2.697436124294788,0.663170163864856
